<?xml version="1.0"?>
<opencv_storage>
<r>28</r>
<L2_diff>8.3480234018782767e-02</L2_diff>
<my_filter type_id="opencv-matrix">
  <rows>57</rows>
  <cols>57</cols>
  <dt>f</dt>
  <data>
    2.99228333e-07 4.05822590e-07 5.44324109e-07 7.22049208e-07
    9.47248452e-07 1.22899166e-06 1.57696400e-06 2.00116324e-06
    2.51148799e-06 3.11722124e-06 3.82641383e-06 4.64519781e-06
    5.57704698e-06 6.62204684e-06 7.77621153e-06 9.03091677e-06
    1.03724997e-05 1.17821046e-05 1.32358009e-05 1.47050132e-05
    1.61572898e-05 1.75573696e-05 1.88685390e-05 2.00541836e-05
    2.10794642e-05 2.19130070e-05 2.25285021e-05 2.29060661e-05
    2.30333226e-05 2.29060661e-05 2.25285021e-05 2.19130070e-05
    2.10794642e-05 2.00541836e-05 1.88685390e-05 1.75573696e-05
    1.61572898e-05 1.47050132e-05 1.32358009e-05 1.17821046e-05
    1.03724997e-05 9.03091677e-06 7.77621153e-06 6.62204684e-06
    5.57704698e-06 4.64519781e-06 3.82641383e-06 3.11722124e-06
    2.51148799e-06 2.00116324e-06 1.57696400e-06 1.22899166e-06
    9.47248452e-07 7.22049208e-07 5.44324109e-07 4.05822590e-07
    2.99228333e-07 4.05822590e-07 5.50388961e-07 7.38228948e-07
    9.79265224e-07 1.28468730e-06 1.66679592e-06 2.13872681e-06
    2.71403860e-06 3.40615657e-06 4.22767016e-06 5.18949946e-06
    6.29995884e-06 7.56376085e-06 8.98102189e-06 1.05463359e-05
    1.22480042e-05 1.40675002e-05 1.59792507e-05 1.79507952e-05
    1.99433871e-05 2.19130070e-05 2.38118391e-05 2.55900868e-05
    2.71980953e-05 2.85886108e-05 2.97190891e-05 3.05538415e-05
    3.10659052e-05 3.12384909e-05 3.10659052e-05 3.05538415e-05
    2.97190891e-05 2.85886108e-05 2.71980953e-05 2.55900868e-05
    2.38118391e-05 2.19130070e-05 1.99433871e-05 1.79507952e-05
    1.59792507e-05 1.40675002e-05 1.22480042e-05 1.05463359e-05
    8.98102189e-06 7.56376085e-06 6.29995884e-06 5.18949946e-06
    4.22767016e-06 3.40615657e-06 2.71403860e-06 2.13872681e-06
    1.66679592e-06 1.28468730e-06 9.79265224e-07 7.38228948e-07
    5.50388961e-07 4.05822590e-07 5.44324109e-07 7.38228948e-07
    9.90176090e-07 1.31347463e-06 1.72313298e-06 2.23564984e-06
    2.86864383e-06 3.64030166e-06 4.56863017e-06 5.67051438e-06
    6.96060260e-06 8.45004524e-06 1.01451660e-05 1.20461182e-05
    1.41456521e-05 1.64280755e-05 1.88685390e-05 2.14327429e-05
    2.40771515e-05 2.67497835e-05 2.93916091e-05 3.19384853e-05
    3.43236243e-05 3.64804218e-05 3.83455008e-05 3.98617958e-05
    4.09814384e-05 4.16682633e-05 4.18997515e-05 4.16682633e-05
    4.09814384e-05 3.98617958e-05 3.83455008e-05 3.64804218e-05
    3.43236243e-05 3.19384853e-05 2.93916091e-05 2.67497835e-05
    2.40771515e-05 2.14327429e-05 1.88685390e-05 1.64280755e-05
    1.41456521e-05 1.20461182e-05 1.01451660e-05 8.45004524e-06
    6.96060260e-06 5.67051438e-06 4.56863017e-06 3.64030166e-06
    2.86864383e-06 2.23564984e-06 1.72313298e-06 1.31347463e-06
    9.90176090e-07 7.38228948e-07 5.44324109e-07 7.22049208e-07
    9.79265224e-07 1.31347463e-06 1.74233219e-06 2.28574640e-06
    2.96560324e-06 3.80527399e-06 4.82888254e-06 6.06031563e-06
    7.52197184e-06 9.23328116e-06 1.12090374e-05 1.34576239e-05
    1.59792507e-05 1.87642927e-05 2.17919423e-05 2.50292323e-05
    2.84306625e-05 3.19384853e-05 3.54837503e-05 3.89881498e-05
    4.23665952e-05 4.55304980e-05 4.83915028e-05 5.08655394e-05
    5.28769160e-05 5.43621281e-05 5.52732017e-05 5.55802762e-05
    5.52732017e-05 5.43621281e-05 5.28769160e-05 5.08655394e-05
    4.83915028e-05 4.55304980e-05 4.23665952e-05 3.89881498e-05
    3.54837503e-05 3.19384853e-05 2.84306625e-05 2.50292323e-05
    2.17919423e-05 1.87642927e-05 1.59792507e-05 1.34576239e-05
    1.12090374e-05 9.23328116e-06 7.52197184e-06 6.06031563e-06
    4.82888254e-06 3.80527399e-06 2.96560324e-06 2.28574640e-06
    1.74233219e-06 1.31347463e-06 9.79265224e-07 7.22049208e-07
    9.47248452e-07 1.28468730e-06 1.72313298e-06 2.28574640e-06
    2.99864587e-06 3.89054230e-06 4.99209727e-06 6.33495802e-06
    7.95046162e-06 9.86799296e-06 1.21130415e-05 1.47050132e-05
    1.76549092e-05 2.09630034e-05 2.46166728e-05 2.85886108e-05
    3.28355782e-05 3.72978793e-05 4.18997515e-05 4.65507474e-05
    5.11481267e-05 5.55802762e-05 5.97309627e-05 6.34842800e-05
    6.67299464e-05 6.93686452e-05 7.13170812e-05 7.25123100e-05
    7.29151579e-05 7.25123100e-05 7.13170812e-05 6.93686452e-05
    6.67299464e-05 6.34842800e-05 5.97309627e-05 5.55802762e-05
    5.11481267e-05 4.65507474e-05 4.18997515e-05 3.72978793e-05
    3.28355782e-05 2.85886108e-05 2.46166728e-05 2.09630034e-05
    1.76549092e-05 1.47050132e-05 1.21130415e-05 9.86799296e-06
    7.95046162e-06 6.33495802e-06 4.99209727e-06 3.89054230e-06
    2.99864587e-06 2.28574640e-06 1.72313298e-06 1.28468730e-06
    9.47248452e-07 1.22899166e-06 1.66679592e-06 2.23564984e-06
    2.96560324e-06 3.89054230e-06 5.04771879e-06 6.47691240e-06
    8.21918456e-06 1.03151933e-05 1.28030615e-05 1.57158629e-05
    1.90787723e-05 2.29060661e-05 2.71980953e-05 3.19384853e-05
    3.70918133e-05 4.26019651e-05 4.83915028e-05 5.43621281e-05
    6.03964800e-05 6.63612736e-05 7.21116885e-05 7.74969303e-05
    8.23666123e-05 8.65776456e-05 9.00011873e-05 9.25291461e-05
    9.40798782e-05 9.46025393e-05 9.40798782e-05 9.25291461e-05
    9.00011873e-05 8.65776456e-05 8.23666123e-05 7.74969303e-05
    7.21116885e-05 6.63612736e-05 6.03964800e-05 5.43621281e-05
    4.83915028e-05 4.26019651e-05 3.70918133e-05 3.19384853e-05
    2.71980953e-05 2.29060661e-05 1.90787723e-05 1.57158629e-05
    1.28030615e-05 1.03151933e-05 8.21918456e-06 6.47691240e-06
    5.04771879e-06 3.89054230e-06 2.96560324e-06 2.23564984e-06
    1.66679592e-06 1.22899166e-06 1.57696400e-06 2.13872681e-06
    2.86864383e-06 3.80527399e-06 4.99209727e-06 6.47691240e-06
    8.31076250e-06 1.05463359e-05 1.32358009e-05 1.64280755e-05
    2.01655967e-05 2.44806688e-05 2.93916091e-05 3.48988688e-05
    4.09814384e-05 4.75938577e-05 5.46641350e-05 6.20928986e-05
    6.97540236e-05 7.74969303e-05 8.51505756e-05 9.25291461e-05
    9.94391376e-05 1.05687606e-04 1.11090936e-04 1.15483810e-04
    1.18727519e-04 1.20717319e-04 1.21387973e-04 1.20717319e-04
    1.18727519e-04 1.15483810e-04 1.11090936e-04 1.05687606e-04
    9.94391376e-05 9.25291461e-05 8.51505756e-05 7.74969303e-05
    6.97540236e-05 6.20928986e-05 5.46641350e-05 4.75938577e-05
    4.09814384e-05 3.48988688e-05 2.93916091e-05 2.44806688e-05
    2.01655967e-05 1.64280755e-05 1.32358009e-05 1.05463359e-05
    8.31076250e-06 6.47691240e-06 4.99209727e-06 3.80527399e-06
    2.86864383e-06 2.13872681e-06 1.57696400e-06 2.00116324e-06
    2.71403860e-06 3.64030166e-06 4.82888254e-06 6.33495802e-06
    8.21918456e-06 1.05463359e-05 1.33832727e-05 1.67961971e-05
    2.08471847e-05 2.55900868e-05 3.10659052e-05 3.72978793e-05
    4.42865712e-05 5.20053363e-05 6.03964800e-05 6.93686452e-05
    7.87957324e-05 8.85176851e-05 9.83434002e-05 1.08055858e-04
    1.17419251e-04 1.26188010e-04 1.34117305e-04 1.40974109e-04
    1.46548657e-04 1.50664928e-04 1.53189976e-04 1.54041030e-04
    1.53189976e-04 1.50664928e-04 1.46548657e-04 1.40974109e-04
    1.34117305e-04 1.26188010e-04 1.17419251e-04 1.08055858e-04
    9.83434002e-05 8.85176851e-05 7.87957324e-05 6.93686452e-05
    6.03964800e-05 5.20053363e-05 4.42865712e-05 3.72978793e-05
    3.10659052e-05 2.55900868e-05 2.08471847e-05 1.67961971e-05
    1.33832727e-05 1.05463359e-05 8.21918456e-06 6.33495802e-06
    4.82888254e-06 3.64030166e-06 2.71403860e-06 2.00116324e-06
    2.51148799e-06 3.40615657e-06 4.56863017e-06 6.06031563e-06
    7.95046162e-06 1.03151933e-05 1.32358009e-05 1.67961971e-05
    2.10794642e-05 2.61635123e-05 3.21159241e-05 3.89881498e-05
    4.68093640e-05 5.55802762e-05 6.52674280e-05 7.57984380e-05
    8.70586300e-05 9.88897591e-05 1.11090936e-04 1.23422360e-04
    1.35611626e-04 1.47362807e-04 1.58367737e-04 1.68319108e-04
    1.76924514e-04 1.83920623e-04 1.89086597e-04 1.92255568e-04
    1.93323664e-04 1.92255568e-04 1.89086597e-04 1.83920623e-04
    1.76924514e-04 1.68319108e-04 1.58367737e-04 1.47362807e-04
    1.35611626e-04 1.23422360e-04 1.11090936e-04 9.88897591e-05
    8.70586300e-05 7.57984380e-05 6.52674280e-05 5.55802762e-05
    4.68093640e-05 3.89881498e-05 3.21159241e-05 2.61635123e-05
    2.10794642e-05 1.67961971e-05 1.32358009e-05 1.03151933e-05
    7.95046162e-06 6.06031563e-06 4.56863017e-06 3.40615657e-06
    2.51148799e-06 3.11722124e-06 4.22767016e-06 5.67051438e-06
    7.52197184e-06 9.86799296e-06 1.28030615e-05 1.64280755e-05
    2.08471847e-05 2.61635123e-05 3.24737557e-05 3.98617958e-05
    4.83915028e-05 5.80990745e-05 6.89853987e-05 8.10089550e-05
    9.40798782e-05 1.08055858e-04 1.22740472e-04 1.37884388e-04
    1.53189976e-04 1.68319108e-04 1.82904492e-04 1.96563647e-04
    2.08915139e-04 2.19596026e-04 2.28279503e-04 2.34691426e-04
    2.38624707e-04 2.39950401e-04 2.38624707e-04 2.34691426e-04
    2.28279503e-04 2.19596026e-04 2.08915139e-04 1.96563647e-04
    1.82904492e-04 1.68319108e-04 1.53189976e-04 1.37884388e-04
    1.22740472e-04 1.08055858e-04 9.40798782e-05 8.10089550e-05
    6.89853987e-05 5.80990745e-05 4.83915028e-05 3.98617958e-05
    3.24737557e-05 2.61635123e-05 2.08471847e-05 1.64280755e-05
    1.28030615e-05 9.86799296e-06 7.52197184e-06 5.67051438e-06
    4.22767016e-06 3.11722124e-06 3.82641383e-06 5.18949946e-06
    6.96060260e-06 9.23328116e-06 1.21130415e-05 1.57158629e-05
    2.01655967e-05 2.55900868e-05 3.21159241e-05 3.98617958e-05
    4.89306767e-05 5.94009616e-05 7.13170812e-05 8.46801340e-05
    9.94391376e-05 1.15483810e-04 1.32639441e-04 1.50664928e-04
    1.69254199e-04 1.88041915e-04 2.06613069e-04 2.24516727e-04
    2.41283473e-04 2.56444997e-04 2.69555894e-04 2.80214939e-04
    2.88085605e-04 2.92913755e-04 2.94541038e-04 2.92913755e-04
    2.88085605e-04 2.80214939e-04 2.69555894e-04 2.56444997e-04
    2.41283473e-04 2.24516727e-04 2.06613069e-04 1.88041915e-04
    1.69254199e-04 1.50664928e-04 1.32639441e-04 1.15483810e-04
    9.94391376e-05 8.46801340e-05 7.13170812e-05 5.94009616e-05
    4.89306767e-05 3.98617958e-05 3.21159241e-05 2.55900868e-05
    2.01655967e-05 1.57158629e-05 1.21130415e-05 9.23328116e-06
    6.96060260e-06 5.18949946e-06 3.82641383e-06 4.64519781e-06
    6.29995884e-06 8.45004524e-06 1.12090374e-05 1.47050132e-05
    1.90787723e-05 2.44806688e-05 3.10659052e-05 3.89881498e-05
    4.83915028e-05 5.94009616e-05 7.21116885e-05 8.65776456e-05
    1.02800150e-04 1.20717319e-04 1.40195261e-04 1.61021875e-04
    1.82904492e-04 2.05471559e-04 2.28279503e-04 2.50824523e-04
    2.72559264e-04 2.92913755e-04 3.11319629e-04 3.27235961e-04
    3.40175873e-04 3.49730748e-04 3.55592027e-04 3.57567507e-04
    3.55592027e-04 3.49730748e-04 3.40175873e-04 3.27235961e-04
    3.11319629e-04 2.92913755e-04 2.72559264e-04 2.50824523e-04
    2.28279503e-04 2.05471559e-04 1.82904492e-04 1.61021875e-04
    1.40195261e-04 1.20717319e-04 1.02800150e-04 8.65776456e-05
    7.21116885e-05 5.94009616e-05 4.83915028e-05 3.89881498e-05
    3.10659052e-05 2.44806688e-05 1.90787723e-05 1.47050132e-05
    1.12090374e-05 8.45004524e-06 6.29995884e-06 4.64519781e-06
    5.57704698e-06 7.56376085e-06 1.01451660e-05 1.34576239e-05
    1.76549092e-05 2.29060661e-05 2.93916091e-05 3.72978793e-05
    4.68093640e-05 5.80990745e-05 7.13170812e-05 8.65776456e-05
    1.03945546e-04 1.23422360e-04 1.44933801e-04 1.68319108e-04
    1.93323664e-04 2.19596026e-04 2.46690121e-04 2.74073478e-04
    3.01141146e-04 3.27235961e-04 3.51673691e-04 3.73771851e-04
    3.92881106e-04 4.08416789e-04 4.19888413e-04 4.26925515e-04
    4.29297303e-04 4.26925515e-04 4.19888413e-04 4.08416789e-04
    3.92881106e-04 3.73771851e-04 3.51673691e-04 3.27235961e-04
    3.01141146e-04 2.74073478e-04 2.46690121e-04 2.19596026e-04
    1.93323664e-04 1.68319108e-04 1.44933801e-04 1.23422360e-04
    1.03945546e-04 8.65776456e-05 7.13170812e-05 5.80990745e-05
    4.68093640e-05 3.72978793e-05 2.93916091e-05 2.29060661e-05
    1.76549092e-05 1.34576239e-05 1.01451660e-05 7.56376085e-06
    5.57704698e-06 6.62204684e-06 8.98102189e-06 1.20461182e-05
    1.59792507e-05 2.09630034e-05 2.71980953e-05 3.48988688e-05
    4.42865712e-05 5.55802762e-05 6.89853987e-05 8.46801340e-05
    1.02800150e-04 1.23422360e-04 1.46548657e-04 1.72090804e-04
    1.99857925e-04 2.29547717e-04 2.60742847e-04 2.92913755e-04
    3.25428060e-04 3.57567507e-04 3.88551882e-04 4.17568604e-04
    4.43807396e-04 4.66497266e-04 4.84943972e-04 4.98565088e-04
    5.06920740e-04 5.09736943e-04 5.06920740e-04 4.98565088e-04
    4.84943972e-04 4.66497266e-04 4.43807396e-04 4.17568604e-04
    3.88551882e-04 3.57567507e-04 3.25428060e-04 2.92913755e-04
    2.60742847e-04 2.29547717e-04 1.99857925e-04 1.72090804e-04
    1.46548657e-04 1.23422360e-04 1.02800150e-04 8.46801340e-05
    6.89853987e-05 5.55802762e-05 4.42865712e-05 3.48988688e-05
    2.71980953e-05 2.09630034e-05 1.59792507e-05 1.20461182e-05
    8.98102189e-06 6.62204684e-06 7.77621153e-06 1.05463359e-05
    1.41456521e-05 1.87642927e-05 2.46166728e-05 3.19384853e-05
    4.09814384e-05 5.20053363e-05 6.52674280e-05 8.10089550e-05
    9.94391376e-05 1.20717319e-04 1.44933801e-04 1.72090804e-04
    2.02084731e-04 2.34691426e-04 2.69555894e-04 3.06188100e-04
    3.43966094e-04 3.82147322e-04 4.19888413e-04 4.56273090e-04
    4.90347215e-04 5.21159149e-04 5.47803706e-04 5.69465512e-04
    5.85460686e-04 5.95272635e-04 5.98579645e-04 5.95272635e-04
    5.85460686e-04 5.69465512e-04 5.47803706e-04 5.21159149e-04
    4.90347215e-04 4.56273090e-04 4.19888413e-04 3.82147322e-04
    3.43966094e-04 3.06188100e-04 2.69555894e-04 2.34691426e-04
    2.02084731e-04 1.72090804e-04 1.44933801e-04 1.20717319e-04
    9.94391376e-05 8.10089550e-05 6.52674280e-05 5.20053363e-05
    4.09814384e-05 3.19384853e-05 2.46166728e-05 1.87642927e-05
    1.41456521e-05 1.05463359e-05 7.77621153e-06 9.03091677e-06
    1.22480042e-05 1.64280755e-05 2.17919423e-05 2.85886108e-05
    3.70918133e-05 4.75938577e-05 6.03964800e-05 7.57984380e-05
    9.40798782e-05 1.15483810e-04 1.40195261e-04 1.68319108e-04
    1.99857925e-04 2.34691426e-04 2.72559264e-04 3.13049153e-04
    3.55592027e-04 3.99465556e-04 4.43807396e-04 4.87638114e-04
    5.29893441e-04 5.69465512e-04 6.05249021e-04 6.36192679e-04
    6.61349681e-04 6.79925666e-04 6.91320864e-04 6.95161463e-04
    6.91320864e-04 6.79925666e-04 6.61349681e-04 6.36192679e-04
    6.05249021e-04 5.69465512e-04 5.29893441e-04 4.87638114e-04
    4.43807396e-04 3.99465556e-04 3.55592027e-04 3.13049153e-04
    2.72559264e-04 2.34691426e-04 1.99857925e-04 1.68319108e-04
    1.40195261e-04 1.15483810e-04 9.40798782e-05 7.57984380e-05
    6.03964800e-05 4.75938577e-05 3.70918133e-05 2.85886108e-05
    2.17919423e-05 1.64280755e-05 1.22480042e-05 9.03091677e-06
    1.03724997e-05 1.40675002e-05 1.88685390e-05 2.50292323e-05
    3.28355782e-05 4.26019651e-05 5.46641350e-05 6.93686452e-05
    8.70586300e-05 1.08055858e-04 1.32639441e-04 1.61021875e-04
    1.93323664e-04 2.29547717e-04 2.69555894e-04 3.13049153e-04
    3.59553989e-04 4.08416789e-04 4.58807917e-04 5.09736943e-04
    5.60078886e-04 6.08611503e-04 6.54062140e-04 6.95161463e-04
    7.30701955e-04 7.59596121e-04 7.80931674e-04 7.94019608e-04
    7.98430818e-04 7.94019608e-04 7.80931674e-04 7.59596121e-04
    7.30701955e-04 6.95161463e-04 6.54062140e-04 6.08611503e-04
    5.60078886e-04 5.09736943e-04 4.58807917e-04 4.08416789e-04
    3.59553989e-04 3.13049153e-04 2.69555894e-04 2.29547717e-04
    1.93323664e-04 1.61021875e-04 1.32639441e-04 1.08055858e-04
    8.70586300e-05 6.93686452e-05 5.46641350e-05 4.26019651e-05
    3.28355782e-05 2.50292323e-05 1.88685390e-05 1.40675002e-05
    1.03724997e-05 1.17821046e-05 1.59792507e-05 2.14327429e-05
    2.84306625e-05 3.72978793e-05 4.83915028e-05 6.20928986e-05
    7.87957324e-05 9.88897591e-05 1.22740472e-04 1.50664928e-04
    1.82904492e-04 2.19596026e-04 2.60742847e-04 3.06188100e-04
    3.55592027e-04 4.08416789e-04 4.63919947e-04 5.21159149e-04
    5.79009356e-04 6.36192679e-04 6.91320864e-04 7.42948032e-04
    7.89632730e-04 8.30003119e-04 8.62823916e-04 8.87058966e-04
    9.01925494e-04 9.06936184e-04 9.01925494e-04 8.87058966e-04
    8.62823916e-04 8.30003119e-04 7.89632730e-04 7.42948032e-04
    6.91320864e-04 6.36192679e-04 5.79009356e-04 5.21159149e-04
    4.63919947e-04 4.08416789e-04 3.55592027e-04 3.06188100e-04
    2.60742847e-04 2.19596026e-04 1.82904492e-04 1.50664928e-04
    1.22740472e-04 9.88897591e-05 7.87957324e-05 6.20928986e-05
    4.83915028e-05 3.72978793e-05 2.84306625e-05 2.14327429e-05
    1.59792507e-05 1.17821046e-05 1.32358009e-05 1.79507952e-05
    2.40771515e-05 3.19384853e-05 4.18997515e-05 5.43621281e-05
    6.97540236e-05 8.85176851e-05 1.11090936e-04 1.37884388e-04
    1.69254199e-04 2.05471559e-04 2.46690121e-04 2.92913755e-04
    3.43966094e-04 3.99465556e-04 4.58807917e-04 5.21159149e-04
    5.85460686e-04 6.50448492e-04 7.14687223e-04 7.76617147e-04
    8.34614271e-04 8.87058966e-04 9.32410301e-04 9.69280605e-04
    9.96505725e-04 1.01320655e-03 1.01883546e-03 1.01320655e-03
    9.96505725e-04 9.69280605e-04 9.32410301e-04 8.87058966e-04
    8.34614271e-04 7.76617147e-04 7.14687223e-04 6.50448492e-04
    5.85460686e-04 5.21159149e-04 4.58807917e-04 3.99465556e-04
    3.43966094e-04 2.92913755e-04 2.46690121e-04 2.05471559e-04
    1.69254199e-04 1.37884388e-04 1.11090936e-04 8.85176851e-05
    6.97540236e-05 5.43621281e-05 4.18997515e-05 3.19384853e-05
    2.40771515e-05 1.79507952e-05 1.32358009e-05 1.47050132e-05
    1.99433871e-05 2.67497835e-05 3.54837503e-05 4.65507474e-05
    6.03964800e-05 7.74969303e-05 9.83434002e-05 1.23422360e-04
    1.53189976e-04 1.88041915e-04 2.28279503e-04 2.74073478e-04
    3.25428060e-04 3.82147322e-04 4.43807396e-04 5.09736943e-04
    5.79009356e-04 6.50448492e-04 7.22650206e-04 7.94019608e-04
    8.62823916e-04 9.27258865e-04 9.85525083e-04 1.03591057e-03
    1.07687362e-03 1.10712089e-03 1.12567551e-03 1.13192934e-03
    1.12567551e-03 1.10712089e-03 1.07687362e-03 1.03591057e-03
    9.85525083e-04 9.27258865e-04 8.62823916e-04 7.94019608e-04
    7.22650206e-04 6.50448492e-04 5.79009356e-04 5.09736943e-04
    4.43807396e-04 3.82147322e-04 3.25428060e-04 2.74073478e-04
    2.28279503e-04 1.88041915e-04 1.53189976e-04 1.23422360e-04
    9.83434002e-05 7.74969303e-05 6.03964800e-05 4.65507474e-05
    3.54837503e-05 2.67497835e-05 1.99433871e-05 1.47050132e-05
    1.61572898e-05 2.19130070e-05 2.93916091e-05 3.89881498e-05
    5.11481267e-05 6.63612736e-05 8.51505756e-05 1.08055858e-04
    1.35611626e-04 1.68319108e-04 2.06613069e-04 2.50824523e-04
    3.01141146e-04 3.57567507e-04 4.19888413e-04 4.87638114e-04
    5.60078886e-04 6.36192679e-04 7.14687223e-04 7.94019608e-04
    8.72437435e-04 9.48036963e-04 1.01883546e-03 1.08285621e-03
    1.13821775e-03 1.18322624e-03 1.21646083e-03 1.23684795e-03
    1.24371925e-03 1.23684795e-03 1.21646083e-03 1.18322624e-03
    1.13821775e-03 1.08285621e-03 1.01883546e-03 9.48036963e-04
    8.72437435e-04 7.94019608e-04 7.14687223e-04 6.36192679e-04
    5.60078886e-04 4.87638114e-04 4.19888413e-04 3.57567507e-04
    3.01141146e-04 2.50824523e-04 2.06613069e-04 1.68319108e-04
    1.35611626e-04 1.08055858e-04 8.51505756e-05 6.63612736e-05
    5.11481267e-05 3.89881498e-05 2.93916091e-05 2.19130070e-05
    1.61572898e-05 1.75573696e-05 2.38118391e-05 3.19384853e-05
    4.23665952e-05 5.55802762e-05 7.21116885e-05 9.25291461e-05
    1.17419251e-04 1.47362807e-04 1.82904492e-04 2.24516727e-04
    2.72559264e-04 3.27235961e-04 3.88551882e-04 4.56273090e-04
    5.29893441e-04 6.08611503e-04 6.91320864e-04 7.76617147e-04
    8.62823916e-04 9.48036963e-04 1.03018736e-03 1.10712089e-03
    1.17668917e-03 1.23684795e-03 1.28575659e-03 1.32187107e-03
    1.34402467e-03 1.35149155e-03 1.34402467e-03 1.32187107e-03
    1.28575659e-03 1.23684795e-03 1.17668917e-03 1.10712089e-03
    1.03018736e-03 9.48036963e-04 8.62823916e-04 7.76617147e-04
    6.91320864e-04 6.08611503e-04 5.29893441e-04 4.56273090e-04
    3.88551882e-04 3.27235961e-04 2.72559264e-04 2.24516727e-04
    1.82904492e-04 1.47362807e-04 1.17419251e-04 9.25291461e-05
    7.21116885e-05 5.55802762e-05 4.23665952e-05 3.19384853e-05
    2.38118391e-05 1.75573696e-05 1.88685390e-05 2.55900868e-05
    3.43236243e-05 4.55304980e-05 5.97309627e-05 7.74969303e-05
    9.94391376e-05 1.26188010e-04 1.58367737e-04 1.96563647e-04
    2.41283473e-04 2.92913755e-04 3.51673691e-04 4.17568604e-04
    4.90347215e-04 5.69465512e-04 6.54062140e-04 7.42948032e-04
    8.34614271e-04 9.27258865e-04 1.01883546e-03 1.10712089e-03
    1.18979975e-03 1.26456330e-03 1.32921466e-03 1.38177583e-03
    1.42058730e-03 1.44439540e-03 1.45241979e-03 1.44439540e-03
    1.42058730e-03 1.38177583e-03 1.32921466e-03 1.26456330e-03
    1.18979975e-03 1.10712089e-03 1.01883546e-03 9.27258865e-04
    8.34614271e-04 7.42948032e-04 6.54062140e-04 5.69465512e-04
    4.90347215e-04 4.17568604e-04 3.51673691e-04 2.92913755e-04
    2.41283473e-04 1.96563647e-04 1.58367737e-04 1.26188010e-04
    9.94391376e-05 7.74969303e-05 5.97309627e-05 4.55304980e-05
    3.43236243e-05 2.55900868e-05 1.88685390e-05 2.00541836e-05
    2.71980953e-05 3.64804218e-05 4.83915028e-05 6.34842800e-05
    8.23666123e-05 1.05687606e-04 1.34117305e-04 1.68319108e-04
    2.08915139e-04 2.56444997e-04 3.11319629e-04 3.73771851e-04
    4.43807396e-04 5.21159149e-04 6.05249021e-04 6.95161463e-04
    7.89632730e-04 8.87058966e-04 9.85525083e-04 1.08285621e-03
    1.17668917e-03 1.26456330e-03 1.34402467e-03 1.41273870e-03
    1.46860257e-03 1.50985282e-03 1.53515697e-03 1.54368568e-03
    1.53515697e-03 1.50985282e-03 1.46860257e-03 1.41273870e-03
    1.34402467e-03 1.26456330e-03 1.17668917e-03 1.08285621e-03
    9.85525083e-04 8.87058966e-04 7.89632730e-04 6.95161463e-04
    6.05249021e-04 5.21159149e-04 4.43807396e-04 3.73771851e-04
    3.11319629e-04 2.56444997e-04 2.08915139e-04 1.68319108e-04
    1.34117305e-04 1.05687606e-04 8.23666123e-05 6.34842800e-05
    4.83915028e-05 3.64804218e-05 2.71980953e-05 2.00541836e-05
    2.10794642e-05 2.85886108e-05 3.83455008e-05 5.08655394e-05
    6.67299464e-05 8.65776456e-05 1.11090936e-04 1.40974109e-04
    1.76924514e-04 2.19596026e-04 2.69555894e-04 3.27235961e-04
    3.92881106e-04 4.66497266e-04 5.47803706e-04 6.36192679e-04
    7.30701955e-04 8.30003119e-04 9.32410301e-04 1.03591057e-03
    1.13821775e-03 1.23684795e-03 1.32921466e-03 1.41273870e-03
    1.48496567e-03 1.54368568e-03 1.58704480e-03 1.61364267e-03
    1.62260723e-03 1.61364267e-03 1.58704480e-03 1.54368568e-03
    1.48496567e-03 1.41273870e-03 1.32921466e-03 1.23684795e-03
    1.13821775e-03 1.03591057e-03 9.32410301e-04 8.30003119e-04
    7.30701955e-04 6.36192679e-04 5.47803706e-04 4.66497266e-04
    3.92881106e-04 3.27235961e-04 2.69555894e-04 2.19596026e-04
    1.76924514e-04 1.40974109e-04 1.11090936e-04 8.65776456e-05
    6.67299464e-05 5.08655394e-05 3.83455008e-05 2.85886108e-05
    2.10794642e-05 2.19130070e-05 2.97190891e-05 3.98617958e-05
    5.28769160e-05 6.93686452e-05 9.00011873e-05 1.15483810e-04
    1.46548657e-04 1.83920623e-04 2.28279503e-04 2.80214939e-04
    3.40175873e-04 4.08416789e-04 4.84943972e-04 5.69465512e-04
    6.61349681e-04 7.59596121e-04 8.62823916e-04 9.69280605e-04
    1.07687362e-03 1.18322624e-03 1.28575659e-03 1.38177583e-03
    1.46860257e-03 1.54368568e-03 1.60472759e-03 1.64980127e-03
    1.67745084e-03 1.68677000e-03 1.67745084e-03 1.64980127e-03
    1.60472759e-03 1.54368568e-03 1.46860257e-03 1.38177583e-03
    1.28575659e-03 1.18322624e-03 1.07687362e-03 9.69280605e-04
    8.62823916e-04 7.59596121e-04 6.61349681e-04 5.69465512e-04
    4.84943972e-04 4.08416789e-04 3.40175873e-04 2.80214939e-04
    2.28279503e-04 1.83920623e-04 1.46548657e-04 1.15483810e-04
    9.00011873e-05 6.93686452e-05 5.28769160e-05 3.98617958e-05
    2.97190891e-05 2.19130070e-05 2.25285021e-05 3.05538415e-05
    4.09814384e-05 5.43621281e-05 7.13170812e-05 9.25291461e-05
    1.18727519e-04 1.50664928e-04 1.89086597e-04 2.34691426e-04
    2.88085605e-04 3.49730748e-04 4.19888413e-04 4.98565088e-04
    5.85460686e-04 6.79925666e-04 7.80931674e-04 8.87058966e-04
    9.96505725e-04 1.10712089e-03 1.21646083e-03 1.32187107e-03
    1.42058730e-03 1.50985282e-03 1.58704480e-03 1.64980127e-03
    1.69614097e-03 1.72456726e-03 1.73414813e-03 1.72456726e-03
    1.69614097e-03 1.64980127e-03 1.58704480e-03 1.50985282e-03
    1.42058730e-03 1.32187107e-03 1.21646083e-03 1.10712089e-03
    9.96505725e-04 8.87058966e-04 7.80931674e-04 6.79925666e-04
    5.85460686e-04 4.98565088e-04 4.19888413e-04 3.49730748e-04
    2.88085605e-04 2.34691426e-04 1.89086597e-04 1.50664928e-04
    1.18727519e-04 9.25291461e-05 7.13170812e-05 5.43621281e-05
    4.09814384e-05 3.05538415e-05 2.25285021e-05 2.29060661e-05
    3.10659052e-05 4.16682633e-05 5.52732017e-05 7.25123100e-05
    9.40798782e-05 1.20717319e-04 1.53189976e-04 1.92255568e-04
    2.38624707e-04 2.92913755e-04 3.55592027e-04 4.26925515e-04
    5.06920740e-04 5.95272635e-04 6.91320864e-04 7.94019608e-04
    9.01925494e-04 1.01320655e-03 1.12567551e-03 1.23684795e-03
    1.34402467e-03 1.44439540e-03 1.53515697e-03 1.61364267e-03
    1.67745084e-03 1.72456726e-03 1.75346993e-03 1.76321133e-03
    1.75346993e-03 1.72456726e-03 1.67745084e-03 1.61364267e-03
    1.53515697e-03 1.44439540e-03 1.34402467e-03 1.23684795e-03
    1.12567551e-03 1.01320655e-03 9.01925494e-04 7.94019608e-04
    6.91320864e-04 5.95272635e-04 5.06920740e-04 4.26925515e-04
    3.55592027e-04 2.92913755e-04 2.38624707e-04 1.92255568e-04
    1.53189976e-04 1.20717319e-04 9.40798782e-05 7.25123100e-05
    5.52732017e-05 4.16682633e-05 3.10659052e-05 2.29060661e-05
    2.30333226e-05 3.12384909e-05 4.18997515e-05 5.55802762e-05
    7.29151579e-05 9.46025393e-05 1.21387973e-04 1.54041030e-04
    1.93323664e-04 2.39950401e-04 2.94541038e-04 3.57567507e-04
    4.29297303e-04 5.09736943e-04 5.98579645e-04 6.95161463e-04
    7.98430818e-04 9.06936184e-04 1.01883546e-03 1.13192934e-03
    1.24371925e-03 1.35149155e-03 1.45241979e-03 1.54368568e-03
    1.62260723e-03 1.68677000e-03 1.73414813e-03 1.76321133e-03
    1.77300698e-03 1.76321133e-03 1.73414813e-03 1.68677000e-03
    1.62260723e-03 1.54368568e-03 1.45241979e-03 1.35149155e-03
    1.24371925e-03 1.13192934e-03 1.01883546e-03 9.06936184e-04
    7.98430818e-04 6.95161463e-04 5.98579645e-04 5.09736943e-04
    4.29297303e-04 3.57567507e-04 2.94541038e-04 2.39950401e-04
    1.93323664e-04 1.54041030e-04 1.21387973e-04 9.46025393e-05
    7.29151579e-05 5.55802762e-05 4.18997515e-05 3.12384909e-05
    2.30333226e-05 2.29060661e-05 3.10659052e-05 4.16682633e-05
    5.52732017e-05 7.25123100e-05 9.40798782e-05 1.20717319e-04
    1.53189976e-04 1.92255568e-04 2.38624707e-04 2.92913755e-04
    3.55592027e-04 4.26925515e-04 5.06920740e-04 5.95272635e-04
    6.91320864e-04 7.94019608e-04 9.01925494e-04 1.01320655e-03
    1.12567551e-03 1.23684795e-03 1.34402467e-03 1.44439540e-03
    1.53515697e-03 1.61364267e-03 1.67745084e-03 1.72456726e-03
    1.75346993e-03 1.76321133e-03 1.75346993e-03 1.72456726e-03
    1.67745084e-03 1.61364267e-03 1.53515697e-03 1.44439540e-03
    1.34402467e-03 1.23684795e-03 1.12567551e-03 1.01320655e-03
    9.01925494e-04 7.94019608e-04 6.91320864e-04 5.95272635e-04
    5.06920740e-04 4.26925515e-04 3.55592027e-04 2.92913755e-04
    2.38624707e-04 1.92255568e-04 1.53189976e-04 1.20717319e-04
    9.40798782e-05 7.25123100e-05 5.52732017e-05 4.16682633e-05
    3.10659052e-05 2.29060661e-05 2.25285021e-05 3.05538415e-05
    4.09814384e-05 5.43621281e-05 7.13170812e-05 9.25291461e-05
    1.18727519e-04 1.50664928e-04 1.89086597e-04 2.34691426e-04
    2.88085605e-04 3.49730748e-04 4.19888413e-04 4.98565088e-04
    5.85460686e-04 6.79925666e-04 7.80931674e-04 8.87058966e-04
    9.96505725e-04 1.10712089e-03 1.21646083e-03 1.32187107e-03
    1.42058730e-03 1.50985282e-03 1.58704480e-03 1.64980127e-03
    1.69614097e-03 1.72456726e-03 1.73414813e-03 1.72456726e-03
    1.69614097e-03 1.64980127e-03 1.58704480e-03 1.50985282e-03
    1.42058730e-03 1.32187107e-03 1.21646083e-03 1.10712089e-03
    9.96505725e-04 8.87058966e-04 7.80931674e-04 6.79925666e-04
    5.85460686e-04 4.98565088e-04 4.19888413e-04 3.49730748e-04
    2.88085605e-04 2.34691426e-04 1.89086597e-04 1.50664928e-04
    1.18727519e-04 9.25291461e-05 7.13170812e-05 5.43621281e-05
    4.09814384e-05 3.05538415e-05 2.25285021e-05 2.19130070e-05
    2.97190891e-05 3.98617958e-05 5.28769160e-05 6.93686452e-05
    9.00011873e-05 1.15483810e-04 1.46548657e-04 1.83920623e-04
    2.28279503e-04 2.80214939e-04 3.40175873e-04 4.08416789e-04
    4.84943972e-04 5.69465512e-04 6.61349681e-04 7.59596121e-04
    8.62823916e-04 9.69280605e-04 1.07687362e-03 1.18322624e-03
    1.28575659e-03 1.38177583e-03 1.46860257e-03 1.54368568e-03
    1.60472759e-03 1.64980127e-03 1.67745084e-03 1.68677000e-03
    1.67745084e-03 1.64980127e-03 1.60472759e-03 1.54368568e-03
    1.46860257e-03 1.38177583e-03 1.28575659e-03 1.18322624e-03
    1.07687362e-03 9.69280605e-04 8.62823916e-04 7.59596121e-04
    6.61349681e-04 5.69465512e-04 4.84943972e-04 4.08416789e-04
    3.40175873e-04 2.80214939e-04 2.28279503e-04 1.83920623e-04
    1.46548657e-04 1.15483810e-04 9.00011873e-05 6.93686452e-05
    5.28769160e-05 3.98617958e-05 2.97190891e-05 2.19130070e-05
    2.10794642e-05 2.85886108e-05 3.83455008e-05 5.08655394e-05
    6.67299464e-05 8.65776456e-05 1.11090936e-04 1.40974109e-04
    1.76924514e-04 2.19596026e-04 2.69555894e-04 3.27235961e-04
    3.92881106e-04 4.66497266e-04 5.47803706e-04 6.36192679e-04
    7.30701955e-04 8.30003119e-04 9.32410301e-04 1.03591057e-03
    1.13821775e-03 1.23684795e-03 1.32921466e-03 1.41273870e-03
    1.48496567e-03 1.54368568e-03 1.58704480e-03 1.61364267e-03
    1.62260723e-03 1.61364267e-03 1.58704480e-03 1.54368568e-03
    1.48496567e-03 1.41273870e-03 1.32921466e-03 1.23684795e-03
    1.13821775e-03 1.03591057e-03 9.32410301e-04 8.30003119e-04
    7.30701955e-04 6.36192679e-04 5.47803706e-04 4.66497266e-04
    3.92881106e-04 3.27235961e-04 2.69555894e-04 2.19596026e-04
    1.76924514e-04 1.40974109e-04 1.11090936e-04 8.65776456e-05
    6.67299464e-05 5.08655394e-05 3.83455008e-05 2.85886108e-05
    2.10794642e-05 2.00541836e-05 2.71980953e-05 3.64804218e-05
    4.83915028e-05 6.34842800e-05 8.23666123e-05 1.05687606e-04
    1.34117305e-04 1.68319108e-04 2.08915139e-04 2.56444997e-04
    3.11319629e-04 3.73771851e-04 4.43807396e-04 5.21159149e-04
    6.05249021e-04 6.95161463e-04 7.89632730e-04 8.87058966e-04
    9.85525083e-04 1.08285621e-03 1.17668917e-03 1.26456330e-03
    1.34402467e-03 1.41273870e-03 1.46860257e-03 1.50985282e-03
    1.53515697e-03 1.54368568e-03 1.53515697e-03 1.50985282e-03
    1.46860257e-03 1.41273870e-03 1.34402467e-03 1.26456330e-03
    1.17668917e-03 1.08285621e-03 9.85525083e-04 8.87058966e-04
    7.89632730e-04 6.95161463e-04 6.05249021e-04 5.21159149e-04
    4.43807396e-04 3.73771851e-04 3.11319629e-04 2.56444997e-04
    2.08915139e-04 1.68319108e-04 1.34117305e-04 1.05687606e-04
    8.23666123e-05 6.34842800e-05 4.83915028e-05 3.64804218e-05
    2.71980953e-05 2.00541836e-05 1.88685390e-05 2.55900868e-05
    3.43236243e-05 4.55304980e-05 5.97309627e-05 7.74969303e-05
    9.94391376e-05 1.26188010e-04 1.58367737e-04 1.96563647e-04
    2.41283473e-04 2.92913755e-04 3.51673691e-04 4.17568604e-04
    4.90347215e-04 5.69465512e-04 6.54062140e-04 7.42948032e-04
    8.34614271e-04 9.27258865e-04 1.01883546e-03 1.10712089e-03
    1.18979975e-03 1.26456330e-03 1.32921466e-03 1.38177583e-03
    1.42058730e-03 1.44439540e-03 1.45241979e-03 1.44439540e-03
    1.42058730e-03 1.38177583e-03 1.32921466e-03 1.26456330e-03
    1.18979975e-03 1.10712089e-03 1.01883546e-03 9.27258865e-04
    8.34614271e-04 7.42948032e-04 6.54062140e-04 5.69465512e-04
    4.90347215e-04 4.17568604e-04 3.51673691e-04 2.92913755e-04
    2.41283473e-04 1.96563647e-04 1.58367737e-04 1.26188010e-04
    9.94391376e-05 7.74969303e-05 5.97309627e-05 4.55304980e-05
    3.43236243e-05 2.55900868e-05 1.88685390e-05 1.75573696e-05
    2.38118391e-05 3.19384853e-05 4.23665952e-05 5.55802762e-05
    7.21116885e-05 9.25291461e-05 1.17419251e-04 1.47362807e-04
    1.82904492e-04 2.24516727e-04 2.72559264e-04 3.27235961e-04
    3.88551882e-04 4.56273090e-04 5.29893441e-04 6.08611503e-04
    6.91320864e-04 7.76617147e-04 8.62823916e-04 9.48036963e-04
    1.03018736e-03 1.10712089e-03 1.17668917e-03 1.23684795e-03
    1.28575659e-03 1.32187107e-03 1.34402467e-03 1.35149155e-03
    1.34402467e-03 1.32187107e-03 1.28575659e-03 1.23684795e-03
    1.17668917e-03 1.10712089e-03 1.03018736e-03 9.48036963e-04
    8.62823916e-04 7.76617147e-04 6.91320864e-04 6.08611503e-04
    5.29893441e-04 4.56273090e-04 3.88551882e-04 3.27235961e-04
    2.72559264e-04 2.24516727e-04 1.82904492e-04 1.47362807e-04
    1.17419251e-04 9.25291461e-05 7.21116885e-05 5.55802762e-05
    4.23665952e-05 3.19384853e-05 2.38118391e-05 1.75573696e-05
    1.61572898e-05 2.19130070e-05 2.93916091e-05 3.89881498e-05
    5.11481267e-05 6.63612736e-05 8.51505756e-05 1.08055858e-04
    1.35611626e-04 1.68319108e-04 2.06613069e-04 2.50824523e-04
    3.01141146e-04 3.57567507e-04 4.19888413e-04 4.87638114e-04
    5.60078886e-04 6.36192679e-04 7.14687223e-04 7.94019608e-04
    8.72437435e-04 9.48036963e-04 1.01883546e-03 1.08285621e-03
    1.13821775e-03 1.18322624e-03 1.21646083e-03 1.23684795e-03
    1.24371925e-03 1.23684795e-03 1.21646083e-03 1.18322624e-03
    1.13821775e-03 1.08285621e-03 1.01883546e-03 9.48036963e-04
    8.72437435e-04 7.94019608e-04 7.14687223e-04 6.36192679e-04
    5.60078886e-04 4.87638114e-04 4.19888413e-04 3.57567507e-04
    3.01141146e-04 2.50824523e-04 2.06613069e-04 1.68319108e-04
    1.35611626e-04 1.08055858e-04 8.51505756e-05 6.63612736e-05
    5.11481267e-05 3.89881498e-05 2.93916091e-05 2.19130070e-05
    1.61572898e-05 1.47050132e-05 1.99433871e-05 2.67497835e-05
    3.54837503e-05 4.65507474e-05 6.03964800e-05 7.74969303e-05
    9.83434002e-05 1.23422360e-04 1.53189976e-04 1.88041915e-04
    2.28279503e-04 2.74073478e-04 3.25428060e-04 3.82147322e-04
    4.43807396e-04 5.09736943e-04 5.79009356e-04 6.50448492e-04
    7.22650206e-04 7.94019608e-04 8.62823916e-04 9.27258865e-04
    9.85525083e-04 1.03591057e-03 1.07687362e-03 1.10712089e-03
    1.12567551e-03 1.13192934e-03 1.12567551e-03 1.10712089e-03
    1.07687362e-03 1.03591057e-03 9.85525083e-04 9.27258865e-04
    8.62823916e-04 7.94019608e-04 7.22650206e-04 6.50448492e-04
    5.79009356e-04 5.09736943e-04 4.43807396e-04 3.82147322e-04
    3.25428060e-04 2.74073478e-04 2.28279503e-04 1.88041915e-04
    1.53189976e-04 1.23422360e-04 9.83434002e-05 7.74969303e-05
    6.03964800e-05 4.65507474e-05 3.54837503e-05 2.67497835e-05
    1.99433871e-05 1.47050132e-05 1.32358009e-05 1.79507952e-05
    2.40771515e-05 3.19384853e-05 4.18997515e-05 5.43621281e-05
    6.97540236e-05 8.85176851e-05 1.11090936e-04 1.37884388e-04
    1.69254199e-04 2.05471559e-04 2.46690121e-04 2.92913755e-04
    3.43966094e-04 3.99465556e-04 4.58807917e-04 5.21159149e-04
    5.85460686e-04 6.50448492e-04 7.14687223e-04 7.76617147e-04
    8.34614271e-04 8.87058966e-04 9.32410301e-04 9.69280605e-04
    9.96505725e-04 1.01320655e-03 1.01883546e-03 1.01320655e-03
    9.96505725e-04 9.69280605e-04 9.32410301e-04 8.87058966e-04
    8.34614271e-04 7.76617147e-04 7.14687223e-04 6.50448492e-04
    5.85460686e-04 5.21159149e-04 4.58807917e-04 3.99465556e-04
    3.43966094e-04 2.92913755e-04 2.46690121e-04 2.05471559e-04
    1.69254199e-04 1.37884388e-04 1.11090936e-04 8.85176851e-05
    6.97540236e-05 5.43621281e-05 4.18997515e-05 3.19384853e-05
    2.40771515e-05 1.79507952e-05 1.32358009e-05 1.17821046e-05
    1.59792507e-05 2.14327429e-05 2.84306625e-05 3.72978793e-05
    4.83915028e-05 6.20928986e-05 7.87957324e-05 9.88897591e-05
    1.22740472e-04 1.50664928e-04 1.82904492e-04 2.19596026e-04
    2.60742847e-04 3.06188100e-04 3.55592027e-04 4.08416789e-04
    4.63919947e-04 5.21159149e-04 5.79009356e-04 6.36192679e-04
    6.91320864e-04 7.42948032e-04 7.89632730e-04 8.30003119e-04
    8.62823916e-04 8.87058966e-04 9.01925494e-04 9.06936184e-04
    9.01925494e-04 8.87058966e-04 8.62823916e-04 8.30003119e-04
    7.89632730e-04 7.42948032e-04 6.91320864e-04 6.36192679e-04
    5.79009356e-04 5.21159149e-04 4.63919947e-04 4.08416789e-04
    3.55592027e-04 3.06188100e-04 2.60742847e-04 2.19596026e-04
    1.82904492e-04 1.50664928e-04 1.22740472e-04 9.88897591e-05
    7.87957324e-05 6.20928986e-05 4.83915028e-05 3.72978793e-05
    2.84306625e-05 2.14327429e-05 1.59792507e-05 1.17821046e-05
    1.03724997e-05 1.40675002e-05 1.88685390e-05 2.50292323e-05
    3.28355782e-05 4.26019651e-05 5.46641350e-05 6.93686452e-05
    8.70586300e-05 1.08055858e-04 1.32639441e-04 1.61021875e-04
    1.93323664e-04 2.29547717e-04 2.69555894e-04 3.13049153e-04
    3.59553989e-04 4.08416789e-04 4.58807917e-04 5.09736943e-04
    5.60078886e-04 6.08611503e-04 6.54062140e-04 6.95161463e-04
    7.30701955e-04 7.59596121e-04 7.80931674e-04 7.94019608e-04
    7.98430818e-04 7.94019608e-04 7.80931674e-04 7.59596121e-04
    7.30701955e-04 6.95161463e-04 6.54062140e-04 6.08611503e-04
    5.60078886e-04 5.09736943e-04 4.58807917e-04 4.08416789e-04
    3.59553989e-04 3.13049153e-04 2.69555894e-04 2.29547717e-04
    1.93323664e-04 1.61021875e-04 1.32639441e-04 1.08055858e-04
    8.70586300e-05 6.93686452e-05 5.46641350e-05 4.26019651e-05
    3.28355782e-05 2.50292323e-05 1.88685390e-05 1.40675002e-05
    1.03724997e-05 9.03091677e-06 1.22480042e-05 1.64280755e-05
    2.17919423e-05 2.85886108e-05 3.70918133e-05 4.75938577e-05
    6.03964800e-05 7.57984380e-05 9.40798782e-05 1.15483810e-04
    1.40195261e-04 1.68319108e-04 1.99857925e-04 2.34691426e-04
    2.72559264e-04 3.13049153e-04 3.55592027e-04 3.99465556e-04
    4.43807396e-04 4.87638114e-04 5.29893441e-04 5.69465512e-04
    6.05249021e-04 6.36192679e-04 6.61349681e-04 6.79925666e-04
    6.91320864e-04 6.95161463e-04 6.91320864e-04 6.79925666e-04
    6.61349681e-04 6.36192679e-04 6.05249021e-04 5.69465512e-04
    5.29893441e-04 4.87638114e-04 4.43807396e-04 3.99465556e-04
    3.55592027e-04 3.13049153e-04 2.72559264e-04 2.34691426e-04
    1.99857925e-04 1.68319108e-04 1.40195261e-04 1.15483810e-04
    9.40798782e-05 7.57984380e-05 6.03964800e-05 4.75938577e-05
    3.70918133e-05 2.85886108e-05 2.17919423e-05 1.64280755e-05
    1.22480042e-05 9.03091677e-06 7.77621153e-06 1.05463359e-05
    1.41456521e-05 1.87642927e-05 2.46166728e-05 3.19384853e-05
    4.09814384e-05 5.20053363e-05 6.52674280e-05 8.10089550e-05
    9.94391376e-05 1.20717319e-04 1.44933801e-04 1.72090804e-04
    2.02084731e-04 2.34691426e-04 2.69555894e-04 3.06188100e-04
    3.43966094e-04 3.82147322e-04 4.19888413e-04 4.56273090e-04
    4.90347215e-04 5.21159149e-04 5.47803706e-04 5.69465512e-04
    5.85460686e-04 5.95272635e-04 5.98579645e-04 5.95272635e-04
    5.85460686e-04 5.69465512e-04 5.47803706e-04 5.21159149e-04
    4.90347215e-04 4.56273090e-04 4.19888413e-04 3.82147322e-04
    3.43966094e-04 3.06188100e-04 2.69555894e-04 2.34691426e-04
    2.02084731e-04 1.72090804e-04 1.44933801e-04 1.20717319e-04
    9.94391376e-05 8.10089550e-05 6.52674280e-05 5.20053363e-05
    4.09814384e-05 3.19384853e-05 2.46166728e-05 1.87642927e-05
    1.41456521e-05 1.05463359e-05 7.77621153e-06 6.62204684e-06
    8.98102189e-06 1.20461182e-05 1.59792507e-05 2.09630034e-05
    2.71980953e-05 3.48988688e-05 4.42865712e-05 5.55802762e-05
    6.89853987e-05 8.46801340e-05 1.02800150e-04 1.23422360e-04
    1.46548657e-04 1.72090804e-04 1.99857925e-04 2.29547717e-04
    2.60742847e-04 2.92913755e-04 3.25428060e-04 3.57567507e-04
    3.88551882e-04 4.17568604e-04 4.43807396e-04 4.66497266e-04
    4.84943972e-04 4.98565088e-04 5.06920740e-04 5.09736943e-04
    5.06920740e-04 4.98565088e-04 4.84943972e-04 4.66497266e-04
    4.43807396e-04 4.17568604e-04 3.88551882e-04 3.57567507e-04
    3.25428060e-04 2.92913755e-04 2.60742847e-04 2.29547717e-04
    1.99857925e-04 1.72090804e-04 1.46548657e-04 1.23422360e-04
    1.02800150e-04 8.46801340e-05 6.89853987e-05 5.55802762e-05
    4.42865712e-05 3.48988688e-05 2.71980953e-05 2.09630034e-05
    1.59792507e-05 1.20461182e-05 8.98102189e-06 6.62204684e-06
    5.57704698e-06 7.56376085e-06 1.01451660e-05 1.34576239e-05
    1.76549092e-05 2.29060661e-05 2.93916091e-05 3.72978793e-05
    4.68093640e-05 5.80990745e-05 7.13170812e-05 8.65776456e-05
    1.03945546e-04 1.23422360e-04 1.44933801e-04 1.68319108e-04
    1.93323664e-04 2.19596026e-04 2.46690121e-04 2.74073478e-04
    3.01141146e-04 3.27235961e-04 3.51673691e-04 3.73771851e-04
    3.92881106e-04 4.08416789e-04 4.19888413e-04 4.26925515e-04
    4.29297303e-04 4.26925515e-04 4.19888413e-04 4.08416789e-04
    3.92881106e-04 3.73771851e-04 3.51673691e-04 3.27235961e-04
    3.01141146e-04 2.74073478e-04 2.46690121e-04 2.19596026e-04
    1.93323664e-04 1.68319108e-04 1.44933801e-04 1.23422360e-04
    1.03945546e-04 8.65776456e-05 7.13170812e-05 5.80990745e-05
    4.68093640e-05 3.72978793e-05 2.93916091e-05 2.29060661e-05
    1.76549092e-05 1.34576239e-05 1.01451660e-05 7.56376085e-06
    5.57704698e-06 4.64519781e-06 6.29995884e-06 8.45004524e-06
    1.12090374e-05 1.47050132e-05 1.90787723e-05 2.44806688e-05
    3.10659052e-05 3.89881498e-05 4.83915028e-05 5.94009616e-05
    7.21116885e-05 8.65776456e-05 1.02800150e-04 1.20717319e-04
    1.40195261e-04 1.61021875e-04 1.82904492e-04 2.05471559e-04
    2.28279503e-04 2.50824523e-04 2.72559264e-04 2.92913755e-04
    3.11319629e-04 3.27235961e-04 3.40175873e-04 3.49730748e-04
    3.55592027e-04 3.57567507e-04 3.55592027e-04 3.49730748e-04
    3.40175873e-04 3.27235961e-04 3.11319629e-04 2.92913755e-04
    2.72559264e-04 2.50824523e-04 2.28279503e-04 2.05471559e-04
    1.82904492e-04 1.61021875e-04 1.40195261e-04 1.20717319e-04
    1.02800150e-04 8.65776456e-05 7.21116885e-05 5.94009616e-05
    4.83915028e-05 3.89881498e-05 3.10659052e-05 2.44806688e-05
    1.90787723e-05 1.47050132e-05 1.12090374e-05 8.45004524e-06
    6.29995884e-06 4.64519781e-06 3.82641383e-06 5.18949946e-06
    6.96060260e-06 9.23328116e-06 1.21130415e-05 1.57158629e-05
    2.01655967e-05 2.55900868e-05 3.21159241e-05 3.98617958e-05
    4.89306767e-05 5.94009616e-05 7.13170812e-05 8.46801340e-05
    9.94391376e-05 1.15483810e-04 1.32639441e-04 1.50664928e-04
    1.69254199e-04 1.88041915e-04 2.06613069e-04 2.24516727e-04
    2.41283473e-04 2.56444997e-04 2.69555894e-04 2.80214939e-04
    2.88085605e-04 2.92913755e-04 2.94541038e-04 2.92913755e-04
    2.88085605e-04 2.80214939e-04 2.69555894e-04 2.56444997e-04
    2.41283473e-04 2.24516727e-04 2.06613069e-04 1.88041915e-04
    1.69254199e-04 1.50664928e-04 1.32639441e-04 1.15483810e-04
    9.94391376e-05 8.46801340e-05 7.13170812e-05 5.94009616e-05
    4.89306767e-05 3.98617958e-05 3.21159241e-05 2.55900868e-05
    2.01655967e-05 1.57158629e-05 1.21130415e-05 9.23328116e-06
    6.96060260e-06 5.18949946e-06 3.82641383e-06 3.11722124e-06
    4.22767016e-06 5.67051438e-06 7.52197184e-06 9.86799296e-06
    1.28030615e-05 1.64280755e-05 2.08471847e-05 2.61635123e-05
    3.24737557e-05 3.98617958e-05 4.83915028e-05 5.80990745e-05
    6.89853987e-05 8.10089550e-05 9.40798782e-05 1.08055858e-04
    1.22740472e-04 1.37884388e-04 1.53189976e-04 1.68319108e-04
    1.82904492e-04 1.96563647e-04 2.08915139e-04 2.19596026e-04
    2.28279503e-04 2.34691426e-04 2.38624707e-04 2.39950401e-04
    2.38624707e-04 2.34691426e-04 2.28279503e-04 2.19596026e-04
    2.08915139e-04 1.96563647e-04 1.82904492e-04 1.68319108e-04
    1.53189976e-04 1.37884388e-04 1.22740472e-04 1.08055858e-04
    9.40798782e-05 8.10089550e-05 6.89853987e-05 5.80990745e-05
    4.83915028e-05 3.98617958e-05 3.24737557e-05 2.61635123e-05
    2.08471847e-05 1.64280755e-05 1.28030615e-05 9.86799296e-06
    7.52197184e-06 5.67051438e-06 4.22767016e-06 3.11722124e-06
    2.51148799e-06 3.40615657e-06 4.56863017e-06 6.06031563e-06
    7.95046162e-06 1.03151933e-05 1.32358009e-05 1.67961971e-05
    2.10794642e-05 2.61635123e-05 3.21159241e-05 3.89881498e-05
    4.68093640e-05 5.55802762e-05 6.52674280e-05 7.57984380e-05
    8.70586300e-05 9.88897591e-05 1.11090936e-04 1.23422360e-04
    1.35611626e-04 1.47362807e-04 1.58367737e-04 1.68319108e-04
    1.76924514e-04 1.83920623e-04 1.89086597e-04 1.92255568e-04
    1.93323664e-04 1.92255568e-04 1.89086597e-04 1.83920623e-04
    1.76924514e-04 1.68319108e-04 1.58367737e-04 1.47362807e-04
    1.35611626e-04 1.23422360e-04 1.11090936e-04 9.88897591e-05
    8.70586300e-05 7.57984380e-05 6.52674280e-05 5.55802762e-05
    4.68093640e-05 3.89881498e-05 3.21159241e-05 2.61635123e-05
    2.10794642e-05 1.67961971e-05 1.32358009e-05 1.03151933e-05
    7.95046162e-06 6.06031563e-06 4.56863017e-06 3.40615657e-06
    2.51148799e-06 2.00116324e-06 2.71403860e-06 3.64030166e-06
    4.82888254e-06 6.33495802e-06 8.21918456e-06 1.05463359e-05
    1.33832727e-05 1.67961971e-05 2.08471847e-05 2.55900868e-05
    3.10659052e-05 3.72978793e-05 4.42865712e-05 5.20053363e-05
    6.03964800e-05 6.93686452e-05 7.87957324e-05 8.85176851e-05
    9.83434002e-05 1.08055858e-04 1.17419251e-04 1.26188010e-04
    1.34117305e-04 1.40974109e-04 1.46548657e-04 1.50664928e-04
    1.53189976e-04 1.54041030e-04 1.53189976e-04 1.50664928e-04
    1.46548657e-04 1.40974109e-04 1.34117305e-04 1.26188010e-04
    1.17419251e-04 1.08055858e-04 9.83434002e-05 8.85176851e-05
    7.87957324e-05 6.93686452e-05 6.03964800e-05 5.20053363e-05
    4.42865712e-05 3.72978793e-05 3.10659052e-05 2.55900868e-05
    2.08471847e-05 1.67961971e-05 1.33832727e-05 1.05463359e-05
    8.21918456e-06 6.33495802e-06 4.82888254e-06 3.64030166e-06
    2.71403860e-06 2.00116324e-06 1.57696400e-06 2.13872681e-06
    2.86864383e-06 3.80527399e-06 4.99209727e-06 6.47691240e-06
    8.31076250e-06 1.05463359e-05 1.32358009e-05 1.64280755e-05
    2.01655967e-05 2.44806688e-05 2.93916091e-05 3.48988688e-05
    4.09814384e-05 4.75938577e-05 5.46641350e-05 6.20928986e-05
    6.97540236e-05 7.74969303e-05 8.51505756e-05 9.25291461e-05
    9.94391376e-05 1.05687606e-04 1.11090936e-04 1.15483810e-04
    1.18727519e-04 1.20717319e-04 1.21387973e-04 1.20717319e-04
    1.18727519e-04 1.15483810e-04 1.11090936e-04 1.05687606e-04
    9.94391376e-05 9.25291461e-05 8.51505756e-05 7.74969303e-05
    6.97540236e-05 6.20928986e-05 5.46641350e-05 4.75938577e-05
    4.09814384e-05 3.48988688e-05 2.93916091e-05 2.44806688e-05
    2.01655967e-05 1.64280755e-05 1.32358009e-05 1.05463359e-05
    8.31076250e-06 6.47691240e-06 4.99209727e-06 3.80527399e-06
    2.86864383e-06 2.13872681e-06 1.57696400e-06 1.22899166e-06
    1.66679592e-06 2.23564984e-06 2.96560324e-06 3.89054230e-06
    5.04771879e-06 6.47691240e-06 8.21918456e-06 1.03151933e-05
    1.28030615e-05 1.57158629e-05 1.90787723e-05 2.29060661e-05
    2.71980953e-05 3.19384853e-05 3.70918133e-05 4.26019651e-05
    4.83915028e-05 5.43621281e-05 6.03964800e-05 6.63612736e-05
    7.21116885e-05 7.74969303e-05 8.23666123e-05 8.65776456e-05
    9.00011873e-05 9.25291461e-05 9.40798782e-05 9.46025393e-05
    9.40798782e-05 9.25291461e-05 9.00011873e-05 8.65776456e-05
    8.23666123e-05 7.74969303e-05 7.21116885e-05 6.63612736e-05
    6.03964800e-05 5.43621281e-05 4.83915028e-05 4.26019651e-05
    3.70918133e-05 3.19384853e-05 2.71980953e-05 2.29060661e-05
    1.90787723e-05 1.57158629e-05 1.28030615e-05 1.03151933e-05
    8.21918456e-06 6.47691240e-06 5.04771879e-06 3.89054230e-06
    2.96560324e-06 2.23564984e-06 1.66679592e-06 1.22899166e-06
    9.47248452e-07 1.28468730e-06 1.72313298e-06 2.28574640e-06
    2.99864587e-06 3.89054230e-06 4.99209727e-06 6.33495802e-06
    7.95046162e-06 9.86799296e-06 1.21130415e-05 1.47050132e-05
    1.76549092e-05 2.09630034e-05 2.46166728e-05 2.85886108e-05
    3.28355782e-05 3.72978793e-05 4.18997515e-05 4.65507474e-05
    5.11481267e-05 5.55802762e-05 5.97309627e-05 6.34842800e-05
    6.67299464e-05 6.93686452e-05 7.13170812e-05 7.25123100e-05
    7.29151579e-05 7.25123100e-05 7.13170812e-05 6.93686452e-05
    6.67299464e-05 6.34842800e-05 5.97309627e-05 5.55802762e-05
    5.11481267e-05 4.65507474e-05 4.18997515e-05 3.72978793e-05
    3.28355782e-05 2.85886108e-05 2.46166728e-05 2.09630034e-05
    1.76549092e-05 1.47050132e-05 1.21130415e-05 9.86799296e-06
    7.95046162e-06 6.33495802e-06 4.99209727e-06 3.89054230e-06
    2.99864587e-06 2.28574640e-06 1.72313298e-06 1.28468730e-06
    9.47248452e-07 7.22049208e-07 9.79265224e-07 1.31347463e-06
    1.74233219e-06 2.28574640e-06 2.96560324e-06 3.80527399e-06
    4.82888254e-06 6.06031563e-06 7.52197184e-06 9.23328116e-06
    1.12090374e-05 1.34576239e-05 1.59792507e-05 1.87642927e-05
    2.17919423e-05 2.50292323e-05 2.84306625e-05 3.19384853e-05
    3.54837503e-05 3.89881498e-05 4.23665952e-05 4.55304980e-05
    4.83915028e-05 5.08655394e-05 5.28769160e-05 5.43621281e-05
    5.52732017e-05 5.55802762e-05 5.52732017e-05 5.43621281e-05
    5.28769160e-05 5.08655394e-05 4.83915028e-05 4.55304980e-05
    4.23665952e-05 3.89881498e-05 3.54837503e-05 3.19384853e-05
    2.84306625e-05 2.50292323e-05 2.17919423e-05 1.87642927e-05
    1.59792507e-05 1.34576239e-05 1.12090374e-05 9.23328116e-06
    7.52197184e-06 6.06031563e-06 4.82888254e-06 3.80527399e-06
    2.96560324e-06 2.28574640e-06 1.74233219e-06 1.31347463e-06
    9.79265224e-07 7.22049208e-07 5.44324109e-07 7.38228948e-07
    9.90176090e-07 1.31347463e-06 1.72313298e-06 2.23564984e-06
    2.86864383e-06 3.64030166e-06 4.56863017e-06 5.67051438e-06
    6.96060260e-06 8.45004524e-06 1.01451660e-05 1.20461182e-05
    1.41456521e-05 1.64280755e-05 1.88685390e-05 2.14327429e-05
    2.40771515e-05 2.67497835e-05 2.93916091e-05 3.19384853e-05
    3.43236243e-05 3.64804218e-05 3.83455008e-05 3.98617958e-05
    4.09814384e-05 4.16682633e-05 4.18997515e-05 4.16682633e-05
    4.09814384e-05 3.98617958e-05 3.83455008e-05 3.64804218e-05
    3.43236243e-05 3.19384853e-05 2.93916091e-05 2.67497835e-05
    2.40771515e-05 2.14327429e-05 1.88685390e-05 1.64280755e-05
    1.41456521e-05 1.20461182e-05 1.01451660e-05 8.45004524e-06
    6.96060260e-06 5.67051438e-06 4.56863017e-06 3.64030166e-06
    2.86864383e-06 2.23564984e-06 1.72313298e-06 1.31347463e-06
    9.90176090e-07 7.38228948e-07 5.44324109e-07 4.05822590e-07
    5.50388961e-07 7.38228948e-07 9.79265224e-07 1.28468730e-06
    1.66679592e-06 2.13872681e-06 2.71403860e-06 3.40615657e-06
    4.22767016e-06 5.18949946e-06 6.29995884e-06 7.56376085e-06
    8.98102189e-06 1.05463359e-05 1.22480042e-05 1.40675002e-05
    1.59792507e-05 1.79507952e-05 1.99433871e-05 2.19130070e-05
    2.38118391e-05 2.55900868e-05 2.71980953e-05 2.85886108e-05
    2.97190891e-05 3.05538415e-05 3.10659052e-05 3.12384909e-05
    3.10659052e-05 3.05538415e-05 2.97190891e-05 2.85886108e-05
    2.71980953e-05 2.55900868e-05 2.38118391e-05 2.19130070e-05
    1.99433871e-05 1.79507952e-05 1.59792507e-05 1.40675002e-05
    1.22480042e-05 1.05463359e-05 8.98102189e-06 7.56376085e-06
    6.29995884e-06 5.18949946e-06 4.22767016e-06 3.40615657e-06
    2.71403860e-06 2.13872681e-06 1.66679592e-06 1.28468730e-06
    9.79265224e-07 7.38228948e-07 5.50388961e-07 4.05822590e-07
    2.99228333e-07 4.05822590e-07 5.44324109e-07 7.22049208e-07
    9.47248452e-07 1.22899166e-06 1.57696400e-06 2.00116324e-06
    2.51148799e-06 3.11722124e-06 3.82641383e-06 4.64519781e-06
    5.57704698e-06 6.62204684e-06 7.77621153e-06 9.03091677e-06
    1.03724997e-05 1.17821046e-05 1.32358009e-05 1.47050132e-05
    1.61572898e-05 1.75573696e-05 1.88685390e-05 2.00541836e-05
    2.10794642e-05 2.19130070e-05 2.25285021e-05 2.29060661e-05
    2.30333226e-05 2.29060661e-05 2.25285021e-05 2.19130070e-05
    2.10794642e-05 2.00541836e-05 1.88685390e-05 1.75573696e-05
    1.61572898e-05 1.47050132e-05 1.32358009e-05 1.17821046e-05
    1.03724997e-05 9.03091677e-06 7.77621153e-06 6.62204684e-06
    5.57704698e-06 4.64519781e-06 3.82641383e-06 3.11722124e-06
    2.51148799e-06 2.00116324e-06 1.57696400e-06 1.22899166e-06
    9.47248452e-07 7.22049208e-07 5.44324109e-07 4.05822590e-07
    2.99228333e-07</data></my_filter>
<your_filter type_id="opencv-matrix">
  <rows>57</rows>
  <cols>57</cols>
  <dt>f</dt>
  <data>
    1.24140715e-04 1.68391736e-04 2.25913100e-04 2.99767387e-04
    3.93421768e-04 5.10710874e-04 6.55765762e-04 8.32905411e-04
    1.04648818e-03 1.30072504e-03 1.59945758e-03 1.94590306e-03
    2.34238198e-03 2.79003428e-03 3.28855030e-03 3.83591373e-03
    4.42819484e-03 5.05940849e-03 5.72141446e-03 6.40395936e-03
    7.09478138e-03 7.77982175e-03 8.44360702e-03 9.06967837e-03
    9.64120310e-03 1.01415999e-02 1.05553214e-02 1.08685913e-02
    1.10701695e-02 1.11520244e-02 1.11099053e-02 1.09436857e-02
    1.06575107e-02 1.02596916e-02 9.76230111e-03 9.18059610e-03
    8.53216555e-03 7.83602614e-03 7.11161131e-03 6.37779804e-03
    5.65207051e-03 4.94981883e-03 4.28382866e-03 3.66401160e-03
    3.09733348e-03 2.58792588e-03 2.13735201e-03 1.74496963e-03
    1.40836160e-03 1.12377747e-03 8.86562571e-04 6.91548688e-04
    5.33382408e-04 4.06793086e-04 3.06789851e-04 2.28798381e-04
    1.68740415e-04 1.11083362e-04 1.50689259e-04 2.02180061e-04
    2.68304779e-04 3.52180534e-04 4.57261776e-04 5.87281073e-04
    7.46157020e-04 9.37870820e-04 1.16630783e-03 1.43506576e-03
    1.74724299e-03 2.10520183e-03 2.51032878e-03 2.96278764e-03
    3.46130761e-03 4.00296412e-03 4.58303466e-03 5.19489869e-03
    5.82998153e-03 6.47780672e-03 7.12612923e-03 7.76115293e-03
    8.36790260e-03 8.93064216e-03 9.43348184e-03 9.86101385e-03
    1.01990616e-02 1.04354201e-02 1.05606057e-02 1.05685247e-02
    1.04569383e-02 1.02277780e-02 9.88720916e-03 9.44535434e-03
    8.91585089e-03 8.31506681e-03 7.66120991e-03 6.97332714e-03
    6.27028896e-03 5.56986406e-03 4.88793384e-03 4.23790514e-03
    3.63037363e-03 3.07296519e-03 2.57043215e-03 2.12488091e-03
    1.73611916e-03 1.40209438e-03 1.11934030e-03 8.83417029e-04
    6.89312699e-04 5.31789265e-04 4.05655039e-04 3.05975991e-04
    2.28216450e-04 1.68324812e-04 8.53974489e-05 1.15854185e-04
    1.55458285e-04 2.06331577e-04 2.70884688e-04 3.51796334e-04
    4.51971748e-04 5.74479345e-04 7.22459692e-04 8.99016508e-04
    1.10707933e-03 1.34925079e-03 1.62763800e-03 1.94367568e-03
    2.29794672e-03 2.69001722e-03 3.11825960e-03 3.57971946e-03
    4.07000491e-03 4.58318926e-03 5.11180749e-03 5.64684253e-03
    6.17786590e-03 6.69317367e-03 7.18012080e-03 7.62547366e-03
    8.01591389e-03 8.33864417e-03 8.58202856e-03 8.73630308e-03
    8.79423507e-03 8.75168387e-03 8.60805623e-03 8.36648885e-03
    8.03380553e-03 7.62026059e-03 7.13892467e-03 6.60495320e-03
    6.03472767e-03 5.44488477e-03 4.85140551e-03 4.26887535e-03
    3.70983803e-03 3.18442052e-03 2.70012114e-03 2.26183468e-03
    1.87203393e-03 1.53105601e-03 1.23748870e-03 9.88576678e-04
    7.80621369e-04 6.09353883e-04 4.70253406e-04 3.58803634e-04
    2.70687917e-04 2.01924966e-04 1.48948864e-04 5.42453090e-05
    7.35990689e-05 9.87719541e-05 1.31118592e-04 1.72182205e-04
    2.23682800e-04 2.87495786e-04 3.65614396e-04 4.60100739e-04
    5.73022524e-04 7.06373539e-04 8.61990382e-04 1.04145275e-03
    1.24598190e-03 1.47633208e-03 1.73268595e-03 2.01454386e-03
    2.32062093e-03 2.64874450e-03 2.99577368e-03 3.35751497e-03
    3.72868427e-03 4.10289038e-03 4.47268691e-03 4.82966937e-03
    5.16468892e-03 5.46810636e-03 5.73021779e-03 5.94168296e-03
    6.09408692e-03 6.18048897e-03 6.19595312e-03 6.13802206e-03
    6.00700360e-03 5.80611546e-03 5.54139353e-03 5.22135431e-03
    4.85653942e-03 4.45879390e-03 4.04057978e-03 3.61420820e-03
    3.19116795e-03 2.78157671e-03 2.39379774e-03 2.03421083e-03
    1.70718308e-03 1.41515722e-03 1.15887402e-03 9.37644625e-04
    7.49672181e-04 5.92368597e-04 4.62647586e-04 3.57183511e-04
    2.72617472e-04 2.05717341e-04 1.53486792e-04 1.13234157e-04
    2.71732533e-05 3.68728979e-05 4.94929700e-05 6.57165074e-05
    8.63238020e-05 1.12188805e-04 1.44269507e-04 1.83593089e-04
    2.31235201e-04 2.88292824e-04 3.55850963e-04 4.34947782e-04
    5.26531891e-04 6.31416449e-04 7.50232954e-04 8.83381814e-04
    1.03097211e-03 1.19276834e-03 1.36812008e-03 1.55590707e-03
    1.75445399e-03 1.96148339e-03 2.17404403e-03 2.38849851e-03
    2.60050595e-03 2.80508446e-03 2.99670477e-03 3.16948281e-03
    3.31743807e-03 3.43478331e-03 3.51633085e-03 3.55784013e-03
    3.55640566e-03 3.51076783e-03 3.42147890e-03 3.29097826e-03
    3.12348269e-03 2.92474148e-03 2.70164222e-03 2.46175006e-03
    2.21281988e-03 1.96229247e-03 1.71690795e-03 1.48238067e-03
    1.26321230e-03 1.06262311e-03 8.82580120e-04 7.23913254e-04
    5.86490030e-04 4.69413208e-04 3.71230359e-04 2.90129276e-04
    2.24108750e-04 1.71117921e-04 1.29165230e-04 9.63930797e-05
    7.11257962e-05 1.01628530e-05 1.37927482e-05 1.85174013e-05
    2.45944175e-05 3.23191198e-05 4.20239012e-05 5.40758883e-05
    6.88728251e-05 8.68371790e-05 1.08407941e-04 1.34032598e-04
    1.64155455e-04 1.99206581e-04 2.39589135e-04 2.85663205e-04
    3.37731006e-04 3.96017655e-04 4.60644718e-04 5.31603640e-04
    6.08722097e-04 6.91623602e-04 7.79684284e-04 8.71990167e-04
    9.67292697e-04 1.06397923e-03 1.16006169e-03 1.25318673e-03
    1.34068599e-03 1.41967053e-03 1.48715789e-03 1.54025608e-03
    1.57636125e-03 1.59337453e-03 1.58989464e-03 1.56539015e-03
    1.52027968e-03 1.45595020e-03 1.37468055e-03 1.27948157e-03
    1.17387704e-03 1.06164161e-03 9.46537824e-04 8.32082063e-04
    7.21346645e-04 6.16832520e-04 5.20405418e-04 4.33289155e-04
    3.56111996e-04 2.88984767e-04 2.31603699e-04 1.83355223e-04
    1.43418103e-04 1.10854642e-04 8.46854455e-05 6.39477366e-05
    4.77365720e-05 3.52310490e-05 2.66483380e-06 3.61734760e-06
    4.85774535e-06 6.45425689e-06 8.48544278e-06 1.10402816e-05
    1.42179488e-05 1.81271043e-05 2.28851131e-05 2.86166851e-05
    3.54526674e-05 4.35284492e-05 5.29820318e-05 6.39524224e-05
    7.65769873e-05 9.09883893e-05 1.07310349e-04 1.25651844e-04
    1.46098566e-04 1.68701648e-04 1.93464948e-04 2.20325630e-04
    2.49136239e-04 2.79641914e-04 3.11460492e-04 3.44063446e-04
    3.76767595e-04 4.08733933e-04 4.38988965e-04 4.66452650e-04
    4.89999249e-04 5.08528145e-04 5.21047099e-04 5.26762742e-04
    5.25163428e-04 5.16077445e-04 4.99708462e-04 4.76634654e-04
    4.47765051e-04 4.14268143e-04 3.77477409e-04 3.38787271e-04
    2.99549109e-04 2.60985311e-04 2.24126677e-04 1.89772763e-04
    1.58480907e-04 1.30576271e-04 1.06177707e-04 8.52343510e-05
    6.75662086e-05 5.29039316e-05 4.09247405e-05 3.12831253e-05
    2.36336982e-05 1.76487010e-05 1.30287553e-05 4.56453904e-07
    6.19755781e-07 8.32542185e-07 1.10663984e-06 1.45574302e-06
    1.89547620e-06 2.44342982e-06 3.11915437e-06 3.94412882e-06
    4.94176493e-06 6.13738484e-06 7.55821247e-06 9.23342850e-06
    1.11941645e-05 1.34735665e-05 1.61065127e-05 1.91293657e-05
    2.25791755e-05 2.64922728e-05 3.09024508e-05 3.58377547e-05
    4.13166090e-05 4.73426408e-05 5.38987479e-05 6.09398485e-05
    6.83866383e-05 7.61187912e-05 8.39712084e-05 9.17333091e-05
    9.91523120e-05 1.05943654e-04 1.11805937e-04 1.16442832e-04
    1.19587399e-04 1.21028461e-04 1.20633529e-04 1.18365824e-04
    1.14291943e-04 1.08578861e-04 1.01479047e-04 9.33085539e-05
    8.44184178e-05 7.51659318e-05 6.58871577e-05 5.68757787e-05
    4.83691510e-05 4.05415412e-05 3.35041768e-05 2.73111182e-05
    2.19677386e-05 1.74417819e-05 1.36739227e-05 1.05880736e-05
    8.09970061e-06 6.12267286e-06 4.57414944e-06 3.37785400e-06
    4.72596966e-08 6.41858904e-08 8.62570388e-08 1.14715242e-07
    1.51008095e-07 1.96801565e-07 2.53992198e-07 3.24721896e-07
    4.11390801e-07 5.16682917e-07 6.43592045e-07 7.95461517e-07
    9.76034585e-07 1.18951800e-06 1.44062881e-06 1.73466481e-06
    2.07753283e-06 2.47574144e-06 2.93632547e-06 3.46666320e-06
    4.07418975e-06 4.76585456e-06 5.54745611e-06 6.42269470e-06
    7.39195912e-06 8.45105660e-06 9.58971032e-06 1.07902897e-05
    1.20267805e-05 1.32644491e-05 1.44604119e-05 1.55654016e-05
    1.65265537e-05 1.72916516e-05 1.78138398e-05 1.80565603e-05
    1.79977560e-05 1.76329177e-05 1.69759987e-05 1.60583386e-05
    1.49256493e-05 1.36332246e-05 1.22409647e-05 1.08078711e-05
    9.38764788e-06 8.02554041e-06 6.75629235e-06 5.60377248e-06
    4.58148406e-06 3.69393888e-06 2.93849189e-06 2.30718251e-06
    1.78861251e-06 1.36949882e-06 1.03594061e-06 7.74338957e-07
    5.72046361e-07 2.72209211e-09 3.69827102e-09 4.97227948e-09
    6.61684529e-09 8.71739658e-09 1.13731957e-08 1.46987373e-08
    1.88254621e-08 2.39040467e-08 3.01071879e-08 3.76336651e-08
    4.67137333e-08 5.76154378e-08 7.06528809e-08 8.61953779e-08
    1.04676751e-07 1.26606366e-07 1.52576746e-07 1.83267730e-07
    2.19445567e-07 2.61950817e-07 3.11672807e-07 3.69501123e-07
    4.36258546e-07 5.12595534e-07 5.98863039e-07 6.94954281e-07
    8.00134330e-07 9.12866710e-07 1.03068362e-06 1.15012517e-06
    1.26678492e-06 1.37549534e-06 1.47066794e-06 1.54676434e-06
    1.59884587e-06 1.62313370e-06 1.61748142e-06 1.58166449e-06
    1.51744416e-06 1.42837757e-06 1.31942329e-06 1.19639685e-06
    1.06537459e-06 9.32162038e-07 8.01851854e-07 6.78541937e-07
    5.65207870e-07 4.63718010e-07 3.74944847e-07 2.98939568e-07
    2.35134181e-07 1.82539068e-07 1.39916594e-07 1.05924833e-07
    7.92252521e-08 5.85550737e-08 8.00140371e-11 1.08751695e-10
    1.46293949e-10 1.94821784e-10 2.56915489e-10 3.35607736e-10
    4.34447978e-10 5.57583424e-10 7.09874604e-10 8.97046493e-10
    1.12588849e-09 1.40452883e-09 1.74277881e-09 2.15256657e-09
    2.64847100e-09 3.24830896e-09 3.97386790e-09 4.85160134e-09
    5.91333782e-09 7.19689641e-09 8.74632544e-09 1.06117817e-08
    1.28483988e-08 1.55141304e-08 1.86659488e-08 2.23541186e-08
    2.66142042e-08 3.14571018e-08 3.68576494e-08 4.27432347e-08
    4.89837682e-08 5.53871722e-08 6.17010016e-08 6.76242209e-08
    7.28290033e-08 7.69904318e-08 7.98228967e-08 8.11139600e-08
    8.07529048e-08 7.87458632e-08 7.52158655e-08 7.03864558e-08
    6.45550315e-08 5.80568198e-08 5.12303693e-08 4.43868551e-08
    3.77879381e-08 3.16338813e-08 2.60598547e-08 2.11407123e-08
    1.68998202e-08 1.33205118e-08 1.03578257e-08 7.94929811e-09
    6.02386407e-09 4.50874538e-09 3.33419825e-09 1.10044742e-12
    1.49637182e-12 2.01419198e-12 2.68456958e-12 3.54412723e-12
    4.63640151e-12 6.01316089e-12 7.73604531e-12 9.87894662e-12
    1.25312261e-11 1.58020298e-11 1.98260609e-11 2.47714071e-11
    3.08491913e-11 3.83264011e-11 4.75409261e-11 5.89209723e-11
    7.30066008e-11 9.04747874e-11 1.12166658e-10 1.39112333e-10
    1.72552250e-10 2.13944973e-10 2.64955419e-10 3.27402605e-10
    4.03166667e-10 4.94016161e-10 6.01374395e-10 7.25996596e-10
    8.67590166e-10 1.02442455e-09 1.19298604e-09 1.36778999e-09
    1.54143098e-09 1.70495473e-09 1.84857385e-09 1.96267957e-09
    2.03896611e-09 2.07154160e-09 2.05772488e-09 1.99841921e-09
    1.89796090e-09 1.76349368e-09 1.60399938e-09 1.42920309e-09
    1.24853317e-09 1.07028952e-09 9.01132557e-10 7.45842388e-10
    6.07358552e-10 4.86998608e-10 3.84777765e-10 2.99759856e-10
    2.30389874e-10 1.74779968e-10 1.30928657e-10 9.68816832e-11
    6.50925931e-15 8.85582857e-15 1.19288760e-14 1.59142719e-14
    2.10362310e-14 2.75648373e-14 3.58264681e-14 4.62173160e-14
    5.92235137e-14 7.54479961e-14 9.56479768e-14 1.20785231e-13
    1.52096814e-13 1.91183657e-13 2.40133678e-13 3.01675948e-13
    3.79386138e-13 4.77932743e-13 6.03398679e-13 7.63650428e-13
    9.68774973e-13 1.23152497e-12 1.56776588e-12 1.99678165e-12
    2.54133563e-12 3.22723185e-12 4.08216429e-12 5.13352989e-12
    6.40502712e-12 7.91191938e-12 9.65523234e-12 1.16155341e-11
    1.37476098e-11 1.59770773e-11 1.82015202e-11 2.02960981e-11
    2.21248662e-11 2.35562837e-11 2.44802303e-11 2.48236084e-11
    2.45603867e-11 2.37153751e-11 2.23590903e-11 2.05969582e-11
    1.85541842e-11 1.63600331e-11 1.41343994e-11 1.19778814e-11
    9.96658832e-12 8.15107704e-12 6.55836540e-12 5.19592355e-12
    4.05651684e-12 3.12290731e-12 2.37210447e-12 1.77864993e-12
    1.31705866e-12 1.53145228e-17 2.08476083e-17 2.81041859e-17
    3.75336975e-17 4.96838491e-17 6.52235950e-17 8.49746364e-17
    1.09955081e-16 1.41441929e-16 1.81058917e-16 2.30899143e-16
    2.93695016e-16 3.73056365e-16 4.73792697e-16 6.02357263e-16
    7.67447902e-16 9.80815343e-16 1.25834812e-15 1.62149455e-15
    2.09910371e-15 2.72974684e-15 3.56449972e-15 4.67018942e-15
    6.13266465e-15 8.05976837e-15 1.05829533e-14 1.38560877e-14
    1.80499197e-14 2.33395168e-14 2.98835358e-14 3.77941900e-14
    4.70989214e-14 5.76995727e-14 6.93360435e-14 8.15663997e-14
    9.37734929e-14 1.05207306e-13 1.15061240e-13 1.22574436e-13
    1.27137870e-13 1.28387521e-13 1.26253866e-13 1.20967404e-13
    1.13011624e-13 1.03044655e-13 9.18018984e-14 8.00050063e-14
    6.82897003e-14 5.71604328e-14 4.69734759e-14 3.79408148e-14
    3.01508222e-14 2.35953106e-14 1.81983843e-14 1.38426868e-14
    1.03905845e-14 7.70017408e-15 1.33813218e-20 1.82277633e-20
    2.45940603e-20 3.28844263e-20 4.35973587e-20 5.73498988e-20
    7.49134506e-20 9.72622810e-20 1.25646021e-19 1.61690584e-19
    2.07544992e-19 2.66086994e-19 3.41216320e-19 4.38270532e-19
    5.64610532e-19 7.30448871e-19 9.50013625e-19 1.24317998e-18
    1.63774327e-18 2.17253136e-18 2.90159842e-18 3.89973886e-18
    5.26948875e-18 7.14952221e-18 9.72403915e-18 1.32317697e-17
    1.79726644e-17 2.43080638e-17 3.26496890e-17 4.34312107e-17
    5.70565761e-17 7.38235006e-17 9.38244698e-17 1.16839791e-16
    1.42245591e-16 1.68967006e-16 1.95508426e-16 2.20074393e-16
    2.40781450e-16 2.55917611e-16 2.64207337e-16 2.65007731e-16
    2.58394124e-16 2.45123129e-16 2.26478611e-16 2.04056696e-16
    1.79533583e-16 1.54461461e-16 1.30132822e-16 1.07507255e-16
    8.72031867e-17 6.95319420e-17 5.45572102e-17 4.21641619e-17
    3.21222687e-17 2.41399410e-17 1.79051830e-17 4.10744767e-24
    5.59901798e-24 7.56175400e-24 1.01236500e-23 1.34443687e-23
    1.77244155e-23 2.32186124e-23 3.02553716e-23 3.92643367e-23
    5.08177884e-23 6.56890345e-23 8.49396261e-23 1.10042600e-22
    1.43066072e-22 1.86938843e-22 2.45839199e-22 3.25766333e-22
    4.35372662e-22 5.87179742e-22 7.99338846e-22 1.09812740e-21
    1.52147838e-21 2.12377633e-21 2.98222764e-21 4.20477635e-21
    5.93946739e-21 8.38400300e-21 1.17935567e-20 1.64831117e-20
    2.28190277e-20 3.11937241e-20 4.19770282e-20 5.54425625e-20
    7.16723243e-20 9.04549917e-20 1.11203422e-19 1.32920325e-19
    1.54244757e-19 1.73585894e-19 1.89334844e-19 2.00112451e-19
    2.04992378e-19 2.03646930e-19 1.96376568e-19 1.84030057e-19
    1.67832581e-19 1.49181494e-19 1.29447859e-19 1.09828001e-19
    9.12524326e-20 7.43586968e-20 5.95063716e-20 4.68242097e-20
    3.62676467e-20 2.76768300e-20 2.08257082e-20 1.54616956e-20
    4.25720796e-28 5.80753775e-28 7.85137120e-28 1.05257291e-27
    1.40035108e-27 1.85051149e-27 2.43151275e-27 3.18071413e-27
    4.14801938e-27 5.40125358e-27 7.03416638e-27 9.17818093e-27
    1.20201348e-26 1.58286327e-26 2.09938721e-26 2.80880859e-26
    3.79567481e-26 5.18584402e-26 7.16764504e-26 1.00239618e-25
    1.41804207e-25 2.02768191e-25 2.92711991e-25 4.25872082e-25
    6.23158552e-25 9.14774840e-25 1.34338565e-24 1.96752066e-24
    2.86447642e-24 4.13146888e-24 5.88310257e-24 8.24283994e-24
    1.13263631e-23 1.52163080e-23 1.99299760e-23 2.53863249e-23
    3.13812749e-23 3.75826178e-23 4.35531652e-23 4.88022236e-23
    5.28602945e-23 5.53565785e-23 5.60816616e-23 5.50186936e-23
    5.23354969e-23 4.83439680e-23 4.34392726e-23 3.80355943e-23
    3.25122364e-23 2.71779148e-23 2.22547175e-23 1.78787530e-23
    1.41112007e-23 1.09556056e-23 8.37558788e-24 6.31090381e-24
    4.69018632e-24 1.45879158e-32 1.99160525e-32 2.69538621e-32
    3.61866767e-32 4.82341890e-32 6.38970929e-32 8.42265153e-32
    1.10626396e-31 1.45007725e-31 1.90019978e-31 2.49398383e-31
    3.28492884e-31 4.35076226e-31 5.80582914e-31 7.82037255e-31
    1.06506286e-30 1.46862061e-30 2.05247934e-30 2.90902540e-30
    4.18193607e-30 6.09551035e-30 9.00043336e-30 1.34440728e-29
    2.02763469e-29 3.08050569e-29 4.70142159e-29 7.18566448e-29
    1.09614206e-28 1.66293410e-28 2.49967844e-28 3.70910250e-28
    5.41277940e-28 7.74077563e-28 1.08117374e-27 1.47030162e-27
    1.94142193e-27 2.48322801e-27 3.07097619e-27 3.66683233e-27
    4.22355089e-27 4.69115243e-27 5.02524157e-27 5.19490367e-27
    5.18783743e-27 5.01170690e-27 4.69133077e-27 4.26306712e-27
    3.76806537e-27 3.24602280e-27 2.73070770e-27 2.24748956e-27
    1.81290251e-27 1.43543690e-27 1.11719335e-27 8.55712534e-28
    6.45691606e-28 4.80383550e-28 1.65131287e-37 2.25627931e-37
    3.05695771e-37 4.11013888e-37 5.48917980e-37 7.29014159e-37
    9.64107244e-37 1.27158029e-36 1.67552464e-36 2.20994229e-36
    2.92368867e-36 3.88812657e-36 5.20907436e-36 7.04572760e-36
    9.64059551e-36 1.33681861e-35 1.88134327e-35 2.69001637e-35
    3.91017864e-35 5.77870153e-35 8.67879188e-35 1.32323287e-34
    2.04494439e-34 3.19655026e-34 5.04102809e-34 7.99622777e-34
    1.27150588e-33 2.01942877e-33 3.19108623e-33 4.99703530e-33
    7.72323151e-33 1.17344172e-32 1.74590886e-32 2.53449424e-32
    3.57771404e-32 4.89623078e-32 6.47942302e-32 8.27407375e-32
    1.01795613e-31 1.20537201e-31 1.37308073e-31 1.50484871e-31
    1.58771295e-31 1.61436622e-31 1.58422408e-31 1.50311415e-31
    1.38165772e-31 1.23302986e-31 1.07068869e-31 9.06582621e-32
    7.50074423e-32 6.07562072e-32 4.82638350e-32 3.76589217e-32
    2.89009833e-32 2.18398122e-32 1.62663909e-32 6.36189503e-43
    8.67403749e-43 1.17288681e-42 1.57365818e-42 2.10475029e-42
    2.80820212e-42 3.72325002e-42 4.93677449e-42 6.53145214e-42
    8.67263620e-42 1.15551071e-41 1.55193805e-41 2.10418977e-41
    2.88415250e-41 4.00785374e-41 5.65774255e-41 8.12458837e-41
    1.18823103e-40 1.77076482e-40 2.68906373e-40 4.15894174e-40
    6.54326509e-40 1.04539948e-39 1.69216038e-39 2.76736408e-39
    4.55760134e-39 7.53152382e-39 1.24394876e-38 2.04502611e-38
    3.33210838e-38 5.35785235e-38 8.46566553e-38 1.30898686e-37
    1.97292062e-37 2.88809205e-37 4.09287623e-37 5.59943441e-37
    7.37838483e-37 9.34802842e-37 1.13741132e-36 1.32833633e-36
    1.48902854e-36 1.60309136e-36 1.65939621e-36 1.65404553e-36
    1.59064173e-36 1.47896654e-36 1.33263771e-36 1.16644954e-36
    9.94130367e-37 8.26851114e-37 6.72563579e-37 5.36039486e-37
    4.19328812e-37 3.22442140e-37 2.44024827e-37 1.81952160e-37
    7.00649232e-45 7.00649232e-45 8.40779079e-45 8.40779079e-45
    8.40779079e-45 8.40779079e-45 8.40779079e-45 8.40779079e-45
    8.40779079e-45 8.40779079e-45 9.80908925e-45 9.80908925e-45
    9.80908925e-45 9.80908925e-45 9.80908925e-45 9.80908925e-45
    1.26116862e-44 1.26116862e-44 1.26116862e-44 1.26116862e-44
    1.68155816e-44 1.68155816e-44 1.82168800e-44 2.24207754e-44
    2.38220739e-44 2.94272678e-44 3.50324616e-44 4.34402524e-44
    5.46506401e-44 7.98740125e-44 1.38728548e-43 2.21405157e-43
    3.39114228e-43 5.26888223e-43 7.98740125e-43 1.16588032e-42
    1.65213089e-42 2.23787365e-42 2.91189821e-42 3.63636951e-42
    4.34542654e-42 4.98301734e-42 5.47207050e-42 5.75513279e-42
    5.83220421e-42 5.68226527e-42 5.34455234e-42 4.86110437e-42
    4.28376941e-42 3.67700717e-42 3.07585013e-42 2.50692295e-42
    2.00385680e-42 1.57365818e-42 1.21492577e-42 9.24856986e-43
    6.90840143e-43 2.80259693e-45 2.80259693e-45 2.80259693e-45
    2.80259693e-45 2.80259693e-45 2.80259693e-45 2.80259693e-45
    2.80259693e-45 2.80259693e-45 2.80259693e-45 2.80259693e-45
    2.80259693e-45 2.80259693e-45 4.20389539e-45 4.20389539e-45
    4.20389539e-45 4.20389539e-45 4.20389539e-45 4.20389539e-45
    4.20389539e-45 4.20389539e-45 4.20389539e-45 4.20389539e-45
    4.20389539e-45 5.60519386e-45 5.60519386e-45 5.60519386e-45
    5.60519386e-45 5.60519386e-45 5.60519386e-45 7.00649232e-45
    7.00649232e-45 7.00649232e-45 7.00649232e-45 7.00649232e-45
    7.00649232e-45 8.40779079e-45 8.40779079e-45 8.40779079e-45
    8.40779079e-45 8.40779079e-45 8.40779079e-45 8.40779079e-45
    8.40779079e-45 8.40779079e-45 8.40779079e-45 8.40779079e-45
    8.40779079e-45 8.40779079e-45 8.40779079e-45 8.40779079e-45
    8.40779079e-45 8.40779079e-45 8.40779079e-45 8.40779079e-45
    7.00649232e-45 7.00649232e-45 1.40129846e-45 1.40129846e-45
    1.40129846e-45 1.40129846e-45 1.40129846e-45 1.40129846e-45
    2.80259693e-45 2.80259693e-45 2.80259693e-45 2.80259693e-45
    2.80259693e-45 2.80259693e-45 2.80259693e-45 2.80259693e-45
    2.80259693e-45 2.80259693e-45 2.80259693e-45 2.80259693e-45
    2.80259693e-45 2.80259693e-45 2.80259693e-45 2.80259693e-45
    2.80259693e-45 2.80259693e-45 2.80259693e-45 2.80259693e-45
    2.80259693e-45 2.80259693e-45 2.80259693e-45 2.80259693e-45
    2.80259693e-45 2.80259693e-45 2.80259693e-45 2.80259693e-45
    2.80259693e-45 2.80259693e-45 2.80259693e-45 2.80259693e-45
    2.80259693e-45 2.80259693e-45 2.80259693e-45 2.80259693e-45
    2.80259693e-45 2.80259693e-45 2.80259693e-45 2.80259693e-45
    2.80259693e-45 2.80259693e-45 2.80259693e-45 2.80259693e-45
    2.80259693e-45 2.80259693e-45 2.80259693e-45 2.80259693e-45
    2.80259693e-45 2.80259693e-45 2.80259693e-45 1.40129846e-45
    1.40129846e-45 1.40129846e-45 1.40129846e-45 1.40129846e-45
    1.40129846e-45 1.40129846e-45 1.40129846e-45 1.40129846e-45
    1.40129846e-45 1.40129846e-45 1.40129846e-45 1.40129846e-45
    1.40129846e-45 1.40129846e-45 1.40129846e-45 1.40129846e-45
    1.40129846e-45 1.40129846e-45 1.40129846e-45 1.40129846e-45
    1.40129846e-45 1.40129846e-45 1.40129846e-45 1.40129846e-45
    1.40129846e-45 1.40129846e-45 1.40129846e-45 1.40129846e-45
    1.40129846e-45 1.40129846e-45 1.40129846e-45 1.40129846e-45
    1.40129846e-45 1.40129846e-45 1.40129846e-45 1.40129846e-45
    1.40129846e-45 1.40129846e-45 1.40129846e-45 1.40129846e-45
    2.80259693e-45 2.80259693e-45 2.80259693e-45 2.80259693e-45
    2.80259693e-45 2.80259693e-45 2.80259693e-45 2.80259693e-45
    2.80259693e-45 1.40129846e-45 1.40129846e-45 1.40129846e-45
    1.40129846e-45 1.40129846e-45 1.40129846e-45 1.40129846e-45
    1.40129846e-45 1.40129846e-45 1.40129846e-45 1.40129846e-45
    1.40129846e-45 1.40129846e-45 1.40129846e-45 1.40129846e-45
    1.40129846e-45 1.40129846e-45 1.40129846e-45 1.40129846e-45
    1.40129846e-45 1.40129846e-45 1.40129846e-45 1.40129846e-45
    1.40129846e-45 1.40129846e-45 1.40129846e-45 1.40129846e-45
    1.40129846e-45 1.40129846e-45 1.40129846e-45 1.40129846e-45
    1.40129846e-45 1.40129846e-45 1.40129846e-45 1.40129846e-45
    1.40129846e-45 1.40129846e-45 1.40129846e-45 1.40129846e-45
    1.40129846e-45 1.40129846e-45 1.40129846e-45 1.40129846e-45
    1.40129846e-45 1.40129846e-45 1.40129846e-45 1.40129846e-45
    1.40129846e-45 1.40129846e-45 1.40129846e-45 1.40129846e-45
    1.40129846e-45 1.40129846e-45 1.40129846e-45 1.40129846e-45
    1.40129846e-45 1.40129846e-45 1.40129846e-45 1.40129846e-45
    1.40129846e-45 1.40129846e-45 1.40129846e-45 1.40129846e-45
    1.40129846e-45 1.40129846e-45 1.40129846e-45 1.40129846e-45
    1.40129846e-45 1.40129846e-45 1.40129846e-45 1.40129846e-45
    1.40129846e-45 1.40129846e-45 1.40129846e-45 1.40129846e-45
    1.40129846e-45 1.40129846e-45 1.40129846e-45 1.40129846e-45
    1.40129846e-45 1.40129846e-45 1.40129846e-45 1.40129846e-45
    1.40129846e-45 1.40129846e-45 1.40129846e-45 1.40129846e-45
    1.40129846e-45 1.40129846e-45 1.40129846e-45 1.40129846e-45
    1.40129846e-45 1.40129846e-45 1.40129846e-45 1.40129846e-45
    1.40129846e-45 1.40129846e-45 1.40129846e-45 1.40129846e-45
    1.40129846e-45 1.40129846e-45 1.40129846e-45 1.40129846e-45
    1.40129846e-45 1.40129846e-45 1.40129846e-45 1.40129846e-45
    1.40129846e-45 1.40129846e-45 1.40129846e-45 1.40129846e-45
    1.40129846e-45 1.40129846e-45 1.40129846e-45 1.40129846e-45
    1.40129846e-45 1.40129846e-45 1.40129846e-45 1.40129846e-45
    1.40129846e-45 1.40129846e-45 1.40129846e-45 1.40129846e-45
    1.40129846e-45 1.40129846e-45 1.40129846e-45 1.40129846e-45
    1.40129846e-45 1.40129846e-45 1.40129846e-45 1.40129846e-45
    1.40129846e-45 1.40129846e-45 1.40129846e-45 1.40129846e-45
    1.40129846e-45 1.40129846e-45 1.40129846e-45 1.40129846e-45
    1.40129846e-45 1.40129846e-45 1.40129846e-45 1.40129846e-45
    1.40129846e-45 1.40129846e-45 1.40129846e-45 1.40129846e-45
    1.40129846e-45 1.40129846e-45 1.40129846e-45 1.40129846e-45
    1.40129846e-45 1.40129846e-45 1.40129846e-45 1.40129846e-45
    1.40129846e-45 1.40129846e-45 1.40129846e-45 1.40129846e-45
    1.40129846e-45 1.40129846e-45 1.40129846e-45 1.40129846e-45
    1.40129846e-45 1.40129846e-45 1.40129846e-45 1.40129846e-45
    1.40129846e-45 1.40129846e-45 1.40129846e-45 1.40129846e-45
    1.40129846e-45 1.40129846e-45 1.40129846e-45 1.40129846e-45
    1.40129846e-45 1.40129846e-45 1.40129846e-45 1.40129846e-45
    1.40129846e-45 1.40129846e-45 1.40129846e-45 1.40129846e-45
    1.40129846e-45 1.40129846e-45 1.40129846e-45 1.40129846e-45
    1.40129846e-45 1.40129846e-45 1.40129846e-45 1.40129846e-45
    1.40129846e-45 1.40129846e-45 1.40129846e-45 1.40129846e-45
    1.40129846e-45 1.40129846e-45 1.40129846e-45 1.40129846e-45
    1.40129846e-45 1.40129846e-45 1.40129846e-45 1.40129846e-45
    1.40129846e-45 1.40129846e-45 1.40129846e-45 1.40129846e-45
    1.40129846e-45 1.40129846e-45 1.40129846e-45 1.40129846e-45
    1.40129846e-45 1.40129846e-45 1.40129846e-45 1.40129846e-45
    1.40129846e-45 1.40129846e-45 1.40129846e-45 1.40129846e-45
    1.40129846e-45 1.40129846e-45 1.40129846e-45 1.40129846e-45
    1.40129846e-45 1.40129846e-45 1.40129846e-45 1.40129846e-45
    1.40129846e-45 1.40129846e-45 1.40129846e-45 1.40129846e-45
    1.40129846e-45 1.40129846e-45 1.40129846e-45 1.40129846e-45
    1.40129846e-45 1.40129846e-45 1.40129846e-45 1.40129846e-45
    1.40129846e-45 1.40129846e-45 1.40129846e-45 1.40129846e-45
    1.40129846e-45 1.40129846e-45 1.40129846e-45 1.40129846e-45
    1.40129846e-45 1.40129846e-45 1.40129846e-45 1.40129846e-45
    1.40129846e-45 1.40129846e-45 1.40129846e-45 1.40129846e-45
    1.40129846e-45 1.40129846e-45 1.40129846e-45 1.40129846e-45
    1.40129846e-45 1.40129846e-45 1.40129846e-45 1.40129846e-45
    1.40129846e-45 1.40129846e-45 1.40129846e-45 1.40129846e-45
    1.40129846e-45 1.40129846e-45 1.40129846e-45 1.40129846e-45
    1.40129846e-45 1.40129846e-45 1.40129846e-45 1.40129846e-45
    1.40129846e-45 1.40129846e-45 1.40129846e-45 1.40129846e-45
    1.40129846e-45 1.40129846e-45 1.40129846e-45 1.40129846e-45
    1.40129846e-45 1.40129846e-45 1.40129846e-45 1.40129846e-45
    1.40129846e-45 1.40129846e-45 1.40129846e-45 1.40129846e-45
    1.40129846e-45 1.40129846e-45 1.40129846e-45 1.40129846e-45
    1.40129846e-45 1.40129846e-45 1.40129846e-45 1.40129846e-45
    1.40129846e-45 1.40129846e-45 1.40129846e-45 1.40129846e-45
    1.40129846e-45 1.40129846e-45 1.40129846e-45 1.40129846e-45
    1.40129846e-45 1.40129846e-45 1.40129846e-45 1.40129846e-45
    1.40129846e-45 1.40129846e-45 1.40129846e-45 1.40129846e-45
    1.40129846e-45 1.40129846e-45 1.40129846e-45 1.40129846e-45
    1.40129846e-45 1.40129846e-45 1.40129846e-45 1.40129846e-45
    1.40129846e-45 1.40129846e-45 1.40129846e-45 1.40129846e-45
    1.40129846e-45 1.40129846e-45 1.40129846e-45 1.40129846e-45
    1.40129846e-45 1.40129846e-45 1.40129846e-45 1.40129846e-45
    1.40129846e-45 1.40129846e-45 1.40129846e-45 1.40129846e-45
    1.40129846e-45 1.40129846e-45 1.40129846e-45 1.40129846e-45
    1.40129846e-45 1.40129846e-45 1.40129846e-45 1.40129846e-45
    1.40129846e-45 1.40129846e-45 1.40129846e-45 1.40129846e-45
    1.40129846e-45 1.40129846e-45 1.40129846e-45 1.40129846e-45
    1.40129846e-45 1.40129846e-45 1.40129846e-45 1.40129846e-45
    1.40129846e-45 1.40129846e-45 1.40129846e-45 1.40129846e-45
    1.40129846e-45 1.40129846e-45 1.40129846e-45 1.40129846e-45
    1.40129846e-45 1.40129846e-45 1.40129846e-45 1.40129846e-45
    1.40129846e-45 1.40129846e-45 1.40129846e-45 1.40129846e-45
    1.40129846e-45 1.40129846e-45 1.40129846e-45 1.40129846e-45
    1.40129846e-45 1.40129846e-45 1.40129846e-45 1.40129846e-45
    1.40129846e-45 1.40129846e-45 1.40129846e-45 1.40129846e-45
    1.40129846e-45 1.40129846e-45 1.40129846e-45 1.40129846e-45
    1.40129846e-45 1.40129846e-45 1.40129846e-45 1.40129846e-45
    1.40129846e-45 1.40129846e-45 1.40129846e-45 1.40129846e-45
    1.40129846e-45 1.40129846e-45 1.40129846e-45 1.40129846e-45
    1.40129846e-45 1.40129846e-45 1.40129846e-45 1.40129846e-45
    1.40129846e-45 1.40129846e-45 1.40129846e-45 1.40129846e-45
    1.40129846e-45 1.40129846e-45 1.40129846e-45 1.40129846e-45
    1.40129846e-45 1.40129846e-45 1.40129846e-45 1.40129846e-45
    1.40129846e-45 1.40129846e-45 1.40129846e-45 1.40129846e-45
    1.40129846e-45 1.40129846e-45 1.40129846e-45 1.40129846e-45
    1.40129846e-45 1.40129846e-45 1.40129846e-45 1.40129846e-45
    1.40129846e-45 1.40129846e-45 1.40129846e-45 1.40129846e-45
    1.40129846e-45 1.40129846e-45 1.40129846e-45 1.40129846e-45
    1.40129846e-45 1.40129846e-45 1.40129846e-45 1.40129846e-45
    1.40129846e-45 1.40129846e-45 1.40129846e-45 1.40129846e-45
    1.40129846e-45 1.40129846e-45 1.40129846e-45 1.40129846e-45
    1.40129846e-45 1.40129846e-45 1.40129846e-45 1.40129846e-45
    1.40129846e-45 1.40129846e-45 1.40129846e-45 1.40129846e-45
    1.40129846e-45 1.40129846e-45 1.40129846e-45 1.40129846e-45
    1.40129846e-45 1.40129846e-45 1.40129846e-45 1.40129846e-45
    1.40129846e-45 1.40129846e-45 1.40129846e-45 1.40129846e-45
    1.40129846e-45 1.40129846e-45 1.40129846e-45 1.40129846e-45
    1.40129846e-45 1.40129846e-45 1.40129846e-45 1.40129846e-45
    1.40129846e-45 1.40129846e-45 1.40129846e-45 1.40129846e-45
    1.40129846e-45 1.40129846e-45 1.40129846e-45 1.40129846e-45
    1.40129846e-45 1.40129846e-45 1.40129846e-45 1.40129846e-45
    1.40129846e-45 1.40129846e-45 1.40129846e-45 1.40129846e-45
    1.40129846e-45 1.40129846e-45 1.40129846e-45 1.40129846e-45
    1.40129846e-45 1.40129846e-45 1.40129846e-45 1.40129846e-45
    1.40129846e-45 1.40129846e-45 1.40129846e-45 1.40129846e-45
    1.40129846e-45 1.40129846e-45 1.40129846e-45 1.40129846e-45
    1.40129846e-45 1.40129846e-45 1.40129846e-45 1.40129846e-45
    1.40129846e-45 1.40129846e-45 1.40129846e-45 1.40129846e-45
    1.40129846e-45 1.40129846e-45 1.40129846e-45 1.40129846e-45
    1.40129846e-45 1.40129846e-45 1.40129846e-45 1.40129846e-45
    1.40129846e-45 1.40129846e-45 1.40129846e-45 1.40129846e-45
    1.40129846e-45 1.40129846e-45 1.40129846e-45 1.40129846e-45
    1.40129846e-45 1.40129846e-45 1.40129846e-45 1.40129846e-45
    1.40129846e-45 1.40129846e-45 1.40129846e-45 1.40129846e-45
    1.40129846e-45 1.40129846e-45 1.40129846e-45 1.40129846e-45
    1.40129846e-45 1.40129846e-45 1.40129846e-45 1.40129846e-45
    1.40129846e-45 1.40129846e-45 1.40129846e-45 1.40129846e-45
    1.40129846e-45 1.40129846e-45 1.40129846e-45 1.40129846e-45
    1.40129846e-45 1.40129846e-45 1.40129846e-45 1.40129846e-45
    1.40129846e-45 1.40129846e-45 1.40129846e-45 1.40129846e-45
    1.40129846e-45 1.40129846e-45 1.40129846e-45 1.40129846e-45
    1.40129846e-45 1.40129846e-45 1.40129846e-45 1.40129846e-45
    1.40129846e-45 1.40129846e-45 0. 0. 0. 0. 0. 0. 0. 0. 0. 0. 0. 0. 0.
    0. 0. 0. 0. 0. 0. 0. 0. 0. 0. 0. 0. 0. 0. 0. 0. 1.40129846e-45
    1.40129846e-45 1.40129846e-45 1.40129846e-45 1.40129846e-45
    1.40129846e-45 1.40129846e-45 1.40129846e-45 1.40129846e-45
    1.40129846e-45 1.40129846e-45 1.40129846e-45 1.40129846e-45
    1.40129846e-45 1.40129846e-45 1.40129846e-45 1.40129846e-45
    1.40129846e-45 1.40129846e-45 1.40129846e-45 1.40129846e-45
    1.40129846e-45 1.40129846e-45 1.40129846e-45 1.40129846e-45
    1.40129846e-45 1.40129846e-45 1.40129846e-45 0. 0. 0. 0. 0. 0. 0. 0.
    0. 0. 0. 0. 0. 0. 0. 0. 0. 0. 0. 0. 0. 0. 0. 0. 0. 0. 0. 0. 0. 0. 0.
    0. 0. 0. 0. 0. 0. 0. 0. 0. 0. 0. 0. 0. 0. 0. 0. 0. 0. 0. 0. 0. 0. 0.
    0. 0. 0. 0. 0. 0. 0. 0. 0. 0. 0. 0. 0. 0. 0. 0. 0. 0. 0. 0. 0. 0. 0.
    0. 0. 0. 0. 0. 0. 0. 0. 0. 0. 0. 0. 0. 0. 0. 0. 0. 0. 0. 0. 0. 0. 0.
    0. 0. 0. 0. 0. 0. 0. 0. 0. 0. 0. 0. 0. 0. 0. 0. 0. 0. 0. 0. 0. 0. 0.
    0. 0. 0. 0. 0. 0. 0. 0. 0. 0. 0. 0. 0. 0. 0. 0. 0. 0. 0. 0. 0. 0. 0.
    0. 0. 0. 0. 0. 0. 0. 0. 0. 0. 0. 0. 0. 0. 0. 0. 0. 0. 0. 0. 0. 0. 0.
    0. 0. 0. 0. 0. 0. 0. 0. 0. 0. 0. 0. 0. 0. 0. 0. 0. 0. 0. 0. 0. 0. 0.
    0. 0. 0. 0. 0. 0. 0. 0. 0. 0. 0. 0. 0. 0. 0. 0. 0. 0. 0. 0. 0. 0. 0.
    0. 0. 0. 0. 0. 0. 0. 0. 0. 0. 0. 0. 0. 0. 0. 0. 0. 0. 0. 0. 0. 0. 0.
    0. 0. 0. 0. 0. 0. 0. 0. 0. 0. 0. 0. 0. 0. 0. 0. 0. 0. 0. 0. 0. 0. 0.
    0. 0. 0. 0. 0. 0. 0. 0. 0. 0. 0. 0. 0. 0. 0. 0. 0. 0. 0. 0. 0. 0. 0.
    0. 0. 0. 0. 0. 0. 0. 0. 0. 0. 0. 0. 0. 0. 0. 0. 0. 0. 0. 0. 0. 0. 0.
    0. 0. 0. 0. 0. 0. 0. 0. 0. 0. 0. 0. 0. 0. 0. 0. 0. 0. 0. 0. 0. 0. 0.
    0. 0. 0. 0. 0. 0. 0. 0. 0. 0. 0. 0. 0. 0. 0. 0. 0. 0. 0. 0. 0. 0. 0.
    0. 0. 0. 0. 0. 0. 0. 0. 0. 0. 0. 0. 0. 0. 0. 0. 0. 0. 0. 0. 0. 0. 0.
    0. 0. 0. 0. 0. 0. 0. 0. 0. 0. 0. 0. 0. 0. 0. 0. 0. 0. 0. 0. 0. 0. 0.
    0. 0. 0. 0. 0. 0. 0. 0. 0. 0. 0. 0. 0. 0. 0. 0. 0. 0. 0. 0. 0. 0. 0.
    0. 0. 0. 0. 0. 0. 0. 0. 0. 0. 0. 0. 0. 0. 0. 0. 0. 0. 0. 0. 0. 0. 0.
    0. 0. 0. 0. 0. 0. 0. 0. 0. 0. 0. 0. 0. 0. 0. 0. 0. 0. 0. 0. 0. 0. 0.
    0. 0. 0. 0. 0. 0. 0. 0. 0. 0. 0. 0. 0. 0. 0. 0. 0. 0. 0. 0. 0. 0. 0.
    0. 0. 0. 0. 0. 0. 0. 0. 0. 0. 0. 0. 0. 0. 0. 0. 0. 0. 0. 0. 0. 0. 0.
    0. 0. 0. 0. 0. 0. 0. 0. 0. 0. 0. 0. 0. 0. 0. 0. 0. 0. 0. 0. 0. 0. 0.
    0. 0. 0. 0. 0. 0. 0. 0. 0. 0. 0. 0. 0. 0. 0. 0. 0. 0. 0. 0. 0. 0. 0.
    0. 0. 0. 0. 0. 0. 0. 0. 0. 0. 0. 0. 0. 0. 0. 0. 0. 0. 0. 0. 0. 0. 0.
    0. 0. 0. 0. 0. 0. 0. 0. 0. 0. 0. 0. 0. 0. 0. 0. 0. 0. 0. 0. 0. 0. 0.
    0. 0. 0. 0. 0. 0. 0. 0. 0. 0. 0. 0. 0. 0. 0. 0. 0. 0. 0. 0. 0. 0. 0.
    0. 0. 0. 0. 0. 0. 0. 0. 0. 0. 0. 0. 0. 0. 0. 0. 0. 0. 0. 0. 0. 0. 0.
    0. 0. 0. 0. 0. 0. 0. 0. 0. 0. 0. 0. 0. 0. 0. 0. 0. 0. 0. 0. 0. 0. 0.
    0. 0. 0. 0. 0. 0. 0. 0. 0. 0. 0. 0. 0. 0. 0. 0. 0. 0. 0. 0. 0. 0. 0.
    0. 0. 0. 0. 0. 0. 0. 0. 0. 0. 0. 0. 0. 0. 0. 0. 0. 0. 0. 0. 0. 0. 0.
    0. 0. 0. 0. 0. 0. 0. 0. 0. 0. 0. 0. 0. 0. 0. 0. 0. 0. 0. 0. 0. 0. 0.
    0. 0. 0. 0. 0. 0. 0. 0. 0. 0. 0. 0. 0. 0. 0. 0. 0. 0. 0. 0. 0. 0. 0.
    0. 0. 0. 0. 0. 0. 0. 0. 0. 0. 0. 0. 0. 0. 0. 0. 0. 0. 0. 0. 0. 0. 0.
    0. 0. 0. 0. 0. 0. 0. 0. 0. 0. 0. 0. 0. 0. 0. 0. 0. 0. 0. 0. 0. 0. 0.
    0. 0. 0. 0. 0. 0. 0. 0. 0. 0. 0. 0. 0. 0. 0. 0. 0. 0. 0. 0. 0. 0. 0.
    0. 0. 0. 0. 0. 0. 0. 0. 0. 0. 0. 0. 0. 0. 0. 0. 0. 0. 0. 0. 0. 0. 0.
    0. 0. 0. 0. 0. 0. 0. 0. 0. 0. 0. 0. 0. 0. 0. 0. 0. 0. 0. 0. 0. 0. 0.
    0. 0. 0. 0. 0. 0. 0. 0. 0. 0. 0. 0. 0. 0. 0. 0. 0. 0. 0. 0. 0. 0. 0.
    0. 0. 0. 0. 0. 0. 0. 0. 0. 0. 0. 0. 0. 0. 0. 0. 0. 0. 0. 0. 0. 0. 0.
    0. 0. 0. 0. 0. 0. 0. 0. 0. 0. 0. 0. 0. 0. 0. 0. 0. 0. 0. 0. 0. 0. 0.
    0. 0. 0. 0. 0. 0. 0. 0. 0. 0. 0. 0. 0. 0. 0. 0. 0. 0. 0. 0. 0. 0. 0.
    0. 0. 0. 0. 0. 0. 0. 0. 0. 0. 0. 0. 0. 0. 0. 0. 0. 0. 0. 0. 0. 0. 0.
    0. 0. 0. 0. 0. 0. 0. 0. 0. 0. 0. 0. 0. 0. 0. 0. 0. 0. 0. 0. 0. 0. 0.
    0. 0. 0. 0. 0. 0. 0. 0. 0. 0. 0. 0. 0. 0. 0. 0. 0. 0. 0. 0. 0. 0. 0.
    0. 0. 0. 0. 0. 0. 0. 0. 0. 0. 0. 0. 0. 0. 0. 0. 0. 0. 0. 0. 0. 0. 0.
    0. 0. 0. 0. 0. 0. 0. 0. 0. 0. 0. 0. 0. 0. 0. 0. 0. 0. 0. 0. 0. 0. 0.
    0. 0. 0. 0. 0. 0. 0. 0. 0. 0. 0. 0. 0. 0. 0. 0. 0. 0. 0. 0. 0. 0. 0.
    0. 0. 0. 0. 0. 0. 0. 0. 0. 0. 0. 0. 0. 0. 0. 0. 0. 0. 0. 0. 0. 0. 0.
    0. 0. 0. 0. 0. 0. 0. 0. 0. 0. 0. 0. 0. 0. 0. 0. 0. 0. 0. 0. 0. 0. 0.
    0. 0. 0. 0. 0. 0. 0. 0. 0. 0. 0. 0. 0. 0. 0. 0. 0. 0. 0. 0. 0. 0. 0.
    0. 0. 0. 0. 0. 0. 0. 0. 0. 0. 0. 0. 0. 0. 0. 0. 0. 0. 0. 0. 0. 0. 0.
    0. 0. 0. 0. 0. 0. 0. 0. 0. 0. 0. 0. 0. 0. 0. 0. 0. 0. 0. 0. 0. 0. 0.
    0. 0. 0. 0. 0. 0. 0. 0. 0. 0. 0. 0. 0. 0. 0. 0. 0. 0. 0. 0. 0. 0. 0.
    0. 0. 0. 0.</data></your_filter>
</opencv_storage>
