<?xml version="1.0"?>
<opencv_storage>
<L2_diff>2.9727112204181558e+03</L2_diff>
<hue>60</hue>
<sensitivity>10</sensitivity>
<test_foreg type_id="opencv-matrix">
  <rows>30</rows>
  <cols>20</cols>
  <dt>"3u"</dt>
  <data>
    33 174 67 48 253 118 160 250 229 0 89 103 170 25 55 120 101 142 33
    102 224 195 206 78 119 18 253 160 198 142 187 71 47 44 97 228 14 92
    2 45 158 177 153 192 88 120 56 231 214 79 43 119 75 213 114 61 9 205
    252 103 3 243 247 59 48 77 61 85 131 160 53 194 244 107 16 14 92 157
    195 147 168 29 198 82 79 55 215 116 152 33 129 63 175 131 190 96 186
    163 3 162 37 215 11 149 161 90 224 205 73 45 247 163 130 81 198 162
    54 130 66 171 217 100 22 98 62 177 89 45 148 225 107 130 26 42 217
    223 140 128 162 196 76 247 148 161 144 41 214 37 94 161 144 163 71
    126 224 60 248 255 175 171 209 116 237 61 222 101 95 29 60 51 206
    103 222 228 29 164 53 64 248 191 162 153 183 68 228 172 155 40 130
    205 175 120 150 42 182 93 230 220 135 91 83 64 53 165 21 228 35 161
    39 134 250 69 167 253 133 5 54 131 72 128 242 45 56 173 9 100 234
    184 179 179 7 220 31 24 41 231 80 223 237 184 9 181 127 139 197 199
    138 206 120 62 110 69 70 110 72 192 62 94 7 188 118 111 115 45 119
    174 252 222 158 234 178 208 162 67 214 252 98 74 197 27 229 249 196
    148 77 82 158 110 31 166 57 245 178 61 100 52 241 207 96 92 31 103
    79 227 55 173 48 88 135 61 217 9 45 154 5 167 162 80 119 67 174 148
    172 48 96 99 123 12 22 63 19 216 82 152 170 196 165 206 71 101 19
    215 8 43 201 99 104 209 7 217 220 252 164 41 88 68 212 154 28 216
    194 92 112 61 55 222 145 111 110 3 191 247 160 155 12 96 109 87 75
    221 72 144 183 64 169 66 71 156 150 207 232 7 111 216 212 84 202 223
    255 114 194 14 131 134 213 243 21 241 232 41 2 196 242 80 43 120 106
    96 159 139 181 121 32 245 181 183 69 245 204 83 3 6 252 110 149 178
    43 128 154 57 15 158 91 223 14 233 64 205 159 147 179 225 93 245 68
    102 39 102 85 254 193 50 156 68 233 82 219 129 65 166 128 69 18 65
    61 215 79 87 98 207 119 152 196 246 169 151 7 65 39 213 212 115 121
    221 102 80 104 78 196 20 9 215 140 19 167 49 3 242 15 205 97 195 25
    212 126 93 73 19 152 218 180 255 6 43 181 11 110 132 39 227 23 30 46
    90 203 152 95 231 81 122 58 155 56 0 227 31 33 192 66 236 179 17 243
    105 242 19 127 203 104 18 249 214 98 110 198 196 31 186 4 87 27 54
    155 206 48 174 3 229 106 226 170 132 100 27 102 138 160 34 215 2 117
    105 96 90 40 123 24 31 106 14 17 21 129 248 122 197 89 85 20 121 224
    198 51 144 71 18 120 14 247 8 17 211 128 197 242 95 136 250 8 9 130
    82 191 151 124 110 34 49 144 47 189 31 36 17 222 202 81 185 240 3
    231 235 185 22 81 185 40 163 61 77 58 72 13 117 96 22 160 246 69 217
    9 126 46 82 139 250 118 191 195 237 111 29 175 93 249 147 26 14 149
    233 98 209 42 252 137 79 69 194 73 1 182 163 30 135 245 140 139 187
    250 99 72 214 55 54 225 221 183 146 23 50 239 156 218 76 166 203 158
    226 11 246 85 123 119 207 248 31 224 239 213 69 85 242 63 157 93 225
    217 29 247 166 9 147 35 129 173 245 95 86 234 239 142 6 44 54 181
    150 217 57 55 242 218 10 19 216 218 51 120 148 79 71 237 12 87 139
    66 232 223 38 110 109 237 186 112 89 92 194 33 25 6 134 218 84 141
    123 54 182 242 14 228 129 11 17 240 18 73 3 162 235 196 156 237 116
    222 54 163 205 64 34 157 40 96 30 139 143 80 151 48 9 82 41 76 110
    77 172 11 103 115 153 254 243 37 74 131 140 38 67 131 70 252 75 180
    98 122 10 210 171 238 176 254 19 156 248 142 7 233 184 129 247 12
    180 62 22 71 160 10 253 59 248 112 77 21 118 78 234 14 89 254 48 229
    234 7 164 196 67 3 78 158 186 161 123 206 222 4 168 118 167 239 78
    167 126 23 236 68 61 138 142 120 232 196 223 52 179 88 227 67 69 142
    129 1 214 74 228 69 166 143 251 191 51 69 1 54 85 169 135 195 144 22
    18 82 178 103 122 254 3 187 69 139 37 14 142 76 168 229 45 199 215
    130 47 22 59 9 131 121 85 178 184 238 132 221 237 112 185 187 238
    176 12 69 245 19 135 107 207 234 62 244 66 180 121 152 6 254 141 62
    205 229 29 66 61 76 37 135 240 230 16 207 120 57 5 156 224 206 215
    200 52 102 218 205 64 229 156 201 229 63 39 191 164 247 26 250 234
    114 139 189 112 8 1 63 89 170 171 39 72 172 148 80 110 178 158 240
    244 124 105 140 135 142 210 80 155 187 185 248 54 66 83 44 201 251
    86 122 162 50 55 68 251 46 61 223 212 67 122 91 55 46 168 196 86 43
    175 184 153 145 119 173 132 71 184 195 189 159 141 10 188 79 156 83
    7 161 112 128 84 32 121 76 175 168 116 165 140 138 3 233 153 136 157
    209 54 161 150 211 77 177 200 75 28 4 137 153 144 44 82 104 185 45
    196 230 250 195 8 191 157 133 110 36 13 186 223 220 61 98 55 170 32
    218 89 44 231 177 204 205 154 78 166 237 89 225 91 232 125 44 23 47
    178 158 49 185 249 36 199 23 82 169 240 245 58 34 30 223 170 205 45
    233 136 54 133 247 8 213 224 60 175 192 40 112 24 21 53 82 5 91 230
    154 127 68 37 176 192 76 104 196 44 247 208 143 185 87 9 160 189 3
    71 55 148 233 235 61 68 215 145 183 242 147 185 167 230 25 7 220 221
    67 138 41 152 121 101 184 199 194 172 198 224 134 219 251 209 114
    132 173 73 86 61 173 206 223 253 24 193 184 39 115 127 251 186 99 68
    238 123 144 228 111 109 117 31 96 195 221 247 213 77 89 164 14 158
    93 100 130 203 152 52 16 196 252 138 185 227 162 32 35 184 187 13
    176 155 205 121 196 101 222 34 51 29 100 191 204 241 144 234 239 181
    247 17 255 6 80 176 31 78 2 168 228 56 231 96 39 58 16 183 7 88 176
    226 108 49 44 48 152 168 61 158 84 27 186 242 255 118 245 38 36 167
    188 174 42 228 164 239 149 45 117 160 37 122 66 13 133 83 137 188 3
    97 64 235 194 170 152 148 106 79 222 177 159 200 147 182 170 186 247
    91 255 103 191 181 86 111 161 23 134 8 197 192 246 100 226 185 238
    174 91 179 187 55 14 199 184 184 13 211 175 110 71 3 208 140 82 82
    51 243 11 78 145 147 229 60 102 189 102 61 255 82 105 200 122 150
    129 63 159 182 158 146 114 226 136 81 38 253 38 215 21 97 214 230
    227 244 184 248 250 47 163 73 190 80 164 235 140 243 206 245 73 46
    58 22 209 98 128 104 236 140 55 154 248 4 21 53 138 25 82 66 234 222
    132 131 190 39 75 81 243 79 153 148 240 7 138 123 11 112 159 56 226
    239 15 145 131 62 234 3 140 117 59 148 48 160 7 90 186 31 205 242 39
    217 91 37 172 101 156 30 37 183 251 118 69 141 114 5 24 131 119 146
    23 185 141 120 248 42 206 230 130 186 154 6 188 110 250 205 168 142
    70 75 39 38 2 221 53 144 110 235 15 239 113 159 148 138 228 138 24
    128 142 227 41 19 178 75 204 254 30 30 164 24 90 199 133 222 157 174
    92 196 67 59 145 107 141 161 126 153 70 42 110 185 200 102 185 164
    157 254 5 225 14 14 18 124 188 124 203 179 103 201 195 1 127 88 59
    207 239 172 129 220 215 251 182 162 38 52 71 54 112 73 22 235 106
    153 119 148 183 200 13 98 164 59 42 102 45 98 40 63 116 114 176 57 3
    23 242 68 188 70 9 26 227 15 215 101 191 214 167 15 45 207 92 200 39
    247 255 90 148 65 120 231 104 75 185 103 188 249 115 228 31 165 244
    191 16 91 147 163 14 70 13 3 80 103 173 172 112 150 95 235</data></test_foreg>
<test_backg type_id="opencv-matrix">
  <rows>30</rows>
  <cols>20</cols>
  <dt>"3u"</dt>
  <data>
    128 128 128 128 128 128 128 128 128 128 128 128 128 128 128 128 128
    128 128 128 128 128 128 128 128 128 128 128 128 128 128 128 128 128
    128 128 128 128 128 128 128 128 128 128 128 128 128 128 128 128 128
    128 128 128 128 128 128 128 128 128 128 128 128 128 128 128 128 128
    128 128 128 128 128 128 128 128 128 128 128 128 128 128 128 128 128
    128 128 128 128 128 128 128 128 128 128 128 128 128 128 128 128 128
    128 128 128 128 128 128 128 128 128 128 128 128 128 128 128 128 128
    128 128 128 128 128 128 128 128 128 128 128 128 128 128 128 128 128
    128 128 128 128 128 128 128 128 128 128 128 128 128 128 128 128 128
    128 128 128 128 128 128 128 128 128 128 128 128 128 128 128 128 128
    128 128 128 128 128 128 128 128 128 128 128 128 128 128 128 128 128
    128 128 128 128 128 128 128 128 128 128 128 128 128 128 128 128 128
    128 128 128 128 128 128 128 128 128 128 128 128 128 128 128 128 128
    128 128 128 128 128 128 128 128 128 128 128 128 128 128 128 128 128
    128 128 128 128 128 128 128 128 128 128 128 128 128 128 128 128 128
    128 128 128 128 128 128 128 128 128 128 128 128 128 128 128 128 128
    128 128 128 128 128 128 128 128 128 128 128 128 128 128 128 128 128
    128 128 128 128 128 128 128 128 128 128 128 128 128 128 128 128 128
    128 128 128 128 128 128 128 128 128 128 128 128 128 128 128 128 128
    128 128 128 128 128 128 128 128 128 128 128 128 128 128 128 128 128
    128 128 128 128 128 128 128 128 128 128 128 128 128 128 128 128 128
    128 128 128 128 128 128 128 128 128 128 128 128 128 128 128 128 128
    128 128 128 128 128 128 128 128 128 128 128 128 128 128 128 128 128
    128 128 128 128 128 128 128 128 128 128 128 128 128 128 128 128 128
    128 128 128 128 128 128 128 128 128 128 128 128 128 128 128 128 128
    128 128 128 128 128 128 128 128 128 128 128 128 128 128 128 128 128
    128 128 128 128 128 128 128 128 128 128 128 128 128 128 128 128 128
    128 128 128 128 128 128 128 128 128 128 128 128 128 128 128 128 128
    128 128 128 128 128 128 128 128 128 128 128 128 128 128 128 128 128
    128 128 128 128 128 128 128 128 128 128 128 128 128 128 128 128 128
    128 128 128 128 128 128 128 128 128 128 128 128 128 128 128 128 128
    128 128 128 128 128 128 128 128 128 128 128 128 128 128 128 128 128
    128 128 128 128 128 128 128 128 128 128 128 128 128 128 128 128 128
    128 128 128 128 128 128 128 128 128 128 128 128 128 128 128 128 128
    128 128 128 128 128 128 128 128 128 128 128 128 128 128 128 128 128
    128 128 128 128 128 128 128 128 128 128 128 128 128 128 128 128 128
    128 128 128 128 128 128 128 128 128 128 128 128 128 128 128 128 128
    128 128 128 128 128 128 128 128 128 128 128 128 128 128 128 128 128
    128 128 128 128 128 128 128 128 128 128 128 128 128 128 128 128 128
    128 128 128 128 128 128 128 128 128 128 128 128 128 128 128 128 128
    128 128 128 128 128 128 128 128 128 128 128 128 128 128 128 128 128
    128 128 128 128 128 128 128 128 128 128 128 128 128 128 128 128 128
    128 128 128 128 128 128 128 128 128 128 128 128 128 128 128 128 128
    128 128 128 128 128 128 128 128 128 128 128 128 128 128 128 128 128
    128 128 128 128 128 128 128 128 128 128 128 128 128 128 128 128 128
    128 128 128 128 128 128 128 128 128 128 128 128 128 128 128 128 128
    128 128 128 128 128 128 128 128 128 128 128 128 128 128 128 128 128
    128 128 128 128 128 128 128 128 128 128 128 128 128 128 128 128 128
    128 128 128 128 128 128 128 128 128 128 128 128 128 128 128 128 128
    128 128 128 128 128 128 128 128 128 128 128 128 128 128 128 128 128
    128 128 128 128 128 128 128 128 128 128 128 128 128 128 128 128 128
    128 128 128 128 128 128 128 128 128 128 128 128 128 128 128 128 128
    128 128 128 128 128 128 128 128 128 128 128 128 128 128 128 128 128
    128 128 128 128 128 128 128 128 128 128 128 128 128 128 128 128 128
    128 128 128 128 128 128 128 128 128 128 128 128 128 128 128 128 128
    128 128 128 128 128 128 128 128 128 128 128 128 128 128 128 128 128
    128 128 128 128 128 128 128 128 128 128 128 128 128 128 128 128 128
    128 128 128 128 128 128 128 128 128 128 128 128 128 128 128 128 128
    128 128 128 128 128 128 128 128 128 128 128 128 128 128 128 128 128
    128 128 128 128 128 128 128 128 128 128 128 128 128 128 128 128 128
    128 128 128 128 128 128 128 128 128 128 128 128 128 128 128 128 128
    128 128 128 128 128 128 128 128 128 128 128 128 128 128 128 128 128
    128 128 128 128 128 128 128 128 128 128 128 128 128 128 128 128 128
    128 128 128 128 128 128 128 128 128 128 128 128 128 128 128 128 128
    128 128 128 128 128 128 128 128 128 128 128 128 128 128 128 128 128
    128 128 128 128 128 128 128 128 128 128 128 128 128 128 128 128 128
    128 128 128 128 128 128 128 128 128 128 128 128 128 128 128 128 128
    128 128 128 128 128 128 128 128 128 128 128 128 128 128 128 128 128
    128 128 128 128 128 128 128 128 128 128 128 128 128 128 128 128 128
    128 128 128 128 128 128 128 128 128 128 128 128 128 128 128 128 128
    128 128 128 128 128 128 128 128 128 128 128 128 128 128 128 128 128
    128 128 128 128 128 128 128 128 128 128 128 128 128 128 128 128 128
    128 128 128 128 128 128 128 128 128 128 128 128 128 128 128 128 128
    128 128 128 128 128 128 128 128 128 128 128 128 128 128 128 128 128
    128 128 128 128 128 128 128 128 128 128 128 128 128 128 128 128 128
    128 128 128 128 128 128 128 128 128 128 128 128 128 128 128 128 128
    128 128 128 128 128 128 128 128 128 128 128 128 128 128 128 128 128
    128 128 128 128 128 128 128 128 128 128 128 128 128 128 128 128 128
    128 128 128 128 128 128 128 128 128 128 128 128 128 128 128 128 128
    128 128 128 128 128 128 128 128 128 128 128 128 128 128 128 128 128
    128 128 128 128 128 128 128 128 128 128 128 128 128 128 128 128 128
    128 128 128 128 128 128 128 128 128 128 128 128 128 128 128 128 128
    128 128 128 128 128 128 128 128 128 128 128 128 128 128 128 128 128
    128 128 128 128 128 128 128 128 128 128 128 128 128 128 128 128 128
    128 128 128 128 128 128 128 128 128 128 128 128 128 128 128 128 128
    128 128 128 128 128 128 128 128 128 128 128 128 128 128 128 128 128
    128 128 128 128 128 128 128 128 128 128 128 128 128 128 128 128 128
    128 128 128 128 128 128 128 128 128 128 128 128 128 128 128 128 128
    128 128 128 128 128 128 128 128 128 128 128 128 128 128 128 128 128
    128 128 128 128 128 128 128 128 128 128 128 128 128 128 128 128 128
    128 128 128 128 128 128 128 128 128 128 128 128 128 128 128 128 128
    128 128 128 128 128 128 128 128 128 128 128 128 128 128 128 128 128
    128 128 128 128 128 128 128 128 128 128 128 128 128 128 128 128 128
    128 128 128 128 128 128 128 128 128 128 128 128 128 128 128 128 128
    128 128 128 128 128 128 128 128 128 128 128 128 128 128 128 128 128
    128 128 128 128 128 128 128 128 128 128 128 128 128 128 128 128 128
    128 128 128 128 128 128 128 128 128 128 128 128 128 128 128 128 128
    128 128 128 128 128 128 128 128 128 128 128 128 128 128 128 128 128
    128 128 128 128 128 128 128 128 128 128 128 128 128 128 128 128 128
    128 128 128 128 128 128 128 128 128 128 128 128 128 128 128 128 128
    128 128 128 128 128 128 128 128 128 128 128 128 128 128 128 128 128
    128 128 128 128 128 128 128 128 128 128 128 128 128 128 128 128 128
    128 128 128 128 128 128 128 128 128 128 128 128 128 128 128 128 128
    128 128 128 128 128 128 128 128 128 128 128 128 128 128 128 128 128
    128 128 128 128 128 128 128 128 128 128 128 128 128 128 128 128 128
    128 128 128 128 128 128 128 128 128 128 128 128 128 128 128</data></test_backg>
<my_img type_id="opencv-matrix">
  <rows>30</rows>
  <cols>20</cols>
  <dt>"3u"</dt>
  <data>
    128 128 128 128 128 128 160 250 229 0 89 103 170 25 55 120 101 142
    33 102 224 195 206 78 119 18 253 128 128 128 187 71 47 44 97 228 128
    128 128 45 158 177 153 192 88 120 56 231 214 79 43 119 75 213 114 61
    9 205 252 103 3 243 247 59 48 77 61 85 131 160 53 194 244 107 16 14
    92 157 195 147 168 128 128 128 79 55 215 116 152 33 129 63 175 131
    190 96 186 163 3 162 37 215 11 149 161 90 224 205 73 45 247 163 130
    81 198 162 54 130 66 171 217 100 22 98 62 177 89 45 148 225 107 130
    26 42 217 223 140 128 162 196 76 247 148 161 144 41 214 37 94 161
    144 163 71 126 224 60 248 255 175 171 209 116 237 61 222 101 95 29
    60 51 206 103 222 228 128 128 128 64 248 191 162 153 183 68 228 172
    155 40 130 205 175 120 150 42 182 93 230 220 135 91 83 64 53 165 128
    128 128 161 39 134 250 69 167 253 133 5 128 128 128 128 242 45 128
    128 128 100 234 184 179 179 7 220 31 24 128 128 128 223 237 184 9
    181 127 139 197 199 128 128 128 128 128 128 128 128 128 192 62 94 7
    188 118 111 115 45 119 174 252 222 158 234 128 128 128 67 214 252 98
    74 197 27 229 249 196 148 77 82 158 110 128 128 128 245 178 61 100
    52 241 207 96 92 31 103 79 227 55 173 48 88 135 128 128 128 128 128
    128 167 162 80 119 67 174 148 172 48 96 99 123 12 22 63 128 128 128
    152 170 196 165 206 71 101 19 215 8 43 201 99 104 209 7 217 220 252
    164 41 88 68 212 154 28 216 194 92 112 61 55 222 145 111 110 3 191
    247 160 155 12 96 109 87 128 128 128 144 183 64 169 66 71 156 150
    207 232 7 111 216 212 84 202 223 255 114 194 14 131 134 213 243 21
    241 232 41 2 196 242 80 43 120 106 96 159 139 181 121 32 245 181 183
    69 245 204 83 3 6 252 110 149 178 43 128 154 57 15 158 91 223 128
    128 128 205 159 147 179 225 93 245 68 102 39 102 85 254 193 50 156
    68 233 128 128 128 65 166 128 69 18 65 128 128 128 87 98 207 119 152
    196 246 169 151 7 65 39 213 212 115 128 128 128 128 128 128 196 20 9
    215 140 19 167 49 3 242 15 205 97 195 25 212 126 93 73 19 152 218
    180 255 6 43 181 11 110 132 128 128 128 30 46 90 203 152 95 231 81
    122 128 128 128 128 128 128 128 128 128 236 179 17 243 105 242 19
    127 203 104 18 249 214 98 110 198 196 31 186 4 87 27 54 155 206 48
    174 3 229 106 226 170 132 100 27 102 138 160 34 215 2 117 105 96 90
    128 128 128 128 128 128 17 21 129 248 122 197 89 85 20 121 224 198
    128 128 128 128 128 128 247 8 17 211 128 197 242 95 136 250 8 9 130
    82 191 151 124 110 34 49 144 128 128 128 36 17 222 202 81 185 240 3
    231 235 185 22 128 128 128 163 61 77 58 72 13 117 96 22 160 246 69
    217 9 126 46 82 139 250 118 191 195 237 111 29 175 93 249 147 26 14
    149 233 128 128 128 252 137 79 128 128 128 1 182 163 30 135 245 140
    139 187 250 99 72 214 55 54 225 221 183 146 23 50 239 156 218 76 166
    203 158 226 11 246 85 123 119 207 248 31 224 239 213 69 85 242 63
    157 93 225 217 29 247 166 128 128 128 129 173 245 95 86 234 239 142
    6 44 54 181 150 217 57 55 242 218 10 19 216 218 51 120 148 79 71 237
    12 87 139 66 232 223 38 110 109 237 186 112 89 92 194 33 25 6 134
    218 84 141 123 54 182 242 14 228 129 11 17 240 128 128 128 162 235
    196 128 128 128 222 54 163 205 64 34 157 40 96 30 139 143 128 128
    128 9 82 41 128 128 128 172 11 103 115 153 254 243 37 74 131 140 38
    128 128 128 252 75 180 98 122 10 210 171 238 176 254 19 128 128 128
    7 233 184 129 247 12 180 62 22 71 160 10 253 59 248 112 77 21 118 78
    234 14 89 254 48 229 234 7 164 196 67 3 78 128 128 128 123 206 222 4
    168 118 167 239 78 167 126 23 236 68 61 138 142 120 232 196 223 128
    128 128 227 67 69 142 129 1 214 74 228 69 166 143 251 191 51 69 1 54
    85 169 135 195 144 22 18 82 178 103 122 254 3 187 69 139 37 14 142
    76 168 229 45 199 215 130 47 128 128 128 131 121 85 178 184 238 132
    221 237 112 185 187 238 176 12 128 128 128 135 107 207 234 62 244 66
    180 121 152 6 254 141 62 205 229 29 66 61 76 37 135 240 230 16 207
    120 57 5 156 224 206 215 200 52 102 218 205 64 229 156 201 229 63 39
    191 164 247 26 250 234 114 139 189 112 8 1 63 89 170 171 39 72 172
    148 80 110 178 158 240 244 124 105 140 135 142 210 80 155 187 185
    248 54 66 83 44 201 251 86 122 162 50 55 128 128 128 61 223 212 67
    122 91 55 46 168 196 86 43 175 184 153 145 119 173 132 71 184 195
    189 159 141 10 188 128 128 128 7 161 112 128 84 32 121 76 175 168
    116 165 140 138 3 233 153 136 157 209 54 161 150 211 77 177 200 75
    28 4 137 153 144 44 82 104 185 45 196 230 250 195 8 191 157 133 110
    36 13 186 223 220 61 98 128 128 128 218 89 44 231 177 204 205 154 78
    166 237 89 225 91 232 125 44 23 47 178 158 49 185 249 128 128 128 82
    169 240 245 58 34 30 223 170 205 45 233 136 54 133 247 8 213 224 60
    175 192 40 112 24 21 53 82 5 91 230 154 127 68 37 176 192 76 104 196
    44 247 208 143 185 87 9 160 189 3 71 55 148 233 235 61 68 215 145
    183 242 147 185 167 230 25 7 220 221 128 128 128 152 121 101 184 199
    194 172 198 224 134 219 251 209 114 132 173 73 86 61 173 206 223 253
    24 193 184 39 115 127 251 186 99 68 238 123 144 228 111 109 117 31
    96 195 221 247 213 77 89 164 14 158 93 100 130 203 152 52 16 196 252
    138 185 227 162 32 35 184 187 13 176 155 205 128 128 128 222 34 51
    29 100 191 204 241 144 234 239 181 247 17 255 6 80 176 31 78 2 168
    228 56 231 96 39 58 16 183 7 88 176 226 108 49 44 48 152 168 61 158
    84 27 186 242 255 118 245 38 36 128 128 128 42 228 164 239 149 45
    117 160 37 122 66 13 133 83 137 188 3 97 64 235 194 170 152 148 106
    79 222 177 159 200 147 182 170 186 247 91 255 103 191 181 86 111 161
    23 134 8 197 192 246 100 226 128 128 128 91 179 187 55 14 199 184
    184 13 211 175 110 71 3 208 140 82 82 128 128 128 78 145 147 229 60
    102 189 102 61 255 82 105 200 122 150 129 63 159 182 158 146 128 128
    128 81 38 253 128 128 128 97 214 230 227 244 184 248 250 47 163 73
    190 80 164 235 140 243 206 245 73 46 58 22 209 128 128 128 236 140
    55 154 248 4 21 53 138 25 82 66 234 222 132 131 190 39 75 81 243 79
    153 148 240 7 138 123 11 112 159 56 226 239 15 145 131 62 234 3 140
    117 128 128 128 160 7 90 186 31 205 242 39 217 91 37 172 101 156 30
    37 183 251 118 69 141 114 5 24 131 119 146 23 185 141 120 248 42 206
    230 130 186 154 6 188 110 250 205 168 142 70 75 39 38 2 221 53 144
    110 235 15 239 113 159 148 128 128 128 24 128 142 227 41 19 178 75
    204 254 30 30 164 24 90 199 133 222 157 174 92 196 67 59 145 107 141
    161 126 153 70 42 110 185 200 102 185 164 157 254 5 225 14 14 18 128
    128 128 203 179 103 201 195 1 127 88 59 207 239 172 129 220 215 251
    182 162 38 52 71 128 128 128 22 235 106 153 119 148 183 200 13 98
    164 59 128 128 128 98 40 63 116 114 176 57 3 23 242 68 188 70 9 26
    227 15 215 101 191 214 167 15 45 207 92 200 39 247 255 128 128 128
    128 128 128 128 128 128 188 249 115 228 31 165 244 191 16 91 147 163
    128 128 128 3 80 103 173 172 112 150 95 235</data></my_img>
<your_img type_id="opencv-matrix">
  <rows>30</rows>
  <cols>20</cols>
  <dt>"3u"</dt>
  <data>
    128 128 128 128 128 128 128 128 128 128 128 128 128 128 128 128 128
    128 128 128 128 128 128 128 128 128 128 128 128 128 128 128 128 128
    128 128 128 128 128 128 128 128 128 128 128 128 128 128 128 128 128
    128 128 128 128 128 128 128 128 128 128 128 128 128 128 128 128 128
    128 128 128 128 128 128 128 128 128 128 128 128 128 128 128 128 128
    128 128 128 128 128 128 128 128 128 128 128 128 128 128 128 128 128
    128 128 128 128 128 128 128 128 128 128 128 128 128 128 128 128 128
    128 128 128 128 128 128 128 128 128 128 128 128 128 128 128 128 128
    128 128 128 128 128 128 128 128 128 128 128 128 128 128 128 128 128
    128 128 128 128 128 128 128 128 128 128 128 128 128 128 128 128 128
    128 128 128 128 128 128 128 128 128 128 128 128 128 128 128 128 128
    128 128 128 128 128 128 128 128 128 128 128 128 128 128 128 128 128
    128 128 128 128 128 128 128 128 128 128 128 128 128 128 128 128 128
    128 128 128 128 128 128 128 128 128 128 128 128 128 128 128 128 128
    128 128 128 128 128 128 128 128 128 128 128 128 128 128 128 128 128
    128 128 128 128 128 128 128 128 128 128 128 128 128 128 128 128 128
    128 128 128 128 128 128 128 128 128 128 128 128 128 128 128 128 128
    128 128 128 128 128 128 128 128 128 128 128 128 128 128 128 128 128
    128 128 128 128 128 128 128 128 128 128 128 128 128 128 128 128 128
    128 128 128 128 128 128 128 128 128 128 128 128 128 128 128 128 128
    128 128 128 128 128 128 128 128 128 128 128 128 128 128 128 128 128
    128 128 128 128 128 128 128 128 128 128 128 128 128 128 128 128 128
    128 128 128 128 128 128 128 128 128 128 128 128 128 128 128 128 128
    128 128 128 128 128 128 128 128 128 128 128 128 128 128 128 128 128
    128 128 128 128 128 128 128 128 128 128 128 128 128 128 128 128 128
    128 128 128 128 128 128 128 128 128 128 128 128 128 128 128 128 128
    128 128 128 128 128 128 128 128 128 128 128 128 128 128 128 128 128
    128 128 128 128 128 128 128 128 128 128 128 128 128 128 128 128 128
    128 128 128 128 128 128 128 128 128 128 128 128 128 128 128 128 128
    128 128 128 128 128 128 128 128 128 128 128 128 128 128 128 128 128
    128 128 128 128 128 128 128 128 128 128 128 128 128 128 128 128 128
    128 128 128 128 128 128 128 128 128 128 128 128 128 128 128 128 128
    128 128 128 128 128 128 128 128 128 128 128 128 128 128 128 128 128
    128 128 128 128 128 128 128 128 128 128 128 128 128 128 128 128 128
    128 128 128 128 128 128 128 128 128 128 128 128 128 128 128 128 128
    128 128 128 128 128 128 128 128 128 128 128 128 128 128 128 128 128
    128 128 128 128 128 128 128 128 128 128 128 128 128 128 128 128 128
    128 128 128 128 128 128 128 128 128 128 128 128 128 128 128 128 128
    128 128 128 128 128 128 128 128 128 128 128 128 128 128 128 128 128
    128 128 128 128 128 128 128 128 128 128 128 128 128 128 128 128 128
    128 128 128 128 128 128 128 128 128 128 128 128 128 128 128 128 128
    128 128 128 128 128 128 128 128 128 128 128 128 128 128 128 128 128
    128 128 128 128 128 128 128 128 128 128 128 128 128 128 128 128 128
    128 128 128 128 128 128 128 128 128 128 128 128 128 128 128 128 128
    128 128 128 128 128 128 128 128 128 128 128 128 128 128 128 128 128
    128 128 128 128 128 128 128 128 128 128 128 128 128 128 128 128 128
    128 128 128 128 128 128 128 128 128 128 128 128 128 128 128 128 128
    128 128 128 128 128 128 128 128 128 128 128 128 128 128 128 128 128
    128 128 128 128 128 128 128 128 128 128 128 128 128 128 128 128 128
    128 128 128 128 128 128 128 128 128 128 128 128 128 128 128 128 128
    128 128 128 128 128 128 128 128 128 128 128 128 128 128 128 128 128
    128 128 128 128 128 128 128 128 128 128 128 128 128 128 128 128 128
    128 128 128 128 128 128 128 128 128 128 128 128 128 128 128 128 128
    128 128 128 128 128 128 128 128 128 128 128 128 128 128 128 128 128
    128 128 128 128 128 128 128 128 128 128 128 128 128 128 128 128 128
    128 128 128 128 128 128 128 128 128 128 128 128 128 128 128 128 128
    128 128 128 128 128 128 128 128 128 128 128 128 128 128 128 128 128
    128 128 128 128 128 128 128 128 128 128 128 128 128 128 128 128 128
    128 128 128 128 128 128 128 128 128 128 128 128 128 128 128 128 128
    128 128 128 128 128 128 128 128 128 128 128 128 128 128 128 128 128
    128 128 128 128 128 128 128 128 128 128 128 128 128 128 128 128 128
    128 128 128 128 128 128 128 128 128 128 128 128 128 128 128 128 128
    128 128 128 128 128 128 128 128 128 128 128 128 128 128 128 128 128
    128 128 128 128 128 128 128 128 128 128 128 128 128 128 128 128 128
    128 128 128 128 128 128 128 128 128 128 128 128 128 128 128 128 128
    128 128 128 128 128 128 128 128 128 128 128 128 128 128 128 128 128
    128 128 128 128 128 128 128 128 128 128 128 128 128 128 128 128 128
    128 128 128 128 128 128 128 128 128 128 128 128 128 128 128 128 128
    128 128 128 128 128 128 128 128 128 128 128 128 128 128 128 128 128
    128 128 128 128 128 128 128 128 128 128 128 128 128 128 128 128 128
    128 128 128 128 128 128 128 128 128 128 128 128 128 128 128 128 128
    128 128 128 128 128 128 128 128 128 128 128 128 128 128 128 128 128
    128 128 128 128 128 128 128 128 128 128 128 128 128 128 128 128 128
    128 128 128 128 128 128 128 128 128 128 128 128 128 128 128 128 128
    128 128 128 128 128 128 128 128 128 128 128 128 128 128 128 128 128
    128 128 128 128 128 128 128 128 128 128 128 128 128 128 128 128 128
    128 128 128 128 128 128 128 128 128 128 128 128 128 128 128 128 128
    128 128 128 128 128 128 128 128 128 128 128 128 128 128 128 128 128
    128 128 128 128 128 128 128 128 128 128 128 128 128 128 128 128 128
    128 128 128 128 128 128 128 128 128 128 128 128 128 128 128 128 128
    128 128 128 128 128 128 128 128 128 128 128 128 128 128 128 128 128
    128 128 128 128 128 128 128 128 128 128 128 128 128 128 128 128 128
    128 128 128 128 128 128 128 128 128 128 128 128 128 128 128 128 128
    128 128 128 128 128 128 128 128 128 128 128 128 128 128 128 128 128
    128 128 128 128 128 128 128 128 128 128 128 128 128 128 128 128 128
    128 128 128 128 128 128 128 128 128 128 128 128 128 128 128 128 128
    128 128 128 128 128 128 128 128 128 128 128 128 128 128 128 128 128
    128 128 128 128 128 128 128 128 128 128 128 128 128 128 128 128 128
    128 128 128 128 128 128 128 128 128 128 128 128 128 128 128 128 128
    128 128 128 128 128 128 128 128 128 128 128 128 128 128 128 128 128
    128 128 128 128 128 128 128 128 128 128 128 128 128 128 128 128 128
    128 128 128 128 128 128 128 128 128 128 128 128 128 128 128 128 128
    128 128 128 128 128 128 128 128 128 128 128 128 128 128 128 128 128
    128 128 128 128 128 128 128 128 128 128 128 128 128 128 128 128 128
    128 128 128 128 128 128 128 128 128 128 128 128 128 128 128 128 128
    128 128 128 128 128 128 128 128 128 128 128 128 128 128 128 128 128
    128 128 128 128 128 128 128 128 128 128 128 128 128 128 128 128 128
    128 128 128 128 128 128 128 128 128 128 128 128 128 128 128 128 128
    128 128 128 128 128 128 128 128 128 128 128 128 128 128 128 128 128
    128 128 128 128 128 128 128 128 128 128 128 128 128 128 128 128 128
    128 128 128 128 128 128 128 128 128 128 128 128 128 128 128 128 128
    128 128 128 128 128 128 128 128 128 128 128 128 128 128 128 128 128
    128 128 128 128 128 128 128 128 128 128 128 128 128 128 128 128 128
    128 128 128 128 128 128 128 128 128 128 128 128 128 128 128 128 128
    128 128 128 128 128 128 128 128 128 128 128 128 128 128 128 128 128
    128 128 128 128 128 128 128 128 128 128 128 128 128 128 128</data></your_img>
</opencv_storage>
