<?xml version="1.0"?>
<opencv_storage>
<L2_diff>2.9989368116050728e+03</L2_diff>
<hue>60</hue>
<sensitivity>10</sensitivity>
<test_foreg type_id="opencv-matrix">
  <rows>30</rows>
  <cols>20</cols>
  <dt>"3u"</dt>
  <data>
    147 158 184 124 192 244 192 245 205 138 97 236 171 121 63 163 153
    231 213 106 159 32 224 185 139 111 25 102 25 66 149 162 203 43 141
    241 151 16 17 20 132 156 122 169 49 169 66 129 71 77 112 147 23 15
    23 122 112 200 94 61 231 181 43 87 68 116 105 22 91 196 88 121 207
    145 135 161 24 201 75 156 11 119 69 195 91 5 5 9 133 11 5 130 28 251
    32 190 203 183 94 152 221 181 26 48 241 13 132 162 199 135 129 127
    166 109 34 226 57 136 62 109 104 181 111 12 175 238 11 126 224 75
    229 218 172 91 167 95 86 109 149 120 92 87 10 20 240 154 194 220 77
    216 3 150 102 105 210 1 131 110 141 194 181 67 68 103 51 211 13 45
    86 172 231 224 202 137 140 69 221 158 148 131 156 9 18 17 121 66 104
    161 20 23 28 68 71 154 118 48 101 143 208 195 86 142 115 158 90 88
    155 245 36 111 9 51 63 145 96 204 50 208 239 75 126 159 95 39 2 20
    15 30 90 240 255 3 61 62 62 149 193 243 99 83 227 104 99 110 221 91
    44 202 105 176 176 43 58 135 3 239 140 178 18 85 206 182 1 6 136 251
    243 196 38 145 24 184 100 125 110 248 201 243 239 220 160 205 5 20
    242 16 94 119 212 211 50 185 6 241 211 216 153 212 141 66 131 122
    171 206 185 82 218 177 16 17 117 188 76 100 147 1 56 97 255 20 60
    161 225 194 126 25 75 192 9 142 199 160 236 100 104 218 32 86 24 249
    52 243 236 41 211 220 167 112 97 38 137 57 155 133 80 32 63 69 192
    167 53 19 33 26 94 11 111 132 135 78 52 19 217 163 14 150 218 190
    245 34 230 24 145 31 224 163 204 106 202 103 26 194 82 220 113 109
    87 245 13 179 50 161 246 118 85 125 232 206 50 37 212 160 161 62 158
    178 192 11 251 41 56 60 207 74 152 154 223 74 55 26 120 249 231 114
    248 52 125 240 230 38 213 136 38 78 45 18 144 30 8 203 131 69 51 41
    69 131 1 56 152 174 193 19 37 239 204 25 228 43 192 7 254 205 155
    100 187 91 197 247 31 191 195 28 128 254 115 211 115 49 88 219 99 33
    235 12 86 86 41 99 145 156 177 119 214 201 83 188 12 87 15 50 122
    215 214 165 60 218 73 247 29 235 220 173 100 44 125 29 78 120 67 4
    68 109 243 137 116 251 161 78 168 168 227 125 113 242 181 130 135
    226 191 19 124 174 18 0 40 140 223 93 56 15 217 91 75 14 45 225 159
    148 207 189 66 178 17 38 19 148 238 218 131 179 44 206 249 0 181 64
    101 175 167 195 119 71 251 189 133 179 119 52 196 233 14 21 83 225
    24 49 133 143 244 121 152 76 101 176 86 227 62 160 187 242 150 129 2
    102 45 239 129 19 97 110 144 217 3 135 29 143 194 56 20 247 1 72 67
    235 150 247 80 213 48 28 246 198 45 235 46 49 155 69 202 73 117 74
    168 147 83 96 183 203 233 115 6 139 91 184 246 240 55 17 36 224 174
    157 68 34 17 227 212 22 144 102 138 178 209 148 165 82 167 235 149 7
    106 168 58 92 66 175 220 114 216 7 19 63 247 16 81 112 85 60 173 110
    40 146 238 238 117 103 2 187 78 144 151 241 54 111 68 213 171 223 62
    100 196 247 215 188 151 52 178 31 33 109 149 23 91 130 229 166 43
    225 163 153 2 22 231 19 251 110 4 20 178 49 41 10 77 7 11 18 56 124
    14 102 244 168 225 121 234 66 42 94 128 228 77 163 167 174 56 23 59
    76 54 53 111 116 163 20 34 64 84 103 85 28 121 106 40 46 206 179 1
    246 254 68 14 65 179 123 77 8 131 252 255 97 59 164 240 230 213 123
    118 6 252 130 225 195 119 243 190 62 209 126 216 59 74 76 199 249 44
    37 136 132 77 98 188 139 204 82 215 152 158 56 35 197 128 192 93 229
    200 243 197 85 27 123 165 131 30 65 228 233 21 13 36 254 143 170 113
    81 116 208 8 155 62 72 123 114 130 185 89 147 177 75 64 122 182 207
    58 75 142 13 246 146 88 11 192 19 250 57 14 163 168 224 166 102 79
    230 219 50 129 160 163 159 241 198 134 44 238 2 80 228 106 190 1 80
    255 120 48 54 207 214 5 249 49 209 201 149 201 111 82 202 31 178 42
    148 16 231 95 238 2 67 184 82 190 81 194 209 175 167 44 213 254 104
    16 48 212 94 120 238 160 124 39 194 254 101 92 109 124 137 213 230
    178 233 18 248 254 251 194 211 241 208 34 177 113 175 209 18 237 35
    158 164 85 8 82 166 200 41 147 38 107 160 104 20 204 194 220 137 4
    233 242 101 135 165 69 169 58 60 209 114 63 42 226 12 184 35 4 212
    193 214 191 248 46 136 162 134 73 139 140 33 221 117 224 42 34 135
    68 180 85 125 225 229 213 201 0 13 42 158 107 178 100 103 80 63 163
    36 192 143 207 8 47 21 122 32 149 66 18 66 243 135 159 126 12 85 173
    192 106 220 102 151 186 57 47 90 174 81 194 192 59 143 115 174 211
    98 88 163 237 153 195 242 240 187 227 55 140 192 12 236 51 30 156 95
    251 179 58 215 120 2 97 235 193 169 252 97 222 134 67 44 54 38 114
    119 129 192 114 177 91 144 128 26 239 238 80 27 19 222 19 204 177 48
    210 208 227 32 127 170 141 101 11 157 157 221 191 197 18 76 31 38 29
    196 212 127 71 162 65 198 146 144 192 83 195 199 156 129 118 127 148
    19 219 149 209 92 39 64 5 201 46 155 158 205 1 182 117 225 243 14
    159 221 0 106 109 27 94 26 45 79 230 42 176 48 66 235 217 178 83 110
    242 70 248 204 254 193 172 85 12 19 10 188 15 245 202 224 67 177 187
    209 238 27 91 40 90 227 79 10 156 240 82 150 253 171 173 82 138 32
    84 97 187 90 1 88 47 117 138 208 28 219 161 100 94 39 44 92 179 154
    170 206 167 220 235 223 83 165 12 211 172 125 254 18 164 238 134 130
    33 252 85 244 44 165 142 78 168 67 54 110 18 64 206 252 60 82 35 66
    249 208 24 144 172 12 50 31 4 187 234 220 209 15 186 107 145 137 11
    92 116 94 204 201 63 132 80 226 83 122 122 81 186 233 249 233 110
    226 238 204 189 107 219 142 207 117 121 209 185 150 198 55 73 246
    179 20 81 11 83 241 12 59 161 223 58 38 26 40 170 124 239 30 160 223
    73 87 236 69 189 32 206 44 40 163 7 225 86 159 175 208 90 153 219
    113 212 153 101 22 239 235 9 212 6 157 41 204 68 145 113 83 0 214 83
    147 245 9 243 39 131 212 128 230 7 76 49 46 6 142 146 59 228 15 235
    240 154 132 52 83 118 26 218 74 47 37 122 104 26 115 77 72 132 191
    63 175 177 117 38 199 238 49 132 191 210 142 41 53 51 70 64 117 37
    227 194 81 161 122 66 191 237 23 237 162 104 88 78 66 159 178 213 2
    202 199 217 253 157 164 58 0 123 249 191 64 204 45 120 82 242 175
    101 214 76 77 138 191 98 1 231 108 217 91 106 151 204 65 174 71 179
    252 72 148 89 167 34 226 155 96 196 50 48 71 118 182 110 39 49 20
    245 214 44 193 173 194 192 52 196 198 182 214 24 92 101 15 138 27
    177 134 130 114 117 70 115 171 121 204 149 100 174 231 245 11 169 92
    143 133 47 40 159 57 141 178 214 185 229 243 2 10 166 22 0 26 92 107
    82 121 157 75 151 65 91 141 111 59 106 133 5 167 134 252 135 103 116
    99 232 56 175 29 123 85 99 13 138 0 254 61 211 238 18 133 65 87 35
    239 10 214 41 244 33 173 195 251 101 130 124 1 57 13 73 24 196 139
    111 173 214 9 49 70 78 37 145 24 205 129 91 25 95 10 11 2 201 17 105
    7 104 160 109 6 4 27 24 230 3 101 155 219 60 110 255 78 103 108 84
    243 60 19 44 233 69 253 226 238 98 2 231 42 119 9 183 112 104 205
    178 245 225 119 80 120 213 190 33 56 206 145 52 144</data></test_foreg>
<test_backg type_id="opencv-matrix">
  <rows>30</rows>
  <cols>20</cols>
  <dt>"3u"</dt>
  <data>
    128 128 128 128 128 128 128 128 128 128 128 128 128 128 128 128 128
    128 128 128 128 128 128 128 128 128 128 128 128 128 128 128 128 128
    128 128 128 128 128 128 128 128 128 128 128 128 128 128 128 128 128
    128 128 128 128 128 128 128 128 128 128 128 128 128 128 128 128 128
    128 128 128 128 128 128 128 128 128 128 128 128 128 128 128 128 128
    128 128 128 128 128 128 128 128 128 128 128 128 128 128 128 128 128
    128 128 128 128 128 128 128 128 128 128 128 128 128 128 128 128 128
    128 128 128 128 128 128 128 128 128 128 128 128 128 128 128 128 128
    128 128 128 128 128 128 128 128 128 128 128 128 128 128 128 128 128
    128 128 128 128 128 128 128 128 128 128 128 128 128 128 128 128 128
    128 128 128 128 128 128 128 128 128 128 128 128 128 128 128 128 128
    128 128 128 128 128 128 128 128 128 128 128 128 128 128 128 128 128
    128 128 128 128 128 128 128 128 128 128 128 128 128 128 128 128 128
    128 128 128 128 128 128 128 128 128 128 128 128 128 128 128 128 128
    128 128 128 128 128 128 128 128 128 128 128 128 128 128 128 128 128
    128 128 128 128 128 128 128 128 128 128 128 128 128 128 128 128 128
    128 128 128 128 128 128 128 128 128 128 128 128 128 128 128 128 128
    128 128 128 128 128 128 128 128 128 128 128 128 128 128 128 128 128
    128 128 128 128 128 128 128 128 128 128 128 128 128 128 128 128 128
    128 128 128 128 128 128 128 128 128 128 128 128 128 128 128 128 128
    128 128 128 128 128 128 128 128 128 128 128 128 128 128 128 128 128
    128 128 128 128 128 128 128 128 128 128 128 128 128 128 128 128 128
    128 128 128 128 128 128 128 128 128 128 128 128 128 128 128 128 128
    128 128 128 128 128 128 128 128 128 128 128 128 128 128 128 128 128
    128 128 128 128 128 128 128 128 128 128 128 128 128 128 128 128 128
    128 128 128 128 128 128 128 128 128 128 128 128 128 128 128 128 128
    128 128 128 128 128 128 128 128 128 128 128 128 128 128 128 128 128
    128 128 128 128 128 128 128 128 128 128 128 128 128 128 128 128 128
    128 128 128 128 128 128 128 128 128 128 128 128 128 128 128 128 128
    128 128 128 128 128 128 128 128 128 128 128 128 128 128 128 128 128
    128 128 128 128 128 128 128 128 128 128 128 128 128 128 128 128 128
    128 128 128 128 128 128 128 128 128 128 128 128 128 128 128 128 128
    128 128 128 128 128 128 128 128 128 128 128 128 128 128 128 128 128
    128 128 128 128 128 128 128 128 128 128 128 128 128 128 128 128 128
    128 128 128 128 128 128 128 128 128 128 128 128 128 128 128 128 128
    128 128 128 128 128 128 128 128 128 128 128 128 128 128 128 128 128
    128 128 128 128 128 128 128 128 128 128 128 128 128 128 128 128 128
    128 128 128 128 128 128 128 128 128 128 128 128 128 128 128 128 128
    128 128 128 128 128 128 128 128 128 128 128 128 128 128 128 128 128
    128 128 128 128 128 128 128 128 128 128 128 128 128 128 128 128 128
    128 128 128 128 128 128 128 128 128 128 128 128 128 128 128 128 128
    128 128 128 128 128 128 128 128 128 128 128 128 128 128 128 128 128
    128 128 128 128 128 128 128 128 128 128 128 128 128 128 128 128 128
    128 128 128 128 128 128 128 128 128 128 128 128 128 128 128 128 128
    128 128 128 128 128 128 128 128 128 128 128 128 128 128 128 128 128
    128 128 128 128 128 128 128 128 128 128 128 128 128 128 128 128 128
    128 128 128 128 128 128 128 128 128 128 128 128 128 128 128 128 128
    128 128 128 128 128 128 128 128 128 128 128 128 128 128 128 128 128
    128 128 128 128 128 128 128 128 128 128 128 128 128 128 128 128 128
    128 128 128 128 128 128 128 128 128 128 128 128 128 128 128 128 128
    128 128 128 128 128 128 128 128 128 128 128 128 128 128 128 128 128
    128 128 128 128 128 128 128 128 128 128 128 128 128 128 128 128 128
    128 128 128 128 128 128 128 128 128 128 128 128 128 128 128 128 128
    128 128 128 128 128 128 128 128 128 128 128 128 128 128 128 128 128
    128 128 128 128 128 128 128 128 128 128 128 128 128 128 128 128 128
    128 128 128 128 128 128 128 128 128 128 128 128 128 128 128 128 128
    128 128 128 128 128 128 128 128 128 128 128 128 128 128 128 128 128
    128 128 128 128 128 128 128 128 128 128 128 128 128 128 128 128 128
    128 128 128 128 128 128 128 128 128 128 128 128 128 128 128 128 128
    128 128 128 128 128 128 128 128 128 128 128 128 128 128 128 128 128
    128 128 128 128 128 128 128 128 128 128 128 128 128 128 128 128 128
    128 128 128 128 128 128 128 128 128 128 128 128 128 128 128 128 128
    128 128 128 128 128 128 128 128 128 128 128 128 128 128 128 128 128
    128 128 128 128 128 128 128 128 128 128 128 128 128 128 128 128 128
    128 128 128 128 128 128 128 128 128 128 128 128 128 128 128 128 128
    128 128 128 128 128 128 128 128 128 128 128 128 128 128 128 128 128
    128 128 128 128 128 128 128 128 128 128 128 128 128 128 128 128 128
    128 128 128 128 128 128 128 128 128 128 128 128 128 128 128 128 128
    128 128 128 128 128 128 128 128 128 128 128 128 128 128 128 128 128
    128 128 128 128 128 128 128 128 128 128 128 128 128 128 128 128 128
    128 128 128 128 128 128 128 128 128 128 128 128 128 128 128 128 128
    128 128 128 128 128 128 128 128 128 128 128 128 128 128 128 128 128
    128 128 128 128 128 128 128 128 128 128 128 128 128 128 128 128 128
    128 128 128 128 128 128 128 128 128 128 128 128 128 128 128 128 128
    128 128 128 128 128 128 128 128 128 128 128 128 128 128 128 128 128
    128 128 128 128 128 128 128 128 128 128 128 128 128 128 128 128 128
    128 128 128 128 128 128 128 128 128 128 128 128 128 128 128 128 128
    128 128 128 128 128 128 128 128 128 128 128 128 128 128 128 128 128
    128 128 128 128 128 128 128 128 128 128 128 128 128 128 128 128 128
    128 128 128 128 128 128 128 128 128 128 128 128 128 128 128 128 128
    128 128 128 128 128 128 128 128 128 128 128 128 128 128 128 128 128
    128 128 128 128 128 128 128 128 128 128 128 128 128 128 128 128 128
    128 128 128 128 128 128 128 128 128 128 128 128 128 128 128 128 128
    128 128 128 128 128 128 128 128 128 128 128 128 128 128 128 128 128
    128 128 128 128 128 128 128 128 128 128 128 128 128 128 128 128 128
    128 128 128 128 128 128 128 128 128 128 128 128 128 128 128 128 128
    128 128 128 128 128 128 128 128 128 128 128 128 128 128 128 128 128
    128 128 128 128 128 128 128 128 128 128 128 128 128 128 128 128 128
    128 128 128 128 128 128 128 128 128 128 128 128 128 128 128 128 128
    128 128 128 128 128 128 128 128 128 128 128 128 128 128 128 128 128
    128 128 128 128 128 128 128 128 128 128 128 128 128 128 128 128 128
    128 128 128 128 128 128 128 128 128 128 128 128 128 128 128 128 128
    128 128 128 128 128 128 128 128 128 128 128 128 128 128 128 128 128
    128 128 128 128 128 128 128 128 128 128 128 128 128 128 128 128 128
    128 128 128 128 128 128 128 128 128 128 128 128 128 128 128 128 128
    128 128 128 128 128 128 128 128 128 128 128 128 128 128 128 128 128
    128 128 128 128 128 128 128 128 128 128 128 128 128 128 128 128 128
    128 128 128 128 128 128 128 128 128 128 128 128 128 128 128 128 128
    128 128 128 128 128 128 128 128 128 128 128 128 128 128 128 128 128
    128 128 128 128 128 128 128 128 128 128 128 128 128 128 128 128 128
    128 128 128 128 128 128 128 128 128 128 128 128 128 128 128 128 128
    128 128 128 128 128 128 128 128 128 128 128 128 128 128 128 128 128
    128 128 128 128 128 128 128 128 128 128 128 128 128 128 128 128 128
    128 128 128 128 128 128 128 128 128 128 128 128 128 128 128 128 128
    128 128 128 128 128 128 128 128 128 128 128 128 128 128 128 128 128
    128 128 128 128 128 128 128 128 128 128 128 128 128 128 128</data></test_backg>
<my_img type_id="opencv-matrix">
  <rows>30</rows>
  <cols>20</cols>
  <dt>"3u"</dt>
  <data>
    147 158 184 124 192 244 128 128 128 138 97 236 171 121 63 163 153
    231 213 106 159 32 224 185 139 111 25 102 25 66 149 162 203 43 141
    241 151 16 17 20 132 156 122 169 49 169 66 129 71 77 112 147 23 15
    23 122 112 200 94 61 231 181 43 87 68 116 105 22 91 196 88 121 207
    145 135 161 24 201 75 156 11 119 69 195 91 5 5 128 128 128 128 128
    128 251 32 190 203 183 94 152 221 181 26 48 241 13 132 162 199 135
    129 128 128 128 128 128 128 136 62 109 128 128 128 12 175 238 11 126
    224 75 229 218 172 91 167 95 86 109 149 120 92 87 10 20 240 154 194
    220 77 216 3 150 102 105 210 1 131 110 141 194 181 67 128 128 128
    211 13 45 86 172 231 224 202 137 140 69 221 158 148 131 156 9 18 17
    121 66 104 161 20 23 28 68 71 154 118 48 101 143 208 195 86 142 115
    158 90 88 155 245 36 111 9 51 63 145 96 204 50 208 239 75 126 159 95
    39 2 20 15 30 90 240 255 3 61 62 62 149 193 243 99 83 227 104 99 128
    128 128 44 202 105 176 176 43 58 135 3 239 140 178 18 85 206 182 1 6
    136 251 243 196 38 145 24 184 100 125 110 248 201 243 239 220 160
    205 5 20 242 16 94 119 212 211 50 185 6 241 211 216 153 212 141 66
    131 122 171 206 185 82 218 177 16 17 117 188 76 100 147 1 56 97 255
    20 60 161 225 194 126 25 75 192 9 142 199 160 236 100 104 218 128
    128 128 249 52 243 236 41 211 220 167 112 97 38 137 57 155 133 80 32
    63 69 192 167 53 19 33 128 128 128 111 132 135 78 52 19 217 163 14
    150 218 190 245 34 230 128 128 128 224 163 204 128 128 128 128 128
    128 220 113 109 128 128 128 179 50 161 246 118 85 125 232 206 50 37
    212 160 161 62 158 178 192 128 128 128 56 60 207 74 152 154 223 74
    55 26 120 249 231 114 248 52 125 240 230 38 213 136 38 78 45 18 144
    30 8 203 131 69 51 41 69 131 1 56 152 174 193 19 37 239 204 128 128
    128 192 7 254 205 155 100 187 91 197 247 31 191 195 28 128 254 115
    211 115 49 88 219 99 33 235 12 86 86 41 99 145 156 177 119 214 201
    83 188 12 87 15 50 122 215 214 165 60 218 128 128 128 235 220 173
    100 44 125 29 78 120 67 4 68 128 128 128 128 128 128 78 168 168 227
    125 113 242 181 130 135 226 191 19 124 174 18 0 40 140 223 93 56 15
    217 91 75 14 45 225 159 148 207 189 128 128 128 38 19 148 238 218
    131 179 44 206 249 0 181 64 101 175 167 195 119 71 251 189 128 128
    128 52 196 233 14 21 83 225 24 49 133 143 244 121 152 76 128 128 128
    227 62 160 187 242 150 129 2 102 45 239 129 19 97 110 144 217 3 135
    29 143 194 56 20 247 1 72 67 235 150 247 80 213 48 28 246 198 45 235
    46 49 155 128 128 128 117 74 168 147 83 96 183 203 233 115 6 139 91
    184 246 240 55 17 36 224 174 157 68 34 17 227 212 22 144 102 138 178
    209 148 165 82 128 128 128 7 106 168 128 128 128 175 220 114 216 7
    19 128 128 128 128 128 128 60 173 110 40 146 238 238 117 103 2 187
    78 144 151 241 128 128 128 213 171 223 62 100 196 247 215 188 151 52
    178 31 33 109 149 23 91 130 229 166 43 225 163 153 2 22 231 19 251
    110 4 20 178 49 41 128 128 128 11 18 56 124 14 102 244 168 225 128
    128 128 42 94 128 228 77 163 167 174 56 23 59 76 54 53 111 116 163
    20 34 64 84 103 85 28 121 106 40 46 206 179 1 246 254 68 14 65 179
    123 77 8 131 252 255 97 59 164 240 230 213 123 118 6 252 130 225 195
    119 243 190 62 209 126 216 59 74 76 199 249 44 37 136 132 77 98 188
    139 204 82 215 152 158 56 35 197 128 192 93 229 200 243 197 85 27
    128 128 128 30 65 228 233 21 13 36 254 143 170 113 81 116 208 8 155
    62 72 123 114 130 185 89 147 177 75 64 122 182 207 58 75 142 13 246
    146 88 11 192 128 128 128 14 163 168 224 166 102 79 230 219 50 129
    160 163 159 241 198 134 44 238 2 80 228 106 190 1 80 255 120 48 54
    207 214 5 249 49 209 201 149 201 111 82 202 128 128 128 148 16 231
    95 238 2 128 128 128 190 81 194 209 175 167 44 213 254 104 16 48 212
    94 120 238 160 124 39 194 254 101 92 109 124 137 213 230 178 233 18
    248 254 251 194 211 241 208 34 177 113 175 209 18 237 35 158 164 85
    8 82 166 200 41 147 38 107 160 104 20 204 194 220 137 4 233 242 101
    135 165 69 169 58 60 209 114 63 42 226 12 184 35 4 212 128 128 128
    248 46 136 162 134 73 139 140 33 221 117 224 42 34 135 128 128 128
    125 225 229 213 201 0 13 42 158 128 128 128 103 80 63 163 36 192 143
    207 8 47 21 122 128 128 128 18 66 243 128 128 128 12 85 173 192 106
    220 102 151 186 57 47 90 174 81 194 192 59 143 115 174 211 98 88 163
    237 153 195 242 240 187 227 55 140 192 12 236 51 30 156 95 251 179
    58 215 120 2 97 235 193 169 252 128 128 128 67 44 54 38 114 119 128
    128 128 177 91 144 128 26 239 238 80 27 128 128 128 204 177 48 210
    208 227 32 127 170 141 101 11 157 157 221 191 197 18 76 31 38 29 196
    212 127 71 162 65 198 146 144 192 83 195 199 156 129 118 127 148 19
    219 149 209 92 39 64 5 201 46 155 158 205 1 182 117 225 243 14 159
    221 0 106 109 27 94 26 45 79 230 42 176 48 66 235 217 178 83 128 128
    128 248 204 254 193 172 85 128 128 128 188 15 245 202 224 67 177 187
    209 238 27 91 40 90 227 79 10 156 240 82 150 253 171 173 82 138 32
    84 97 187 90 1 88 47 117 138 208 28 219 161 100 94 39 44 92 179 154
    170 206 167 220 235 223 83 165 12 211 172 125 254 18 164 238 134 130
    33 252 85 244 44 165 142 128 128 128 54 110 18 64 206 252 60 82 35
    66 249 208 24 144 172 12 50 31 4 187 234 220 209 15 186 107 145 137
    11 92 116 94 204 201 63 132 128 128 128 122 122 81 186 233 249 233
    110 226 238 204 189 128 128 128 207 117 121 209 185 150 198 55 73
    246 179 20 81 11 83 241 12 59 161 223 58 38 26 40 170 124 239 30 160
    223 73 87 236 128 128 128 206 44 40 163 7 225 86 159 175 208 90 153
    219 113 212 153 101 22 239 235 9 212 6 157 128 128 128 145 113 83 0
    214 83 147 245 9 243 39 131 212 128 230 7 76 49 46 6 142 146 59 228
    15 235 240 154 132 52 83 118 26 218 74 47 37 122 104 26 115 77 72
    132 191 63 175 177 117 38 199 238 49 132 191 210 142 41 53 51 70 64
    117 37 227 194 81 161 122 66 191 237 23 237 162 104 88 78 66 159 178
    213 2 202 199 217 253 157 164 58 0 123 249 191 64 204 45 120 82 242
    175 101 214 76 77 138 191 98 1 231 108 217 91 106 151 204 65 174 71
    179 252 72 148 89 167 34 226 155 96 196 50 48 71 118 182 110 39 49
    20 245 214 44 193 173 194 192 52 196 198 182 214 24 92 101 15 138 27
    177 134 130 114 117 70 115 171 128 128 128 100 174 231 245 11 169 92
    143 133 47 40 159 57 141 178 214 185 229 243 2 10 166 22 0 26 92 107
    82 121 157 128 128 128 91 141 111 59 106 133 5 167 134 252 135 103
    116 99 232 128 128 128 123 85 99 128 128 128 254 61 211 238 18 133
    65 87 35 239 10 214 128 128 128 173 195 251 101 130 124 128 128 128
    73 24 196 139 111 173 214 9 49 70 78 37 145 24 205 129 91 25 95 10
    11 128 128 128 105 7 104 160 109 6 4 27 24 230 3 101 155 219 60 128
    128 128 103 108 84 243 60 19 128 128 128 253 226 238 98 2 231 128
    128 128 183 112 104 205 178 245 225 119 80 120 213 190 33 56 206 145
    52 144</data></my_img>
<your_img type_id="opencv-matrix">
  <rows>30</rows>
  <cols>20</cols>
  <dt>"3u"</dt>
  <data>
    128 128 128 128 128 128 128 128 128 128 128 128 128 128 128 128 128
    128 128 128 128 128 128 128 128 128 128 128 128 128 128 128 128 128
    128 128 128 128 128 128 128 128 128 128 128 128 128 128 128 128 128
    128 128 128 128 128 128 128 128 128 128 128 128 128 128 128 128 128
    128 128 128 128 128 128 128 128 128 128 128 128 128 128 128 128 128
    128 128 128 128 128 128 128 128 128 128 128 128 128 128 128 128 128
    128 128 128 128 128 128 128 128 128 128 128 128 128 128 128 128 128
    128 128 128 128 128 128 128 128 128 128 128 128 128 128 128 128 128
    128 128 128 128 128 128 128 128 128 128 128 128 128 128 128 128 128
    128 128 128 128 128 128 128 128 128 128 128 128 128 128 128 128 128
    128 128 128 128 128 128 128 128 128 128 128 128 128 128 128 128 128
    128 128 128 128 128 128 128 128 128 128 128 128 128 128 128 128 128
    128 128 128 128 128 128 128 128 128 128 128 128 128 128 128 128 128
    128 128 128 128 128 128 128 128 128 128 128 128 128 128 128 128 128
    128 128 128 128 128 128 128 128 128 128 128 128 128 128 128 128 128
    128 128 128 128 128 128 128 128 128 128 128 128 128 128 128 128 128
    128 128 128 128 128 128 128 128 128 128 128 128 128 128 128 128 128
    128 128 128 128 128 128 128 128 128 128 128 128 128 128 128 128 128
    128 128 128 128 128 128 128 128 128 128 128 128 128 128 128 128 128
    128 128 128 128 128 128 128 128 128 128 128 128 128 128 128 128 128
    128 128 128 128 128 128 128 128 128 128 128 128 128 128 128 128 128
    128 128 128 128 128 128 128 128 128 128 128 128 128 128 128 128 128
    128 128 128 128 128 128 128 128 128 128 128 128 128 128 128 128 128
    128 128 128 128 128 128 128 128 128 128 128 128 128 128 128 128 128
    128 128 128 128 128 128 128 128 128 128 128 128 128 128 128 128 128
    128 128 128 128 128 128 128 128 128 128 128 128 128 128 128 128 128
    128 128 128 128 128 128 128 128 128 128 128 128 128 128 128 128 128
    128 128 128 128 128 128 128 128 128 128 128 128 128 128 128 128 128
    128 128 128 128 128 128 128 128 128 128 128 128 128 128 128 128 128
    128 128 128 128 128 128 128 128 128 128 128 128 128 128 128 128 128
    128 128 128 128 128 128 128 128 128 128 128 128 128 128 128 128 128
    128 128 128 128 128 128 128 128 128 128 128 128 128 128 128 128 128
    128 128 128 128 128 128 128 128 128 128 128 128 128 128 128 128 128
    128 128 128 128 128 128 128 128 128 128 128 128 128 128 128 128 128
    128 128 128 128 128 128 128 128 128 128 128 128 128 128 128 128 128
    128 128 128 128 128 128 128 128 128 128 128 128 128 128 128 128 128
    128 128 128 128 128 128 128 128 128 128 128 128 128 128 128 128 128
    128 128 128 128 128 128 128 128 128 128 128 128 128 128 128 128 128
    128 128 128 128 128 128 128 128 128 128 128 128 128 128 128 128 128
    128 128 128 128 128 128 128 128 128 128 128 128 128 128 128 128 128
    128 128 128 128 128 128 128 128 128 128 128 128 128 128 128 128 128
    128 128 128 128 128 128 128 128 128 128 128 128 128 128 128 128 128
    128 128 128 128 128 128 128 128 128 128 128 128 128 128 128 128 128
    128 128 128 128 128 128 128 128 128 128 128 128 128 128 128 128 128
    128 128 128 128 128 128 128 128 128 128 128 128 128 128 128 128 128
    128 128 128 128 128 128 128 128 128 128 128 128 128 128 128 128 128
    128 128 128 128 128 128 128 128 128 128 128 128 128 128 128 128 128
    128 128 128 128 128 128 128 128 128 128 128 128 128 128 128 128 128
    128 128 128 128 128 128 128 128 128 128 128 128 128 128 128 128 128
    128 128 128 128 128 128 128 128 128 128 128 128 128 128 128 128 128
    128 128 128 128 128 128 128 128 128 128 128 128 128 128 128 128 128
    128 128 128 128 128 128 128 128 128 128 128 128 128 128 128 128 128
    128 128 128 128 128 128 128 128 128 128 128 128 128 128 128 128 128
    128 128 128 128 128 128 128 128 128 128 128 128 128 128 128 128 128
    128 128 128 128 128 128 128 128 128 128 128 128 128 128 128 128 128
    128 128 128 128 128 128 128 128 128 128 128 128 128 128 128 128 128
    128 128 128 128 128 128 128 128 128 128 128 128 128 128 128 128 128
    128 128 128 128 128 128 128 128 128 128 128 128 128 128 128 128 128
    128 128 128 128 128 128 128 128 128 128 128 128 128 128 128 128 128
    128 128 128 128 128 128 128 128 128 128 128 128 128 128 128 128 128
    128 128 128 128 128 128 128 128 128 128 128 128 128 128 128 128 128
    128 128 128 128 128 128 128 128 128 128 128 128 128 128 128 128 128
    128 128 128 128 128 128 128 128 128 128 128 128 128 128 128 128 128
    128 128 128 128 128 128 128 128 128 128 128 128 128 128 128 128 128
    128 128 128 128 128 128 128 128 128 128 128 128 128 128 128 128 128
    128 128 128 128 128 128 128 128 128 128 128 128 128 128 128 128 128
    128 128 128 128 128 128 128 128 128 128 128 128 128 128 128 128 128
    128 128 128 128 128 128 128 128 128 128 128 128 128 128 128 128 128
    128 128 128 128 128 128 128 128 128 128 128 128 128 128 128 128 128
    128 128 128 128 128 128 128 128 128 128 128 128 128 128 128 128 128
    128 128 128 128 128 128 128 128 128 128 128 128 128 128 128 128 128
    128 128 128 128 128 128 128 128 128 128 128 128 128 128 128 128 128
    128 128 128 128 128 128 128 128 128 128 128 128 128 128 128 128 128
    128 128 128 128 128 128 128 128 128 128 128 128 128 128 128 128 128
    128 128 128 128 128 128 128 128 128 128 128 128 128 128 128 128 128
    128 128 128 128 128 128 128 128 128 128 128 128 128 128 128 128 128
    128 128 128 128 128 128 128 128 128 128 128 128 128 128 128 128 128
    128 128 128 128 128 128 128 128 128 128 128 128 128 128 128 128 128
    128 128 128 128 128 128 128 128 128 128 128 128 128 128 128 128 128
    128 128 128 128 128 128 128 128 128 128 128 128 128 128 128 128 128
    128 128 128 128 128 128 128 128 128 128 128 128 128 128 128 128 128
    128 128 128 128 128 128 128 128 128 128 128 128 128 128 128 128 128
    128 128 128 128 128 128 128 128 128 128 128 128 128 128 128 128 128
    128 128 128 128 128 128 128 128 128 128 128 128 128 128 128 128 128
    128 128 128 128 128 128 128 128 128 128 128 128 128 128 128 128 128
    128 128 128 128 128 128 128 128 128 128 128 128 128 128 128 128 128
    128 128 128 128 128 128 128 128 128 128 128 128 128 128 128 128 128
    128 128 128 128 128 128 128 128 128 128 128 128 128 128 128 128 128
    128 128 128 128 128 128 128 128 128 128 128 128 128 128 128 128 128
    128 128 128 128 128 128 128 128 128 128 128 128 128 128 128 128 128
    128 128 128 128 128 128 128 128 128 128 128 128 128 128 128 128 128
    128 128 128 128 128 128 128 128 128 128 128 128 128 128 128 128 128
    128 128 128 128 128 128 128 128 128 128 128 128 128 128 128 128 128
    128 128 128 128 128 128 128 128 128 128 128 128 128 128 128 128 128
    128 128 128 128 128 128 128 128 128 128 128 128 128 128 128 128 128
    128 128 128 128 128 128 128 128 128 128 128 128 128 128 128 128 128
    128 128 128 128 128 128 128 128 128 128 128 128 128 128 128 128 128
    128 128 128 128 128 128 128 128 128 128 128 128 128 128 128 128 128
    128 128 128 128 128 128 128 128 128 128 128 128 128 128 128 128 128
    128 128 128 128 128 128 128 128 128 128 128 128 128 128 128 128 128
    128 128 128 128 128 128 128 128 128 128 128 128 128 128 128 128 128
    128 128 128 128 128 128 128 128 128 128 128 128 128 128 128 128 128
    128 128 128 128 128 128 128 128 128 128 128 128 128 128 128 128 128
    128 128 128 128 128 128 128 128 128 128 128 128 128 128 128 128 128
    128 128 128 128 128 128 128 128 128 128 128 128 128 128 128 128 128
    128 128 128 128 128 128 128 128 128 128 128 128 128 128 128</data></your_img>
</opencv_storage>
