<?xml version="1.0"?>
<opencv_storage>
<L2_diff>2.9574098464703875e+03</L2_diff>
<hue>60</hue>
<sensitivity>10</sensitivity>
<test_foreg type_id="opencv-matrix">
  <rows>30</rows>
  <cols>20</cols>
  <dt>"3u"</dt>
  <data>
    135 185 25 66 40 206 202 230 50 207 150 45 221 10 32 103 27 70 12 92
    92 193 60 36 36 208 12 248 177 225 253 224 170 24 75 235 205 92 124
    215 105 233 92 213 249 141 177 61 65 173 4 10 164 47 1 10 70 75 139
    124 12 163 122 27 218 201 145 184 71 204 12 142 153 94 243 63 250
    110 125 166 10 157 90 192 45 189 45 133 155 51 140 196 25 62 185 65
    131 148 255 114 74 48 99 8 38 146 70 177 235 145 194 6 182 214 196
    190 247 238 16 192 228 198 217 220 224 230 199 100 118 76 97 229 116
    58 35 25 74 50 246 59 234 238 166 181 164 44 165 92 54 220 57 11 217
    111 140 171 99 30 7 204 37 255 190 193 145 176 21 214 203 248 176
    103 36 62 175 46 24 119 73 39 83 66 26 174 228 149 50 213 249 146
    225 79 221 211 170 140 110 11 116 23 0 78 110 179 180 69 55 243 39
    158 104 21 191 6 178 234 179 198 83 201 34 143 192 116 83 191 120
    243 117 5 89 35 211 183 122 106 29 197 21 101 155 41 120 95 121 175
    243 249 137 177 187 195 2 224 21 150 251 208 199 32 67 149 238 180
    236 109 81 24 135 124 56 205 53 250 42 97 0 206 124 28 143 189 195
    112 226 169 196 99 66 148 88 31 38 137 200 71 9 160 158 9 86 198 232
    23 39 14 73 28 50 14 28 182 149 170 81 0 238 141 107 155 197 198 247
    39 201 159 189 186 217 230 107 209 45 223 249 164 247 128 56 98 43
    120 216 84 133 97 193 160 180 244 69 58 73 79 140 136 171 134 157 11
    216 31 186 175 40 65 1 249 50 213 126 169 183 136 43 132 120 242 247
    144 250 198 38 248 194 139 144 100 226 125 18 25 179 62 138 109 49
    203 2 172 13 239 247 175 149 169 33 212 126 0 52 12 143 225 239 146
    149 130 159 151 53 125 226 164 124 116 87 194 170 189 222 211 49 254
    86 131 111 30 54 153 206 232 143 110 31 31 235 103 238 253 15 24 131
    118 42 146 91 189 15 75 92 234 249 83 242 144 210 2 123 37 68 247 33
    183 41 103 7 40 89 34 220 57 185 215 153 54 15 141 17 39 141 221 223
    195 151 219 1 125 101 87 24 170 126 57 211 225 97 171 111 92 213 190
    126 203 150 228 205 158 165 27 176 41 255 170 43 251 53 56 3 248 163
    47 120 15 144 108 187 166 86 48 190 68 40 255 247 18 202 179 221 114
    113 21 75 58 149 192 107 126 159 80 225 144 51 83 179 36 152 30 57
    54 222 200 14 32 88 117 120 171 17 224 211 135 82 122 99 128 245 95
    21 138 56 167 188 26 212 21 184 236 11 55 187 72 117 89 219 86 27 29
    124 218 76 148 249 45 60 132 171 66 55 136 47 198 64 65 184 45 212
    106 93 217 134 249 119 116 206 226 240 252 91 150 193 218 104 13 98
    134 254 113 189 11 8 241 77 88 232 240 155 179 231 127 250 176 67
    222 67 185 163 21 182 193 15 128 63 234 76 41 138 124 71 133 57 248
    246 87 7 254 232 192 140 169 92 68 135 61 181 149 198 77 99 30 220
    64 219 27 34 86 65 20 229 207 61 76 77 253 206 246 28 110 236 231
    230 194 10 166 144 6 75 77 82 123 235 198 237 88 5 234 161 128 209
    112 74 105 123 239 180 158 38 27 13 169 104 85 67 196 253 27 47 29
    31 194 62 21 54 111 115 3 212 72 104 137 194 130 193 1 244 45 29 138
    129 13 169 94 43 225 128 227 252 161 124 39 181 246 35 151 241 37
    165 4 188 241 254 108 138 72 54 123 122 42 212 193 16 239 55 186 249
    13 136 248 32 34 147 175 107 12 211 24 96 223 162 246 82 115 113 175
    24 17 96 122 115 75 102 13 10 201 36 133 215 34 163 163 183 27 222
    214 90 104 28 2 39 64 249 191 108 161 48 119 249 16 16 138 47 148 12
    116 165 182 62 235 253 220 56 172 67 121 16 22 83 96 8 162 78 72 102
    195 27 57 71 40 222 35 254 16 27 57 125 252 234 19 25 144 245 24 28
    223 200 177 198 156 56 192 21 79 247 119 254 165 207 219 206 254 36
    65 254 51 213 243 18 58 29 20 223 36 122 189 241 248 105 209 126 42
    117 156 46 230 22 188 83 6 243 0 162 25 194 177 161 80 72 65 168 117
    0 0 186 200 42 33 92 55 18 109 104 102 236 45 95 223 50 148 220 216
    71 163 214 134 133 55 75 14 92 235 228 169 107 45 118 67 63 252 66
    208 164 103 22 103 211 237 68 220 10 30 142 149 246 90 58 5 250 15
    140 48 165 194 118 190 44 30 152 75 49 103 34 141 211 15 157 247 70
    125 10 63 131 109 50 25 115 181 176 148 189 166 206 76 44 155 64 155
    209 73 215 38 115 188 240 254 2 3 63 252 130 58 86 221 22 15 152 72
    100 111 210 128 7 78 77 249 206 130 214 26 28 100 105 179 252 48 191
    160 43 227 103 19 96 133 94 26 229 199 182 122 157 118 94 157 60 205
    49 109 97 178 174 192 28 195 144 93 111 101 216 129 44 75 186 154
    120 188 22 180 55 141 88 11 255 102 61 103 242 58 252 50 72 239 80
    222 182 41 219 207 214 118 16 75 30 46 211 164 99 240 65 205 71 17
    188 52 73 213 138 153 70 207 1 24 236 173 88 10 192 193 20 55 208 73
    5 230 60 17 90 231 35 244 0 27 188 155 104 73 137 101 195 223 92 118
    204 73 156 229 98 13 160 164 156 173 51 109 35 236 47 185 132 220
    178 50 90 240 83 254 197 4 138 236 149 168 87 152 235 122 169 147 1
    82 183 202 243 85 79 133 121 29 183 54 23 207 153 237 174 236 207 54
    48 94 224 65 137 61 39 58 76 13 237 142 188 82 127 95 219 247 212
    254 251 92 171 211 233 27 137 138 61 157 191 210 194 219 164 165 151
    106 136 10 114 71 86 78 92 163 68 124 88 240 117 5 169 174 182 176
    146 200 144 69 58 6 131 44 29 40 66 100 161 187 101 162 55 129 96 53
    199 20 193 25 90 121 79 197 31 248 39 151 169 134 122 51 73 195 7
    211 95 77 181 55 114 136 5 41 148 216 14 248 49 54 137 66 88 222 235
    103 114 29 96 126 25 119 248 46 12 185 118 237 41 51 179 135 243 169
    37 207 167 207 149 102 146 120 32 156 108 179 77 39 106 227 101 244
    72 225 31 192 190 220 20 243 214 141 62 173 97 178 173 24 157 249
    162 168 59 216 118 58 119 230 79 64 253 160 57 161 176 116 34 138 99
    94 32 140 212 141 20 166 229 147 180 62 167 94 167 38 127 189 11 140
    204 57 122 210 156 50 34 222 151 211 102 71 72 202 104 191 184 9 71
    205 252 113 109 219 40 141 110 217 207 86 136 144 40 96 175 22 33 23
    9 171 96 45 107 241 143 13 55 177 81 111 177 254 104 226 194 25 26 4
    190 205 70 99 99 208 16 248 2 153 224 193 15 118 253 245 23 255 64
    242 207 78 99 150 236 19 55 31 48 124 196 157 206 127 200 83 190 16
    241 107 253 27 229 240 47 49 181 102 135 177 67 161 63 26 30 86 125
    229 53 27 9 202 31 205 117 82 249 216 120 13 85 78 222 47 119 86 245
    130 194 155 185 187 97 52 56 224 251 216 92 16 32 130 188 242 161
    116 109 119 165 137 98 149 146 202 126 28 23 210 20 0 94 252 89 37
    90 102 82 109 151 57 43 167 159 137 33 29 80 33 196 163 248 240 122
    13 149 222 211 61 187 192 23 133 253 102 111 52 237 211 128 18 187
    213 40 125 120 12 54 129 53 113 213 189 112 69 117 166 3 205 20 41
    165 253 63 163 16 10 8 139 63 254 114 34 250 129 35 241 177 175 148
    116 219 106 37 172 115 197 186 22 209 14 227 195 51 247 18 169 1 216
    215 235 151 15 42 115 131 127 136 198 32 231 142 67 45 203 91 136
    247 128 190 172 209 62 84 244 207 153 135 180 50 43 166 204 43 22
    144 1 152 36 60 171 122 46 108 53 67 168 69 21</data></test_foreg>
<test_backg type_id="opencv-matrix">
  <rows>30</rows>
  <cols>20</cols>
  <dt>"3u"</dt>
  <data>
    128 128 128 128 128 128 128 128 128 128 128 128 128 128 128 128 128
    128 128 128 128 128 128 128 128 128 128 128 128 128 128 128 128 128
    128 128 128 128 128 128 128 128 128 128 128 128 128 128 128 128 128
    128 128 128 128 128 128 128 128 128 128 128 128 128 128 128 128 128
    128 128 128 128 128 128 128 128 128 128 128 128 128 128 128 128 128
    128 128 128 128 128 128 128 128 128 128 128 128 128 128 128 128 128
    128 128 128 128 128 128 128 128 128 128 128 128 128 128 128 128 128
    128 128 128 128 128 128 128 128 128 128 128 128 128 128 128 128 128
    128 128 128 128 128 128 128 128 128 128 128 128 128 128 128 128 128
    128 128 128 128 128 128 128 128 128 128 128 128 128 128 128 128 128
    128 128 128 128 128 128 128 128 128 128 128 128 128 128 128 128 128
    128 128 128 128 128 128 128 128 128 128 128 128 128 128 128 128 128
    128 128 128 128 128 128 128 128 128 128 128 128 128 128 128 128 128
    128 128 128 128 128 128 128 128 128 128 128 128 128 128 128 128 128
    128 128 128 128 128 128 128 128 128 128 128 128 128 128 128 128 128
    128 128 128 128 128 128 128 128 128 128 128 128 128 128 128 128 128
    128 128 128 128 128 128 128 128 128 128 128 128 128 128 128 128 128
    128 128 128 128 128 128 128 128 128 128 128 128 128 128 128 128 128
    128 128 128 128 128 128 128 128 128 128 128 128 128 128 128 128 128
    128 128 128 128 128 128 128 128 128 128 128 128 128 128 128 128 128
    128 128 128 128 128 128 128 128 128 128 128 128 128 128 128 128 128
    128 128 128 128 128 128 128 128 128 128 128 128 128 128 128 128 128
    128 128 128 128 128 128 128 128 128 128 128 128 128 128 128 128 128
    128 128 128 128 128 128 128 128 128 128 128 128 128 128 128 128 128
    128 128 128 128 128 128 128 128 128 128 128 128 128 128 128 128 128
    128 128 128 128 128 128 128 128 128 128 128 128 128 128 128 128 128
    128 128 128 128 128 128 128 128 128 128 128 128 128 128 128 128 128
    128 128 128 128 128 128 128 128 128 128 128 128 128 128 128 128 128
    128 128 128 128 128 128 128 128 128 128 128 128 128 128 128 128 128
    128 128 128 128 128 128 128 128 128 128 128 128 128 128 128 128 128
    128 128 128 128 128 128 128 128 128 128 128 128 128 128 128 128 128
    128 128 128 128 128 128 128 128 128 128 128 128 128 128 128 128 128
    128 128 128 128 128 128 128 128 128 128 128 128 128 128 128 128 128
    128 128 128 128 128 128 128 128 128 128 128 128 128 128 128 128 128
    128 128 128 128 128 128 128 128 128 128 128 128 128 128 128 128 128
    128 128 128 128 128 128 128 128 128 128 128 128 128 128 128 128 128
    128 128 128 128 128 128 128 128 128 128 128 128 128 128 128 128 128
    128 128 128 128 128 128 128 128 128 128 128 128 128 128 128 128 128
    128 128 128 128 128 128 128 128 128 128 128 128 128 128 128 128 128
    128 128 128 128 128 128 128 128 128 128 128 128 128 128 128 128 128
    128 128 128 128 128 128 128 128 128 128 128 128 128 128 128 128 128
    128 128 128 128 128 128 128 128 128 128 128 128 128 128 128 128 128
    128 128 128 128 128 128 128 128 128 128 128 128 128 128 128 128 128
    128 128 128 128 128 128 128 128 128 128 128 128 128 128 128 128 128
    128 128 128 128 128 128 128 128 128 128 128 128 128 128 128 128 128
    128 128 128 128 128 128 128 128 128 128 128 128 128 128 128 128 128
    128 128 128 128 128 128 128 128 128 128 128 128 128 128 128 128 128
    128 128 128 128 128 128 128 128 128 128 128 128 128 128 128 128 128
    128 128 128 128 128 128 128 128 128 128 128 128 128 128 128 128 128
    128 128 128 128 128 128 128 128 128 128 128 128 128 128 128 128 128
    128 128 128 128 128 128 128 128 128 128 128 128 128 128 128 128 128
    128 128 128 128 128 128 128 128 128 128 128 128 128 128 128 128 128
    128 128 128 128 128 128 128 128 128 128 128 128 128 128 128 128 128
    128 128 128 128 128 128 128 128 128 128 128 128 128 128 128 128 128
    128 128 128 128 128 128 128 128 128 128 128 128 128 128 128 128 128
    128 128 128 128 128 128 128 128 128 128 128 128 128 128 128 128 128
    128 128 128 128 128 128 128 128 128 128 128 128 128 128 128 128 128
    128 128 128 128 128 128 128 128 128 128 128 128 128 128 128 128 128
    128 128 128 128 128 128 128 128 128 128 128 128 128 128 128 128 128
    128 128 128 128 128 128 128 128 128 128 128 128 128 128 128 128 128
    128 128 128 128 128 128 128 128 128 128 128 128 128 128 128 128 128
    128 128 128 128 128 128 128 128 128 128 128 128 128 128 128 128 128
    128 128 128 128 128 128 128 128 128 128 128 128 128 128 128 128 128
    128 128 128 128 128 128 128 128 128 128 128 128 128 128 128 128 128
    128 128 128 128 128 128 128 128 128 128 128 128 128 128 128 128 128
    128 128 128 128 128 128 128 128 128 128 128 128 128 128 128 128 128
    128 128 128 128 128 128 128 128 128 128 128 128 128 128 128 128 128
    128 128 128 128 128 128 128 128 128 128 128 128 128 128 128 128 128
    128 128 128 128 128 128 128 128 128 128 128 128 128 128 128 128 128
    128 128 128 128 128 128 128 128 128 128 128 128 128 128 128 128 128
    128 128 128 128 128 128 128 128 128 128 128 128 128 128 128 128 128
    128 128 128 128 128 128 128 128 128 128 128 128 128 128 128 128 128
    128 128 128 128 128 128 128 128 128 128 128 128 128 128 128 128 128
    128 128 128 128 128 128 128 128 128 128 128 128 128 128 128 128 128
    128 128 128 128 128 128 128 128 128 128 128 128 128 128 128 128 128
    128 128 128 128 128 128 128 128 128 128 128 128 128 128 128 128 128
    128 128 128 128 128 128 128 128 128 128 128 128 128 128 128 128 128
    128 128 128 128 128 128 128 128 128 128 128 128 128 128 128 128 128
    128 128 128 128 128 128 128 128 128 128 128 128 128 128 128 128 128
    128 128 128 128 128 128 128 128 128 128 128 128 128 128 128 128 128
    128 128 128 128 128 128 128 128 128 128 128 128 128 128 128 128 128
    128 128 128 128 128 128 128 128 128 128 128 128 128 128 128 128 128
    128 128 128 128 128 128 128 128 128 128 128 128 128 128 128 128 128
    128 128 128 128 128 128 128 128 128 128 128 128 128 128 128 128 128
    128 128 128 128 128 128 128 128 128 128 128 128 128 128 128 128 128
    128 128 128 128 128 128 128 128 128 128 128 128 128 128 128 128 128
    128 128 128 128 128 128 128 128 128 128 128 128 128 128 128 128 128
    128 128 128 128 128 128 128 128 128 128 128 128 128 128 128 128 128
    128 128 128 128 128 128 128 128 128 128 128 128 128 128 128 128 128
    128 128 128 128 128 128 128 128 128 128 128 128 128 128 128 128 128
    128 128 128 128 128 128 128 128 128 128 128 128 128 128 128 128 128
    128 128 128 128 128 128 128 128 128 128 128 128 128 128 128 128 128
    128 128 128 128 128 128 128 128 128 128 128 128 128 128 128 128 128
    128 128 128 128 128 128 128 128 128 128 128 128 128 128 128 128 128
    128 128 128 128 128 128 128 128 128 128 128 128 128 128 128 128 128
    128 128 128 128 128 128 128 128 128 128 128 128 128 128 128 128 128
    128 128 128 128 128 128 128 128 128 128 128 128 128 128 128 128 128
    128 128 128 128 128 128 128 128 128 128 128 128 128 128 128 128 128
    128 128 128 128 128 128 128 128 128 128 128 128 128 128 128 128 128
    128 128 128 128 128 128 128 128 128 128 128 128 128 128 128 128 128
    128 128 128 128 128 128 128 128 128 128 128 128 128 128 128 128 128
    128 128 128 128 128 128 128 128 128 128 128 128 128 128 128 128 128
    128 128 128 128 128 128 128 128 128 128 128 128 128 128 128 128 128
    128 128 128 128 128 128 128 128 128 128 128 128 128 128 128 128 128
    128 128 128 128 128 128 128 128 128 128 128 128 128 128 128 128 128
    128 128 128 128 128 128 128 128 128 128 128 128 128 128 128</data></test_backg>
<my_img type_id="opencv-matrix">
  <rows>30</rows>
  <cols>20</cols>
  <dt>"3u"</dt>
  <data>
    135 185 25 66 40 206 202 230 50 207 150 45 221 10 32 103 27 70 12 92
    92 193 60 36 128 128 128 248 177 225 253 224 170 24 75 235 205 92
    124 215 105 233 92 213 249 141 177 61 65 173 4 128 128 128 1 10 70
    75 139 124 12 163 122 27 218 201 145 184 71 204 12 142 153 94 243
    128 128 128 125 166 10 157 90 192 128 128 128 133 155 51 140 196 25
    128 128 128 131 148 255 114 74 48 99 8 38 146 70 177 235 145 194 6
    182 214 196 190 247 238 16 192 228 198 217 220 224 230 199 100 118
    76 97 229 116 58 35 25 74 50 246 59 234 238 166 181 164 44 165 92 54
    220 57 11 217 111 140 171 99 30 7 204 37 255 190 193 145 176 21 214
    203 248 176 103 36 62 175 46 24 119 73 39 83 66 26 128 128 128 50
    213 249 146 225 79 221 211 170 140 110 11 116 23 0 78 110 179 180 69
    55 243 39 158 104 21 191 6 178 234 179 198 83 201 34 143 192 116 83
    191 120 243 117 5 89 35 211 183 122 106 29 197 21 101 155 41 120 95
    121 175 243 249 137 177 187 195 128 128 128 150 251 208 199 32 67
    128 128 128 236 109 81 24 135 124 128 128 128 250 42 97 0 206 124 28
    143 189 195 112 226 169 196 99 128 128 128 31 38 137 200 71 9 160
    158 9 86 198 232 23 39 14 73 28 50 14 28 182 149 170 81 0 238 141
    107 155 197 198 247 39 201 159 189 186 217 230 107 209 45 223 249
    164 247 128 56 98 43 120 216 84 133 97 193 160 180 244 69 58 73 79
    140 136 171 134 157 11 216 31 186 175 40 65 128 128 128 213 126 169
    183 136 43 132 120 242 247 144 250 198 38 248 194 139 144 128 128
    128 18 25 179 62 138 109 128 128 128 172 13 239 247 175 149 169 33
    212 126 0 52 12 143 225 239 146 149 130 159 151 53 125 226 164 124
    116 87 194 170 189 222 211 128 128 128 131 111 30 54 153 206 232 143
    110 31 31 235 103 238 253 15 24 131 118 42 146 91 189 15 75 92 234
    249 83 242 144 210 2 123 37 68 247 33 183 41 103 7 128 128 128 220
    57 185 215 153 54 128 128 128 39 141 221 223 195 151 219 1 125 101
    87 24 170 126 57 211 225 97 171 111 92 213 190 126 203 150 228 205
    158 165 128 128 128 255 170 43 251 53 56 3 248 163 128 128 128 144
    108 187 166 86 48 190 68 40 255 247 18 202 179 221 114 113 21 75 58
    149 192 107 126 159 80 225 144 51 83 179 36 152 30 57 54 222 200 14
    32 88 117 120 171 17 224 211 135 82 122 99 128 128 128 128 128 128
    167 188 26 212 21 184 236 11 55 187 72 117 128 128 128 27 29 124 218
    76 148 249 45 60 132 171 66 128 128 128 198 64 65 184 45 212 106 93
    217 128 128 128 116 206 226 240 252 91 150 193 218 104 13 98 128 128
    128 189 11 8 241 77 88 232 240 155 179 231 127 250 176 67 222 67 185
    163 21 182 193 15 128 128 128 128 41 138 124 128 128 128 248 246 87
    7 254 232 192 140 169 92 68 135 61 181 149 198 77 99 128 128 128 219
    27 34 86 65 20 229 207 61 76 77 253 206 246 28 110 236 231 230 194
    10 166 144 6 75 77 82 123 235 198 237 88 5 234 161 128 209 112 74
    105 123 239 180 158 38 27 13 169 104 85 67 196 253 27 47 29 31 194
    62 21 54 111 115 128 128 128 104 137 194 130 193 1 244 45 29 138 129
    13 169 94 43 225 128 227 252 161 124 39 181 246 35 151 241 128 128
    128 188 241 254 108 138 72 54 123 122 42 212 193 128 128 128 186 249
    13 136 248 32 34 147 175 107 12 211 24 96 223 162 246 82 115 113 175
    24 17 96 122 115 75 102 13 10 201 36 133 215 34 163 163 183 27 222
    214 90 104 28 2 39 64 249 191 108 161 48 119 249 16 16 138 128 128
    128 116 165 182 62 235 253 220 56 172 67 121 16 22 83 96 8 162 78 72
    102 195 27 57 71 128 128 128 254 16 27 57 125 252 234 19 25 144 245
    24 28 223 200 177 198 156 128 128 128 128 128 128 254 165 207 219
    206 254 36 65 254 51 213 243 128 128 128 128 128 128 122 189 241 248
    105 209 126 42 117 156 46 230 22 188 83 128 128 128 162 25 194 177
    161 80 72 65 168 117 0 0 186 200 42 33 92 55 18 109 104 128 128 128
    128 128 128 148 220 216 71 163 214 134 133 55 75 14 92 235 228 169
    107 45 118 67 63 252 66 208 164 103 22 103 211 237 68 220 10 30 142
    149 246 90 58 5 250 15 140 48 165 194 118 190 44 30 152 75 128 128
    128 141 211 15 157 247 70 125 10 63 131 109 50 25 115 181 176 148
    189 166 206 76 128 128 128 155 209 73 215 38 115 188 240 254 2 3 63
    252 130 58 128 128 128 15 152 72 100 111 210 128 7 78 77 249 206 130
    214 26 28 100 105 179 252 48 191 160 43 227 103 19 128 128 128 26
    229 199 182 122 157 118 94 157 128 128 128 109 97 178 174 192 28 195
    144 93 111 101 216 129 44 75 186 154 120 188 22 180 55 141 88 11 255
    102 61 103 242 128 128 128 128 128 128 222 182 41 219 207 214 118 16
    75 30 46 211 164 99 240 128 128 128 128 128 128 73 213 138 153 70
    207 1 24 236 173 88 10 192 193 20 128 128 128 128 128 128 17 90 231
    128 128 128 27 188 155 104 73 137 101 195 223 92 118 204 73 156 229
    98 13 160 164 156 173 128 128 128 236 47 185 132 220 178 50 90 240
    83 254 197 4 138 236 149 168 87 128 128 128 169 147 1 82 183 202 243
    85 79 133 121 29 183 54 23 207 153 237 174 236 207 54 48 94 224 65
    137 61 39 58 76 13 237 142 188 82 127 95 219 247 212 254 251 92 171
    211 233 27 137 138 61 157 191 210 194 219 164 165 151 106 136 10 114
    71 86 78 128 128 128 124 88 240 117 5 169 128 128 128 128 128 128 69
    58 6 131 44 29 40 66 100 161 187 101 162 55 129 96 53 199 128 128
    128 128 128 128 197 31 248 39 151 169 134 122 51 73 195 7 211 95 77
    181 55 114 136 5 41 148 216 14 248 49 54 137 66 88 222 235 103 114
    29 96 126 25 119 248 46 12 185 118 237 41 51 179 128 128 128 37 207
    167 207 149 102 146 120 32 156 108 179 77 39 106 227 101 244 128 128
    128 192 190 220 20 243 214 141 62 173 97 178 173 24 157 249 162 168
    59 216 118 58 128 128 128 64 253 160 57 161 176 116 34 138 99 94 32
    128 128 128 20 166 229 147 180 62 167 94 167 38 127 189 11 140 204
    57 122 210 156 50 34 222 151 211 102 71 72 202 104 191 184 9 71 205
    252 113 109 219 40 141 110 217 207 86 136 144 40 96 175 22 33 23 9
    171 96 45 107 241 143 13 128 128 128 111 177 254 104 226 194 25 26 4
    190 205 70 99 99 208 128 128 128 153 224 193 15 118 253 245 23 255
    64 242 207 78 99 150 236 19 55 31 48 124 196 157 206 127 200 83 190
    16 241 107 253 27 229 240 47 49 181 102 135 177 67 161 63 26 30 86
    125 229 53 27 128 128 128 205 117 82 249 216 120 13 85 78 222 47 119
    128 128 128 194 155 185 187 97 52 56 224 251 216 92 16 32 130 188
    242 161 116 109 119 165 137 98 149 128 128 128 28 23 210 20 0 94 252
    89 37 90 102 82 109 151 57 43 167 159 137 33 29 80 33 196 163 248
    240 122 13 149 222 211 61 187 192 23 128 128 128 111 52 237 211 128
    18 187 213 40 125 120 12 128 128 128 113 213 189 112 69 117 166 3
    205 20 41 165 253 63 163 16 10 8 139 63 254 114 34 250 129 35 241
    177 175 148 128 128 128 37 172 115 197 186 22 209 14 227 195 51 247
    128 128 128 216 215 235 151 15 42 115 131 127 136 198 32 231 142 67
    128 128 128 128 128 128 190 172 209 62 84 244 207 153 135 180 50 43
    166 204 43 128 128 128 152 36 60 171 122 46 108 53 67 168 69 21</data></my_img>
<your_img type_id="opencv-matrix">
  <rows>30</rows>
  <cols>20</cols>
  <dt>"3u"</dt>
  <data>
    128 128 128 128 128 128 128 128 128 128 128 128 128 128 128 128 128
    128 128 128 128 128 128 128 128 128 128 128 128 128 128 128 128 128
    128 128 128 128 128 128 128 128 128 128 128 128 128 128 128 128 128
    128 128 128 128 128 128 128 128 128 128 128 128 128 128 128 128 128
    128 128 128 128 128 128 128 128 128 128 128 128 128 128 128 128 128
    128 128 128 128 128 128 128 128 128 128 128 128 128 128 128 128 128
    128 128 128 128 128 128 128 128 128 128 128 128 128 128 128 128 128
    128 128 128 128 128 128 128 128 128 128 128 128 128 128 128 128 128
    128 128 128 128 128 128 128 128 128 128 128 128 128 128 128 128 128
    128 128 128 128 128 128 128 128 128 128 128 128 128 128 128 128 128
    128 128 128 128 128 128 128 128 128 128 128 128 128 128 128 128 128
    128 128 128 128 128 128 128 128 128 128 128 128 128 128 128 128 128
    128 128 128 128 128 128 128 128 128 128 128 128 128 128 128 128 128
    128 128 128 128 128 128 128 128 128 128 128 128 128 128 128 128 128
    128 128 128 128 128 128 128 128 128 128 128 128 128 128 128 128 128
    128 128 128 128 128 128 128 128 128 128 128 128 128 128 128 128 128
    128 128 128 128 128 128 128 128 128 128 128 128 128 128 128 128 128
    128 128 128 128 128 128 128 128 128 128 128 128 128 128 128 128 128
    128 128 128 128 128 128 128 128 128 128 128 128 128 128 128 128 128
    128 128 128 128 128 128 128 128 128 128 128 128 128 128 128 128 128
    128 128 128 128 128 128 128 128 128 128 128 128 128 128 128 128 128
    128 128 128 128 128 128 128 128 128 128 128 128 128 128 128 128 128
    128 128 128 128 128 128 128 128 128 128 128 128 128 128 128 128 128
    128 128 128 128 128 128 128 128 128 128 128 128 128 128 128 128 128
    128 128 128 128 128 128 128 128 128 128 128 128 128 128 128 128 128
    128 128 128 128 128 128 128 128 128 128 128 128 128 128 128 128 128
    128 128 128 128 128 128 128 128 128 128 128 128 128 128 128 128 128
    128 128 128 128 128 128 128 128 128 128 128 128 128 128 128 128 128
    128 128 128 128 128 128 128 128 128 128 128 128 128 128 128 128 128
    128 128 128 128 128 128 128 128 128 128 128 128 128 128 128 128 128
    128 128 128 128 128 128 128 128 128 128 128 128 128 128 128 128 128
    128 128 128 128 128 128 128 128 128 128 128 128 128 128 128 128 128
    128 128 128 128 128 128 128 128 128 128 128 128 128 128 128 128 128
    128 128 128 128 128 128 128 128 128 128 128 128 128 128 128 128 128
    128 128 128 128 128 128 128 128 128 128 128 128 128 128 128 128 128
    128 128 128 128 128 128 128 128 128 128 128 128 128 128 128 128 128
    128 128 128 128 128 128 128 128 128 128 128 128 128 128 128 128 128
    128 128 128 128 128 128 128 128 128 128 128 128 128 128 128 128 128
    128 128 128 128 128 128 128 128 128 128 128 128 128 128 128 128 128
    128 128 128 128 128 128 128 128 128 128 128 128 128 128 128 128 128
    128 128 128 128 128 128 128 128 128 128 128 128 128 128 128 128 128
    128 128 128 128 128 128 128 128 128 128 128 128 128 128 128 128 128
    128 128 128 128 128 128 128 128 128 128 128 128 128 128 128 128 128
    128 128 128 128 128 128 128 128 128 128 128 128 128 128 128 128 128
    128 128 128 128 128 128 128 128 128 128 128 128 128 128 128 128 128
    128 128 128 128 128 128 128 128 128 128 128 128 128 128 128 128 128
    128 128 128 128 128 128 128 128 128 128 128 128 128 128 128 128 128
    128 128 128 128 128 128 128 128 128 128 128 128 128 128 128 128 128
    128 128 128 128 128 128 128 128 128 128 128 128 128 128 128 128 128
    128 128 128 128 128 128 128 128 128 128 128 128 128 128 128 128 128
    128 128 128 128 128 128 128 128 128 128 128 128 128 128 128 128 128
    128 128 128 128 128 128 128 128 128 128 128 128 128 128 128 128 128
    128 128 128 128 128 128 128 128 128 128 128 128 128 128 128 128 128
    128 128 128 128 128 128 128 128 128 128 128 128 128 128 128 128 128
    128 128 128 128 128 128 128 128 128 128 128 128 128 128 128 128 128
    128 128 128 128 128 128 128 128 128 128 128 128 128 128 128 128 128
    128 128 128 128 128 128 128 128 128 128 128 128 128 128 128 128 128
    128 128 128 128 128 128 128 128 128 128 128 128 128 128 128 128 128
    128 128 128 128 128 128 128 128 128 128 128 128 128 128 128 128 128
    128 128 128 128 128 128 128 128 128 128 128 128 128 128 128 128 128
    128 128 128 128 128 128 128 128 128 128 128 128 128 128 128 128 128
    128 128 128 128 128 128 128 128 128 128 128 128 128 128 128 128 128
    128 128 128 128 128 128 128 128 128 128 128 128 128 128 128 128 128
    128 128 128 128 128 128 128 128 128 128 128 128 128 128 128 128 128
    128 128 128 128 128 128 128 128 128 128 128 128 128 128 128 128 128
    128 128 128 128 128 128 128 128 128 128 128 128 128 128 128 128 128
    128 128 128 128 128 128 128 128 128 128 128 128 128 128 128 128 128
    128 128 128 128 128 128 128 128 128 128 128 128 128 128 128 128 128
    128 128 128 128 128 128 128 128 128 128 128 128 128 128 128 128 128
    128 128 128 128 128 128 128 128 128 128 128 128 128 128 128 128 128
    128 128 128 128 128 128 128 128 128 128 128 128 128 128 128 128 128
    128 128 128 128 128 128 128 128 128 128 128 128 128 128 128 128 128
    128 128 128 128 128 128 128 128 128 128 128 128 128 128 128 128 128
    128 128 128 128 128 128 128 128 128 128 128 128 128 128 128 128 128
    128 128 128 128 128 128 128 128 128 128 128 128 128 128 128 128 128
    128 128 128 128 128 128 128 128 128 128 128 128 128 128 128 128 128
    128 128 128 128 128 128 128 128 128 128 128 128 128 128 128 128 128
    128 128 128 128 128 128 128 128 128 128 128 128 128 128 128 128 128
    128 128 128 128 128 128 128 128 128 128 128 128 128 128 128 128 128
    128 128 128 128 128 128 128 128 128 128 128 128 128 128 128 128 128
    128 128 128 128 128 128 128 128 128 128 128 128 128 128 128 128 128
    128 128 128 128 128 128 128 128 128 128 128 128 128 128 128 128 128
    128 128 128 128 128 128 128 128 128 128 128 128 128 128 128 128 128
    128 128 128 128 128 128 128 128 128 128 128 128 128 128 128 128 128
    128 128 128 128 128 128 128 128 128 128 128 128 128 128 128 128 128
    128 128 128 128 128 128 128 128 128 128 128 128 128 128 128 128 128
    128 128 128 128 128 128 128 128 128 128 128 128 128 128 128 128 128
    128 128 128 128 128 128 128 128 128 128 128 128 128 128 128 128 128
    128 128 128 128 128 128 128 128 128 128 128 128 128 128 128 128 128
    128 128 128 128 128 128 128 128 128 128 128 128 128 128 128 128 128
    128 128 128 128 128 128 128 128 128 128 128 128 128 128 128 128 128
    128 128 128 128 128 128 128 128 128 128 128 128 128 128 128 128 128
    128 128 128 128 128 128 128 128 128 128 128 128 128 128 128 128 128
    128 128 128 128 128 128 128 128 128 128 128 128 128 128 128 128 128
    128 128 128 128 128 128 128 128 128 128 128 128 128 128 128 128 128
    128 128 128 128 128 128 128 128 128 128 128 128 128 128 128 128 128
    128 128 128 128 128 128 128 128 128 128 128 128 128 128 128 128 128
    128 128 128 128 128 128 128 128 128 128 128 128 128 128 128 128 128
    128 128 128 128 128 128 128 128 128 128 128 128 128 128 128 128 128
    128 128 128 128 128 128 128 128 128 128 128 128 128 128 128 128 128
    128 128 128 128 128 128 128 128 128 128 128 128 128 128 128 128 128
    128 128 128 128 128 128 128 128 128 128 128 128 128 128 128 128 128
    128 128 128 128 128 128 128 128 128 128 128 128 128 128 128 128 128
    128 128 128 128 128 128 128 128 128 128 128 128 128 128 128 128 128
    128 128 128 128 128 128 128 128 128 128 128 128 128 128 128 128 128
    128 128 128 128 128 128 128 128 128 128 128 128 128 128 128</data></your_img>
</opencv_storage>
