<?xml version="1.0"?>
<opencv_storage>
<L2_diff>2.9194237445084946e+03</L2_diff>
<hue>60</hue>
<sensitivity>10</sensitivity>
<test_foreg type_id="opencv-matrix">
  <rows>30</rows>
  <cols>20</cols>
  <dt>"3u"</dt>
  <data>
    114 224 67 85 91 187 252 248 173 96 103 12 200 41 114 202 181 49 221
    34 246 168 184 62 176 165 230 226 67 244 55 146 171 18 42 58 166 68
    188 88 109 9 40 51 108 224 20 187 254 251 201 109 216 157 67 47 189
    141 77 129 56 213 47 50 155 33 126 171 204 4 188 23 233 186 179 23
    52 109 168 60 128 91 151 215 180 65 158 179 83 47 243 147 84 187 103
    142 54 5 163 182 52 214 195 79 219 159 99 161 30 103 244 160 252 25
    79 218 39 22 60 63 159 161 53 196 236 170 11 115 229 122 230 111 232
    37 114 6 33 47 185 229 152 199 212 45 10 219 171 80 216 230 82 96 34
    2 229 47 160 100 139 66 52 132 45 115 143 201 58 67 107 201 31 238
    234 215 168 18 54 174 151 191 12 224 173 101 175 197 45 179 2 4 231
    67 43 163 209 151 175 156 183 17 59 121 13 93 34 208 27 231 21 95 45
    75 180 0 210 25 101 52 172 13 76 240 225 246 100 252 182 212 206 137
    196 254 224 251 239 60 46 241 244 34 112 200 63 60 210 21 119 250 97
    197 49 223 33 154 6 117 25 67 107 222 48 169 197 87 82 39 165 216
    180 118 243 198 148 225 203 84 169 41 140 204 28 125 103 124 20 37
    171 145 148 61 149 216 44 129 82 65 228 67 7 177 158 236 253 141 55
    55 249 180 203 146 80 218 195 121 93 39 29 71 110 98 83 75 30 60 90
    62 48 97 51 121 113 54 222 65 25 156 18 213 226 87 30 103 15 158 104
    34 22 231 229 158 9 103 32 109 68 145 105 120 170 97 219 144 238 163
    240 172 240 213 213 68 79 28 218 47 152 218 168 249 140 118 240 70
    95 42 202 129 45 232 115 250 196 116 63 212 254 167 188 99 197 208
    169 15 116 203 144 225 160 49 18 79 62 239 2 49 145 134 145 73 29 79
    239 235 196 127 107 154 119 9 162 208 158 195 4 2 239 95 8 234 203
    73 51 135 119 114 113 209 16 167 22 4 118 121 135 83 156 85 68 223
    105 152 42 168 58 10 243 28 117 187 203 117 125 46 81 249 48 176 35
    29 88 210 27 190 45 9 88 79 236 200 105 183 120 11 218 113 82 191 87
    137 5 155 255 63 68 0 89 220 126 197 95 53 84 56 204 158 210 173 48
    158 118 40 202 209 45 138 251 61 222 149 197 22 106 187 105 122 194
    92 198 144 131 98 17 152 205 132 103 92 141 245 79 126 98 72 99 58
    64 118 121 231 164 1 216 85 103 119 229 10 252 1 187 167 51 134 167
    134 211 168 164 28 146 210 56 66 219 74 91 237 37 15 160 103 65 28
    98 106 177 244 61 105 150 100 196 40 222 3 138 1 56 90 13 154 126 67
    175 163 52 113 87 109 223 216 183 240 50 126 245 80 107 248 31 129
    43 243 39 129 40 18 101 123 238 219 14 157 127 24 220 8 112 90 160
    29 179 65 100 245 134 119 26 11 125 95 49 211 123 117 98 250 41 71
    88 185 130 3 220 142 114 210 172 42 68 209 184 68 145 117 67 177 117
    185 108 172 164 187 167 111 136 197 173 238 144 114 235 78 22 154 99
    187 81 40 108 94 113 201 118 157 158 185 233 124 120 106 125 154 89
    234 187 117 64 82 174 190 81 40 137 140 131 252 201 164 76 49 15 33
    13 203 40 140 203 220 95 240 229 89 0 252 108 116 58 219 226 12 65
    102 208 207 186 22 45 228 1 41 216 234 109 42 208 176 8 93 24 85 12
    43 91 15 131 254 173 101 50 185 89 219 170 77 7 170 253 1 221 24 179
    23 139 170 237 103 194 200 108 175 124 214 104 168 247 38 171 177 98
    77 217 162 110 183 209 12 190 137 29 236 176 49 156 167 237 20 152
    146 173 72 228 234 43 94 192 125 35 158 74 6 150 52 160 102 218 231
    155 61 150 248 234 84 171 1 248 231 44 217 194 91 28 49 94 226 238
    57 139 211 160 153 236 199 121 33 42 234 31 207 60 167 153 223 44
    240 74 56 12 157 118 193 91 79 232 233 186 25 195 100 206 230 42 202
    247 161 86 59 3 119 217 185 76 109 204 198 173 88 45 12 220 160 106
    46 95 78 82 206 189 150 233 97 97 204 0 33 47 7 227 59 203 102 55
    143 237 71 242 50 225 151 123 133 205 68 86 140 50 191 221 223 32 32
    254 132 166 224 79 57 153 21 208 186 111 149 181 132 189 153 90 107
    45 221 49 169 133 100 168 82 48 143 64 146 172 192 220 186 230 203
    72 67 65 8 128 122 3 164 111 141 3 238 80 110 50 161 24 159 31 251
    203 188 129 52 148 180 190 229 234 248 158 188 227 216 215 168 25
    247 19 16 135 58 56 4 201 208 164 39 5 103 188 102 90 112 223 55 109
    37 243 208 179 231 249 52 236 142 9 238 172 15 24 254 157 83 40 157
    138 52 242 93 30 102 35 140 5 125 91 182 12 207 11 165 165 130 81 72
    200 55 92 247 105 100 133 19 136 28 192 182 247 195 239 70 68 136 38
    177 242 116 185 127 122 88 207 152 28 236 49 153 243 192 84 25 199
    205 72 60 90 95 245 6 26 252 16 11 119 84 77 65 85 131 179 144 112
    21 11 252 194 225 154 116 149 252 129 230 192 102 127 55 91 67 125
    152 235 251 38 87 64 211 165 181 219 88 111 138 73 200 192 45 228 50
    49 223 19 63 20 81 127 188 74 197 106 42 177 85 119 230 185 187 125
    222 196 139 133 154 136 38 65 203 91 187 193 243 140 243 131 121 243
    175 42 66 234 194 88 66 178 215 151 210 73 173 124 183 165 61 16 139
    252 109 2 108 92 234 126 224 134 212 247 14 91 168 138 99 56 143 110
    39 234 56 3 43 89 149 245 196 11 6 246 204 190 42 166 9 30 59 136
    254 52 70 236 69 76 217 255 183 45 21 137 126 105 164 11 117 78 40
    148 187 119 255 17 140 185 248 173 74 84 96 86 39 240 69 183 77 43
    246 105 197 153 8 72 56 231 8 58 35 219 101 34 1 23 157 201 179 121
    162 98 239 19 248 205 96 6 221 202 203 178 116 191 251 213 96 8 205
    225 245 80 96 251 127 113 83 48 88 24 43 18 159 200 157 204 109 146
    126 123 153 99 208 44 193 64 16 137 165 35 161 182 51 226 152 149
    213 225 24 187 243 86 202 106 198 204 194 238 19 7 21 69 109 116 195
    225 3 45 121 233 88 42 206 209 48 226 124 122 205 17 157 9 64 72 63
    142 30 29 124 216 196 67 110 56 41 72 173 55 56 119 124 224 70 247
    188 179 180 227 235 156 158 17 221 113 133 41 128 238 183 104 53 95
    46 18 229 83 56 208 159 66 161 121 230 54 27 84 68 109 215 151 19
    193 246 82 90 46 57 41 97 51 194 161 182 30 77 48 65 196 137 49 245
    120 28 169 194 50 56 234 47 118 142 243 115 58 246 27 69 18 180 6
    188 218 49 88 243 89 77 180 199 158 33 213 179 188 135 221 137 239 0
    204 67 175 52 214 210 44 38 141 211 9 57 142 170 233 211 248 55 87
    100 102 237 147 121 125 14 253 145 77 80 37 175 204 53 7 46 180 129
    33 29 187 14 102 144 120 144 243 255 239 171 240 137 64 120 232 69
    168 192 24 191 79 2 155 118 190 239 178 102 177 95 121 184 238 245
    228 140 60 231 129 212 113 237 227 25 155 111 155 220 47 132 123 114
    141 138 111 34 64 241 166 154 126 193 245 25 140 77 103 81 112 172
    166 239 105 71 178 15 226 50 208 193 244 250 165 154 10 216 133 24
    46 100 51 40 131 111 217 192 93 193 214 30 199 232 15 170 224 186
    132 250 245 113 125 191 48 207 49 84 58 152 146 195 207 121 131 76
    75 63 213 20 228 201 117 205 194 204 252 54 162 0 10 4 45 48 211 83
    101 249 222 104 4 37 76 220 51 247 247 110 209 176 117 77 152 108 4
    241 40 55 176 100 24 150 198 80 177 200 88 133 112 171 247 180 59 9
    216 10 89 234 3 21 200 138 50 68 238 194 61 49 144 128 127 153 182
    106</data></test_foreg>
<test_backg type_id="opencv-matrix">
  <rows>30</rows>
  <cols>20</cols>
  <dt>"3u"</dt>
  <data>
    128 128 128 128 128 128 128 128 128 128 128 128 128 128 128 128 128
    128 128 128 128 128 128 128 128 128 128 128 128 128 128 128 128 128
    128 128 128 128 128 128 128 128 128 128 128 128 128 128 128 128 128
    128 128 128 128 128 128 128 128 128 128 128 128 128 128 128 128 128
    128 128 128 128 128 128 128 128 128 128 128 128 128 128 128 128 128
    128 128 128 128 128 128 128 128 128 128 128 128 128 128 128 128 128
    128 128 128 128 128 128 128 128 128 128 128 128 128 128 128 128 128
    128 128 128 128 128 128 128 128 128 128 128 128 128 128 128 128 128
    128 128 128 128 128 128 128 128 128 128 128 128 128 128 128 128 128
    128 128 128 128 128 128 128 128 128 128 128 128 128 128 128 128 128
    128 128 128 128 128 128 128 128 128 128 128 128 128 128 128 128 128
    128 128 128 128 128 128 128 128 128 128 128 128 128 128 128 128 128
    128 128 128 128 128 128 128 128 128 128 128 128 128 128 128 128 128
    128 128 128 128 128 128 128 128 128 128 128 128 128 128 128 128 128
    128 128 128 128 128 128 128 128 128 128 128 128 128 128 128 128 128
    128 128 128 128 128 128 128 128 128 128 128 128 128 128 128 128 128
    128 128 128 128 128 128 128 128 128 128 128 128 128 128 128 128 128
    128 128 128 128 128 128 128 128 128 128 128 128 128 128 128 128 128
    128 128 128 128 128 128 128 128 128 128 128 128 128 128 128 128 128
    128 128 128 128 128 128 128 128 128 128 128 128 128 128 128 128 128
    128 128 128 128 128 128 128 128 128 128 128 128 128 128 128 128 128
    128 128 128 128 128 128 128 128 128 128 128 128 128 128 128 128 128
    128 128 128 128 128 128 128 128 128 128 128 128 128 128 128 128 128
    128 128 128 128 128 128 128 128 128 128 128 128 128 128 128 128 128
    128 128 128 128 128 128 128 128 128 128 128 128 128 128 128 128 128
    128 128 128 128 128 128 128 128 128 128 128 128 128 128 128 128 128
    128 128 128 128 128 128 128 128 128 128 128 128 128 128 128 128 128
    128 128 128 128 128 128 128 128 128 128 128 128 128 128 128 128 128
    128 128 128 128 128 128 128 128 128 128 128 128 128 128 128 128 128
    128 128 128 128 128 128 128 128 128 128 128 128 128 128 128 128 128
    128 128 128 128 128 128 128 128 128 128 128 128 128 128 128 128 128
    128 128 128 128 128 128 128 128 128 128 128 128 128 128 128 128 128
    128 128 128 128 128 128 128 128 128 128 128 128 128 128 128 128 128
    128 128 128 128 128 128 128 128 128 128 128 128 128 128 128 128 128
    128 128 128 128 128 128 128 128 128 128 128 128 128 128 128 128 128
    128 128 128 128 128 128 128 128 128 128 128 128 128 128 128 128 128
    128 128 128 128 128 128 128 128 128 128 128 128 128 128 128 128 128
    128 128 128 128 128 128 128 128 128 128 128 128 128 128 128 128 128
    128 128 128 128 128 128 128 128 128 128 128 128 128 128 128 128 128
    128 128 128 128 128 128 128 128 128 128 128 128 128 128 128 128 128
    128 128 128 128 128 128 128 128 128 128 128 128 128 128 128 128 128
    128 128 128 128 128 128 128 128 128 128 128 128 128 128 128 128 128
    128 128 128 128 128 128 128 128 128 128 128 128 128 128 128 128 128
    128 128 128 128 128 128 128 128 128 128 128 128 128 128 128 128 128
    128 128 128 128 128 128 128 128 128 128 128 128 128 128 128 128 128
    128 128 128 128 128 128 128 128 128 128 128 128 128 128 128 128 128
    128 128 128 128 128 128 128 128 128 128 128 128 128 128 128 128 128
    128 128 128 128 128 128 128 128 128 128 128 128 128 128 128 128 128
    128 128 128 128 128 128 128 128 128 128 128 128 128 128 128 128 128
    128 128 128 128 128 128 128 128 128 128 128 128 128 128 128 128 128
    128 128 128 128 128 128 128 128 128 128 128 128 128 128 128 128 128
    128 128 128 128 128 128 128 128 128 128 128 128 128 128 128 128 128
    128 128 128 128 128 128 128 128 128 128 128 128 128 128 128 128 128
    128 128 128 128 128 128 128 128 128 128 128 128 128 128 128 128 128
    128 128 128 128 128 128 128 128 128 128 128 128 128 128 128 128 128
    128 128 128 128 128 128 128 128 128 128 128 128 128 128 128 128 128
    128 128 128 128 128 128 128 128 128 128 128 128 128 128 128 128 128
    128 128 128 128 128 128 128 128 128 128 128 128 128 128 128 128 128
    128 128 128 128 128 128 128 128 128 128 128 128 128 128 128 128 128
    128 128 128 128 128 128 128 128 128 128 128 128 128 128 128 128 128
    128 128 128 128 128 128 128 128 128 128 128 128 128 128 128 128 128
    128 128 128 128 128 128 128 128 128 128 128 128 128 128 128 128 128
    128 128 128 128 128 128 128 128 128 128 128 128 128 128 128 128 128
    128 128 128 128 128 128 128 128 128 128 128 128 128 128 128 128 128
    128 128 128 128 128 128 128 128 128 128 128 128 128 128 128 128 128
    128 128 128 128 128 128 128 128 128 128 128 128 128 128 128 128 128
    128 128 128 128 128 128 128 128 128 128 128 128 128 128 128 128 128
    128 128 128 128 128 128 128 128 128 128 128 128 128 128 128 128 128
    128 128 128 128 128 128 128 128 128 128 128 128 128 128 128 128 128
    128 128 128 128 128 128 128 128 128 128 128 128 128 128 128 128 128
    128 128 128 128 128 128 128 128 128 128 128 128 128 128 128 128 128
    128 128 128 128 128 128 128 128 128 128 128 128 128 128 128 128 128
    128 128 128 128 128 128 128 128 128 128 128 128 128 128 128 128 128
    128 128 128 128 128 128 128 128 128 128 128 128 128 128 128 128 128
    128 128 128 128 128 128 128 128 128 128 128 128 128 128 128 128 128
    128 128 128 128 128 128 128 128 128 128 128 128 128 128 128 128 128
    128 128 128 128 128 128 128 128 128 128 128 128 128 128 128 128 128
    128 128 128 128 128 128 128 128 128 128 128 128 128 128 128 128 128
    128 128 128 128 128 128 128 128 128 128 128 128 128 128 128 128 128
    128 128 128 128 128 128 128 128 128 128 128 128 128 128 128 128 128
    128 128 128 128 128 128 128 128 128 128 128 128 128 128 128 128 128
    128 128 128 128 128 128 128 128 128 128 128 128 128 128 128 128 128
    128 128 128 128 128 128 128 128 128 128 128 128 128 128 128 128 128
    128 128 128 128 128 128 128 128 128 128 128 128 128 128 128 128 128
    128 128 128 128 128 128 128 128 128 128 128 128 128 128 128 128 128
    128 128 128 128 128 128 128 128 128 128 128 128 128 128 128 128 128
    128 128 128 128 128 128 128 128 128 128 128 128 128 128 128 128 128
    128 128 128 128 128 128 128 128 128 128 128 128 128 128 128 128 128
    128 128 128 128 128 128 128 128 128 128 128 128 128 128 128 128 128
    128 128 128 128 128 128 128 128 128 128 128 128 128 128 128 128 128
    128 128 128 128 128 128 128 128 128 128 128 128 128 128 128 128 128
    128 128 128 128 128 128 128 128 128 128 128 128 128 128 128 128 128
    128 128 128 128 128 128 128 128 128 128 128 128 128 128 128 128 128
    128 128 128 128 128 128 128 128 128 128 128 128 128 128 128 128 128
    128 128 128 128 128 128 128 128 128 128 128 128 128 128 128 128 128
    128 128 128 128 128 128 128 128 128 128 128 128 128 128 128 128 128
    128 128 128 128 128 128 128 128 128 128 128 128 128 128 128 128 128
    128 128 128 128 128 128 128 128 128 128 128 128 128 128 128 128 128
    128 128 128 128 128 128 128 128 128 128 128 128 128 128 128 128 128
    128 128 128 128 128 128 128 128 128 128 128 128 128 128 128 128 128
    128 128 128 128 128 128 128 128 128 128 128 128 128 128 128 128 128
    128 128 128 128 128 128 128 128 128 128 128 128 128 128 128 128 128
    128 128 128 128 128 128 128 128 128 128 128 128 128 128 128 128 128
    128 128 128 128 128 128 128 128 128 128 128 128 128 128 128 128 128
    128 128 128 128 128 128 128 128 128 128 128 128 128 128 128 128 128
    128 128 128 128 128 128 128 128 128 128 128 128 128 128 128</data></test_backg>
<my_img type_id="opencv-matrix">
  <rows>30</rows>
  <cols>20</cols>
  <dt>"3u"</dt>
  <data>
    128 128 128 85 91 187 252 248 173 96 103 12 200 41 114 202 181 49
    221 34 246 168 184 62 176 165 230 226 67 244 55 146 171 18 42 58 166
    68 188 88 109 9 40 51 108 224 20 187 254 251 201 109 216 157 67 47
    189 141 77 129 128 128 128 128 128 128 126 171 204 128 128 128 233
    186 179 23 52 109 168 60 128 91 151 215 180 65 158 179 83 47 243 147
    84 187 103 142 54 5 163 182 52 214 195 79 219 159 99 161 30 103 244
    160 252 25 128 128 128 22 60 63 159 161 53 196 236 170 11 115 229
    128 128 128 232 37 114 6 33 47 185 229 152 199 212 45 10 219 171 80
    216 230 82 96 34 128 128 128 160 100 139 66 52 132 45 115 143 201 58
    67 107 201 31 238 234 215 168 18 54 174 151 191 12 224 173 101 175
    197 128 128 128 128 128 128 43 163 209 128 128 128 183 17 59 121 13
    93 128 128 128 231 21 95 45 75 180 128 128 128 101 52 172 13 76 240
    225 246 100 252 182 212 206 137 196 254 224 251 239 60 46 241 244 34
    112 200 63 128 128 128 128 128 128 197 49 223 128 128 128 117 25 67
    128 128 128 169 197 87 82 39 165 216 180 118 243 198 148 225 203 84
    169 41 140 204 28 125 103 124 20 37 171 145 148 61 149 216 44 129 82
    65 228 67 7 177 158 236 253 141 55 55 249 180 203 146 80 218 195 121
    93 39 29 71 110 98 83 75 30 60 90 62 48 97 51 121 113 54 222 65 25
    156 18 213 226 87 30 103 15 158 104 34 22 231 229 158 9 103 32 109
    68 145 105 128 128 128 219 144 238 128 128 128 240 213 213 68 79 28
    218 47 152 218 168 249 140 118 240 70 95 42 202 129 45 232 115 250
    196 116 63 212 254 167 188 99 197 208 169 15 128 128 128 225 160 49
    18 79 62 239 2 49 145 134 145 73 29 79 239 235 196 127 107 154 119 9
    162 208 158 195 4 2 239 95 8 234 203 73 51 135 119 114 113 209 16
    167 22 4 118 121 135 128 128 128 128 128 128 152 42 168 58 10 243 28
    117 187 203 117 125 46 81 249 128 128 128 29 88 210 128 128 128 9 88
    79 236 200 105 183 120 11 218 113 82 191 87 137 5 155 255 63 68 0
    128 128 128 197 95 53 84 56 204 128 128 128 48 158 118 40 202 209 45
    138 251 61 222 149 197 22 106 187 105 122 194 92 198 144 131 98 17
    152 205 132 103 92 141 245 79 126 98 72 99 58 64 118 121 231 164 1
    216 85 103 119 229 10 252 1 187 167 51 134 167 134 211 168 164 28
    146 210 56 66 219 74 91 237 37 15 160 103 65 28 98 106 177 244 61
    128 128 128 196 40 222 128 128 128 56 90 13 154 126 67 175 163 52
    113 87 109 223 216 183 240 50 126 245 80 107 248 31 129 128 128 128
    129 40 18 101 123 238 219 14 157 127 24 220 8 112 90 160 29 179 65
    100 245 134 119 26 11 125 95 49 211 123 117 98 250 41 71 88 185 130
    3 220 142 114 210 172 42 68 209 184 68 145 117 67 177 117 185 108
    172 128 128 128 111 136 197 128 128 128 128 128 128 22 154 99 187 81
    40 108 94 113 201 118 157 158 185 233 124 120 106 125 154 89 234 187
    117 64 82 174 190 81 40 137 140 131 252 201 164 76 49 15 33 13 203
    40 140 203 220 95 240 229 89 0 252 108 116 58 219 226 12 65 102 208
    207 186 22 45 228 1 41 216 234 109 42 208 176 8 93 24 85 12 43 91 15
    131 254 173 101 50 185 89 219 170 77 7 170 253 1 221 24 179 23 139
    170 237 103 194 200 108 175 128 128 128 168 247 38 171 177 98 77 217
    162 110 183 209 12 190 137 29 236 176 49 156 167 237 20 152 146 173
    72 228 234 43 128 128 128 128 128 128 128 128 128 160 102 218 231
    155 61 150 248 234 84 171 1 248 231 44 217 194 91 28 49 94 226 238
    57 128 128 128 153 236 199 121 33 42 234 31 207 60 167 153 223 44
    240 74 56 12 157 118 193 91 79 232 233 186 25 195 100 206 230 42 202
    247 161 86 59 3 119 217 185 76 109 204 198 173 88 45 12 220 160 106
    46 95 78 82 206 189 150 233 97 97 204 0 33 47 128 128 128 203 102 55
    143 237 71 242 50 225 151 123 133 205 68 86 140 50 191 221 223 32 32
    254 132 166 224 79 128 128 128 208 186 111 128 128 128 189 153 90
    107 45 221 49 169 133 128 128 128 128 128 128 146 172 192 220 186
    230 203 72 67 65 8 128 122 3 164 111 141 3 238 80 110 128 128 128
    159 31 251 203 188 129 52 148 180 190 229 234 248 158 188 227 216
    215 168 25 247 19 16 135 58 56 4 201 208 164 39 5 103 188 102 90 128
    128 128 109 37 243 208 179 231 249 52 236 142 9 238 172 15 24 254
    157 83 40 157 138 128 128 128 128 128 128 140 5 125 91 182 12 207 11
    165 165 130 81 128 128 128 128 128 128 100 133 19 136 28 192 128 128
    128 239 70 68 136 38 177 242 116 185 127 122 88 207 152 28 236 49
    153 243 192 84 25 199 205 72 60 90 95 245 6 128 128 128 11 119 84 77
    65 85 128 128 128 112 21 11 252 194 225 154 116 149 252 129 230 192
    102 127 128 128 128 125 152 235 251 38 87 64 211 165 181 219 88 111
    138 73 200 192 45 228 50 49 223 19 63 20 81 127 188 74 197 106 42
    177 85 119 230 185 187 125 222 196 139 128 128 128 38 65 203 91 187
    193 243 140 243 131 121 243 175 42 66 234 194 88 66 178 215 151 210
    73 173 124 183 165 61 16 128 128 128 2 108 92 234 126 224 134 212
    247 14 91 168 138 99 56 143 110 39 234 56 3 43 89 149 245 196 11 6
    246 204 190 42 166 9 30 59 136 254 52 128 128 128 76 217 255 183 45
    21 137 126 105 164 11 117 78 40 148 187 119 255 17 140 185 248 173
    74 128 128 128 128 128 128 183 77 43 246 105 197 153 8 72 128 128
    128 58 35 219 101 34 1 23 157 201 179 121 162 98 239 19 248 205 96 6
    221 202 203 178 116 191 251 213 96 8 205 225 245 80 128 128 128 113
    83 48 88 24 43 18 159 200 157 204 109 146 126 123 153 99 208 128 128
    128 16 137 165 35 161 182 51 226 152 149 213 225 24 187 243 128 128
    128 198 204 194 238 19 7 21 69 109 116 195 225 3 45 121 233 88 42
    206 209 48 226 124 122 205 17 157 9 64 72 128 128 128 29 124 216 196
    67 110 56 41 72 173 55 56 119 124 224 70 247 188 179 180 227 235 156
    158 17 221 113 133 41 128 238 183 104 128 128 128 128 128 128 56 208
    159 66 161 121 230 54 27 84 68 109 215 151 19 193 246 82 90 46 57
    128 128 128 194 161 182 30 77 48 65 196 137 49 245 120 28 169 194 50
    56 234 47 118 142 243 115 58 246 27 69 128 128 128 188 218 49 128
    128 128 77 180 199 158 33 213 179 188 135 221 137 239 128 128 128
    175 52 214 210 44 38 141 211 9 57 142 170 233 211 248 55 87 100 128
    128 128 121 125 14 253 145 77 80 37 175 204 53 7 46 180 129 33 29
    187 14 102 144 120 144 243 255 239 171 240 137 64 128 128 128 168
    192 24 191 79 2 155 118 190 239 178 102 177 95 121 184 238 245 228
    140 60 231 129 212 113 237 227 25 155 111 155 220 47 132 123 114 141
    138 111 34 64 241 166 154 126 193 245 25 140 77 103 81 112 172 166
    239 105 128 128 128 226 50 208 193 244 250 165 154 10 216 133 24 128
    128 128 40 131 111 217 192 93 193 214 30 199 232 15 128 128 128 132
    250 245 113 125 191 128 128 128 84 58 152 146 195 207 121 131 76 75
    63 213 20 228 201 117 205 194 204 252 54 162 0 10 4 45 48 211 83 101
    249 222 104 4 37 76 220 51 247 247 110 209 176 117 77 152 108 4 241
    40 55 176 100 24 150 198 80 177 200 88 133 112 171 247 180 59 128
    128 128 89 234 3 21 200 138 50 68 238 194 61 49 144 128 127 153 182
    106</data></my_img>
<your_img type_id="opencv-matrix">
  <rows>30</rows>
  <cols>20</cols>
  <dt>"3u"</dt>
  <data>
    128 128 128 128 128 128 128 128 128 128 128 128 128 128 128 128 128
    128 128 128 128 128 128 128 128 128 128 128 128 128 128 128 128 128
    128 128 128 128 128 128 128 128 128 128 128 128 128 128 128 128 128
    128 128 128 128 128 128 128 128 128 128 128 128 128 128 128 128 128
    128 128 128 128 128 128 128 128 128 128 128 128 128 128 128 128 128
    128 128 128 128 128 128 128 128 128 128 128 128 128 128 128 128 128
    128 128 128 128 128 128 128 128 128 128 128 128 128 128 128 128 128
    128 128 128 128 128 128 128 128 128 128 128 128 128 128 128 128 128
    128 128 128 128 128 128 128 128 128 128 128 128 128 128 128 128 128
    128 128 128 128 128 128 128 128 128 128 128 128 128 128 128 128 128
    128 128 128 128 128 128 128 128 128 128 128 128 128 128 128 128 128
    128 128 128 128 128 128 128 128 128 128 128 128 128 128 128 128 128
    128 128 128 128 128 128 128 128 128 128 128 128 128 128 128 128 128
    128 128 128 128 128 128 128 128 128 128 128 128 128 128 128 128 128
    128 128 128 128 128 128 128 128 128 128 128 128 128 128 128 128 128
    128 128 128 128 128 128 128 128 128 128 128 128 128 128 128 128 128
    128 128 128 128 128 128 128 128 128 128 128 128 128 128 128 128 128
    128 128 128 128 128 128 128 128 128 128 128 128 128 128 128 128 128
    128 128 128 128 128 128 128 128 128 128 128 128 128 128 128 128 128
    128 128 128 128 128 128 128 128 128 128 128 128 128 128 128 128 128
    128 128 128 128 128 128 128 128 128 128 128 128 128 128 128 128 128
    128 128 128 128 128 128 128 128 128 128 128 128 128 128 128 128 128
    128 128 128 128 128 128 128 128 128 128 128 128 128 128 128 128 128
    128 128 128 128 128 128 128 128 128 128 128 128 128 128 128 128 128
    128 128 128 128 128 128 128 128 128 128 128 128 128 128 128 128 128
    128 128 128 128 128 128 128 128 128 128 128 128 128 128 128 128 128
    128 128 128 128 128 128 128 128 128 128 128 128 128 128 128 128 128
    128 128 128 128 128 128 128 128 128 128 128 128 128 128 128 128 128
    128 128 128 128 128 128 128 128 128 128 128 128 128 128 128 128 128
    128 128 128 128 128 128 128 128 128 128 128 128 128 128 128 128 128
    128 128 128 128 128 128 128 128 128 128 128 128 128 128 128 128 128
    128 128 128 128 128 128 128 128 128 128 128 128 128 128 128 128 128
    128 128 128 128 128 128 128 128 128 128 128 128 128 128 128 128 128
    128 128 128 128 128 128 128 128 128 128 128 128 128 128 128 128 128
    128 128 128 128 128 128 128 128 128 128 128 128 128 128 128 128 128
    128 128 128 128 128 128 128 128 128 128 128 128 128 128 128 128 128
    128 128 128 128 128 128 128 128 128 128 128 128 128 128 128 128 128
    128 128 128 128 128 128 128 128 128 128 128 128 128 128 128 128 128
    128 128 128 128 128 128 128 128 128 128 128 128 128 128 128 128 128
    128 128 128 128 128 128 128 128 128 128 128 128 128 128 128 128 128
    128 128 128 128 128 128 128 128 128 128 128 128 128 128 128 128 128
    128 128 128 128 128 128 128 128 128 128 128 128 128 128 128 128 128
    128 128 128 128 128 128 128 128 128 128 128 128 128 128 128 128 128
    128 128 128 128 128 128 128 128 128 128 128 128 128 128 128 128 128
    128 128 128 128 128 128 128 128 128 128 128 128 128 128 128 128 128
    128 128 128 128 128 128 128 128 128 128 128 128 128 128 128 128 128
    128 128 128 128 128 128 128 128 128 128 128 128 128 128 128 128 128
    128 128 128 128 128 128 128 128 128 128 128 128 128 128 128 128 128
    128 128 128 128 128 128 128 128 128 128 128 128 128 128 128 128 128
    128 128 128 128 128 128 128 128 128 128 128 128 128 128 128 128 128
    128 128 128 128 128 128 128 128 128 128 128 128 128 128 128 128 128
    128 128 128 128 128 128 128 128 128 128 128 128 128 128 128 128 128
    128 128 128 128 128 128 128 128 128 128 128 128 128 128 128 128 128
    128 128 128 128 128 128 128 128 128 128 128 128 128 128 128 128 128
    128 128 128 128 128 128 128 128 128 128 128 128 128 128 128 128 128
    128 128 128 128 128 128 128 128 128 128 128 128 128 128 128 128 128
    128 128 128 128 128 128 128 128 128 128 128 128 128 128 128 128 128
    128 128 128 128 128 128 128 128 128 128 128 128 128 128 128 128 128
    128 128 128 128 128 128 128 128 128 128 128 128 128 128 128 128 128
    128 128 128 128 128 128 128 128 128 128 128 128 128 128 128 128 128
    128 128 128 128 128 128 128 128 128 128 128 128 128 128 128 128 128
    128 128 128 128 128 128 128 128 128 128 128 128 128 128 128 128 128
    128 128 128 128 128 128 128 128 128 128 128 128 128 128 128 128 128
    128 128 128 128 128 128 128 128 128 128 128 128 128 128 128 128 128
    128 128 128 128 128 128 128 128 128 128 128 128 128 128 128 128 128
    128 128 128 128 128 128 128 128 128 128 128 128 128 128 128 128 128
    128 128 128 128 128 128 128 128 128 128 128 128 128 128 128 128 128
    128 128 128 128 128 128 128 128 128 128 128 128 128 128 128 128 128
    128 128 128 128 128 128 128 128 128 128 128 128 128 128 128 128 128
    128 128 128 128 128 128 128 128 128 128 128 128 128 128 128 128 128
    128 128 128 128 128 128 128 128 128 128 128 128 128 128 128 128 128
    128 128 128 128 128 128 128 128 128 128 128 128 128 128 128 128 128
    128 128 128 128 128 128 128 128 128 128 128 128 128 128 128 128 128
    128 128 128 128 128 128 128 128 128 128 128 128 128 128 128 128 128
    128 128 128 128 128 128 128 128 128 128 128 128 128 128 128 128 128
    128 128 128 128 128 128 128 128 128 128 128 128 128 128 128 128 128
    128 128 128 128 128 128 128 128 128 128 128 128 128 128 128 128 128
    128 128 128 128 128 128 128 128 128 128 128 128 128 128 128 128 128
    128 128 128 128 128 128 128 128 128 128 128 128 128 128 128 128 128
    128 128 128 128 128 128 128 128 128 128 128 128 128 128 128 128 128
    128 128 128 128 128 128 128 128 128 128 128 128 128 128 128 128 128
    128 128 128 128 128 128 128 128 128 128 128 128 128 128 128 128 128
    128 128 128 128 128 128 128 128 128 128 128 128 128 128 128 128 128
    128 128 128 128 128 128 128 128 128 128 128 128 128 128 128 128 128
    128 128 128 128 128 128 128 128 128 128 128 128 128 128 128 128 128
    128 128 128 128 128 128 128 128 128 128 128 128 128 128 128 128 128
    128 128 128 128 128 128 128 128 128 128 128 128 128 128 128 128 128
    128 128 128 128 128 128 128 128 128 128 128 128 128 128 128 128 128
    128 128 128 128 128 128 128 128 128 128 128 128 128 128 128 128 128
    128 128 128 128 128 128 128 128 128 128 128 128 128 128 128 128 128
    128 128 128 128 128 128 128 128 128 128 128 128 128 128 128 128 128
    128 128 128 128 128 128 128 128 128 128 128 128 128 128 128 128 128
    128 128 128 128 128 128 128 128 128 128 128 128 128 128 128 128 128
    128 128 128 128 128 128 128 128 128 128 128 128 128 128 128 128 128
    128 128 128 128 128 128 128 128 128 128 128 128 128 128 128 128 128
    128 128 128 128 128 128 128 128 128 128 128 128 128 128 128 128 128
    128 128 128 128 128 128 128 128 128 128 128 128 128 128 128 128 128
    128 128 128 128 128 128 128 128 128 128 128 128 128 128 128 128 128
    128 128 128 128 128 128 128 128 128 128 128 128 128 128 128 128 128
    128 128 128 128 128 128 128 128 128 128 128 128 128 128 128 128 128
    128 128 128 128 128 128 128 128 128 128 128 128 128 128 128 128 128
    128 128 128 128 128 128 128 128 128 128 128 128 128 128 128 128 128
    128 128 128 128 128 128 128 128 128 128 128 128 128 128 128 128 128
    128 128 128 128 128 128 128 128 128 128 128 128 128 128 128 128 128
    128 128 128 128 128 128 128 128 128 128 128 128 128 128 128 128 128
    128 128 128 128 128 128 128 128 128 128 128 128 128 128 128</data></your_img>
</opencv_storage>
