<?xml version="1.0"?>
<opencv_storage>
<L2_diff>5.8947139031508559e+03</L2_diff>
<test_img1 type_id="opencv-matrix">
  <rows>30</rows>
  <cols>20</cols>
  <dt>"3u"</dt>
  <data>
    93 55 119 77 127 30 14 62 24 30 106 13 73 82 48 65 107 18 96 101 51
    99 62 90 83 119 121 118 29 65 36 82 113 72 85 33 127 30 125 8 51 77
    62 102 82 93 45 7 23 93 2 112 17 15 82 126 66 47 90 118 97 86 90 39
    15 69 104 114 85 67 88 77 113 115 90 55 31 42 25 76 61 45 101 112 5
    101 92 4 103 62 23 44 2 45 57 95 5 72 3 49 90 105 99 105 42 56 77 97
    33 122 119 99 116 111 17 32 104 58 118 76 55 90 22 24 21 98 114 18
    95 100 58 35 5 59 124 62 110 7 22 45 87 34 107 30 76 74 52 7 16 65
    44 88 98 89 112 25 14 55 15 59 82 88 45 6 29 6 96 44 67 31 20 74 114
    37 23 22 12 57 19 91 121 67 52 115 69 53 60 24 84 61 115 58 17 58 26
    62 89 21 11 99 7 87 108 89 5 15 71 114 67 34 57 119 11 7 119 37 74
    102 49 90 54 3 35 34 119 8 41 114 72 10 100 5 24 95 79 78 63 108 39
    26 9 91 88 64 63 10 9 8 125 27 83 28 86 77 27 71 24 36 109 28 104 12
    49 52 104 47 48 11 6 34 108 102 41 58 104 93 108 107 25 92 94 69 2
    115 33 52 44 123 56 30 59 117 88 91 9 52 31 23 43 0 67 88 109 108
    124 64 15 93 10 17 4 62 58 91 37 90 64 74 38 87 113 40 96 83 0 42 8
    77 26 34 9 82 58 47 64 29 0 69 101 49 94 84 87 1 95 78 95 114 112 59
    58 87 31 73 114 77 122 87 117 24 98 28 5 93 26 92 3 82 102 85 48 2
    96 84 11 111 106 104 82 52 113 43 16 14 105 124 27 87 59 29 91 11 70
    44 16 45 127 19 84 17 96 52 125 1 36 106 73 68 85 91 106 101 115 74
    111 126 46 34 69 23 62 116 41 52 9 70 22 120 10 28 97 34 77 66 12
    117 21 69 8 13 43 78 104 85 123 7 7 79 98 63 24 114 46 97 104 1 33
    38 113 39 120 83 35 40 58 16 33 75 90 112 25 91 12 80 114 4 80 119
    54 12 11 39 26 61 114 45 45 6 43 111 33 22 104 99 95 6 43 121 106 19
    30 47 25 65 18 6 29 90 8 88 60 61 78 114 70 50 52 18 86 61 14 53 19
    59 78 100 126 50 8 3 85 78 31 40 109 31 100 127 125 32 81 99 22 114
    35 79 57 42 107 52 68 69 123 60 3 104 39 44 42 116 115 83 97 52 54 7
    42 67 1 61 86 124 44 112 35 13 38 108 78 29 70 28 119 120 90 61 8 66
    79 107 8 56 105 46 73 39 5 73 77 2 43 4 23 39 37 92 1 67 114 2 47 85
    48 104 107 73 69 67 108 15 22 11 29 69 36 90 32 85 36 50 55 121 59
    78 43 111 124 9 34 113 76 77 85 39 109 97 39 80 42 113 47 70 93 86
    82 27 60 90 52 51 119 66 106 127 98 53 28 2 37 126 33 98 61 99 95 97
    33 8 20 48 15 25 120 123 47 54 51 87 14 54 114 47 19 17 44 88 64 7
    126 75 48 50 45 31 63 1 3 118 118 59 113 54 59 76 59 33 41 74 105
    118 98 114 81 65 5 93 0 67 113 37 69 14 42 72 27 110 73 102 115 123
    69 65 26 94 110 29 39 83 97 108 59 14 74 94 106 29 127 105 87 16 46
    93 30 63 43 122 53 17 115 110 36 1 73 86 37 127 18 78 20 2 94 123 81
    13 27 91 10 118 74 109 81 58 93 37 36 125 64 108 108 97 51 31 101 42
    87 26 65 13 59 116 13 58 122 107 46 26 112 106 100 38 39 104 14 81
    87 33 124 108 102 79 19 86 105 42 116 60 64 104 64 118 47 79 52 105
    109 118 29 31 38 125 74 62 4 6 121 42 41 43 18 59 74 122 82 8 88 58
    126 58 113 123 9 89 29 79 84 86 123 9 98 17 55 125 49 62 1 67 18 13
    103 38 74 69 51 19 102 92 17 23 85 31 79 93 8 82 30 94 60 13 92 54
    102 54 91 114 125 57 27 69 70 117 23 20 125 30 7 1 91 91 3 73 89 106
    11 106 8 108 125 15 126 115 72 116 113 74 86 59 75 54 59 28 92 101
    83 116 5 49 26 43 59 12 0 46 32 45 89 70 27 100 11 49 14 42 55 5 0
    14 8 36 7 103 69 125 70 38 87 125 27 2 8 74 18 1 7 116 123 69 13 107
    74 24 72 3 25 68 8 53 51 27 122 71 52 17 113 112 22 119 82 44 122 4
    58 47 68 92 45 124 105 1 83 106 42 44 19 20 18 102 100 36 126 52 27
    125 24 62 77 52 2 11 120 60 26 41 72 29 35 35 17 48 66 16 68 48 31
    78 122 115 99 31 11 64 4 54 107 21 101 101 43 108 66 79 59 52 117 36
    108 111 41 65 99 48 85 96 55 42 109 17 99 122 47 33 48 62 110 63 122
    101 125 60 4 115 77 116 15 76 70 26 102 102 66 20 71 58 107 71 120
    51 6 21 37 127 32 7 120 51 63 47 80 0 35 13 31 124 122 83 103 30 35
    65 52 93 30 89 1 11 99 25 99 77 1 37 11 93 67 27 10 7 5 107 40 88
    117 83 37 73 3 78 36 48 19 123 115 108 97 117 72 102 18 119 112 104
    82 88 95 78 31 126 7 37 60 79 45 54 49 62 76 56 105 98 113 69 97 69
    28 85 96 66 42 70 46 123 22 63 91 58 123 73 88 21 74 21 90 29 47 63
    46 52 82 123 102 75 27 60 121 15 105 60 66 106 75 112 33 54 120 95
    113 14 69 28 4 9 80 100 101 103 4 68 83 42 27 35 79 18 33 16 92 125
    44 55 104 83 27 103 3 14 7 17 8 53 106 35 59 109 121 31 32 63 10 123
    33 118 89 30 98 96 30 0 87 115 126 11 1 113 94 32 83 42 126 108 27
    116 114 75 97 49 108 42 64 45 123 104 17 122 96 35 61 60 25 20 17 42
    25 29 51 67 104 73 99 18 6 15 34 48 28 123 63 66 84 44 40 116 33 112
    114 110 97 31 57 64 110 115 8 90 76 27 114 45 84 107 6 22 99 125 48
    109 114 12 63 10 57 22 109 8 17 35 83 111 107 49 42 38 100 58 39 8
    110 75 108 5 94 88 50 13 31 60 45 126 116 18 67 104 57 91 121 3 116
    28 124 110 57 102 123 4 47 33 54 85 42 118 46 71 47 102 44 123 117
    114 5 14 32 58 54 33 101 105 66 68 37 69 60 20 26 91 96 55 41 7 58
    114 75 82 6 105 114 51 76 104 14 94 114 41 121 59 113 41 87 76 23 66
    54 54 53 113 94 33 16 21 58 105 23 113 85 98 0 66 70 27 113 78 33 16
    8 97 0 100 111 73 88 20 107 8 36 34 60 97 58 68 50 93 120 66 59 63 3
    103 31 47 91 96 81 81 32 94 85 82 71 86 23 102 40 60 105 41 48 80 57
    115 49 102 105 45 72 48 18 73 35 48 36 99 2 29 5 23 24 127 17 5 89
    19 53 70 47 1 13 105 122 42 79 15 19 69 60 14 109 58 104 111 4 10
    107 43 7 53 99 117 26 57 58 40 8 22 68 106 51 113 41 5 5 11 44 5 10
    74 60 0 7 54 45 22 63 21 61 32 88 77 111 12 84 86 91 15 101 71 96 54
    122 39 79 115 41 38 65 107 69 102 3 15 100 42 71 83 82 123 4 67 124
    23 82 42 40 106 71 15 104 80 89 59 104 4 30 117 28 114 82 90 11 93
    84 65 89 81 99 46 39 54 109 1 89 24 32 101 43 38 39 101 101 65 38 92
    125 54 104 86 77 15 25 89 49 7 68 14 49 50 19 22 87 41 46 87 105 83
    77 107 56 43 40 43 13 9 111 35 40 76 126 80 20 30 105 106 99 50 105
    3 12 33 69 2 126 47 61 23 83 28 124 10 34 13 17 123 95 52 24 56 58
    70 111 33 72 3 99 86 74 63 29 38 124 19 62 22 112 78 66 62 62 1 14
    118 79 49 95 6</data></test_img1>
<test_img2 type_id="opencv-matrix">
  <rows>30</rows>
  <cols>20</cols>
  <dt>"3u"</dt>
  <data>
    225 249 214 132 186 192 217 165 235 197 206 251 212 254 147 248 181
    151 247 170 235 218 238 134 130 205 251 163 131 153 244 169 239 140
    250 178 173 165 156 156 253 146 128 239 233 154 200 158 171 213 175
    217 231 242 237 219 251 221 140 253 144 149 225 200 156 165 199 180
    137 242 139 232 219 154 150 171 239 228 165 229 168 142 231 137 130
    230 233 214 202 235 177 236 234 161 192 148 230 146 234 233 253 255
    163 192 238 250 205 204 171 184 209 133 145 151 152 149 246 203 134
    161 217 192 232 176 231 180 231 148 227 142 231 173 233 225 193 216
    150 249 156 201 154 155 148 130 238 232 145 180 159 184 163 142 255
    143 175 187 173 167 231 234 246 131 242 157 153 139 136 133 153 248
    253 131 213 138 147 197 128 177 188 149 231 251 254 195 210 217 205
    153 157 164 131 175 254 132 226 156 222 149 174 146 246 253 138 200
    129 251 185 211 222 131 190 208 255 147 172 212 190 167 161 147 181
    146 139 192 211 175 146 224 129 136 188 180 131 160 143 224 246 252
    225 198 161 234 166 247 229 230 151 130 129 157 187 237 238 226 236
    190 234 136 157 224 159 226 254 250 176 195 232 211 237 170 248 175
    194 247 206 172 162 143 198 171 130 139 140 203 221 247 211 147 240
    141 186 251 221 205 146 198 202 220 255 234 243 210 137 229 140 238
    215 216 222 170 140 135 153 144 169 210 244 164 236 205 182 140 189
    210 153 204 171 142 161 170 182 173 166 142 233 204 244 183 230 198
    253 132 177 152 181 206 251 254 138 216 171 208 160 184 140 139 212
    228 209 252 197 204 175 190 159 199 229 255 240 174 186 182 152 197
    218 189 138 225 185 201 248 235 181 218 164 215 224 199 145 155 241
    231 185 195 246 206 201 218 248 165 142 193 225 142 193 134 147 181
    220 196 155 176 130 255 192 192 196 194 157 161 142 244 244 182 225
    254 174 136 237 196 143 184 254 181 236 139 168 129 255 140 138 173
    134 206 154 243 220 189 223 144 128 145 182 216 136 151 145 208 135
    210 150 180 154 152 150 158 197 177 188 182 191 247 198 208 201 223
    243 253 251 232 197 249 138 255 191 194 232 180 172 191 131 175 139
    204 129 151 203 162 194 169 167 158 234 255 169 171 229 228 233 131
    203 149 253 236 191 227 223 138 137 235 253 200 248 168 199 196 150
    139 190 176 180 158 163 206 226 246 157 165 167 136 255 213 205 167
    234 186 139 167 181 163 144 230 212 134 163 231 142 249 194 133 230
    237 255 218 248 139 170 182 183 213 222 129 225 217 180 175 181 182
    207 147 131 213 251 193 207 208 200 213 192 226 137 168 178 190 208
    177 243 251 161 251 196 143 204 233 196 254 162 156 236 178 219 150
    134 154 236 199 172 189 167 187 247 236 200 166 196 134 232 179 226
    223 252 254 185 242 136 247 249 240 226 143 208 243 136 138 244 193
    181 184 180 205 252 240 253 243 159 137 200 163 236 154 169 201 193
    159 185 133 192 234 195 237 250 131 138 129 147 228 135 255 173 136
    205 142 252 246 155 148 244 144 226 191 139 186 239 188 216 137 201
    224 185 189 232 237 174 172 210 225 195 187 232 191 235 155 250 160
    198 159 177 167 154 196 233 200 145 184 171 194 188 208 243 251 151
    237 195 170 241 147 228 168 220 144 134 210 225 129 172 251 143 145
    202 165 190 234 242 158 232 189 167 233 231 132 151 226 218 191 143
    172 133 222 147 154 171 234 197 254 234 159 209 205 159 145 167 235
    179 136 238 244 161 241 158 146 141 236 151 238 241 134 148 153 242
    235 141 131 239 224 243 200 232 247 196 216 227 157 234 171 220 235
    147 182 176 163 165 131 180 159 207 217 254 203 215 244 205 163 137
    228 158 136 198 169 215 187 232 212 200 167 162 202 205 146 180 216
    215 142 239 251 199 211 160 134 188 220 167 173 253 208 142 130 132
    204 242 134 192 133 138 220 222 200 158 238 135 254 169 184 239 192
    142 147 222 189 229 141 207 147 232 234 216 131 151 240 194 167 219
    142 245 151 174 218 200 165 151 187 149 227 249 139 181 225 217 170
    172 219 238 167 192 171 173 193 221 207 203 239 138 150 186 137 130
    235 205 220 253 166 134 250 202 183 150 175 231 169 155 203 193 166
    198 186 150 225 169 179 232 207 150 164 232 179 252 215 145 249 163
    152 220 206 234 224 243 172 165 147 175 177 163 167 143 219 184 248
    137 214 179 193 150 225 183 241 231 255 166 235 175 157 233 217 128
    197 144 153 141 247 161 152 196 251 171 177 225 207 161 188 195 182
    174 158 208 253 178 254 163 152 244 164 176 226 188 128 197 182 203
    197 192 220 167 180 186 172 196 186 177 216 207 191 225 249 197 190
    222 199 235 229 163 252 202 212 218 189 129 163 141 136 197 240 207
    231 152 247 243 239 220 170 254 198 205 208 180 169 144 238 185 196
    215 218 184 207 177 230 139 246 142 162 216 239 137 186 221 164 238
    132 147 134 187 222 156 180 238 136 242 229 234 229 254 133 159 188
    194 205 208 165 253 154 138 182 158 135 150 247 217 141 157 134 170
    224 170 243 204 249 183 191 161 227 148 214 158 221 219 250 184 159
    139 236 238 255 140 231 148 139 156 181 221 233 182 238 134 188 148
    229 168 248 251 244 235 198 172 177 172 199 145 153 142 179 131 153
    243 145 240 139 236 164 211 194 192 146 129 224 236 159 202 228 206
    205 184 205 135 210 143 248 181 179 159 177 225 195 211 180 231 218
    163 205 213 156 156 142 163 165 226 137 232 135 153 232 210 232 141
    140 244 129 212 246 170 224 153 148 159 169 195 235 154 253 242 255
    225 198 148 195 169 145 202 137 218 244 202 175 251 157 229 209 246
    219 155 141 171 209 159 142 227 173 149 253 221 182 144 226 217 192
    251 190 227 139 229 217 214 204 159 159 212 200 201 225 245 214 180
    160 244 225 188 248 160 220 136 221 218 143 191 204 241 188 149 202
    202 140 164 225 130 168 232 144 189 240 238 232 236 145 210 181 181
    234 198 166 247 254 191 136 173 216 238 159 237 184 201 213 250 137
    252 195 167 234 216 243 141 239 216 252 231 184 161 143 172 213 214
    179 145 229 208 186 236 144 130 136 172 145 225 205 216 167 135 241
    229 199 225 135 136 201 144 228 248 212 156 246 217 230 136 211 203
    237 170 166 225 249 156 149 128 129 197 159 228 135 179 233 148 142
    250 199 174 196 170 236 196 150 253 128 199 183 236 201 255 143 191
    236 167 184 238 238 147 216 182 238 253 236 163 246 229 168 167 171
    165 212 141 144 233 187 180 158 151 213 162 157 208 158 128 225 244
    189 216 140 166 182 238 250 185 170 173 147 172 203 137 233 164 244
    219 233 216 156 225 251 228 247 193 159 128 168 154 196 143 216 205
    238 190 242 133 132 189 201 153 220 243 189 234 161 204 227 215 229
    197 200 135 237 154 193 252 155 177 202 213 223 178 189 141 165 180
    166 142 238 154 190 192 129 177 241 215 236 145 193 195 252 188 167
    136 198 183 249 226 209 226 186 171 168 171 217 206 152 138 240 202
    209 149 220 154 157 193 168 249 246 208 193 165 170 151 205 202 202
    246 143 241 221 236 152 255 251 129 180 231 151 244 245 242 176 139
    216 158 134 159 151 157 159 137 159 191 183 164 179 219 188 128 192
    252 161 168 158 244 168 235 155 164 251 240 149 198 171 195 186 253
    137 229 129 177 208 220 204 180 243 185 181 149 238 169 134 253 147
    198 130 156 245 162 150 158 139 218 160 175 156 128 202 154 210 243
    130 255 226 142 139 243 196 200 198 191 136 167 201 219 149 223 204
    164 147 207 163 175 222 136 209 128 184 196 148 243 252 153 153 177
    195 225 147 168 204 202 244 150 247 253 219 159 191 190 168 139 198
    177 197 200 226 241 159 176 186 224 194 172 172 230 139 148 152 155
    134 238 155 134 180 217 176 247 237 132 232 208 176 222 205 252 222
    239 236 225 140 165 202 206 238 147 199 138 143 208 227 136 151 165
    160 180 250 238 128 234 252 219 240 143 161 227 228 179 150</data></test_img2>
<test_mask type_id="opencv-matrix">
  <rows>30</rows>
  <cols>20</cols>
  <dt>"3u"</dt>
  <data>
    0 0 0 0 0 0 0 0 0 0 0 0 0 0 0 0 0 0 0 0 0 0 0 0 0 0 0 0 0 0 0 0 0 0
    0 0 0 0 0 0 0 0 0 0 0 0 0 0 0 0 0 0 0 0 0 0 0 0 0 0 0 0 0 0 0 0 0 0
    0 0 0 0 0 0 0 0 0 0 0 0 0 0 0 0 0 0 0 0 0 0 0 0 0 0 0 0 0 0 0 0 0 0
    0 0 0 0 0 0 0 0 0 0 0 0 0 0 0 0 0 0 0 0 0 0 0 0 0 0 0 0 0 0 0 0 0 0
    0 0 0 0 0 0 0 0 0 0 0 0 0 0 0 0 0 0 0 0 0 0 0 0 0 0 0 0 0 0 0 0 0 0
    0 0 0 0 0 0 0 0 0 0 0 0 0 0 0 0 0 0 0 0 0 0 0 0 0 0 0 0 0 0 0 0 0 0
    0 0 0 0 0 0 0 0 0 0 0 0 0 0 0 0 0 0 0 0 0 0 0 0 0 0 0 0 0 0 0 0 0 0
    0 0 0 0 0 0 0 0 0 0 0 0 0 0 0 0 0 0 0 0 0 0 0 0 0 0 0 0 0 0 0 0 0 0
    0 0 0 0 0 0 0 0 0 0 0 0 0 0 0 0 0 0 0 0 0 0 0 0 0 0 0 0 0 0 0 0 0 0
    0 0 0 0 0 0 0 0 0 0 0 0 0 0 0 0 0 0 0 0 0 0 0 0 0 0 0 0 0 0 0 0 0 0
    0 0 0 0 0 0 0 0 0 0 0 0 0 0 0 0 0 0 0 0 0 0 0 0 0 0 0 0 0 0 0 0 0 0
    0 0 0 0 0 0 0 0 0 0 0 0 0 0 0 0 0 0 0 0 0 0 0 0 0 0 0 0 0 0 0 0 0 0
    0 0 0 0 0 0 0 0 0 0 0 0 0 0 0 0 0 0 0 0 0 255 255 255 255 255 255
    255 255 255 255 255 255 255 255 255 0 0 0 0 0 0 0 0 0 0 0 0 0 0 0 0
    0 0 0 0 0 0 0 0 0 0 0 0 0 0 0 0 0 0 0 0 0 0 0 0 0 0 0 0 0 255 255
    255 255 255 255 255 255 255 255 255 255 255 255 255 0 0 0 0 0 0 0 0
    0 0 0 0 0 0 0 0 0 0 0 0 0 0 0 0 0 0 0 0 0 0 0 0 0 0 0 0 0 0 0 0 0 0
    0 0 0 255 255 255 255 255 255 255 255 255 255 255 255 255 255 255 0
    0 0 0 0 0 0 0 0 0 0 0 0 0 0 0 0 0 0 0 0 0 0 0 0 0 0 0 0 0 0 0 0 0 0
    0 0 0 0 0 0 0 0 0 0 255 255 255 255 255 255 255 255 255 255 255 255
    255 255 255 0 0 0 0 0 0 0 0 0 0 0 0 0 0 0 0 0 0 0 0 0 0 0 0 0 0 0 0
    0 0 0 0 0 0 0 0 0 0 0 0 0 0 0 0 0 0 0 0 0 0 0 0 0 0 0 0 0 0 0 0 0 0
    0 0 0 0 0 0 0 0 0 0 0 0 0 0 0 0 0 0 0 0 0 0 0 0 0 0 0 0 0 0 0 0 0 0
    0 0 0 0 0 0 0 0 0 0 0 0 0 0 0 0 0 0 0 0 0 0 0 0 0 0 0 0 0 0 0 0 0 0
    0 0 0 0 0 0 0 0 0 0 0 0 0 0 0 0 0 0 0 0 0 0 0 0 0 0 0 0 0 0 0 0 0 0
    0 0 0 0 0 0 0 0 0 0 0 0 0 0 0 0 0 0 0 0 0 0 0 0 0 0 0 0 0 0 0 0 0 0
    0 0 0 0 0 0 0 0 0 0 0 0 0 0 0 0 0 0 0 0 0 0 0 0 0 0 0 0 0 0 0 0 0 0
    0 0 0 0 0 0 0 0 0 0 0 0 0 0 0 0 0 0 0 0 0 0 0 0 0 0 0 0 0 0 0 0 0 0
    0 0 0 0 0 0 0 0 0 0 0 0 0 0 0 0 0 0 0 0 0 0 0 0 0 0 0 0 0 0 0 0 0 0
    0 0 0 0 0 0 0 0 0 0 0 0 0 0 0 0 0 0 0 0 0 0 0 0 0 0 0 0 0 0 0 0 0 0
    0 0 0 0 0 0 0 0 0 0 0 0 0 0 0 0 0 0 0 0 0 0 0 0 0 0 0 0 0 0 0 0 0 0
    0 0 0 0 0 0 0 0 0 0 0 0 0 0 0 0 0 0 0 0 0 0 0 0 0 0 0 0 0 0 0 0 0 0
    0 0 0 0 0 0 0 0 0 0 0 0 0 0 0 0 0 0 0 0 0 0 0 0 0 0 0 0 0 0 0 0 0 0
    0 0 0 0 0 0 0 0 0 0 0 0 0 0 0 0 0 0 0 0 0 0 0 0 0 0 0 0 0 0 0 0 0 0
    0 0 0 0 0 0 0 0 0 0 0 0 0 0 0 0 0 0 0 0 0 0 0 0 0 0 0 0 0 0 0 0 0 0
    0 0 0 0 0 0 0 0 0 0 0 0 0 0 0 0 0 0 0 0 0 0 0 0 0 0 0 0 0 0 0 0 0 0
    0 0 0 0 0 0 0 0 0 0 0 0 0 0 0 0 0 0 0 0 0 0 0 0 0 0 0 0 0 0 0 0 0 0
    0 0 0 0 0 0 0 0 0 0 0 0 0 0 0 0 0 0 0 0 0 0 0 0 0 0 0 0 0 0 0 0 0 0
    0 0 0 0 0 0 0 0 0 0 0 0 0 0 0 0 0 0 0 0 0 0 0 0 0 0 0 0 0 0 0 0 0 0
    0 0 0 0 0 0 0 0 0 0 0 0 0 0 0 0 0 0 0 0 0 0 0 0 0 0 0 0 0 0 0 0 0 0
    0 0 0 0 0 0 0 0 0 0 0 0 0 0 0 0 0 0 0 0 0 0 0 0 0 0 0 0 0 0 0 0 0 0
    0 0 0 0 0 0 0 0 0 0 0 0 0 0 0 0 0 0 0 0 0 0 0 0 0 0 0 0 0 0 0 0 0 0
    0 0 0 0 0 0 0 0 0 0 0 0 0 0 0 0 0 0 0 0 0 0 0 0 0 0 0 0 0 0 0 0 0 0
    0 0 0 0 0 0 0 0 0 0 0 0 0 0 0 0 0 0 0 0 0 0 0 0 0 0 0 0 0 0 0 0 0 0
    0 0 0 0 0 0 0 0 0 0 0 0 0 0 0 0 0 0 0 0 0 0 0 0 0 0 0 0 0 0 0 0 0 0
    0 0 0 0 0 0 0 0 0 0 0 0 0 0 0 0 0 0 0 0 0 0 0 0 0 0 0 0 0 0 0 0 0 0
    0 0 0 0 0 0 0 0 0 0 0 0 0 0 0 0 0 0 0 0 0 0 0 0 0 0 0 0 0 0 0 0 0 0
    0 0 0 0 0 0 0 0 0 0 0 0 0 0 0 0 0 0 0 0 0 0 0 0 0 0 0 0 0 0 0 0 0 0
    0 0 0 0 0 0 0 0 0 0 0 0 0 0 0 0 0 0 0 0 0 0 0 0 0 0 0 0 0 0 0 0 0 0
    0 0 0 0 0 0 0 0 0 0 0 0 0 0 0 0 0 0 0 0 0 0 0 0 0 0 0 0 0 0 0 0 0 0
    0 0 0 0 0 0 0 0 0 0 0 0 0 0 0 0 0 0 0 0 0 0 0 0 0 0 0 0 0 0 0 0 0 0
    0 0 0 0 0 0 0 0 0 0 0 0 0 0 0 0 0 0 0 0 0 0 0 0 0 0 0 0 0 0 0 0 0 0
    0 0 0 0 0 0 0 0 0 0 0 0 0 0 0 0 0 0 0 0 0 0 0 0 0 0 0 0 0 0 0 0 0 0
    0 0 0 0 0 0 0 0 0 0 0 0 0 0 0 0 0 0 0 0 0 0 0 0 0 0 0 0 0 0 0 0 0 0
    0 0 0 0 0 0 0 0 0 0 0 0 0 0 0 0 0 0 0 0 0 0 0 0 0 0</data></test_mask>
<my_img type_id="opencv-matrix">
  <rows>30</rows>
  <cols>20</cols>
  <dt>"3u"</dt>
  <data>
    225 249 214 132 186 192 217 165 235 197 206 251 212 254 147 248 181
    151 247 170 235 218 238 134 130 205 251 163 131 153 244 169 239 140
    250 178 173 165 156 156 253 146 128 239 233 154 200 158 171 213 175
    217 231 242 237 219 251 221 140 253 144 149 225 200 156 165 199 180
    137 242 139 232 219 154 150 171 239 228 165 229 168 142 231 137 130
    230 233 214 202 235 177 236 234 161 192 148 230 146 234 233 253 255
    163 192 238 250 205 204 171 184 209 133 145 151 152 149 246 203 134
    161 217 192 232 176 231 180 231 148 227 142 231 173 233 225 193 216
    150 249 156 201 154 155 148 130 238 232 145 180 159 184 163 142 255
    143 175 187 173 167 231 234 246 131 242 157 153 139 136 133 153 248
    253 131 213 138 147 197 128 177 188 149 231 251 254 195 210 217 205
    153 157 164 131 175 254 132 226 156 222 149 174 146 246 253 138 200
    129 251 185 211 222 131 190 208 255 147 172 212 190 167 161 147 181
    146 139 192 211 175 146 224 129 136 188 180 131 160 143 224 246 252
    225 198 161 234 166 247 229 230 151 130 129 157 187 237 238 226 236
    190 234 136 157 224 159 226 254 250 176 195 232 211 237 170 248 175
    194 247 206 172 162 143 198 171 130 139 140 203 221 247 211 147 240
    141 186 251 221 205 146 198 202 220 255 234 243 210 137 229 140 238
    215 216 222 170 140 135 153 144 169 210 244 164 236 205 182 140 189
    210 153 204 171 142 161 170 182 173 166 142 233 204 244 183 230 198
    253 132 177 152 181 206 251 254 138 216 171 208 160 184 140 139 212
    228 209 252 197 204 175 190 159 199 229 255 240 174 186 182 152 197
    218 189 138 225 185 201 248 235 181 218 164 215 224 199 145 155 241
    231 185 195 246 206 201 218 248 165 142 193 225 142 193 134 147 181
    220 196 155 176 130 255 192 192 196 194 157 161 142 244 244 182 225
    254 174 136 237 28 97 34 77 66 12 117 21 69 8 13 43 78 104 85 154
    243 220 189 223 144 128 145 182 216 136 151 145 208 135 210 150 180
    154 152 150 158 197 177 188 182 191 247 198 208 201 223 243 253 251
    232 197 249 138 255 191 194 232 180 172 111 33 22 104 99 95 6 43 121
    106 19 30 47 25 65 169 171 229 228 233 131 203 149 253 236 191 227
    223 138 137 235 253 200 248 168 199 196 150 139 190 176 180 158 163
    206 226 246 157 165 167 136 255 213 205 167 234 186 139 167 181 52
    68 69 123 60 3 104 39 44 42 116 115 83 97 52 248 139 170 182 183 213
    222 129 225 217 180 175 181 182 207 147 131 213 251 193 207 208 200
    213 192 226 137 168 178 190 208 177 243 251 161 251 196 143 204 233
    196 254 162 156 236 2 47 85 48 104 107 73 69 67 108 15 22 11 29 69
    196 134 232 179 226 223 252 254 185 242 136 247 249 240 226 143 208
    243 136 138 244 193 181 184 180 205 252 240 253 243 159 137 200 163
    236 154 169 201 193 159 185 133 192 234 195 237 250 131 138 129 147
    228 135 255 173 136 205 142 252 246 155 148 244 144 226 191 139 186
    239 188 216 137 201 224 185 189 232 237 174 172 210 225 195 187 232
    191 235 155 250 160 198 159 177 167 154 196 233 200 145 184 171 194
    188 208 243 251 151 237 195 170 241 147 228 168 220 144 134 210 225
    129 172 251 143 145 202 165 190 234 242 158 232 189 167 233 231 132
    151 226 218 191 143 172 133 222 147 154 171 234 197 254 234 159 209
    205 159 145 167 235 179 136 238 244 161 241 158 146 141 236 151 238
    241 134 148 153 242 235 141 131 239 224 243 200 232 247 196 216 227
    157 234 171 220 235 147 182 176 163 165 131 180 159 207 217 254 203
    215 244 205 163 137 228 158 136 198 169 215 187 232 212 200 167 162
    202 205 146 180 216 215 142 239 251 199 211 160 134 188 220 167 173
    253 208 142 130 132 204 242 134 192 133 138 220 222 200 158 238 135
    254 169 184 239 192 142 147 222 189 229 141 207 147 232 234 216 131
    151 240 194 167 219 142 245 151 174 218 200 165 151 187 149 227 249
    139 181 225 217 170 172 219 238 167 192 171 173 193 221 207 203 239
    138 150 186 137 130 235 205 220 253 166 134 250 202 183 150 175 231
    169 155 203 193 166 198 186 150 225 169 179 232 207 150 164 232 179
    252 215 145 249 163 152 220 206 234 224 243 172 165 147 175 177 163
    167 143 219 184 248 137 214 179 193 150 225 183 241 231 255 166 235
    175 157 233 217 128 197 144 153 141 247 161 152 196 251 171 177 225
    207 161 188 195 182 174 158 208 253 178 254 163 152 244 164 176 226
    188 128 197 182 203 197 192 220 167 180 186 172 196 186 177 216 207
    191 225 249 197 190 222 199 235 229 163 252 202 212 218 189 129 163
    141 136 197 240 207 231 152 247 243 239 220 170 254 198 205 208 180
    169 144 238 185 196 215 218 184 207 177 230 139 246 142 162 216 239
    137 186 221 164 238 132 147 134 187 222 156 180 238 136 242 229 234
    229 254 133 159 188 194 205 208 165 253 154 138 182 158 135 150 247
    217 141 157 134 170 224 170 243 204 249 183 191 161 227 148 214 158
    221 219 250 184 159 139 236 238 255 140 231 148 139 156 181 221 233
    182 238 134 188 148 229 168 248 251 244 235 198 172 177 172 199 145
    153 142 179 131 153 243 145 240 139 236 164 211 194 192 146 129 224
    236 159 202 228 206 205 184 205 135 210 143 248 181 179 159 177 225
    195 211 180 231 218 163 205 213 156 156 142 163 165 226 137 232 135
    153 232 210 232 141 140 244 129 212 246 170 224 153 148 159 169 195
    235 154 253 242 255 225 198 148 195 169 145 202 137 218 244 202 175
    251 157 229 209 246 219 155 141 171 209 159 142 227 173 149 253 221
    182 144 226 217 192 251 190 227 139 229 217 214 204 159 159 212 200
    201 225 245 214 180 160 244 225 188 248 160 220 136 221 218 143 191
    204 241 188 149 202 202 140 164 225 130 168 232 144 189 240 238 232
    236 145 210 181 181 234 198 166 247 254 191 136 173 216 238 159 237
    184 201 213 250 137 252 195 167 234 216 243 141 239 216 252 231 184
    161 143 172 213 214 179 145 229 208 186 236 144 130 136 172 145 225
    205 216 167 135 241 229 199 225 135 136 201 144 228 248 212 156 246
    217 230 136 211 203 237 170 166 225 249 156 149 128 129 197 159 228
    135 179 233 148 142 250 199 174 196 170 236 196 150 253 128 199 183
    236 201 255 143 191 236 167 184 238 238 147 216 182 238 253 236 163
    246 229 168 167 171 165 212 141 144 233 187 180 158 151 213 162 157
    208 158 128 225 244 189 216 140 166 182 238 250 185 170 173 147 172
    203 137 233 164 244 219 233 216 156 225 251 228 247 193 159 128 168
    154 196 143 216 205 238 190 242 133 132 189 201 153 220 243 189 234
    161 204 227 215 229 197 200 135 237 154 193 252 155 177 202 213 223
    178 189 141 165 180 166 142 238 154 190 192 129 177 241 215 236 145
    193 195 252 188 167 136 198 183 249 226 209 226 186 171 168 171 217
    206 152 138 240 202 209 149 220 154 157 193 168 249 246 208 193 165
    170 151 205 202 202 246 143 241 221 236 152 255 251 129 180 231 151
    244 245 242 176 139 216 158 134 159 151 157 159 137 159 191 183 164
    179 219 188 128 192 252 161 168 158 244 168 235 155 164 251 240 149
    198 171 195 186 253 137 229 129 177 208 220 204 180 243 185 181 149
    238 169 134 253 147 198 130 156 245 162 150 158 139 218 160 175 156
    128 202 154 210 243 130 255 226 142 139 243 196 200 198 191 136 167
    201 219 149 223 204 164 147 207 163 175 222 136 209 128 184 196 148
    243 252 153 153 177 195 225 147 168 204 202 244 150 247 253 219 159
    191 190 168 139 198 177 197 200 226 241 159 176 186 224 194 172 172
    230 139 148 152 155 134 238 155 134 180 217 176 247 237 132 232 208
    176 222 205 252 222 239 236 225 140 165 202 206 238 147 199 138 143
    208 227 136 151 165 160 180 250 238 128 234 252 219 240 143 161 227
    228 179 150</data></my_img>
<your_img type_id="opencv-matrix">
  <rows>30</rows>
  <cols>20</cols>
  <dt>"3u"</dt>
  <data>
    93 55 119 77 127 30 14 62 24 30 106 13 73 82 48 65 107 18 96 101 51
    99 62 90 83 119 121 118 29 65 36 82 113 72 85 33 127 30 125 8 51 77
    62 102 82 93 45 7 23 93 2 112 17 15 82 126 66 47 90 118 97 86 90 39
    15 69 104 114 85 67 88 77 113 115 90 55 31 42 25 76 61 45 101 112 5
    101 92 4 103 62 23 44 2 45 57 95 5 72 3 49 90 105 99 105 42 56 77 97
    33 122 119 99 116 111 17 32 104 58 118 76 55 90 22 24 21 98 114 18
    95 100 58 35 5 59 124 62 110 7 22 45 87 34 107 30 76 74 52 7 16 65
    44 88 98 89 112 25 14 55 15 59 82 88 45 6 29 6 96 44 67 31 20 74 114
    37 23 22 12 57 19 91 121 67 52 115 69 53 60 24 84 61 115 58 17 58 26
    62 89 21 11 99 7 87 108 89 5 15 71 114 67 34 57 119 11 7 119 37 74
    102 49 90 54 3 35 34 119 8 41 114 72 10 100 5 24 95 79 78 63 108 39
    26 9 91 88 64 63 10 9 8 125 27 83 28 86 77 27 71 24 36 109 28 104 12
    49 52 104 47 48 11 6 34 108 102 41 58 104 93 108 107 25 92 94 69 2
    115 33 52 44 123 56 30 59 117 88 91 9 52 31 23 43 0 67 88 109 108
    124 64 15 93 10 17 4 62 58 91 37 90 64 74 38 87 113 40 96 83 0 42 8
    77 26 34 9 82 58 47 64 29 0 69 101 49 94 84 87 1 95 78 95 114 112 59
    58 87 31 73 114 77 122 87 117 24 98 28 5 93 26 92 3 82 102 85 48 2
    96 84 11 111 106 104 82 52 113 43 16 14 105 124 27 87 59 29 91 11 70
    44 16 45 127 19 84 17 96 52 125 1 36 106 73 68 85 91 106 101 115 74
    111 126 46 34 69 23 62 116 41 52 9 70 22 120 10 196 143 184 254 181
    236 139 168 129 255 140 138 173 134 206 123 7 7 79 98 63 24 114 46
    97 104 1 33 38 113 39 120 83 35 40 58 16 33 75 90 112 25 91 12 80
    114 4 80 119 54 12 11 39 26 61 114 45 45 6 43 191 131 175 139 204
    129 151 203 162 194 169 167 158 234 255 18 6 29 90 8 88 60 61 78 114
    70 50 52 18 86 61 14 53 19 59 78 100 126 50 8 3 85 78 31 40 109 31
    100 127 125 32 81 99 22 114 35 79 57 42 107 163 144 230 212 134 163
    231 142 249 194 133 230 237 255 218 54 7 42 67 1 61 86 124 44 112 35
    13 38 108 78 29 70 28 119 120 90 61 8 66 79 107 8 56 105 46 73 39 5
    73 77 2 43 4 23 39 37 92 1 67 114 178 219 150 134 154 236 199 172
    189 167 187 247 236 200 166 36 90 32 85 36 50 55 121 59 78 43 111
    124 9 34 113 76 77 85 39 109 97 39 80 42 113 47 70 93 86 82 27 60 90
    52 51 119 66 106 127 98 53 28 2 37 126 33 98 61 99 95 97 33 8 20 48
    15 25 120 123 47 54 51 87 14 54 114 47 19 17 44 88 64 7 126 75 48 50
    45 31 63 1 3 118 118 59 113 54 59 76 59 33 41 74 105 118 98 114 81
    65 5 93 0 67 113 37 69 14 42 72 27 110 73 102 115 123 69 65 26 94
    110 29 39 83 97 108 59 14 74 94 106 29 127 105 87 16 46 93 30 63 43
    122 53 17 115 110 36 1 73 86 37 127 18 78 20 2 94 123 81 13 27 91 10
    118 74 109 81 58 93 37 36 125 64 108 108 97 51 31 101 42 87 26 65 13
    59 116 13 58 122 107 46 26 112 106 100 38 39 104 14 81 87 33 124 108
    102 79 19 86 105 42 116 60 64 104 64 118 47 79 52 105 109 118 29 31
    38 125 74 62 4 6 121 42 41 43 18 59 74 122 82 8 88 58 126 58 113 123
    9 89 29 79 84 86 123 9 98 17 55 125 49 62 1 67 18 13 103 38 74 69 51
    19 102 92 17 23 85 31 79 93 8 82 30 94 60 13 92 54 102 54 91 114 125
    57 27 69 70 117 23 20 125 30 7 1 91 91 3 73 89 106 11 106 8 108 125
    15 126 115 72 116 113 74 86 59 75 54 59 28 92 101 83 116 5 49 26 43
    59 12 0 46 32 45 89 70 27 100 11 49 14 42 55 5 0 14 8 36 7 103 69
    125 70 38 87 125 27 2 8 74 18 1 7 116 123 69 13 107 74 24 72 3 25 68
    8 53 51 27 122 71 52 17 113 112 22 119 82 44 122 4 58 47 68 92 45
    124 105 1 83 106 42 44 19 20 18 102 100 36 126 52 27 125 24 62 77 52
    2 11 120 60 26 41 72 29 35 35 17 48 66 16 68 48 31 78 122 115 99 31
    11 64 4 54 107 21 101 101 43 108 66 79 59 52 117 36 108 111 41 65 99
    48 85 96 55 42 109 17 99 122 47 33 48 62 110 63 122 101 125 60 4 115
    77 116 15 76 70 26 102 102 66 20 71 58 107 71 120 51 6 21 37 127 32
    7 120 51 63 47 80 0 35 13 31 124 122 83 103 30 35 65 52 93 30 89 1
    11 99 25 99 77 1 37 11 93 67 27 10 7 5 107 40 88 117 83 37 73 3 78
    36 48 19 123 115 108 97 117 72 102 18 119 112 104 82 88 95 78 31 126
    7 37 60 79 45 54 49 62 76 56 105 98 113 69 97 69 28 85 96 66 42 70
    46 123 22 63 91 58 123 73 88 21 74 21 90 29 47 63 46 52 82 123 102
    75 27 60 121 15 105 60 66 106 75 112 33 54 120 95 113 14 69 28 4 9
    80 100 101 103 4 68 83 42 27 35 79 18 33 16 92 125 44 55 104 83 27
    103 3 14 7 17 8 53 106 35 59 109 121 31 32 63 10 123 33 118 89 30 98
    96 30 0 87 115 126 11 1 113 94 32 83 42 126 108 27 116 114 75 97 49
    108 42 64 45 123 104 17 122 96 35 61 60 25 20 17 42 25 29 51 67 104
    73 99 18 6 15 34 48 28 123 63 66 84 44 40 116 33 112 114 110 97 31
    57 64 110 115 8 90 76 27 114 45 84 107 6 22 99 125 48 109 114 12 63
    10 57 22 109 8 17 35 83 111 107 49 42 38 100 58 39 8 110 75 108 5 94
    88 50 13 31 60 45 126 116 18 67 104 57 91 121 3 116 28 124 110 57
    102 123 4 47 33 54 85 42 118 46 71 47 102 44 123 117 114 5 14 32 58
    54 33 101 105 66 68 37 69 60 20 26 91 96 55 41 7 58 114 75 82 6 105
    114 51 76 104 14 94 114 41 121 59 113 41 87 76 23 66 54 54 53 113 94
    33 16 21 58 105 23 113 85 98 0 66 70 27 113 78 33 16 8 97 0 100 111
    73 88 20 107 8 36 34 60 97 58 68 50 93 120 66 59 63 3 103 31 47 91
    96 81 81 32 94 85 82 71 86 23 102 40 60 105 41 48 80 57 115 49 102
    105 45 72 48 18 73 35 48 36 99 2 29 5 23 24 127 17 5 89 19 53 70 47
    1 13 105 122 42 79 15 19 69 60 14 109 58 104 111 4 10 107 43 7 53 99
    117 26 57 58 40 8 22 68 106 51 113 41 5 5 11 44 5 10 74 60 0 7 54 45
    22 63 21 61 32 88 77 111 12 84 86 91 15 101 71 96 54 122 39 79 115
    41 38 65 107 69 102 3 15 100 42 71 83 82 123 4 67 124 23 82 42 40
    106 71 15 104 80 89 59 104 4 30 117 28 114 82 90 11 93 84 65 89 81
    99 46 39 54 109 1 89 24 32 101 43 38 39 101 101 65 38 92 125 54 104
    86 77 15 25 89 49 7 68 14 49 50 19 22 87 41 46 87 105 83 77 107 56
    43 40 43 13 9 111 35 40 76 126 80 20 30 105 106 99 50 105 3 12 33 69
    2 126 47 61 23 83 28 124 10 34 13 17 123 95 52 24 56 58 70 111 33 72
    3 99 86 74 63 29 38 124 19 62 22 112 78 66 62 62 1 14 118 79 49 95 6</data></your_img>
</opencv_storage>
