<?xml version="1.0"?>
<opencv_storage>
<L2_diff>1.3631214179228496e+02</L2_diff>
<hue>60</hue>
<sensitivity>10</sensitivity>
<test_foreg type_id="opencv-matrix">
  <rows>30</rows>
  <cols>20</cols>
  <dt>"3u"</dt>
  <data>
    52 67 19 232 85 209 119 195 242 43 153 181 90 198 20 82 10 231 195
    237 105 87 14 231 29 172 196 179 187 10 112 103 253 197 222 216 222
    185 213 212 50 159 41 151 243 76 226 107 112 186 251 164 89 137 28
    149 221 126 30 129 102 252 59 183 87 209 66 197 143 77 169 9 37 231
    21 55 252 189 183 98 119 187 20 0 27 201 81 207 203 102 176 95 21 21
    164 177 213 134 133 73 217 147 9 181 102 64 63 168 155 16 8 97 25
    134 8 202 150 190 111 198 6 188 229 241 34 13 151 32 153 28 235 197
    123 175 127 8 240 48 11 205 21 134 170 233 78 248 131 48 78 234 246
    123 215 44 127 188 26 202 109 84 173 210 161 100 58 101 61 69 29 17
    103 237 23 129 236 178 175 144 8 102 81 190 219 28 233 81 15 204 182
    83 153 225 44 5 8 203 211 156 232 200 198 195 138 146 161 78 174 35
    202 11 241 172 195 69 73 178 67 120 136 7 53 188 54 63 19 235 68 83
    254 52 147 102 211 173 127 90 125 100 154 123 181 92 105 179 59 202
    94 97 116 53 104 16 113 226 181 214 48 143 100 251 16 133 82 66 88
    12 102 179 79 224 186 2 144 151 115 201 248 81 54 97 229 247 51 253
    84 239 132 52 45 223 243 176 164 231 213 239 20 137 227 163 156 177
    100 105 74 69 239 130 129 247 141 200 179 196 249 27 74 24 91 65 188
    116 74 141 147 177 177 105 208 229 204 124 197 185 142 145 8 214 234
    233 182 194 15 237 189 103 137 120 154 27 225 93 246 150 64 40 17 89
    122 94 96 151 112 139 177 244 45 153 54 155 50 248 185 100 212 90 16
    245 116 161 156 1 91 176 190 171 34 55 155 3 139 142 75 82 111 148
    199 46 219 75 81 97 144 148 196 61 196 87 240 220 217 244 117 72 31
    5 242 193 120 102 84 188 61 227 134 50 72 220 200 221 177 161 191
    125 139 67 164 30 225 43 175 121 128 113 229 96 177 194 90 232 209
    81 91 236 255 121 245 7 35 94 184 48 11 253 239 77 216 206 46 247
    200 101 141 52 87 222 204 119 33 82 91 26 114 25 159 250 175 18 171
    29 153 150 1 101 168 31 185 243 235 192 195 8 178 25 109 25 105 165
    128 250 173 13 125 14 146 22 170 213 85 19 90 43 180 77 27 112 179
    163 115 153 91 211 149 212 246 119 201 254 121 153 242 128 23 12 173
    206 42 80 35 189 229 47 34 62 120 120 159 254 137 157 153 191 206
    170 140 87 151 151 10 36 219 67 24 108 245 134 8 153 24 74 163 61
    251 83 86 158 157 203 99 160 253 128 209 168 190 68 220 14 64 235
    166 97 13 1 168 80 67 243 220 87 47 35 104 244 220 89 113 87 220 252
    82 106 95 106 246 237 57 157 62 51 250 209 7 7 80 58 185 90 47 136
    74 13 2 102 30 187 125 64 4 40 147 163 81 225 190 67 109 47 37 0 184
    177 79 232 86 40 67 225 2 143 169 227 212 49 220 114 160 143 207 35
    38 61 104 114 142 6 204 198 178 122 100 70 108 128 244 253 10 141 13
    248 55 30 204 73 21 255 187 121 224 24 184 218 56 220 251 81 53 194
    224 223 27 95 109 28 30 83 203 208 56 215 8 105 133 187 211 134 128
    84 95 137 237 76 165 137 185 5 190 88 174 251 163 25 112 45 156 64
    119 75 25 179 24 67 28 224 142 192 161 31 52 78 13 150 157 177 59
    191 55 178 41 237 226 104 134 64 125 156 104 37 136 163 239 195 32
    150 88 118 114 231 100 145 121 63 67 139 5 6 241 213 28 204 4 107 2
    68 121 51 101 147 78 252 149 9 215 141 142 150 112 91 160 59 28 67
    47 234 52 143 130 74 70 121 94 231 107 188 17 131 108 140 64 225 210
    226 128 112 68 96 220 88 162 197 170 175 50 220 34 208 101 222 42
    231 92 13 94 248 5 222 165 92 95 55 106 47 117 134 200 239 177 34
    154 134 72 111 132 199 109 214 115 167 215 57 191 116 106 21 33 169
    102 252 222 204 77 59 109 205 167 214 208 58 84 166 120 113 96 219
    189 158 120 171 233 9 88 85 231 204 227 47 79 193 190 126 44 164 22
    1 247 154 27 78 175 198 216 37 248 132 28 8 39 121 68 118 126 115
    253 185 228 218 65 54 30 78 176 8 108 226 23 3 165 142 127 188 221
    72 192 166 34 142 221 156 191 67 176 90 93 251 51 1 186 254 16 114 8
    137 28 232 99 39 176 1 112 240 142 170 137 197 195 157 111 102 37
    217 233 164 96 72 140 3 132 16 43 206 69 249 82 147 14 48 139 207
    113 38 84 225 131 109 56 15 62 64 76 32 74 235 214 173 98 172 234
    157 232 224 133 240 231 241 110 221 230 7 248 198 76 143 18 73 163
    136 201 172 6 114 175 126 11 203 250 82 20 132 223 84 77 101 50 242
    204 71 101 203 52 124 201 82 51 112 239 220 237 202 146 142 89 61
    199 180 88 82 170 247 214 5 117 189 220 78 168 87 88 111 238 194 42
    34 8 206 152 211 228 6 191 240 246 220 108 166 111 110 178 51 146
    232 96 92 153 51 201 243 221 239 11 153 114 28 4 164 248 167 160 3
    182 15 80 122 197 135 130 238 239 84 177 131 66 64 224 14 115 110
    142 141 175 182 0 65 166 215 2 215 200 103 100 160 154 99 198 50 81
    109 179 2 31 91 116 14 80 9 8 7 160 153 158 58 248 102 204 116 56 22
    174 107 109 117 111 176 72 12 2 229 65 252 163 45 138 173 6 29 199
    78 151 72 195 176 126 160 64 222 175 241 1 231 51 193 32 160 249 89
    142 191 230 47 233 127 73 38 253 127 32 76 178 133 39 71 100 100 223
    176 173 127 40 38 106 24 12 214 142 160 0 225 251 230 159 234 139
    104 135 218 80 214 113 44 69 152 236 211 133 234 52 66 235 68 255
    104 2 58 168 175 72 84 80 135 93 153 201 129 102 71 73 97 97 171 110
    3 161 72 207 113 224 40 34 118 38 53 161 80 49 29 194 212 68 57 30
    86 4 67 96 211 99 196 43 45 65 140 254 185 9 51 251 91 210 30 32 184
    12 138 12 252 118 189 96 253 240 150 128 51 192 41 41 88 75 52 242
    212 156 192 161 215 189 54 177 78 52 81 180 252 29 113 141 66 240
    226 116 47 131 45 237 167 22 108 31 145 72 19 72 94 102 248 183 153
    224 80 198 114 33 17 54 169 216 247 39 35 205 124 166 182 139 147 78
    245 246 6 116 160 200 67 164 23 48 31 113 124 28 196 55 223 73 227
    148 36 234 102 34 129 30 206 51 128 75 244 86 81 244 121 165 16 15
    128 140 86 228 58 216 210 5 3 66 141 7 187 111 110 24 240 100 221 87
    62 202 111 123 174 27 10 56 252 58 158 240 211 108 89 113 105 182
    213 27 99 109 165 197 240 123 30 160 132 217 215 202 171 184 77 104
    254 171 59 0 77 16 127 222 102 71 113 111 31 107 229 98 95 129 21
    102 52 135 38 140 37 128 148 104 32 87 94 108 101 136 170 141 125
    156 89 77 202 187 39 209 119 106 228 186 67 117 51 232 69 11 20 113
    202 119 74 170 125 54 153 11 35 198 243 217 88 146 1 127 177 222 169
    168 53 30 121 8 220 255 2 150 241 128 107 36 13 73 215 195 247 10 45
    157 41 255 177 71 30 96 34 190 230 138 107 181 29 192 228 99 88 210
    74 108 125 149 202 142 246 121 127 54 134 129 38 75 215 221 106 184
    108 184 191 176 197 40 56 193 234 68 214 207 53 110 249 91 248 213
    242 77 107 172 115 53 97 169 29 52 247 107 93 92 50 96 185 200 68
    119 80 253 30 61 165 255 131 169 29 243 228 167 218 142 122 169 84
    64 125 254 101 176 201 57 139 76 187 120 78 112 41 220 255 227 81 72
    33 45 158 119 75 195 225 48 218 123 203 98 45 244 228 102 9 135 63
    158 12 8 178 22 36 174 121 240 203 207 246 67 155 10 38 206 99 72
    163 201 65 2 164 133 238</data></test_foreg>
<test_backg type_id="opencv-matrix">
  <rows>30</rows>
  <cols>20</cols>
  <dt>"3u"</dt>
  <data>
    128 128 128 128 128 128 128 128 128 128 128 128 128 128 128 128 128
    128 128 128 128 128 128 128 128 128 128 128 128 128 128 128 128 128
    128 128 128 128 128 128 128 128 128 128 128 128 128 128 128 128 128
    128 128 128 128 128 128 128 128 128 128 128 128 128 128 128 128 128
    128 128 128 128 128 128 128 128 128 128 128 128 128 128 128 128 128
    128 128 128 128 128 128 128 128 128 128 128 128 128 128 128 128 128
    128 128 128 128 128 128 128 128 128 128 128 128 128 128 128 128 128
    128 128 128 128 128 128 128 128 128 128 128 128 128 128 128 128 128
    128 128 128 128 128 128 128 128 128 128 128 128 128 128 128 128 128
    128 128 128 128 128 128 128 128 128 128 128 128 128 128 128 128 128
    128 128 128 128 128 128 128 128 128 128 128 128 128 128 128 128 128
    128 128 128 128 128 128 128 128 128 128 128 128 128 128 128 128 128
    128 128 128 128 128 128 128 128 128 128 128 128 128 128 128 128 128
    128 128 128 128 128 128 128 128 128 128 128 128 128 128 128 128 128
    128 128 128 128 128 128 128 128 128 128 128 128 128 128 128 128 128
    128 128 128 128 128 128 128 128 128 128 128 128 128 128 128 128 128
    128 128 128 128 128 128 128 128 128 128 128 128 128 128 128 128 128
    128 128 128 128 128 128 128 128 128 128 128 128 128 128 128 128 128
    128 128 128 128 128 128 128 128 128 128 128 128 128 128 128 128 128
    128 128 128 128 128 128 128 128 128 128 128 128 128 128 128 128 128
    128 128 128 128 128 128 128 128 128 128 128 128 128 128 128 128 128
    128 128 128 128 128 128 128 128 128 128 128 128 128 128 128 128 128
    128 128 128 128 128 128 128 128 128 128 128 128 128 128 128 128 128
    128 128 128 128 128 128 128 128 128 128 128 128 128 128 128 128 128
    128 128 128 128 128 128 128 128 128 128 128 128 128 128 128 128 128
    128 128 128 128 128 128 128 128 128 128 128 128 128 128 128 128 128
    128 128 128 128 128 128 128 128 128 128 128 128 128 128 128 128 128
    128 128 128 128 128 128 128 128 128 128 128 128 128 128 128 128 128
    128 128 128 128 128 128 128 128 128 128 128 128 128 128 128 128 128
    128 128 128 128 128 128 128 128 128 128 128 128 128 128 128 128 128
    128 128 128 128 128 128 128 128 128 128 128 128 128 128 128 128 128
    128 128 128 128 128 128 128 128 128 128 128 128 128 128 128 128 128
    128 128 128 128 128 128 128 128 128 128 128 128 128 128 128 128 128
    128 128 128 128 128 128 128 128 128 128 128 128 128 128 128 128 128
    128 128 128 128 128 128 128 128 128 128 128 128 128 128 128 128 128
    128 128 128 128 128 128 128 128 128 128 128 128 128 128 128 128 128
    128 128 128 128 128 128 128 128 128 128 128 128 128 128 128 128 128
    128 128 128 128 128 128 128 128 128 128 128 128 128 128 128 128 128
    128 128 128 128 128 128 128 128 128 128 128 128 128 128 128 128 128
    128 128 128 128 128 128 128 128 128 128 128 128 128 128 128 128 128
    128 128 128 128 128 128 128 128 128 128 128 128 128 128 128 128 128
    128 128 128 128 128 128 128 128 128 128 128 128 128 128 128 128 128
    128 128 128 128 128 128 128 128 128 128 128 128 128 128 128 128 128
    128 128 128 128 128 128 128 128 128 128 128 128 128 128 128 128 128
    128 128 128 128 128 128 128 128 128 128 128 128 128 128 128 128 128
    128 128 128 128 128 128 128 128 128 128 128 128 128 128 128 128 128
    128 128 128 128 128 128 128 128 128 128 128 128 128 128 128 128 128
    128 128 128 128 128 128 128 128 128 128 128 128 128 128 128 128 128
    128 128 128 128 128 128 128 128 128 128 128 128 128 128 128 128 128
    128 128 128 128 128 128 128 128 128 128 128 128 128 128 128 128 128
    128 128 128 128 128 128 128 128 128 128 128 128 128 128 128 128 128
    128 128 128 128 128 128 128 128 128 128 128 128 128 128 128 128 128
    128 128 128 128 128 128 128 128 128 128 128 128 128 128 128 128 128
    128 128 128 128 128 128 128 128 128 128 128 128 128 128 128 128 128
    128 128 128 128 128 128 128 128 128 128 128 128 128 128 128 128 128
    128 128 128 128 128 128 128 128 128 128 128 128 128 128 128 128 128
    128 128 128 128 128 128 128 128 128 128 128 128 128 128 128 128 128
    128 128 128 128 128 128 128 128 128 128 128 128 128 128 128 128 128
    128 128 128 128 128 128 128 128 128 128 128 128 128 128 128 128 128
    128 128 128 128 128 128 128 128 128 128 128 128 128 128 128 128 128
    128 128 128 128 128 128 128 128 128 128 128 128 128 128 128 128 128
    128 128 128 128 128 128 128 128 128 128 128 128 128 128 128 128 128
    128 128 128 128 128 128 128 128 128 128 128 128 128 128 128 128 128
    128 128 128 128 128 128 128 128 128 128 128 128 128 128 128 128 128
    128 128 128 128 128 128 128 128 128 128 128 128 128 128 128 128 128
    128 128 128 128 128 128 128 128 128 128 128 128 128 128 128 128 128
    128 128 128 128 128 128 128 128 128 128 128 128 128 128 128 128 128
    128 128 128 128 128 128 128 128 128 128 128 128 128 128 128 128 128
    128 128 128 128 128 128 128 128 128 128 128 128 128 128 128 128 128
    128 128 128 128 128 128 128 128 128 128 128 128 128 128 128 128 128
    128 128 128 128 128 128 128 128 128 128 128 128 128 128 128 128 128
    128 128 128 128 128 128 128 128 128 128 128 128 128 128 128 128 128
    128 128 128 128 128 128 128 128 128 128 128 128 128 128 128 128 128
    128 128 128 128 128 128 128 128 128 128 128 128 128 128 128 128 128
    128 128 128 128 128 128 128 128 128 128 128 128 128 128 128 128 128
    128 128 128 128 128 128 128 128 128 128 128 128 128 128 128 128 128
    128 128 128 128 128 128 128 128 128 128 128 128 128 128 128 128 128
    128 128 128 128 128 128 128 128 128 128 128 128 128 128 128 128 128
    128 128 128 128 128 128 128 128 128 128 128 128 128 128 128 128 128
    128 128 128 128 128 128 128 128 128 128 128 128 128 128 128 128 128
    128 128 128 128 128 128 128 128 128 128 128 128 128 128 128 128 128
    128 128 128 128 128 128 128 128 128 128 128 128 128 128 128 128 128
    128 128 128 128 128 128 128 128 128 128 128 128 128 128 128 128 128
    128 128 128 128 128 128 128 128 128 128 128 128 128 128 128 128 128
    128 128 128 128 128 128 128 128 128 128 128 128 128 128 128 128 128
    128 128 128 128 128 128 128 128 128 128 128 128 128 128 128 128 128
    128 128 128 128 128 128 128 128 128 128 128 128 128 128 128 128 128
    128 128 128 128 128 128 128 128 128 128 128 128 128 128 128 128 128
    128 128 128 128 128 128 128 128 128 128 128 128 128 128 128 128 128
    128 128 128 128 128 128 128 128 128 128 128 128 128 128 128 128 128
    128 128 128 128 128 128 128 128 128 128 128 128 128 128 128 128 128
    128 128 128 128 128 128 128 128 128 128 128 128 128 128 128 128 128
    128 128 128 128 128 128 128 128 128 128 128 128 128 128 128 128 128
    128 128 128 128 128 128 128 128 128 128 128 128 128 128 128 128 128
    128 128 128 128 128 128 128 128 128 128 128 128 128 128 128 128 128
    128 128 128 128 128 128 128 128 128 128 128 128 128 128 128 128 128
    128 128 128 128 128 128 128 128 128 128 128 128 128 128 128 128 128
    128 128 128 128 128 128 128 128 128 128 128 128 128 128 128 128 128
    128 128 128 128 128 128 128 128 128 128 128 128 128 128 128 128 128
    128 128 128 128 128 128 128 128 128 128 128 128 128 128 128 128 128
    128 128 128 128 128 128 128 128 128 128 128 128 128 128 128 128 128
    128 128 128 128 128 128 128 128 128 128 128 128 128 128 128 128 128
    128 128 128 128 128 128 128 128 128 128 128 128 128 128 128 128 128
    128 128 128 128 128 128 128 128 128 128 128 128 128 128 128 128 128
    128 128 128 128 128 128 128 128 128 128 128 128 128 128 128 128 128
    128 128 128 128 128 128 128 128 128 128 128 128 128 128 128</data></test_backg>
<my_img type_id="opencv-matrix">
  <rows>30</rows>
  <cols>20</cols>
  <dt>"3u"</dt>
  <data>
    52 67 19 232 85 209 119 195 242 43 153 181 90 198 20 82 10 231 195
    237 105 87 14 231 29 172 196 179 187 10 112 103 253 197 222 216 222
    185 213 212 50 159 41 151 243 128 128 128 112 186 251 164 89 137 28
    149 221 126 30 129 128 128 128 183 87 209 66 197 143 77 169 9 128
    128 128 55 252 189 183 98 119 187 20 0 128 128 128 207 203 102 176
    95 21 21 164 177 213 134 133 73 217 147 9 181 102 64 63 168 155 16 8
    97 25 134 8 202 150 190 111 198 6 188 229 241 34 13 151 32 153 28
    235 197 128 128 128 128 128 128 128 128 128 134 170 233 128 128 128
    48 78 234 246 123 215 44 127 188 26 202 109 84 173 210 161 100 58
    101 61 69 29 17 103 237 23 129 236 178 175 144 8 102 81 190 219 128
    128 128 15 204 182 83 153 225 44 5 8 203 211 156 232 200 198 195 138
    146 161 78 174 128 128 128 241 172 195 69 73 178 67 120 136 7 53 188
    54 63 19 235 68 83 254 52 147 102 211 173 127 90 125 100 154 123 181
    92 105 179 59 202 94 97 116 53 104 16 113 226 181 214 48 143 100 251
    16 133 82 66 88 12 102 179 79 224 186 2 144 151 115 201 248 81 54 97
    229 247 128 128 128 239 132 52 45 223 243 176 164 231 213 239 20 128
    128 128 156 177 100 105 74 69 239 130 129 247 141 200 179 196 249
    128 128 128 91 65 188 116 74 141 147 177 177 105 208 229 204 124 197
    185 142 145 8 214 234 233 182 194 15 237 189 103 137 120 154 27 225
    93 246 150 64 40 17 128 128 128 128 128 128 139 177 244 128 128 128
    155 50 248 185 100 212 90 16 245 116 161 156 1 91 176 190 171 34 128
    128 128 139 142 75 82 111 148 199 46 219 75 81 97 144 148 196 128
    128 128 240 220 217 244 117 72 31 5 242 193 120 102 128 128 128 227
    134 50 72 220 200 221 177 161 191 125 139 128 128 128 225 43 175 121
    128 113 229 96 177 194 90 232 209 81 91 236 255 121 245 7 35 128 128
    128 11 253 239 77 216 206 46 247 200 101 141 52 87 222 204 119 33 82
    91 26 114 25 159 250 175 18 171 29 153 150 1 101 168 31 185 243 235
    192 195 128 128 128 109 25 105 165 128 250 173 13 125 128 128 128
    170 213 85 128 128 128 180 77 27 112 179 163 115 153 91 211 149 212
    246 119 201 254 121 153 242 128 23 12 173 206 128 128 128 189 229 47
    34 62 120 120 159 254 137 157 153 191 206 170 140 87 151 151 10 36
    219 67 24 128 128 128 128 128 128 128 128 128 251 83 86 158 157 203
    99 160 253 128 209 168 190 68 220 14 64 235 166 97 13 1 168 80 67
    243 220 87 47 35 104 244 220 128 128 128 220 252 82 106 95 106 246
    237 57 157 62 51 250 209 7 7 80 58 185 90 47 136 74 13 128 128 128
    187 125 64 4 40 147 163 81 225 190 67 109 47 37 0 184 177 79 232 86
    40 128 128 128 143 169 227 212 49 220 114 160 143 207 35 38 61 104
    114 142 6 204 198 178 122 100 70 108 128 244 253 128 128 128 248 55
    30 204 73 21 255 187 121 224 24 184 218 56 220 251 81 53 194 224 223
    27 95 109 28 30 83 203 208 56 215 8 105 133 187 211 134 128 84 95
    137 237 76 165 137 185 5 190 88 174 251 163 25 112 128 128 128 119
    75 25 179 24 67 28 224 142 192 161 31 52 78 13 150 157 177 128 128
    128 178 41 237 226 104 134 64 125 156 104 37 136 163 239 195 32 150
    88 118 114 231 100 145 121 63 67 139 5 6 241 213 28 204 128 128 128
    128 128 128 128 128 128 252 149 9 215 141 142 150 112 91 160 59 28
    67 47 234 52 143 130 74 70 121 128 128 128 188 17 131 108 140 64 225
    210 226 128 112 68 128 128 128 128 128 128 175 50 220 34 208 101 222
    42 231 92 13 94 248 5 222 165 92 95 128 128 128 117 134 200 239 177
    34 154 134 72 111 132 199 128 128 128 167 215 57 191 116 106 21 33
    169 102 252 222 204 77 59 109 205 167 214 208 58 84 166 120 113 96
    219 189 158 120 171 233 9 88 85 231 204 227 47 79 193 190 126 44 164
    22 1 247 154 27 78 175 198 216 37 248 132 28 8 39 121 68 118 126 115
    253 185 228 218 65 54 30 78 176 8 108 226 23 3 165 142 127 188 221
    72 192 166 34 142 221 156 191 67 176 90 93 251 51 1 186 254 16 114 8
    137 128 128 128 128 128 128 128 128 128 170 137 197 195 157 111 102
    37 217 233 164 96 72 140 3 132 16 43 206 69 249 82 147 14 48 139 207
    113 38 84 225 131 109 56 15 62 64 76 32 74 235 214 173 98 172 234
    157 232 224 133 240 231 241 110 221 230 7 248 198 76 143 18 73 163
    136 201 172 6 114 175 126 11 203 250 82 20 132 223 84 77 101 50 242
    204 71 101 203 52 124 201 82 51 112 239 220 237 202 146 142 89 61
    199 180 88 82 170 247 214 5 117 189 220 78 168 87 88 111 238 194 42
    34 8 206 152 211 228 6 191 240 246 220 108 166 111 110 178 51 146
    232 96 92 153 51 201 243 221 239 11 153 114 28 4 164 248 167 160 128
    128 128 80 122 197 135 130 238 239 84 177 131 66 64 224 14 115 110
    142 141 175 182 0 65 166 215 2 215 200 103 100 160 154 99 198 50 81
    109 179 2 31 91 116 14 80 9 8 7 160 153 158 58 248 128 128 128 56 22
    174 107 109 117 111 176 72 12 2 229 65 252 163 45 138 173 6 29 199
    128 128 128 195 176 126 160 64 222 175 241 1 231 51 193 32 160 249
    89 142 191 230 47 233 127 73 38 253 127 32 76 178 133 39 71 100 100
    223 176 173 127 40 128 128 128 12 214 142 160 0 225 251 230 159 234
    139 104 135 218 80 214 113 44 69 152 236 211 133 234 52 66 235 128
    128 128 2 58 168 175 72 84 128 128 128 128 128 128 102 71 73 97 97
    171 110 3 161 128 128 128 224 40 34 118 38 53 161 80 49 29 194 212
    68 57 30 86 4 67 128 128 128 196 43 45 65 140 254 185 9 51 251 91
    210 30 32 184 128 128 128 252 118 189 96 253 240 150 128 51 192 41
    41 88 75 52 242 212 156 192 161 215 189 54 177 78 52 81 180 252 29
    113 141 66 240 226 116 128 128 128 237 167 22 108 31 145 72 19 72 94
    102 248 183 153 224 128 128 128 33 17 54 169 216 247 39 35 205 124
    166 182 139 147 78 245 246 6 116 160 200 128 128 128 48 31 113 124
    28 196 128 128 128 227 148 36 234 102 34 129 30 206 128 128 128 244
    86 81 244 121 165 16 15 128 140 86 228 58 216 210 5 3 66 141 7 187
    111 110 24 240 100 221 87 62 202 111 123 174 27 10 56 252 58 158 240
    211 108 89 113 105 182 213 27 99 109 165 197 240 123 30 160 132 217
    215 202 171 184 77 104 254 171 59 0 77 16 127 222 102 71 113 111 31
    107 229 98 95 129 21 102 128 128 128 140 37 128 148 104 32 87 94 108
    101 136 170 141 125 156 89 77 202 187 39 209 119 106 228 186 67 117
    128 128 128 11 20 113 202 119 74 170 125 54 153 11 35 198 243 217 88
    146 1 127 177 222 169 168 53 128 128 128 220 255 2 128 128 128 107
    36 13 73 215 195 247 10 45 157 41 255 177 71 30 96 34 190 230 138
    107 181 29 192 228 99 88 210 74 108 125 149 202 128 128 128 127 54
    134 129 38 75 215 221 106 184 108 184 191 176 197 40 56 193 234 68
    214 207 53 110 249 91 248 213 242 77 128 128 128 53 97 169 29 52 247
    107 93 92 50 96 185 200 68 119 128 128 128 61 165 255 131 169 29 243
    228 167 218 142 122 169 84 64 128 128 128 176 201 57 139 76 187 120
    78 112 41 220 255 227 81 72 33 45 158 119 75 195 225 48 218 128 128
    128 45 244 228 102 9 135 63 158 12 128 128 128 36 174 121 240 203
    207 246 67 155 10 38 206 99 72 163 201 65 2 164 133 238</data></my_img>
<your_img type_id="opencv-matrix">
  <rows>30</rows>
  <cols>20</cols>
  <dt>"3u"</dt>
  <data>
    52 67 19 232 85 209 119 195 242 43 153 181 90 198 20 82 10 231 195
    237 105 87 14 231 29 172 196 179 187 10 112 103 253 197 222 216 222
    185 213 212 50 159 41 151 243 128 128 128 112 186 251 164 89 137 28
    149 221 126 30 129 128 128 128 183 87 209 66 197 143 77 169 9 128
    128 128 55 252 189 183 98 119 187 20 0 128 128 128 207 203 102 176
    95 21 21 164 177 213 134 133 73 217 147 9 181 102 64 63 168 155 16 8
    97 25 134 8 202 150 190 111 198 6 188 229 241 34 13 151 32 153 28
    235 197 128 128 128 128 128 128 128 128 128 134 170 233 128 128 128
    48 78 234 246 123 215 44 127 188 26 202 109 84 173 210 161 100 58
    101 61 69 29 17 103 237 23 129 236 178 175 144 8 102 81 190 219 128
    128 128 15 204 182 83 153 225 44 5 8 203 211 156 232 200 198 195 138
    146 161 78 174 128 128 128 241 172 195 69 73 178 67 120 136 7 53 188
    54 63 19 235 68 83 254 52 147 102 211 173 127 90 125 100 154 123 181
    92 105 179 59 202 94 97 116 53 104 16 113 226 181 214 48 143 100 251
    16 133 82 66 88 12 102 179 79 224 186 2 144 151 115 201 248 81 54 97
    229 247 128 128 128 239 132 52 45 223 243 176 164 231 213 239 20 128
    128 128 156 177 100 105 74 69 239 130 129 247 141 200 179 196 249
    128 128 128 91 65 188 116 74 141 147 177 177 105 208 229 204 124 197
    185 142 145 8 214 234 233 182 194 15 237 189 103 137 120 154 27 225
    93 246 150 64 40 17 128 128 128 128 128 128 139 177 244 128 128 128
    155 50 248 185 100 212 90 16 245 116 161 156 1 91 176 190 171 34 128
    128 128 139 142 75 82 111 148 199 46 219 75 81 97 144 148 196 128
    128 128 240 220 217 244 117 72 31 5 242 193 120 102 128 128 128 227
    134 50 72 220 200 221 177 161 191 125 139 128 128 128 225 43 175 121
    128 113 229 96 177 194 90 232 209 81 91 236 255 121 245 7 35 128 128
    128 11 253 239 77 216 206 46 247 200 101 141 52 87 222 204 119 33 82
    91 26 114 25 159 250 175 18 171 29 153 150 1 101 168 31 185 243 235
    192 195 128 128 128 109 25 105 165 128 250 173 13 125 128 128 128
    170 213 85 128 128 128 180 77 27 112 179 163 115 153 91 211 149 212
    246 119 201 254 121 153 242 128 23 12 173 206 128 128 128 189 229 47
    34 62 120 120 159 254 137 157 153 191 206 170 140 87 151 151 10 36
    219 67 24 128 128 128 128 128 128 128 128 128 251 83 86 158 157 203
    99 160 253 128 209 168 190 68 220 14 64 235 166 97 13 1 168 80 67
    243 220 87 47 35 104 244 220 128 128 128 220 252 82 106 95 106 246
    237 57 157 62 51 250 209 7 7 80 58 185 90 47 136 74 13 128 128 128
    187 125 64 4 40 147 163 81 225 190 67 109 47 37 0 184 177 79 232 86
    40 128 128 128 143 169 227 212 49 220 114 160 143 207 35 38 61 104
    114 142 6 204 198 178 122 100 70 108 128 244 253 128 128 128 248 55
    30 204 73 21 255 187 121 224 24 184 218 56 220 251 81 53 194 224 223
    27 95 109 28 30 83 203 208 56 215 8 105 133 187 211 134 128 84 95
    137 237 76 165 137 185 5 190 88 174 251 163 25 112 128 128 128 119
    75 25 179 24 67 28 224 142 192 161 31 52 78 13 150 157 177 128 128
    128 178 41 237 226 104 134 64 125 156 104 37 136 163 239 195 32 150
    88 118 114 231 100 145 121 63 67 139 5 6 241 213 28 204 128 128 128
    128 128 128 128 128 128 252 149 9 215 141 142 150 112 91 160 59 28
    67 47 234 52 143 130 74 70 121 128 128 128 188 17 131 108 140 64 225
    210 226 128 112 68 128 128 128 128 128 128 175 50 220 34 208 101 222
    42 231 92 13 94 248 5 222 165 92 95 128 128 128 117 134 200 239 177
    34 154 134 72 111 132 199 128 128 128 167 215 57 191 116 106 21 33
    169 102 252 222 204 77 59 109 205 167 214 208 58 84 166 120 113 96
    219 189 158 120 171 233 9 88 85 231 204 227 47 79 193 190 126 44 164
    22 1 247 154 27 78 175 198 216 37 248 132 28 8 39 121 68 118 126 115
    253 185 228 218 65 54 30 78 176 8 108 226 23 3 165 142 127 188 221
    72 192 166 34 142 221 156 191 67 176 90 93 251 51 1 186 254 16 114 8
    137 128 128 128 128 128 128 128 128 128 170 137 197 195 157 111 102
    37 217 233 164 96 72 140 3 132 16 43 206 69 249 82 147 14 48 139 207
    113 38 84 225 131 109 56 15 62 64 76 32 74 235 214 173 98 172 234
    157 232 224 133 240 231 241 110 221 230 7 248 198 76 143 18 73 163
    136 201 172 6 114 175 126 11 203 250 82 20 132 223 84 77 101 50 242
    204 71 101 203 52 124 201 82 51 112 239 220 237 202 146 142 89 61
    199 180 88 82 170 247 214 5 117 189 220 78 168 87 88 111 238 194 42
    34 8 206 152 211 228 6 191 240 246 220 108 166 111 110 178 51 146
    232 96 92 153 51 201 243 221 239 11 153 114 28 4 164 248 167 160 128
    128 128 80 122 197 135 130 238 239 84 177 131 66 64 224 14 115 110
    142 141 175 182 0 65 166 215 2 215 200 103 100 160 154 99 198 50 81
    109 179 2 31 91 116 14 80 9 8 7 160 153 158 58 248 128 128 128 56 22
    174 107 109 117 111 176 72 12 2 229 65 252 163 45 138 173 6 29 199
    128 128 128 195 176 126 160 64 222 175 241 1 231 51 193 32 160 249
    89 142 191 230 47 233 127 73 38 253 127 32 76 178 133 39 71 100 100
    223 176 173 127 40 128 128 128 12 214 142 160 0 225 251 230 159 234
    139 104 135 218 80 214 113 44 69 152 236 211 133 234 52 66 235 128
    128 128 2 58 168 175 72 84 128 128 128 128 128 128 102 71 73 97 97
    171 110 3 161 128 128 128 224 40 34 118 38 53 161 80 49 29 194 212
    68 57 30 86 4 67 128 128 128 196 43 45 65 140 254 185 9 51 251 91
    210 30 32 184 128 128 128 252 118 189 96 253 240 150 128 51 192 41
    41 88 75 52 242 212 156 192 161 215 189 54 177 78 52 81 180 252 29
    113 141 66 240 226 116 128 128 128 237 167 22 108 31 145 72 19 72 94
    102 248 183 153 224 128 128 128 33 17 54 169 216 247 39 35 205 124
    166 182 139 147 78 245 246 6 116 160 200 128 128 128 48 31 113 124
    28 196 128 128 128 227 148 36 234 102 34 129 30 206 128 128 128 244
    86 81 244 121 165 16 15 128 140 86 228 58 216 210 5 3 66 141 7 187
    111 110 24 240 100 221 87 62 202 111 123 174 27 10 56 252 58 158 240
    211 108 89 113 105 182 213 27 99 109 165 197 240 123 30 160 132 217
    215 202 171 184 77 104 254 171 59 0 77 16 127 222 102 71 113 111 31
    107 229 98 95 129 21 102 128 128 128 140 37 128 148 104 32 87 94 108
    101 136 170 141 125 156 89 77 202 187 39 209 119 106 228 186 67 117
    128 128 128 11 20 113 202 119 74 170 125 54 153 11 35 198 243 217 88
    146 1 127 177 222 169 168 53 128 128 128 220 255 2 128 128 128 107
    36 13 73 215 195 247 10 45 157 41 255 177 71 30 96 34 190 230 138
    107 181 29 192 228 99 88 210 74 108 125 149 202 128 128 128 127 54
    134 129 38 75 215 221 106 184 108 184 191 176 197 40 56 193 234 68
    214 207 53 110 249 91 248 213 242 77 128 128 128 53 97 169 29 52 247
    107 93 92 50 96 185 200 68 119 128 128 128 61 165 255 131 169 29 243
    228 167 218 142 122 169 84 64 128 128 128 176 201 57 139 76 187 120
    78 112 41 220 255 227 81 72 33 45 158 119 75 195 225 48 218 128 128
    128 45 244 228 102 9 135 128 128 128 128 128 128 36 174 121 240 203
    207 246 67 155 10 38 206 99 72 163 201 65 2 164 133 238</data></your_img>
</opencv_storage>
