<?xml version="1.0"?>
<opencv_storage>
<L2_diff>2.9658685068627033e+03</L2_diff>
<hue>60</hue>
<sensitivity>10</sensitivity>
<test_foreg type_id="opencv-matrix">
  <rows>30</rows>
  <cols>20</cols>
  <dt>"3u"</dt>
  <data>
    244 5 100 181 104 9 78 59 159 101 45 63 121 189 181 73 201 208 105
    63 165 50 209 198 71 255 218 54 60 81 139 48 195 28 209 24 97 132 90
    1 183 103 170 178 48 216 28 176 103 83 204 105 176 163 92 31 227 151
    211 59 95 58 71 145 17 208 191 215 241 172 4 212 166 49 150 239 50
    41 132 70 180 196 186 88 191 200 10 190 78 155 25 93 178 187 138 10
    186 6 23 11 81 51 127 56 163 97 128 137 61 16 172 42 194 163 89 209
    41 172 243 61 75 65 50 136 165 243 190 182 193 187 91 77 67 52 230
    92 2 249 180 182 76 131 241 176 106 19 22 240 57 135 10 13 90 40 140
    252 38 207 223 59 197 24 26 163 157 202 35 161 166 75 141 181 234
    184 226 197 111 140 1 74 211 11 148 84 77 226 11 39 158 250 241 185
    110 18 30 186 145 183 175 179 236 117 4 82 207 150 25 65 39 146 203
    100 26 179 50 168 177 55 98 210 247 98 9 3 42 160 111 46 0 88 148 24
    152 18 219 40 52 77 253 59 195 119 42 212 243 83 34 81 11 237 88 80
    152 219 134 211 138 102 130 2 37 100 212 63 216 42 144 32 106 195 64
    15 185 89 195 138 95 144 165 82 99 251 60 87 114 245 26 19 190 89
    159 87 57 212 54 68 71 102 53 165 63 117 66 80 153 148 165 88 247 57
    106 150 165 35 80 214 238 89 97 140 118 64 249 162 255 55 213 118
    204 157 198 134 169 8 56 251 124 121 210 215 54 47 84 204 23 16 31
    73 103 171 60 226 139 185 232 137 238 202 111 143 171 144 37 220 69
    152 150 237 65 136 58 171 7 45 94 185 235 144 219 43 177 171 52 165
    78 184 138 181 63 75 23 72 97 163 142 15 79 79 136 55 123 174 133
    253 169 46 209 231 155 116 166 28 108 138 137 56 59 133 67 50 31 67
    129 59 87 119 96 13 65 67 8 180 16 135 76 204 117 11 189 254 72 106
    184 254 252 52 12 35 188 62 253 55 61 168 103 209 35 91 106 249 222
    92 19 0 161 68 42 90 13 184 226 185 70 125 170 42 190 159 150 241 62
    113 202 56 180 34 59 90 135 36 25 134 90 67 212 18 248 254 133 23
    117 40 32 206 165 117 129 224 75 152 10 105 157 244 120 47 234 138
    209 81 62 217 134 72 55 183 224 208 216 4 127 180 9 34 139 103 34
    141 215 160 153 21 198 179 248 166 182 196 232 213 16 87 222 185 58
    12 185 250 59 82 120 65 176 95 38 110 122 146 77 112 133 89 131 9
    162 226 97 119 14 26 143 67 95 209 224 103 78 70 164 207 99 108 136
    229 187 18 246 22 174 10 117 177 98 198 201 120 161 248 204 45 220
    89 232 170 157 126 97 241 123 17 36 8 215 118 130 163 92 190 219 101
    21 227 101 140 183 22 189 127 134 31 90 132 49 220 142 19 214 160 34
    43 101 71 46 11 247 18 26 233 134 220 250 45 52 105 25 198 48 160 15
    1 175 124 120 193 70 242 4 95 5 41 185 202 224 218 119 210 123 190 8
    52 195 58 94 62 110 15 218 112 138 222 8 85 169 63 205 161 68 125
    175 102 111 22 239 48 154 59 232 207 132 157 120 248 122 167 184 198
    43 23 243 131 63 159 189 69 199 191 114 198 176 105 63 94 172 125 25
    119 44 49 81 107 208 30 130 196 66 222 64 124 121 234 72 81 19 143
    202 195 71 179 189 231 248 42 19 14 180 188 30 170 210 8 31 102 99
    116 69 62 143 46 29 58 133 210 184 199 246 80 183 37 77 203 174 91
    37 165 248 241 224 202 150 112 137 86 29 142 142 81 129 86 148 181
    88 143 20 6 254 74 249 102 51 148 36 248 211 130 37 27 208 149 156
    27 153 89 144 26 83 50 183 59 215 122 205 17 86 51 89 229 208 186
    195 119 137 239 122 182 212 154 73 202 46 79 224 136 41 70 221 231
    118 201 152 33 188 69 194 42 28 194 102 54 0 51 111 235 96 2 210 244
    154 60 13 65 183 252 65 176 72 146 108 31 15 32 115 161 44 3 15 94
    145 164 51 127 210 85 141 67 140 22 189 85 134 170 16 231 199 227
    182 146 118 54 69 43 10 67 19 186 236 63 25 17 228 126 57 126 169
    210 1 85 130 137 135 16 126 117 229 40 226 181 111 95 240 234 249
    199 252 214 57 35 79 121 85 136 55 11 218 229 113 68 152 219 220 131
    29 165 83 28 59 69 32 174 205 144 5 149 97 79 132 220 22 231 62 217
    161 79 19 212 174 25 214 35 189 130 196 225 208 122 127 151 19 70
    116 34 182 193 66 204 240 30 184 232 123 68 75 46 31 59 93 206 252
    172 6 223 229 159 73 197 115 126 86 55 214 149 228 225 141 26 51 158
    78 240 3 237 140 58 176 20 238 237 208 227 99 45 206 227 233 221 226
    145 241 233 236 159 169 60 128 117 104 213 35 111 216 224 118 233
    253 139 134 24 71 71 12 107 253 167 76 88 94 205 6 239 111 127 113
    231 110 173 209 186 56 146 195 128 19 192 32 154 86 49 25 217 30 19
    176 66 40 130 45 73 55 163 159 125 191 217 217 93 118 31 138 1 121
    36 156 226 202 103 121 111 81 139 86 100 183 250 73 144 58 63 46 155
    44 75 115 61 99 45 226 178 214 246 86 195 49 205 251 254 2 148 171
    10 121 159 177 24 119 225 187 40 103 3 195 27 112 15 200 69 103 181
    68 127 53 1 218 58 243 157 112 186 20 232 89 85 163 15 250 75 87 224
    177 191 122 119 202 13 8 161 6 39 56 240 223 132 234 31 69 78 94 148
    122 213 225 125 50 157 70 137 9 108 236 68 31 25 89 242 183 17 169
    101 43 200 127 233 199 103 144 214 119 157 44 110 187 48 253 102 116
    184 151 128 228 215 172 218 174 108 12 224 19 31 99 177 195 18 212
    41 190 22 139 215 248 42 140 6 86 178 35 26 4 162 223 12 209 237 184
    212 33 242 27 222 122 10 33 216 34 168 191 211 57 61 117 133 49 136
    158 163 181 227 85 48 82 251 158 26 162 179 115 253 55 69 171 227
    177 208 196 102 50 228 185 208 81 92 120 6 186 177 189 198 210 18 48
    18 242 235 142 31 142 224 4 19 128 244 147 146 24 124 70 47 234 192
    201 114 254 3 234 216 221 64 129 115 2 105 221 95 105 176 193 149
    103 185 150 63 134 202 39 191 137 125 131 191 74 195 195 170 244 11
    24 217 245 192 51 190 14 85 116 24 204 247 82 40 117 82 252 91 164
    211 163 245 247 230 205 65 6 18 89 63 29 201 188 106 5 11 183 0 199
    173 37 198 197 62 87 220 248 50 79 99 54 249 128 34 102 238 0 62 127
    62 202 100 32 207 114 203 142 88 50 179 41 248 113 152 27 177 71 127
    124 131 195 3 77 14 109 184 244 171 99 129 146 99 71 253 222 241 177
    238 175 43 186 174 72 222 178 1 140 36 26 90 123 68 65 65 128 224
    172 35 166 167 89 190 80 13 200 79 61 113 60 250 96 145 135 105 34
    81 204 69 90 199 14 11 102 206 128 168 5 144 172 10 8 16 17 19 110
    136 47 20 103 30 45 97 178 16 113 149 26 66 233 121 212 43 253 252
    226 217 58 105 119 207 128 98 235 48 151 101 248 246 44 129 150 44
    207 216 38 75 131 92 138 3 201 131 75 154 228 202 207 100 217 116 79
    175 42 190 115 238 54 13 102 57 17 145 157 44 201 80 25 16 108 147
    245 47 240 8 203 206 45 240 244 121 98 173 13 248 245 38 247 11 222
    239 141 234 221 156 138 48 173 43 234 21 157 232 174 240 140 20 173
    118 248 250 141 41 26 196 182 253 40 140 171 49 171 209 198 123 228
    205 24 42 214 119 186 63 53 228 28 144 180 212 56 140 248 150 133
    184 250 147 155 205 71 144 194 127 245 183 63 76 166 12 208 183 223
    75 207 217 70 67 144 18 132 114 23 181 3 223 175 68 226 108 117 43
    186 8 235 25 117 201 120 103 228 56 141 197 210 6 247 152 127 138</data></test_foreg>
<test_backg type_id="opencv-matrix">
  <rows>30</rows>
  <cols>20</cols>
  <dt>"3u"</dt>
  <data>
    128 128 128 128 128 128 128 128 128 128 128 128 128 128 128 128 128
    128 128 128 128 128 128 128 128 128 128 128 128 128 128 128 128 128
    128 128 128 128 128 128 128 128 128 128 128 128 128 128 128 128 128
    128 128 128 128 128 128 128 128 128 128 128 128 128 128 128 128 128
    128 128 128 128 128 128 128 128 128 128 128 128 128 128 128 128 128
    128 128 128 128 128 128 128 128 128 128 128 128 128 128 128 128 128
    128 128 128 128 128 128 128 128 128 128 128 128 128 128 128 128 128
    128 128 128 128 128 128 128 128 128 128 128 128 128 128 128 128 128
    128 128 128 128 128 128 128 128 128 128 128 128 128 128 128 128 128
    128 128 128 128 128 128 128 128 128 128 128 128 128 128 128 128 128
    128 128 128 128 128 128 128 128 128 128 128 128 128 128 128 128 128
    128 128 128 128 128 128 128 128 128 128 128 128 128 128 128 128 128
    128 128 128 128 128 128 128 128 128 128 128 128 128 128 128 128 128
    128 128 128 128 128 128 128 128 128 128 128 128 128 128 128 128 128
    128 128 128 128 128 128 128 128 128 128 128 128 128 128 128 128 128
    128 128 128 128 128 128 128 128 128 128 128 128 128 128 128 128 128
    128 128 128 128 128 128 128 128 128 128 128 128 128 128 128 128 128
    128 128 128 128 128 128 128 128 128 128 128 128 128 128 128 128 128
    128 128 128 128 128 128 128 128 128 128 128 128 128 128 128 128 128
    128 128 128 128 128 128 128 128 128 128 128 128 128 128 128 128 128
    128 128 128 128 128 128 128 128 128 128 128 128 128 128 128 128 128
    128 128 128 128 128 128 128 128 128 128 128 128 128 128 128 128 128
    128 128 128 128 128 128 128 128 128 128 128 128 128 128 128 128 128
    128 128 128 128 128 128 128 128 128 128 128 128 128 128 128 128 128
    128 128 128 128 128 128 128 128 128 128 128 128 128 128 128 128 128
    128 128 128 128 128 128 128 128 128 128 128 128 128 128 128 128 128
    128 128 128 128 128 128 128 128 128 128 128 128 128 128 128 128 128
    128 128 128 128 128 128 128 128 128 128 128 128 128 128 128 128 128
    128 128 128 128 128 128 128 128 128 128 128 128 128 128 128 128 128
    128 128 128 128 128 128 128 128 128 128 128 128 128 128 128 128 128
    128 128 128 128 128 128 128 128 128 128 128 128 128 128 128 128 128
    128 128 128 128 128 128 128 128 128 128 128 128 128 128 128 128 128
    128 128 128 128 128 128 128 128 128 128 128 128 128 128 128 128 128
    128 128 128 128 128 128 128 128 128 128 128 128 128 128 128 128 128
    128 128 128 128 128 128 128 128 128 128 128 128 128 128 128 128 128
    128 128 128 128 128 128 128 128 128 128 128 128 128 128 128 128 128
    128 128 128 128 128 128 128 128 128 128 128 128 128 128 128 128 128
    128 128 128 128 128 128 128 128 128 128 128 128 128 128 128 128 128
    128 128 128 128 128 128 128 128 128 128 128 128 128 128 128 128 128
    128 128 128 128 128 128 128 128 128 128 128 128 128 128 128 128 128
    128 128 128 128 128 128 128 128 128 128 128 128 128 128 128 128 128
    128 128 128 128 128 128 128 128 128 128 128 128 128 128 128 128 128
    128 128 128 128 128 128 128 128 128 128 128 128 128 128 128 128 128
    128 128 128 128 128 128 128 128 128 128 128 128 128 128 128 128 128
    128 128 128 128 128 128 128 128 128 128 128 128 128 128 128 128 128
    128 128 128 128 128 128 128 128 128 128 128 128 128 128 128 128 128
    128 128 128 128 128 128 128 128 128 128 128 128 128 128 128 128 128
    128 128 128 128 128 128 128 128 128 128 128 128 128 128 128 128 128
    128 128 128 128 128 128 128 128 128 128 128 128 128 128 128 128 128
    128 128 128 128 128 128 128 128 128 128 128 128 128 128 128 128 128
    128 128 128 128 128 128 128 128 128 128 128 128 128 128 128 128 128
    128 128 128 128 128 128 128 128 128 128 128 128 128 128 128 128 128
    128 128 128 128 128 128 128 128 128 128 128 128 128 128 128 128 128
    128 128 128 128 128 128 128 128 128 128 128 128 128 128 128 128 128
    128 128 128 128 128 128 128 128 128 128 128 128 128 128 128 128 128
    128 128 128 128 128 128 128 128 128 128 128 128 128 128 128 128 128
    128 128 128 128 128 128 128 128 128 128 128 128 128 128 128 128 128
    128 128 128 128 128 128 128 128 128 128 128 128 128 128 128 128 128
    128 128 128 128 128 128 128 128 128 128 128 128 128 128 128 128 128
    128 128 128 128 128 128 128 128 128 128 128 128 128 128 128 128 128
    128 128 128 128 128 128 128 128 128 128 128 128 128 128 128 128 128
    128 128 128 128 128 128 128 128 128 128 128 128 128 128 128 128 128
    128 128 128 128 128 128 128 128 128 128 128 128 128 128 128 128 128
    128 128 128 128 128 128 128 128 128 128 128 128 128 128 128 128 128
    128 128 128 128 128 128 128 128 128 128 128 128 128 128 128 128 128
    128 128 128 128 128 128 128 128 128 128 128 128 128 128 128 128 128
    128 128 128 128 128 128 128 128 128 128 128 128 128 128 128 128 128
    128 128 128 128 128 128 128 128 128 128 128 128 128 128 128 128 128
    128 128 128 128 128 128 128 128 128 128 128 128 128 128 128 128 128
    128 128 128 128 128 128 128 128 128 128 128 128 128 128 128 128 128
    128 128 128 128 128 128 128 128 128 128 128 128 128 128 128 128 128
    128 128 128 128 128 128 128 128 128 128 128 128 128 128 128 128 128
    128 128 128 128 128 128 128 128 128 128 128 128 128 128 128 128 128
    128 128 128 128 128 128 128 128 128 128 128 128 128 128 128 128 128
    128 128 128 128 128 128 128 128 128 128 128 128 128 128 128 128 128
    128 128 128 128 128 128 128 128 128 128 128 128 128 128 128 128 128
    128 128 128 128 128 128 128 128 128 128 128 128 128 128 128 128 128
    128 128 128 128 128 128 128 128 128 128 128 128 128 128 128 128 128
    128 128 128 128 128 128 128 128 128 128 128 128 128 128 128 128 128
    128 128 128 128 128 128 128 128 128 128 128 128 128 128 128 128 128
    128 128 128 128 128 128 128 128 128 128 128 128 128 128 128 128 128
    128 128 128 128 128 128 128 128 128 128 128 128 128 128 128 128 128
    128 128 128 128 128 128 128 128 128 128 128 128 128 128 128 128 128
    128 128 128 128 128 128 128 128 128 128 128 128 128 128 128 128 128
    128 128 128 128 128 128 128 128 128 128 128 128 128 128 128 128 128
    128 128 128 128 128 128 128 128 128 128 128 128 128 128 128 128 128
    128 128 128 128 128 128 128 128 128 128 128 128 128 128 128 128 128
    128 128 128 128 128 128 128 128 128 128 128 128 128 128 128 128 128
    128 128 128 128 128 128 128 128 128 128 128 128 128 128 128 128 128
    128 128 128 128 128 128 128 128 128 128 128 128 128 128 128 128 128
    128 128 128 128 128 128 128 128 128 128 128 128 128 128 128 128 128
    128 128 128 128 128 128 128 128 128 128 128 128 128 128 128 128 128
    128 128 128 128 128 128 128 128 128 128 128 128 128 128 128 128 128
    128 128 128 128 128 128 128 128 128 128 128 128 128 128 128 128 128
    128 128 128 128 128 128 128 128 128 128 128 128 128 128 128 128 128
    128 128 128 128 128 128 128 128 128 128 128 128 128 128 128 128 128
    128 128 128 128 128 128 128 128 128 128 128 128 128 128 128 128 128
    128 128 128 128 128 128 128 128 128 128 128 128 128 128 128 128 128
    128 128 128 128 128 128 128 128 128 128 128 128 128 128 128 128 128
    128 128 128 128 128 128 128 128 128 128 128 128 128 128 128 128 128
    128 128 128 128 128 128 128 128 128 128 128 128 128 128 128 128 128
    128 128 128 128 128 128 128 128 128 128 128 128 128 128 128 128 128
    128 128 128 128 128 128 128 128 128 128 128 128 128 128 128 128 128
    128 128 128 128 128 128 128 128 128 128 128 128 128 128 128 128 128
    128 128 128 128 128 128 128 128 128 128 128 128 128 128 128 128 128
    128 128 128 128 128 128 128 128 128 128 128 128 128 128 128</data></test_backg>
<my_img type_id="opencv-matrix">
  <rows>30</rows>
  <cols>20</cols>
  <dt>"3u"</dt>
  <data>
    244 5 100 181 104 9 78 59 159 101 45 63 121 189 181 73 201 208 105
    63 165 50 209 198 71 255 218 54 60 81 139 48 195 128 128 128 128 128
    128 1 183 103 170 178 48 216 28 176 103 83 204 105 176 163 92 31 227
    151 211 59 95 58 71 145 17 208 191 215 241 172 4 212 166 49 150 239
    50 41 132 70 180 196 186 88 191 200 10 190 78 155 25 93 178 187 138
    10 186 6 23 11 81 51 127 56 163 97 128 137 61 16 172 42 194 163 128
    128 128 172 243 61 75 65 50 136 165 243 190 182 193 187 91 77 67 52
    230 92 2 249 180 182 76 131 241 176 106 19 22 240 57 135 10 13 90 40
    140 252 38 207 223 128 128 128 26 163 157 202 35 161 166 75 141 128
    128 128 226 197 111 140 1 74 211 11 148 84 77 226 11 39 158 250 241
    185 110 18 30 186 145 183 175 179 236 117 4 82 207 150 25 65 39 146
    203 100 26 179 50 168 177 55 98 210 247 98 9 3 42 160 111 46 0 88
    148 128 128 128 219 40 52 128 128 128 195 119 42 212 243 83 128 128
    128 237 88 80 128 128 128 211 138 102 130 2 37 128 128 128 216 42
    144 32 106 195 64 15 185 89 195 138 95 144 165 82 99 251 60 87 114
    245 26 19 190 89 159 87 57 212 54 68 71 102 53 165 128 128 128 80
    153 148 165 88 247 57 106 150 165 35 80 214 238 89 97 140 118 64 249
    162 255 55 213 118 204 157 198 134 169 8 56 251 124 121 210 215 54
    47 128 128 128 16 31 73 103 171 60 226 139 185 232 137 238 202 111
    143 171 144 37 220 69 152 150 237 65 136 58 171 7 45 94 185 235 144
    219 43 177 171 52 165 78 184 138 181 63 75 23 72 97 163 142 15 79 79
    136 55 123 174 128 128 128 46 209 231 155 116 166 28 108 138 137 56
    59 133 67 50 31 67 129 59 87 119 96 13 65 67 8 180 16 135 76 204 117
    11 189 254 72 106 184 254 252 52 12 128 128 128 253 55 61 168 103
    209 35 91 106 249 222 92 19 0 161 68 42 90 13 184 226 185 70 125 170
    42 190 159 150 241 62 113 202 128 128 128 59 90 135 36 25 134 90 67
    212 18 248 254 133 23 117 40 32 206 165 117 129 224 75 152 10 105
    157 244 120 47 234 138 209 81 62 217 134 72 55 183 224 208 216 4 127
    180 9 34 139 103 34 128 128 128 153 21 198 128 128 128 182 196 232
    213 16 87 222 185 58 12 185 250 59 82 120 128 128 128 38 110 122 146
    77 112 133 89 131 9 162 226 97 119 14 26 143 67 95 209 224 103 78 70
    164 207 99 108 136 229 187 18 246 128 128 128 128 128 128 198 201
    120 161 248 204 128 128 128 232 170 157 126 97 241 123 17 36 8 215
    118 130 163 92 190 219 101 21 227 101 140 183 22 189 127 134 31 90
    132 49 220 142 19 214 160 34 43 101 71 46 11 247 18 26 233 134 220
    250 45 52 105 25 198 128 128 128 1 175 124 120 193 70 242 4 95 5 41
    185 202 224 218 128 128 128 190 8 52 195 58 94 62 110 15 218 112 138
    222 8 85 169 63 205 161 68 125 175 102 111 128 128 128 154 59 232
    207 132 157 128 128 128 167 184 198 43 23 243 131 63 159 189 69 199
    191 114 198 176 105 63 94 172 125 128 128 128 49 81 107 208 30 130
    196 66 222 64 124 121 234 72 81 19 143 202 195 71 179 189 231 248 42
    19 14 180 188 30 170 210 8 31 102 99 116 69 62 143 46 29 58 133 210
    184 199 246 128 128 128 77 203 174 91 37 165 248 241 224 202 150 112
    137 86 29 142 142 81 129 86 148 181 88 143 20 6 254 128 128 128 128
    128 128 248 211 130 37 27 208 149 156 27 153 89 144 26 83 50 183 59
    215 122 205 17 86 51 89 229 208 186 195 119 137 239 122 182 212 154
    73 202 46 79 224 136 41 70 221 231 118 201 152 128 128 128 194 42 28
    194 102 54 0 51 111 235 96 2 210 244 154 60 13 65 183 252 65 176 72
    146 108 31 15 32 115 161 44 3 15 94 145 164 51 127 210 128 128 128
    140 22 189 85 134 170 16 231 199 227 182 146 118 54 69 43 10 67 19
    186 236 63 25 17 228 126 57 126 169 210 1 85 130 137 135 16 126 117
    229 40 226 181 111 95 240 234 249 199 252 214 57 35 79 121 85 136 55
    11 218 229 113 68 152 219 220 131 29 165 83 28 59 69 32 174 205 144
    5 149 97 79 132 220 22 231 62 217 161 79 19 212 174 25 214 35 189
    130 196 225 208 122 127 151 19 70 116 34 182 193 66 204 240 30 184
    232 123 68 75 46 31 59 93 206 252 172 6 223 229 159 73 197 115 126
    86 55 214 149 228 225 141 26 51 158 78 240 3 237 140 128 128 128 238
    237 208 227 99 45 206 227 233 221 226 145 241 233 236 159 169 60 128
    117 104 213 35 111 216 224 118 233 253 139 134 24 71 71 12 107 253
    167 76 88 94 205 6 239 111 127 113 231 110 173 209 186 56 146 195
    128 19 192 32 154 86 49 25 217 30 19 176 66 40 130 45 73 55 163 159
    125 191 217 217 93 118 128 128 128 121 36 156 226 202 103 121 111 81
    139 86 100 183 250 73 144 58 63 128 128 128 128 128 128 99 45 226
    178 214 246 128 128 128 205 251 254 2 148 171 10 121 159 177 24 119
    225 187 40 103 3 195 128 128 128 200 69 103 181 68 127 53 1 218 58
    243 157 112 186 20 232 89 85 163 15 250 75 87 224 177 191 122 119
    202 13 128 128 128 39 56 240 223 132 234 31 69 78 94 148 122 213 225
    125 128 128 128 137 9 108 236 68 31 25 89 242 183 17 169 101 43 200
    127 233 199 103 144 214 119 157 44 110 187 48 253 102 116 184 151
    128 228 215 172 218 174 108 128 128 128 31 99 177 195 18 212 128 128
    128 139 215 248 128 128 128 86 178 35 26 4 162 223 12 209 237 184
    212 128 128 128 222 122 10 128 128 128 168 191 211 57 61 117 133 49
    136 158 163 181 227 85 48 82 251 158 26 162 179 128 128 128 69 171
    227 177 208 196 102 50 228 185 208 81 92 120 6 186 177 189 198 210
    18 48 18 242 235 142 31 142 224 4 19 128 244 147 146 24 124 70 47
    234 192 201 114 254 3 234 216 221 64 129 115 2 105 221 95 105 176
    193 149 103 185 150 63 134 202 39 191 137 125 131 191 74 195 195 170
    244 11 24 217 245 192 128 128 128 85 116 24 204 247 82 40 117 82 252
    91 164 211 163 245 247 230 205 65 6 18 89 63 29 201 188 106 5 11 183
    0 199 173 37 198 197 62 87 220 248 50 79 99 54 249 128 34 102 238 0
    62 127 62 202 100 32 207 128 128 128 88 50 179 128 128 128 152 27
    177 71 127 124 131 195 3 77 14 109 128 128 128 99 129 146 99 71 253
    222 241 177 238 175 43 186 174 72 222 178 1 140 36 26 90 123 68 65
    65 128 224 172 35 166 167 89 190 80 13 200 79 61 113 60 250 96 145
    135 105 34 81 204 69 90 199 14 11 128 128 128 168 5 144 172 10 8 16
    17 19 110 136 47 128 128 128 45 97 178 16 113 149 26 66 233 121 212
    43 253 252 226 217 58 105 128 128 128 128 128 128 151 101 248 246 44
    129 150 44 207 216 38 75 131 92 138 3 201 131 75 154 228 202 207 100
    217 116 79 175 42 190 128 128 128 13 102 57 17 145 157 128 128 128
    25 16 108 147 245 47 240 8 203 206 45 240 244 121 98 173 13 248 245
    38 247 11 222 239 141 234 221 156 138 48 173 43 234 21 157 232 128
    128 128 20 173 118 248 250 141 41 26 196 182 253 40 140 171 49 171
    209 198 123 228 205 24 42 214 119 186 63 128 128 128 144 180 212 56
    140 248 150 133 184 250 147 155 205 71 144 194 127 245 183 63 76 166
    12 208 183 223 75 207 217 70 67 144 18 132 114 23 181 3 223 175 68
    226 108 117 43 186 8 235 25 117 201 120 103 228 56 141 197 210 6 247
    152 127 138</data></my_img>
<your_img type_id="opencv-matrix">
  <rows>30</rows>
  <cols>20</cols>
  <dt>"3u"</dt>
  <data>
    128 128 128 128 128 128 128 128 128 128 128 128 128 128 128 128 128
    128 128 128 128 128 128 128 128 128 128 128 128 128 128 128 128 128
    128 128 128 128 128 128 128 128 128 128 128 128 128 128 128 128 128
    128 128 128 128 128 128 128 128 128 128 128 128 128 128 128 128 128
    128 128 128 128 128 128 128 128 128 128 128 128 128 128 128 128 128
    128 128 128 128 128 128 128 128 128 128 128 128 128 128 128 128 128
    128 128 128 128 128 128 128 128 128 128 128 128 128 128 128 128 128
    128 128 128 128 128 128 128 128 128 128 128 128 128 128 128 128 128
    128 128 128 128 128 128 128 128 128 128 128 128 128 128 128 128 128
    128 128 128 128 128 128 128 128 128 128 128 128 128 128 128 128 128
    128 128 128 128 128 128 128 128 128 128 128 128 128 128 128 128 128
    128 128 128 128 128 128 128 128 128 128 128 128 128 128 128 128 128
    128 128 128 128 128 128 128 128 128 128 128 128 128 128 128 128 128
    128 128 128 128 128 128 128 128 128 128 128 128 128 128 128 128 128
    128 128 128 128 128 128 128 128 128 128 128 128 128 128 128 128 128
    128 128 128 128 128 128 128 128 128 128 128 128 128 128 128 128 128
    128 128 128 128 128 128 128 128 128 128 128 128 128 128 128 128 128
    128 128 128 128 128 128 128 128 128 128 128 128 128 128 128 128 128
    128 128 128 128 128 128 128 128 128 128 128 128 128 128 128 128 128
    128 128 128 128 128 128 128 128 128 128 128 128 128 128 128 128 128
    128 128 128 128 128 128 128 128 128 128 128 128 128 128 128 128 128
    128 128 128 128 128 128 128 128 128 128 128 128 128 128 128 128 128
    128 128 128 128 128 128 128 128 128 128 128 128 128 128 128 128 128
    128 128 128 128 128 128 128 128 128 128 128 128 128 128 128 128 128
    128 128 128 128 128 128 128 128 128 128 128 128 128 128 128 128 128
    128 128 128 128 128 128 128 128 128 128 128 128 128 128 128 128 128
    128 128 128 128 128 128 128 128 128 128 128 128 128 128 128 128 128
    128 128 128 128 128 128 128 128 128 128 128 128 128 128 128 128 128
    128 128 128 128 128 128 128 128 128 128 128 128 128 128 128 128 128
    128 128 128 128 128 128 128 128 128 128 128 128 128 128 128 128 128
    128 128 128 128 128 128 128 128 128 128 128 128 128 128 128 128 128
    128 128 128 128 128 128 128 128 128 128 128 128 128 128 128 128 128
    128 128 128 128 128 128 128 128 128 128 128 128 128 128 128 128 128
    128 128 128 128 128 128 128 128 128 128 128 128 128 128 128 128 128
    128 128 128 128 128 128 128 128 128 128 128 128 128 128 128 128 128
    128 128 128 128 128 128 128 128 128 128 128 128 128 128 128 128 128
    128 128 128 128 128 128 128 128 128 128 128 128 128 128 128 128 128
    128 128 128 128 128 128 128 128 128 128 128 128 128 128 128 128 128
    128 128 128 128 128 128 128 128 128 128 128 128 128 128 128 128 128
    128 128 128 128 128 128 128 128 128 128 128 128 128 128 128 128 128
    128 128 128 128 128 128 128 128 128 128 128 128 128 128 128 128 128
    128 128 128 128 128 128 128 128 128 128 128 128 128 128 128 128 128
    128 128 128 128 128 128 128 128 128 128 128 128 128 128 128 128 128
    128 128 128 128 128 128 128 128 128 128 128 128 128 128 128 128 128
    128 128 128 128 128 128 128 128 128 128 128 128 128 128 128 128 128
    128 128 128 128 128 128 128 128 128 128 128 128 128 128 128 128 128
    128 128 128 128 128 128 128 128 128 128 128 128 128 128 128 128 128
    128 128 128 128 128 128 128 128 128 128 128 128 128 128 128 128 128
    128 128 128 128 128 128 128 128 128 128 128 128 128 128 128 128 128
    128 128 128 128 128 128 128 128 128 128 128 128 128 128 128 128 128
    128 128 128 128 128 128 128 128 128 128 128 128 128 128 128 128 128
    128 128 128 128 128 128 128 128 128 128 128 128 128 128 128 128 128
    128 128 128 128 128 128 128 128 128 128 128 128 128 128 128 128 128
    128 128 128 128 128 128 128 128 128 128 128 128 128 128 128 128 128
    128 128 128 128 128 128 128 128 128 128 128 128 128 128 128 128 128
    128 128 128 128 128 128 128 128 128 128 128 128 128 128 128 128 128
    128 128 128 128 128 128 128 128 128 128 128 128 128 128 128 128 128
    128 128 128 128 128 128 128 128 128 128 128 128 128 128 128 128 128
    128 128 128 128 128 128 128 128 128 128 128 128 128 128 128 128 128
    128 128 128 128 128 128 128 128 128 128 128 128 128 128 128 128 128
    128 128 128 128 128 128 128 128 128 128 128 128 128 128 128 128 128
    128 128 128 128 128 128 128 128 128 128 128 128 128 128 128 128 128
    128 128 128 128 128 128 128 128 128 128 128 128 128 128 128 128 128
    128 128 128 128 128 128 128 128 128 128 128 128 128 128 128 128 128
    128 128 128 128 128 128 128 128 128 128 128 128 128 128 128 128 128
    128 128 128 128 128 128 128 128 128 128 128 128 128 128 128 128 128
    128 128 128 128 128 128 128 128 128 128 128 128 128 128 128 128 128
    128 128 128 128 128 128 128 128 128 128 128 128 128 128 128 128 128
    128 128 128 128 128 128 128 128 128 128 128 128 128 128 128 128 128
    128 128 128 128 128 128 128 128 128 128 128 128 128 128 128 128 128
    128 128 128 128 128 128 128 128 128 128 128 128 128 128 128 128 128
    128 128 128 128 128 128 128 128 128 128 128 128 128 128 128 128 128
    128 128 128 128 128 128 128 128 128 128 128 128 128 128 128 128 128
    128 128 128 128 128 128 128 128 128 128 128 128 128 128 128 128 128
    128 128 128 128 128 128 128 128 128 128 128 128 128 128 128 128 128
    128 128 128 128 128 128 128 128 128 128 128 128 128 128 128 128 128
    128 128 128 128 128 128 128 128 128 128 128 128 128 128 128 128 128
    128 128 128 128 128 128 128 128 128 128 128 128 128 128 128 128 128
    128 128 128 128 128 128 128 128 128 128 128 128 128 128 128 128 128
    128 128 128 128 128 128 128 128 128 128 128 128 128 128 128 128 128
    128 128 128 128 128 128 128 128 128 128 128 128 128 128 128 128 128
    128 128 128 128 128 128 128 128 128 128 128 128 128 128 128 128 128
    128 128 128 128 128 128 128 128 128 128 128 128 128 128 128 128 128
    128 128 128 128 128 128 128 128 128 128 128 128 128 128 128 128 128
    128 128 128 128 128 128 128 128 128 128 128 128 128 128 128 128 128
    128 128 128 128 128 128 128 128 128 128 128 128 128 128 128 128 128
    128 128 128 128 128 128 128 128 128 128 128 128 128 128 128 128 128
    128 128 128 128 128 128 128 128 128 128 128 128 128 128 128 128 128
    128 128 128 128 128 128 128 128 128 128 128 128 128 128 128 128 128
    128 128 128 128 128 128 128 128 128 128 128 128 128 128 128 128 128
    128 128 128 128 128 128 128 128 128 128 128 128 128 128 128 128 128
    128 128 128 128 128 128 128 128 128 128 128 128 128 128 128 128 128
    128 128 128 128 128 128 128 128 128 128 128 128 128 128 128 128 128
    128 128 128 128 128 128 128 128 128 128 128 128 128 128 128 128 128
    128 128 128 128 128 128 128 128 128 128 128 128 128 128 128 128 128
    128 128 128 128 128 128 128 128 128 128 128 128 128 128 128 128 128
    128 128 128 128 128 128 128 128 128 128 128 128 128 128 128 128 128
    128 128 128 128 128 128 128 128 128 128 128 128 128 128 128 128 128
    128 128 128 128 128 128 128 128 128 128 128 128 128 128 128 128 128
    128 128 128 128 128 128 128 128 128 128 128 128 128 128 128 128 128
    128 128 128 128 128 128 128 128 128 128 128 128 128 128 128 128 128
    128 128 128 128 128 128 128 128 128 128 128 128 128 128 128 128 128
    128 128 128 128 128 128 128 128 128 128 128 128 128 128 128 128 128
    128 128 128 128 128 128 128 128 128 128 128 128 128 128 128 128 128
    128 128 128 128 128 128 128 128 128 128 128 128 128 128 128 128 128
    128 128 128 128 128 128 128 128 128 128 128 128 128 128 128</data></your_img>
</opencv_storage>
