<?xml version="1.0"?>
<opencv_storage>
<L2_diff>255.</L2_diff>
<lower_b>
  30. 0. 0. 0.</lower_b>
<upper_b>
  90. 255. 255. 0.</upper_b>
<test_img type_id="opencv-matrix">
  <rows>10</rows>
  <cols>20</cols>
  <dt>"3u"</dt>
  <data>
    111 167 4 128 182 81 196 227 251 199 50 185 100 117 245 26 201 78 47
    113 105 69 236 236 218 43 171 218 143 145 10 157 202 243 240 102 66
    195 175 122 223 15 113 36 150 129 103 140 40 159 104 218 227 184 161
    112 75 112 121 44 106 242 216 106 4 30 111 149 184 87 139 121 108 58
    142 9 131 33 151 214 105 30 94 4 199 85 94 149 22 145 16 57 245 139
    3 56 71 100 228 143 230 173 125 157 0 159 75 232 82 245 41 11 183 17
    243 89 115 223 52 50 69 242 0 37 153 204 100 119 57 61 152 90 109
    165 109 38 21 135 238 140 237 33 253 122 87 242 254 43 36 201 89 178
    239 166 208 58 73 22 121 70 172 203 88 1 95 57 230 103 100 85 221 62
    86 195 7 85 223 222 247 241 191 132 52 130 250 21 8 3 170 167 153 85
    24 224 157 185 74 21 190 6 165 89 221 102 117 31 117 140 174 96 72
    65 111 78 61 109 16 69 89 14 245 82 16 254 254 4 237 12 152 36 17
    107 27 6 195 29 37 204 114 165 222 148 101 13 178 215 155 33 90 252
    75 38 211 244 75 76 57 65 181 39 156 16 81 52 63 102 124 193 189 215
    162 14 231 239 237 118 194 20 28 137 140 200 49 182 136 32 233 221
    84 52 213 68 5 81 109 59 253 174 148 163 67 74 94 69 3 90 132 249 25
    50 252 63 71 159 86 133 32 214 127 237 115 171 249 233 68 209 169 48
    182 69 47 213 116 170 200 66 44 25 8 87 17 238 163 154 182 68 12 210
    231 41 204 193 222 220 182 105 124 63 30 255 181 193 194 207 182 8
    116 105 18 214 40 60 127 215 17 169 170 252 159 203 51 194 190 84
    233 182 143 12 247 7 222 30 18 42 184 91 0 87 211 181 143 132 215
    150 56 60 49 20 0 36 68 120 68 26 42 252 211 28 41 237 154 242 52
    158 207 148 195 113 88 84 139 212 189 246 8 159 155 84 99 76 209 78
    246 249 31 11 156 43 226 236 106 195 224 157 176 97 37 195 147 181
    165 55 19 121 26 22 244 98 126 131 227 87 175 210 179 54 54 18 203
    99 160 87 79 110 121 187 33 239 208 74 144 40 142 63 165 51 58 57 80
    71 123 137 158 70 147 79 200 83 67 6 65 254 105 243 177 215 136 15
    122 211 91 255 103 218 116 198 71 140 255 111 227 70 38 65 251 216
    96 31 26 193 163 122 48 48 230 241 175 114 93 74 192 11 164 182 94
    166 80 191 21 254 186 91 218 139 64 126 42 161 52 216 217 83 37 160
    51 182 241 92 93 167 191 244 148 172 57 79 196 61 192 43 176 178 116
    109 242 27 102 11 159 212</data></test_img>
<my_img type_id="opencv-matrix">
  <rows>10</rows>
  <cols>20</cols>
  <dt>u</dt>
  <data>
    255 255 0 0 0 255 255 255 0 0 0 0 255 255 0 0 255 255 0 255 255 0 0
    255 0 255 255 255 0 0 0 0 0 255 255 0 255 255 0 0 255 0 255 255 255
    0 0 255 0 0 0 255 0 0 0 255 0 0 0 255 0 255 0 0 255 0 0 255 0 255 0
    0 0 255 255 255 0 0 0 0 0 0 0 0 255 0 0 255 0 0 0 0 0 0 255 255 0 0
    0 0 0 0 255 255 255 0 255 255 255 255 255 255 0 0 0 0 0 255 0 0 0 0
    0 0 255 0 255 0 0 255 0 255 0 0 0 0 0 0 255 0 255 255 0 0 255 0 0 0
    0 0 0 255 255 0 255 255 0 0 0 255 0 0 255 255 0 255 0 255 0 0 255 0
    0 0 255 0 0 0 0 0 0 0 0 255 255 0 255 255 255 0 0 0 0 0 255 255 0 0
    0 0</data></my_img>
<your_img type_id="opencv-matrix">
  <rows>10</rows>
  <cols>20</cols>
  <dt>u</dt>
  <data>
    255 255 0 0 0 255 255 255 0 0 0 0 255 255 0 0 255 255 0 255 255 0 0
    255 0 255 255 255 0 0 0 0 0 255 255 0 255 255 0 0 255 0 255 255 255
    0 0 255 0 0 0 255 0 0 0 255 0 0 0 255 0 255 0 0 255 0 0 255 0 255 0
    0 0 255 255 255 0 0 0 0 0 0 0 0 255 0 0 255 0 0 0 255 0 0 255 255 0
    0 0 0 0 0 255 255 255 0 255 255 255 255 255 255 0 0 0 0 0 255 0 0 0
    0 0 0 255 0 255 0 0 255 0 255 0 0 0 0 0 0 255 0 255 255 0 0 255 0 0
    0 0 0 0 255 255 0 255 255 0 0 0 255 0 0 255 255 0 255 0 255 0 0 255
    0 0 0 255 0 0 0 0 0 0 0 0 255 255 0 255 255 255 0 0 0 0 0 255 255 0
    0 0 0</data></your_img>
</opencv_storage>
