<?xml version="1.0"?>
<opencv_storage>
<L2_diff>1.2514331783998696e+03</L2_diff>
<contrast>1.</contrast>
<brightness>-4.1951791957780282e-01</brightness>
<gamma>1.</gamma>
<test_img type_id="opencv-matrix">
  <rows>10</rows>
  <cols>20</cols>
  <dt>u</dt>
  <data>
    193 58 28 133 133 30 51 152 85 184 64 146 151 101 80 169 78 182 45
    210 166 31 64 219 114 28 62 47 79 56 133 35 154 253 38 236 173 42 58
    121 212 30 11 34 116 111 82 216 73 227 35 107 83 50 28 182 216 71
    184 61 35 167 74 46 231 140 183 156 38 185 116 50 144 103 11 105 180
    138 254 19 204 169 65 198 117 73 192 3 37 199 24 203 80 142 234 110
    222 66 248 157 126 184 15 32 91 57 112 177 35 47 221 46 235 223 118
    207 199 104 55 146 60 26 154 233 188 238 34 162 206 203 235 248 6
    235 63 154 57 89 25 200 191 39 19 73 228 191 37 51 92 4 218 145 201
    11 245 207 75 201 95 70 1 222 67 202 190 236 199 123 114 3 248 155
    16 120 247 210 80 251 43 22 203 71 109 163 153 176 119 90 107 226
    141 63 108 61 163 29 91 79 168 223</data></test_img>
<my_img type_id="opencv-matrix">
  <rows>10</rows>
  <cols>20</cols>
  <dt>u</dt>
  <data>
    86 0 0 26 26 0 0 45 0 77 0 39 44 0 0 62 0 75 0 103 59 0 0 112 7 0 0
    0 0 0 26 0 47 146 0 129 66 0 0 14 105 0 0 0 9 4 0 109 0 120 0 0 0 0
    0 75 109 0 77 0 0 60 0 0 124 33 76 49 0 78 9 0 37 0 0 0 73 31 147 0
    97 62 0 91 10 0 85 0 0 92 0 96 0 35 127 3 115 0 141 50 19 77 0 0 0 0
    5 70 0 0 114 0 128 116 11 100 92 0 0 39 0 0 47 126 81 131 0 55 99 96
    128 141 0 128 0 47 0 0 0 93 84 0 0 0 121 84 0 0 0 0 111 38 94 0 138
    100 0 94 0 0 0 115 0 95 83 129 92 16 7 0 141 48 0 13 140 103 0 144 0
    0 96 0 2 56 46 69 12 0 0 119 34 0 1 0 56 0 0 0 61 116</data></my_img>
<your_img type_id="opencv-matrix">
  <rows>10</rows>
  <cols>20</cols>
  <dt>u</dt>
  <data>
    193 58 28 133 133 30 51 152 85 184 64 146 151 101 80 169 78 182 45
    210 166 31 64 219 114 28 62 47 79 56 133 35 154 253 38 236 173 42 58
    121 212 30 11 34 116 111 82 216 73 227 35 107 83 50 28 182 216 71
    184 61 35 167 74 46 231 140 183 156 38 185 116 50 144 103 11 105 180
    138 254 19 204 169 65 198 117 73 192 3 37 199 24 203 80 142 234 110
    222 66 248 157 126 184 15 32 91 57 112 177 35 47 221 46 235 223 118
    207 199 104 55 146 60 26 154 233 188 238 34 162 206 203 235 248 6
    235 63 154 57 89 25 200 191 39 19 73 228 191 37 51 92 4 218 145 201
    11 245 207 75 201 95 70 1 222 67 202 190 236 199 123 114 3 248 155
    16 120 247 210 80 251 43 22 203 71 109 163 153 176 119 90 107 226
    141 63 108 61 163 29 91 79 168 223</data></your_img>
</opencv_storage>
