<?xml version="1.0"?>
<opencv_storage>
<L2_diff>1.4512542850927264e+03</L2_diff>
<contrast>1.</contrast>
<brightness>5.0413722277493966e-01</brightness>
<gamma>1.</gamma>
<test_img type_id="opencv-matrix">
  <rows>10</rows>
  <cols>20</cols>
  <dt>u</dt>
  <data>
    134 8 252 6 21 120 38 252 134 239 158 198 95 65 72 1 69 97 96 93 24
    154 25 153 164 242 88 95 230 157 243 232 8 54 161 23 0 87 88 22 78
    163 89 63 228 9 113 72 172 86 207 135 85 115 98 67 208 5 161 241 60
    236 83 176 183 2 35 249 83 221 8 74 143 95 60 26 86 191 161 160 243
    93 211 94 168 76 243 67 220 52 244 135 78 112 165 100 205 251 212
    180 57 65 186 217 171 195 29 121 125 234 42 88 104 54 227 60 166 136
    247 21 143 80 122 82 135 7 164 61 204 171 251 189 86 238 118 198 231
    0 196 83 114 58 48 6 206 170 160 147 117 158 213 212 182 68 84 197
    196 148 117 178 229 75 138 23 189 108 137 112 125 228 230 202 206
    241 177 18 248 205 211 88 228 77 62 134 0 202 244 169 211 162 222
    117 236 41 85 180 20 173 18 57</data></test_img>
<my_img type_id="opencv-matrix">
  <rows>10</rows>
  <cols>20</cols>
  <dt>u</dt>
  <data>
    255 137 255 135 150 249 167 255 255 255 255 255 224 194 201 130 198
    226 225 222 153 255 154 255 255 255 217 224 255 255 255 255 137 183
    255 152 129 216 217 151 207 255 218 192 255 138 242 201 255 215 255
    255 214 244 227 196 255 134 255 255 189 255 212 255 255 131 164 255
    212 255 137 203 255 224 189 155 215 255 255 255 255 222 255 223 255
    205 255 196 255 181 255 255 207 241 255 229 255 255 255 255 186 194
    255 255 255 255 158 250 254 255 171 217 233 183 255 189 255 255 255
    150 255 209 251 211 255 136 255 190 255 255 255 255 215 255 247 255
    255 129 255 212 243 187 177 135 255 255 255 255 246 255 255 255 255
    197 213 255 255 255 246 255 255 204 255 152 255 237 255 241 254 255
    255 255 255 255 255 147 255 255 255 217 255 206 191 255 129 255 255
    255 255 255 255 246 255 170 214 255 149 255 147 186</data></my_img>
<your_img type_id="opencv-matrix">
  <rows>10</rows>
  <cols>20</cols>
  <dt>u</dt>
  <data>
    135 9 253 7 22 121 39 253 135 240 159 199 96 66 73 2 70 98 97 94 25
    155 26 154 165 243 89 96 231 158 244 233 9 55 162 24 1 88 89 23 79
    164 90 64 229 10 114 73 173 87 208 136 86 116 99 68 209 6 162 242 61
    237 84 177 184 3 36 250 84 222 9 75 144 96 61 27 87 192 162 161 244
    94 212 95 169 77 244 68 221 53 245 136 79 113 166 101 206 252 213
    181 58 66 187 218 172 196 30 122 126 235 43 89 105 55 228 61 167 137
    248 22 144 81 123 83 136 8 165 62 205 172 252 190 87 239 119 199 232
    1 197 84 115 59 49 7 207 171 161 148 118 159 214 213 183 69 85 198
    197 149 118 179 230 76 139 24 190 109 138 113 126 229 231 203 207
    242 178 19 249 206 212 89 229 78 63 135 1 203 245 170 212 163 223
    118 237 42 86 181 21 174 19 58</data></your_img>
</opencv_storage>
