<?xml version="1.0"?>
<opencv_storage>
<L2_diff>9.9983498638525350e+02</L2_diff>
<contrast>1.</contrast>
<brightness>-3.0713923089445561e-01</brightness>
<gamma>1.</gamma>
<test_img type_id="opencv-matrix">
  <rows>10</rows>
  <cols>20</cols>
  <dt>u</dt>
  <data>
    203 58 173 164 69 22 18 243 232 56 55 175 219 175 222 178 106 127 14
    124 167 192 254 91 92 85 228 137 57 69 233 241 242 75 211 172 97 60
    100 138 219 158 180 213 179 139 141 102 178 40 222 27 229 220 143
    243 132 110 239 149 20 49 170 235 238 195 100 133 176 112 77 93 116
    35 193 125 98 40 57 190 54 115 194 177 116 98 124 152 142 170 128 90
    34 214 60 225 100 51 159 5 191 186 45 254 232 64 46 29 70 59 72 232
    93 115 217 45 138 120 220 101 170 138 7 249 109 226 75 8 107 242 182
    163 53 27 121 148 76 157 17 60 188 125 15 190 138 208 32 238 10 201
    96 5 188 142 31 175 197 74 102 56 197 210 172 135 37 8 3 201 12 179
    93 161 129 168 166 155 127 240 55 103 162 174 241 156 114 213 158 60
    152 51 18 149 217 186 85 247 250 59 171 23</data></test_img>
<my_img type_id="opencv-matrix">
  <rows>10</rows>
  <cols>20</cols>
  <dt>u</dt>
  <data>
    125 0 95 86 0 0 0 165 154 0 0 97 141 97 144 100 28 49 0 46 89 114
    176 13 14 7 150 59 0 0 155 163 164 0 133 94 19 0 22 60 141 80 102
    135 101 61 63 24 100 0 144 0 151 142 65 165 54 32 161 71 0 0 92 157
    160 117 22 55 98 34 0 15 38 0 115 47 20 0 0 112 0 37 116 99 38 20 46
    74 64 92 50 12 0 136 0 147 22 0 81 0 113 108 0 176 154 0 0 0 0 0 0
    154 15 37 139 0 60 42 142 23 92 60 0 171 31 148 0 0 29 164 104 85 0
    0 43 70 0 79 0 0 110 47 0 112 60 130 0 160 0 123 18 0 110 64 0 97
    119 0 24 0 119 132 94 57 0 0 0 123 0 101 15 83 51 90 88 77 49 162 0
    25 84 96 163 78 36 135 80 0 74 0 0 71 139 108 7 169 172 0 93 0</data></my_img>
<your_img type_id="opencv-matrix">
  <rows>10</rows>
  <cols>20</cols>
  <dt>u</dt>
  <data>
    203 58 173 164 69 22 18 243 232 56 55 175 219 175 222 178 106 127 14
    124 167 192 254 91 92 85 228 137 57 69 233 241 242 75 211 172 97 60
    100 138 219 158 180 213 179 139 141 102 178 40 222 27 229 220 143
    243 132 110 239 149 20 49 170 235 238 195 100 133 176 112 77 93 116
    35 193 125 98 40 57 190 54 115 194 177 116 98 124 152 142 170 128 90
    34 214 60 225 100 51 159 5 191 186 45 254 232 64 46 29 70 59 72 232
    93 115 217 45 138 120 220 101 170 138 7 249 109 226 75 8 107 242 182
    163 53 27 121 148 76 157 17 60 188 125 15 190 138 208 32 238 10 201
    96 5 188 142 31 175 197 74 102 56 197 210 172 135 37 8 3 201 12 179
    93 161 129 168 166 155 127 240 55 103 162 174 241 156 114 213 158 60
    152 51 18 149 217 186 85 247 250 59 171 23</data></your_img>
</opencv_storage>
