<?xml version="1.0"?>
<opencv_storage>
<L2_diff>3.0999677417676463e+02</L2_diff>
<contrast>1.</contrast>
<brightness>-8.8827200739334478e-02</brightness>
<gamma>1.</gamma>
<test_img type_id="opencv-matrix">
  <rows>10</rows>
  <cols>20</cols>
  <dt>u</dt>
  <data>
    123 209 17 28 65 157 191 191 114 62 13 226 21 11 57 180 193 33 170
    251 80 152 92 204 141 5 51 151 152 24 38 240 177 44 50 75 209 60 120
    8 90 34 185 207 104 218 6 43 202 85 74 75 12 14 237 231 126 5 164
    128 23 207 53 132 191 91 94 242 132 139 252 193 200 239 32 247 169
    95 71 95 31 168 231 8 175 155 84 68 7 110 7 222 228 40 210 56 239 14
    11 0 58 122 173 63 112 45 182 222 252 69 21 73 82 164 13 20 106 82
    206 62 112 74 238 41 1 99 148 210 213 106 170 99 169 210 125 67 152
    201 68 81 82 158 239 159 52 217 237 61 34 134 54 84 5 19 156 189 138
    16 158 84 138 47 152 84 179 156 154 245 39 177 1 26 52 134 121 92 87
    65 71 20 49 164 160 157 223 52 85 158 147 182 208 3 135 222 233 70
    143 23 202 38</data></test_img>
<my_img type_id="opencv-matrix">
  <rows>10</rows>
  <cols>20</cols>
  <dt>u</dt>
  <data>
    100 186 0 5 42 134 168 168 91 39 0 203 0 0 34 157 170 10 147 228 57
    129 69 181 118 0 28 128 129 1 15 217 154 21 27 52 186 37 97 0 67 11
    162 184 81 195 0 20 179 62 51 52 0 0 214 208 103 0 141 105 0 184 30
    109 168 68 71 219 109 116 229 170 177 216 9 224 146 72 48 72 8 145
    208 0 152 132 61 45 0 87 0 199 205 17 187 33 216 0 0 0 35 99 150 40
    89 22 159 199 229 46 0 50 59 141 0 0 83 59 183 39 89 51 215 18 0 76
    125 187 190 83 147 76 146 187 102 44 129 178 45 58 59 135 216 136 29
    194 214 38 11 111 31 61 0 0 133 166 115 0 135 61 115 24 129 61 156
    133 131 222 16 154 0 3 29 111 98 69 64 42 48 0 26 141 137 134 200 29
    62 135 124 159 185 0 112 199 210 47 120 0 179 15</data></my_img>
<your_img type_id="opencv-matrix">
  <rows>10</rows>
  <cols>20</cols>
  <dt>u</dt>
  <data>
    123 209 17 28 65 157 191 191 114 62 13 226 21 11 57 180 193 33 170
    251 80 152 92 204 141 5 51 151 152 24 38 240 177 44 50 75 209 60 120
    8 90 34 185 207 104 218 6 43 202 85 74 75 12 14 237 231 126 5 164
    128 23 207 53 132 191 91 94 242 132 139 252 193 200 239 32 247 169
    95 71 95 31 168 231 8 175 155 84 68 7 110 7 222 228 40 210 56 239 14
    11 0 58 122 173 63 112 45 182 222 252 69 21 73 82 164 13 20 106 82
    206 62 112 74 238 41 1 99 148 210 213 106 170 99 169 210 125 67 152
    201 68 81 82 158 239 159 52 217 237 61 34 134 54 84 5 19 156 189 138
    16 158 84 138 47 152 84 179 156 154 245 39 177 1 26 52 134 121 92 87
    65 71 20 49 164 160 157 223 52 85 158 147 182 208 3 135 222 233 70
    143 23 202 38</data></your_img>
</opencv_storage>
