<?xml version="1.0"?>
<opencv_storage>
<L2_diff>8.5514443224522017e+02</L2_diff>
<contrast>1.</contrast>
<brightness>2.6028723990254288e-01</brightness>
<gamma>1.</gamma>
<test_img type_id="opencv-matrix">
  <rows>10</rows>
  <cols>20</cols>
  <dt>u</dt>
  <data>
    137 90 245 187 238 157 145 134 189 31 224 141 200 203 26 47 172 187
    239 101 93 85 28 214 74 122 151 8 201 16 153 217 176 21 134 118 111
    196 87 133 92 47 185 234 202 2 70 106 41 100 195 200 113 58 144 193
    126 7 36 227 70 55 89 181 239 102 211 254 229 106 192 65 113 137 120
    151 29 24 97 108 233 64 180 122 135 180 210 170 145 122 198 49 147
    214 244 153 194 52 32 90 228 79 191 29 158 103 39 0 239 78 149 35
    127 188 157 250 176 236 26 26 24 111 34 154 111 18 225 60 1 250 2
    231 254 231 214 25 107 104 211 66 146 139 110 187 76 253 25 192 30
    88 20 112 163 33 67 48 109 64 123 30 193 22 254 192 190 183 207 149
    169 71 96 7 67 161 83 107 187 145 247 196 71 181 225 120 73 3 205
    160 31 146 61 196 249 216 131 41 161 150 135 54</data></test_img>
<my_img type_id="opencv-matrix">
  <rows>10</rows>
  <cols>20</cols>
  <dt>u</dt>
  <data>
    203 156 255 253 255 223 211 200 255 97 255 207 255 255 92 113 238
    253 255 167 159 151 94 255 140 188 217 74 255 82 219 255 242 87 200
    184 177 255 153 199 158 113 251 255 255 68 136 172 107 166 255 255
    179 124 210 255 192 73 102 255 136 121 155 247 255 168 255 255 255
    172 255 131 179 203 186 217 95 90 163 174 255 130 246 188 201 246
    255 236 211 188 255 115 213 255 255 219 255 118 98 156 255 145 255
    95 224 169 105 66 255 144 215 101 193 254 223 255 242 255 92 92 90
    177 100 220 177 84 255 126 67 255 68 255 255 255 255 91 173 170 255
    132 212 205 176 253 142 255 91 255 96 154 86 178 229 99 133 114 175
    130 189 96 255 88 255 255 255 249 255 215 235 137 162 73 133 227 149
    173 253 211 255 255 137 247 255 186 139 69 255 226 97 212 127 255
    255 255 197 107 227 216 201 120</data></my_img>
<your_img type_id="opencv-matrix">
  <rows>10</rows>
  <cols>20</cols>
  <dt>u</dt>
  <data>
    137 90 245 187 238 157 145 134 189 31 224 141 200 203 26 47 172 187
    239 101 93 85 28 214 74 122 151 8 201 16 153 217 176 21 134 118 111
    196 87 133 92 47 185 234 202 2 70 106 41 100 195 200 113 58 144 193
    126 7 36 227 70 55 89 181 239 102 211 254 229 106 192 65 113 137 120
    151 29 24 97 108 233 64 180 122 135 180 210 170 145 122 198 49 147
    214 244 153 194 52 32 90 228 79 191 29 158 103 39 0 239 78 149 35
    127 188 157 250 176 236 26 26 24 111 34 154 111 18 225 60 1 250 2
    231 254 231 214 25 107 104 211 66 146 139 110 187 76 253 25 192 30
    88 20 112 163 33 67 48 109 64 123 30 193 22 254 192 190 183 207 149
    169 71 96 7 67 161 83 107 187 145 247 196 71 181 225 120 73 3 205
    160 31 146 61 196 249 216 131 41 161 150 135 54</data></your_img>
</opencv_storage>
