<?xml version="1.0"?>
<opencv_storage>
<L2_diff>1.1566961571648797e+03</L2_diff>
<contrast>1.</contrast>
<brightness>-3.8164814052268570e-01</brightness>
<gamma>1.</gamma>
<test_img type_id="opencv-matrix">
  <rows>10</rows>
  <cols>20</cols>
  <dt>u</dt>
  <data>
    142 87 246 48 109 63 116 0 46 53 100 25 56 71 214 214 163 149 156
    154 47 209 50 132 59 175 103 17 22 217 113 13 91 136 143 230 3 128
    43 231 99 29 97 208 162 1 135 220 21 221 233 104 168 254 228 14 15
    180 29 106 110 237 144 218 98 154 46 207 23 69 250 19 214 121 132
    133 54 44 100 135 105 52 206 127 132 30 31 59 224 141 196 95 98 3 50
    232 136 30 236 51 240 236 75 247 77 156 75 218 208 37 159 158 171
    107 162 233 187 24 113 156 14 26 109 237 185 208 179 254 131 48 105
    180 108 150 44 176 227 237 77 70 2 165 13 32 125 172 28 240 189 147
    35 79 41 212 226 139 135 140 77 60 217 160 182 67 44 218 80 175 92
    21 107 47 142 88 22 98 27 1 215 128 195 236 27 133 11 27 170 127 172
    31 229 55 33 125 218 249 16 205 252 5</data></test_img>
<my_img type_id="opencv-matrix">
  <rows>10</rows>
  <cols>20</cols>
  <dt>u</dt>
  <data>
    45 0 149 0 12 0 19 0 0 0 3 0 0 0 117 117 66 52 59 57 0 112 0 35 0 78
    6 0 0 120 16 0 0 39 46 133 0 31 0 134 2 0 0 111 65 0 38 123 0 124
    136 7 71 157 131 0 0 83 0 9 13 140 47 121 1 57 0 110 0 0 153 0 117
    24 35 36 0 0 3 38 8 0 109 30 35 0 0 0 127 44 99 0 1 0 0 135 39 0 139
    0 143 139 0 150 0 59 0 121 111 0 62 61 74 10 65 136 90 0 16 59 0 0
    12 140 88 111 82 157 34 0 8 83 11 53 0 79 130 140 0 0 0 68 0 0 28 75
    0 143 92 50 0 0 0 115 129 42 38 43 0 0 120 63 85 0 0 121 0 78 0 0 10
    0 45 0 0 1 0 0 118 31 98 139 0 36 0 0 73 30 75 0 132 0 0 28 121 152
    0 108 155 0</data></my_img>
<your_img type_id="opencv-matrix">
  <rows>10</rows>
  <cols>20</cols>
  <dt>u</dt>
  <data>
    142 87 246 48 109 63 116 0 46 53 100 25 56 71 214 214 163 149 156
    154 47 209 50 132 59 175 103 17 22 217 113 13 91 136 143 230 3 128
    43 231 99 29 97 208 162 1 135 220 21 221 233 104 168 254 228 14 15
    180 29 106 110 237 144 218 98 154 46 207 23 69 250 19 214 121 132
    133 54 44 100 135 105 52 206 127 132 30 31 59 224 141 196 95 98 3 50
    232 136 30 236 51 240 236 75 247 77 156 75 218 208 37 159 158 171
    107 162 233 187 24 113 156 14 26 109 237 185 208 179 254 131 48 105
    180 108 150 44 176 227 237 77 70 2 165 13 32 125 172 28 240 189 147
    35 79 41 212 226 139 135 140 77 60 217 160 182 67 44 218 80 175 92
    21 107 47 142 88 22 98 27 1 215 128 195 236 27 133 11 27 170 127 172
    31 229 55 33 125 218 249 16 205 252 5</data></your_img>
</opencv_storage>
