<?xml version="1.0"?>
<opencv_storage>
<L2_diff>6.</L2_diff>
<test_hist type_id="opencv-matrix">
  <rows>256</rows>
  <cols>1</cols>
  <dt>f</dt>
  <data>
    4.32855031e-03 8.82274285e-03 1.11389654e-02 1.71046034e-02
    2.22196262e-02 2.97939181e-02 3.54806781e-02 3.97683233e-02
    4.74358089e-02 5.02195396e-02 5.18960953e-02 5.35769165e-02
    5.91838695e-02 6.62847459e-02 7.20832273e-02 7.35173747e-02
    7.51724467e-02 7.96014965e-02 8.75798613e-02 8.91066119e-02
    9.06362683e-02 9.29989591e-02 9.77658182e-02 1.03593297e-01
    1.05837852e-01 1.11331441e-01 1.16464078e-01 1.19734369e-01
    1.26212761e-01 1.34086519e-01 1.40534371e-01 1.48339048e-01
    1.50836557e-01 1.56691089e-01 1.57347858e-01 1.62708804e-01
    1.69559166e-01 1.72733620e-01 1.74798682e-01 1.80165052e-01
    1.87788650e-01 1.91513598e-01 1.98106766e-01 1.98948607e-01
    2.00347126e-01 2.05169916e-01 2.10762799e-01 2.16322497e-01
    2.20280617e-01 2.25299478e-01 2.26368293e-01 2.30520651e-01
    2.33062416e-01 2.33250022e-01 2.33655989e-01 2.37798050e-01
    2.40310729e-01 2.46734962e-01 2.52699375e-01 2.55366236e-01
    2.55860776e-01 2.63173163e-01 2.63696611e-01 2.65769839e-01
    2.70167083e-01 2.74174988e-01 2.74732709e-01 2.76895761e-01
    2.79135436e-01 2.79834986e-01 2.86280215e-01 2.88467914e-01
    2.89928824e-01 2.94293463e-01 2.95292497e-01 3.02357703e-01
    3.09747696e-01 3.13814551e-01 3.14587712e-01 3.22164804e-01
    3.24771166e-01 3.30412418e-01 3.31774056e-01 3.33587557e-01
    3.35209459e-01 3.41353476e-01 3.44257861e-01 3.48637104e-01
    3.49477977e-01 3.50907087e-01 3.57239008e-01 3.63601118e-01
    3.66030306e-01 3.67457926e-01 3.69593084e-01 3.69846463e-01
    3.75946194e-01 3.81275803e-01 3.84645522e-01 3.90854001e-01
    3.93052608e-01 3.99799407e-01 4.01544154e-01 4.03071970e-01
    4.04448271e-01 4.12213653e-01 4.13185984e-01 4.17250574e-01
    4.21214283e-01 4.26273406e-01 4.30985510e-01 4.35766727e-01
    4.43884194e-01 4.46490765e-01 4.48078305e-01 4.49380279e-01
    4.55569983e-01 4.56033885e-01 4.56563413e-01 4.57232416e-01
    4.65187103e-01 4.70117688e-01 4.73849446e-01 4.79993105e-01
    4.84448016e-01 4.88739401e-01 4.92094427e-01 4.93799239e-01
    5.01013100e-01 5.05693376e-01 5.08584440e-01 5.11547267e-01
    5.16723216e-01 5.24302363e-01 5.26233852e-01 5.30433476e-01
    5.33671498e-01 5.36308348e-01 5.40251434e-01 5.45041859e-01
    5.50235212e-01 5.58152497e-01 5.65198004e-01 5.66093743e-01
    5.66610277e-01 5.73450267e-01 5.79625964e-01 5.83636820e-01
    5.90503752e-01 5.93883395e-01 6.01506770e-01 6.04943335e-01
    6.08512580e-01 6.13856971e-01 6.17838562e-01 6.18081272e-01
    6.22415900e-01 6.23653352e-01 6.30810320e-01 6.33096337e-01
    6.33649349e-01 6.38607264e-01 6.42527640e-01 6.50309920e-01
    6.55756652e-01 6.62815034e-01 6.62872732e-01 6.62989795e-01
    6.70395374e-01 6.75377071e-01 6.76223934e-01 6.79276168e-01
    6.86432779e-01 6.90703690e-01 6.92748904e-01 6.95720017e-01
    7.03889191e-01 7.05732644e-01 7.09621370e-01 7.11250782e-01
    7.12806344e-01 7.17427909e-01 7.21291482e-01 7.25979447e-01
    7.32143223e-01 7.39919066e-01 7.40003109e-01 7.42021382e-01
    7.49204159e-01 7.49240279e-01 7.51044333e-01 7.58621275e-01
    7.62389958e-01 7.66135335e-01 7.67278016e-01 7.75368571e-01
    7.80331850e-01 7.82441556e-01 7.90453553e-01 7.90650725e-01
    7.91316032e-01 7.93093383e-01 7.97266066e-01 7.98451185e-01
    7.99833894e-01 8.02581131e-01 8.07255447e-01 8.12245131e-01
    8.14755678e-01 8.17315459e-01 8.21055770e-01 8.25288355e-01
    8.29084754e-01 8.30681205e-01 8.31851542e-01 8.36788297e-01
    8.41099203e-01 8.45110774e-01 8.49444509e-01 8.52363825e-01
    8.60026360e-01 8.65726233e-01 8.69974792e-01 8.77617002e-01
    8.82139802e-01 8.82752419e-01 8.87998164e-01 8.90668333e-01
    8.94164801e-01 8.95340383e-01 8.98829877e-01 9.06419754e-01
    9.12616193e-01 9.19622719e-01 9.21420038e-01 9.26465392e-01
    9.26949143e-01 9.27040637e-01 9.31259573e-01 9.37418163e-01
    9.43804145e-01 9.48229134e-01 9.53032613e-01 9.57583189e-01
    9.57741082e-01 9.59200442e-01 9.65360820e-01 9.68444169e-01
    9.70010281e-01 9.70554650e-01 9.75746989e-01 9.80486333e-01
    9.83365595e-01 9.88038182e-01 9.92192805e-01 1.</data></test_hist>
<my_lkt type_id="opencv-matrix">
  <rows>256</rows>
  <cols>1</cols>
  <dt>u</dt>
  <data>
    1 2 3 4 6 8 9 10 12 13 13 14 15 17 18 19 19 20 22 23 23 24 25 26 27
    28 30 31 32 34 36 38 39 40 40 42 43 44 45 46 48 49 51 51 51 52 54 55
    56 58 58 59 60 60 60 61 61 63 65 65 65 67 67 68 69 70 70 71 71 71 73
    74 74 75 75 77 79 80 80 82 83 84 85 85 86 87 88 89 89 90 91 93 94 94
    94 94 96 97 98 100 100 102 103 103 103 105 106 107 108 109 110 111
    113 114 114 115 116 117 117 117 119 120 121 123 124 125 126 126 128
    129 130 131 132 134 134 135 136 137 138 139 141 143 144 145 145 146
    148 149 151 152 154 154 155 157 158 158 159 159 161 162 162 163 164
    166 167 169 169 169 171 172 173 173 175 176 177 178 180 180 181 182
    182 183 184 185 187 189 189 189 191 191 192 194 195 195 196 198 199
    200 202 202 202 202 203 204 204 205 206 207 208 209 209 211 211 212
    212 213 215 216 217 217 219 221 222 224 225 225 226 227 228 228 229
    231 233 235 235 236 236 236 238 239 241 242 243 244 244 245 246 247
    247 248 249 250 251 252 253 255</data></my_lkt>
<your_lkt type_id="opencv-matrix">
  <rows>256</rows>
  <cols>1</cols>
  <dt>u</dt>
  <data>
    1 2 3 4 6 8 9 10 12 13 13 14 15 17 18 19 19 20 22 23 23 24 25 26 27
    28 30 31 32 34 36 38 38 40 40 41 43 44 45 46 48 49 51 51 51 52 54 55
    56 57 58 59 59 59 60 61 61 63 64 65 65 67 67 68 69 70 70 71 71 71 73
    74 74 75 75 77 79 80 80 82 83 84 85 85 85 87 88 89 89 89 91 93 93 94
    94 94 96 97 98 100 100 102 102 103 103 105 105 106 107 109 110 111
    113 114 114 115 116 116 116 117 119 120 121 122 124 125 125 126 128
    129 130 130 132 134 134 135 136 137 138 139 140 142 144 144 144 146
    148 149 151 151 153 154 155 157 158 158 159 159 161 161 162 163 164
    166 167 169 169 169 171 172 172 173 175 176 177 177 179 180 181 181
    182 183 184 185 187 189 189 189 191 191 192 193 194 195 196 198 199
    200 202 202 202 202 203 204 204 205 206 207 208 208 209 210 211 212
    212 213 214 216 217 217 219 221 222 224 225 225 226 227 228 228 229
    231 233 235 235 236 236 236 237 239 241 242 243 244 244 245 246 247
    247 247 249 250 251 252 253 255</data></your_lkt>
</opencv_storage>
