<?xml version="1.0"?>
<opencv_storage>
<L2_diff>6.</L2_diff>
<test_hist type_id="opencv-matrix">
  <rows>256</rows>
  <cols>1</cols>
  <dt>f</dt>
  <data>
    5.45756146e-03 1.01822522e-02 1.50471143e-02 1.98420770e-02
    2.22018529e-02 2.81264223e-02 3.00346352e-02 3.60521898e-02
    4.26105149e-02 4.79185171e-02 4.87779304e-02 5.22340648e-02
    5.69867864e-02 5.72811812e-02 6.41635582e-02 6.47874549e-02
    6.96166754e-02 7.33161345e-02 7.88550675e-02 8.52340534e-02
    9.28488597e-02 9.39607024e-02 9.88796204e-02 1.02018110e-01
    1.02234386e-01 1.05633818e-01 1.09999418e-01 1.16722845e-01
    1.22464754e-01 1.25328481e-01 1.25930876e-01 1.32253736e-01
    1.37111560e-01 1.37832657e-01 1.44963771e-01 1.48222953e-01
    1.48397535e-01 1.54505536e-01 1.60548002e-01 1.61492348e-01
    1.66948050e-01 1.68625325e-01 1.70185551e-01 1.72260329e-01
    1.73021525e-01 1.75434008e-01 1.81445047e-01 1.86062768e-01
    1.90162972e-01 1.92075029e-01 1.94462776e-01 2.01256186e-01
    2.04874307e-01 2.09464803e-01 2.13605866e-01 2.14417145e-01
    2.17749283e-01 2.18302444e-01 2.20715016e-01 2.27183670e-01
    2.33719155e-01 2.38559231e-01 2.40360841e-01 2.40850478e-01
    2.42009357e-01 2.46277496e-01 2.50849366e-01 2.57926643e-01
    2.61321217e-01 2.67127931e-01 2.72151381e-01 2.73785919e-01
    2.78800905e-01 2.84065038e-01 2.86631107e-01 2.89989263e-01
    2.95155019e-01 2.96576560e-01 2.96948135e-01 2.99421996e-01
    3.02761704e-01 3.08556318e-01 3.15463722e-01 3.22059095e-01
    3.29474717e-01 3.32985550e-01 3.34260941e-01 3.37911457e-01
    3.39765966e-01 3.45053166e-01 3.49213779e-01 3.56612116e-01
    3.61387640e-01 3.63121957e-01 3.63588870e-01 3.68959099e-01
    3.75950545e-01 3.81197125e-01 3.85191292e-01 3.90709817e-01
    3.93855572e-01 3.98355335e-01 3.99703860e-01 4.04916972e-01
    4.06896412e-01 4.13967133e-01 4.20433640e-01 4.21439320e-01
    4.22176629e-01 4.26116228e-01 4.27068949e-01 4.27120596e-01
    4.27988797e-01 4.34841037e-01 4.35601771e-01 4.42446589e-01
    4.50050414e-01 4.53613907e-01 4.53642339e-01 4.60751653e-01
    4.65227693e-01 4.69916314e-01 4.75402951e-01 4.80180234e-01
    4.85301256e-01 4.88790035e-01 4.96057719e-01 4.98067170e-01
    4.99827772e-01 5.04745901e-01 5.07837772e-01 5.13483524e-01
    5.17888188e-01 5.22725105e-01 5.28103054e-01 5.33091724e-01
    5.33576608e-01 5.36621690e-01 5.37231922e-01 5.41102290e-01
    5.42246342e-01 5.48742414e-01 5.53618014e-01 5.60233951e-01
    5.61072409e-01 5.67993939e-01 5.72848022e-01 5.73998809e-01
    5.80191135e-01 5.84296525e-01 5.92219710e-01 5.99175513e-01
    6.01484179e-01 6.09421790e-01 6.11379743e-01 6.16528988e-01
    6.19051754e-01 6.25742912e-01 6.28303647e-01 6.34581506e-01
    6.36736691e-01 6.38507426e-01 6.44341171e-01 6.51681602e-01
    6.53473139e-01 6.59686089e-01 6.66105151e-01 6.73162758e-01
    6.76456094e-01 6.80871844e-01 6.81596637e-01 6.86136246e-01
    6.88095272e-01 6.95777059e-01 6.98412716e-01 6.98611438e-01
    7.00169027e-01 7.06376970e-01 7.08877921e-01 7.12975383e-01
    7.17951059e-01 7.23073721e-01 7.24390984e-01 7.28185892e-01
    7.29804695e-01 7.31544197e-01 7.38728464e-01 7.44289637e-01
    7.49862075e-01 7.51526535e-01 7.54882336e-01 7.59398878e-01
    7.66927600e-01 7.70789862e-01 7.75298715e-01 7.78591394e-01
    7.84962595e-01 7.85808682e-01 7.85929203e-01 7.93143213e-01
    7.95666277e-01 8.01462412e-01 8.06220651e-01 8.08514476e-01
    8.16123903e-01 8.22897553e-01 8.30498576e-01 8.32791150e-01
    8.34618092e-01 8.40348899e-01 8.48276317e-01 8.52669358e-01
    8.55932593e-01 8.59629571e-01 8.59680414e-01 8.65746975e-01
    8.67127240e-01 8.68249714e-01 8.73855472e-01 8.80939245e-01
    8.87275696e-01 8.93918037e-01 8.99034262e-01 9.02226627e-01
    9.02568698e-01 9.02622998e-01 9.02904212e-01 9.07827079e-01
    9.14874673e-01 9.21552479e-01 9.23439026e-01 9.27669227e-01
    9.29199040e-01 9.30172622e-01 9.30605114e-01 9.36831236e-01
    9.38361883e-01 9.40126479e-01 9.45402682e-01 9.47545528e-01
    9.51468110e-01 9.53605175e-01 9.56651926e-01 9.58729863e-01
    9.64646697e-01 9.66189444e-01 9.70233858e-01 9.74306703e-01
    9.75365639e-01 9.81758714e-01 9.83496904e-01 9.90119576e-01
    9.90991294e-01 9.95397031e-01 9.96125400e-01 1.</data></test_hist>
<my_lkt type_id="opencv-matrix">
  <rows>256</rows>
  <cols>1</cols>
  <dt>u</dt>
  <data>
    1 3 4 5 6 7 8 9 11 12 12 13 15 15 16 17 18 19 20 22 24 24 25 26 26
    27 28 30 31 32 32 34 35 35 37 38 38 39 41 41 43 43 43 44 44 45 46 48
    49 49 50 51 52 54 55 55 56 56 56 58 60 61 61 62 62 63 64 66 67 68 70
    70 71 73 73 74 75 76 76 77 77 79 81 82 84 85 85 86 87 88 89 91 92 93
    93 94 96 97 98 100 101 102 102 103 104 106 107 108 108 109 109 109
    109 111 111 113 115 116 116 118 119 120 122 123 124 125 127 127 128
    129 130 131 132 134 135 136 136 137 137 138 139 140 141 143 143 145
    146 147 148 149 151 153 154 156 156 157 158 160 160 162 163 163 165
    166 167 168 170 172 173 174 174 175 176 178 178 178 179 180 181 182
    183 185 185 186 186 187 189 190 191 192 193 194 196 197 198 199 200
    201 201 202 203 204 206 206 208 210 212 212 213 214 216 218 218 219
    219 221 221 221 223 225 226 228 229 230 230 230 230 232 233 235 236
    237 237 237 237 239 239 240 241 242 243 243 244 245 246 246 247 248
    249 250 251 252 253 254 254 255</data></my_lkt>
<your_lkt type_id="opencv-matrix">
  <rows>256</rows>
  <cols>1</cols>
  <dt>u</dt>
  <data>
    1 3 4 5 6 7 8 9 11 12 12 13 15 15 16 17 18 19 20 22 24 24 25 26 26
    27 28 30 31 32 32 34 35 35 37 38 38 39 41 41 43 43 43 44 44 45 46 47
    48 49 50 51 52 53 54 55 56 56 56 58 60 61 61 61 62 63 64 66 67 68 69
    70 71 72 73 74 75 76 76 76 77 79 80 82 84 85 85 86 87 88 89 91 92 93
    93 94 96 97 98 100 100 102 102 103 104 106 107 107 108 109 109 109
    109 111 111 113 115 116 116 117 119 120 121 122 124 125 126 127 127
    129 129 131 132 133 135 136 136 137 137 138 138 140 141 143 143 145
    146 146 148 149 151 153 153 155 156 157 158 160 160 162 162 163 164
    166 167 168 170 172 172 174 174 175 175 177 178 178 179 180 181 182
    183 184 185 186 186 187 188 190 191 192 192 194 196 197 198 199 200
    200 200 202 203 204 206 206 208 210 212 212 213 214 216 217 218 219
    219 221 221 221 223 225 226 228 229 230 230 230 230 231 233 235 235
    237 237 237 237 239 239 240 241 242 243 243 244 244 246 246 247 248
    249 250 251 252 253 254 254 255</data></your_lkt>
</opencv_storage>
