<?xml version="1.0"?>
<opencv_storage>
<L2_diff>5.8146367040426526e+01</L2_diff>
<test_hist type_id="opencv-matrix">
  <rows>256</rows>
  <cols>1</cols>
  <dt>f</dt>
  <data>
    1.55800930e-03 6.19993079e-03 1.05238101e-02 1.52509622e-02
    2.26039980e-02 2.31259428e-02 2.56744511e-02 3.12406141e-02
    3.19669358e-02 3.55134234e-02 3.63873430e-02 4.39150743e-02
    4.90952581e-02 5.41945733e-02 5.76480739e-02 5.95976822e-02
    6.39644116e-02 6.41619861e-02 7.19337240e-02 7.91761056e-02
    8.15652609e-02 8.31843764e-02 8.79868045e-02 9.33930948e-02
    1.01286523e-01 1.07675813e-01 1.08799979e-01 1.09613240e-01
    1.09753683e-01 1.11619934e-01 1.19487494e-01 1.20615982e-01
    1.21812597e-01 1.28532216e-01 1.36397377e-01 1.41509831e-01
    1.45214245e-01 1.48550749e-01 1.51388571e-01 1.56708598e-01
    1.59331217e-01 1.67173386e-01 1.67943284e-01 1.69331834e-01
    1.73180699e-01 1.73938215e-01 1.79722548e-01 1.80927381e-01
    1.83284193e-01 1.85986325e-01 1.88347936e-01 1.95088893e-01
    1.95108578e-01 2.02498421e-01 2.06687286e-01 2.09404707e-01
    2.16605961e-01 2.19381213e-01 2.22303092e-01 2.24138558e-01
    2.27709785e-01 2.28719741e-01 2.29896039e-01 2.33848646e-01
    2.36126751e-01 2.37100914e-01 2.41676956e-01 2.43428469e-01
    2.44057044e-01 2.46814117e-01 2.46991694e-01 2.54833847e-01
    2.59111106e-01 2.60566384e-01 2.64848411e-01 2.71594912e-01
    2.71881253e-01 2.76006937e-01 2.77772486e-01 2.81654507e-01
    2.87538648e-01 2.93937534e-01 2.99043000e-01 3.05291742e-01
    3.07469457e-01 3.08901131e-01 3.10044855e-01 3.16094697e-01
    3.20954770e-01 3.25733602e-01 3.32558215e-01 3.39941263e-01
    3.42761427e-01 3.44063431e-01 3.51061106e-01 3.55638564e-01
    3.56639415e-01 3.59365880e-01 3.63546640e-01 3.66478682e-01
    3.68178278e-01 3.69929880e-01 3.74302238e-01 3.81908089e-01
    3.87650639e-01 3.90887797e-01 3.94505918e-01 3.99841517e-01
    4.01559591e-01 4.02480781e-01 4.06053275e-01 4.09269243e-01
    4.15637374e-01 4.21265811e-01 4.27627206e-01 4.29178506e-01
    4.32116985e-01 4.37018603e-01 4.41485614e-01 4.45113420e-01
    4.47197288e-01 4.48795110e-01 4.50350314e-01 4.57235634e-01
    4.62244809e-01 4.67507184e-01 4.72485691e-01 4.73670959e-01
    4.74985898e-01 4.80186462e-01 4.83740509e-01 4.87983137e-01
    4.94888276e-01 4.95929092e-01 5.01224697e-01 5.04277170e-01
    5.05901575e-01 5.12291372e-01 5.18978357e-01 5.24212718e-01
    5.25011420e-01 5.30954361e-01 5.34056008e-01 5.35264254e-01
    5.41151226e-01 5.42722821e-01 5.48186243e-01 5.48919320e-01
    5.54163992e-01 5.54512322e-01 5.59674859e-01 5.63634992e-01
    5.66794217e-01 5.72404802e-01 5.74201524e-01 5.79363763e-01
    5.82573712e-01 5.89515567e-01 5.94159484e-01 5.96308172e-01
    5.98520994e-01 6.04253173e-01 6.08424902e-01 6.13230944e-01
    6.18367195e-01 6.20485783e-01 6.23711944e-01 6.31436348e-01
    6.35167897e-01 6.38533354e-01 6.38725162e-01 6.39887691e-01
    6.43536627e-01 6.51357174e-01 6.52786672e-01 6.56471133e-01
    6.61749780e-01 6.68114841e-01 6.71656668e-01 6.79508984e-01
    6.84085250e-01 6.91070259e-01 6.91490173e-01 6.94370389e-01
    6.98432088e-01 7.01442540e-01 7.05783010e-01 7.08782673e-01
    7.16051877e-01 7.18414545e-01 7.21737027e-01 7.27393568e-01
    7.35301733e-01 7.41195023e-01 7.47955382e-01 7.50680685e-01
    7.51842141e-01 7.57794380e-01 7.59916902e-01 7.62485504e-01
    7.68182218e-01 7.71385849e-01 7.78403342e-01 7.83484876e-01
    7.89189756e-01 7.92605937e-01 7.93038785e-01 7.99066424e-01
    8.06002676e-01 8.07396770e-01 8.13454390e-01 8.15284908e-01
    8.22279751e-01 8.27680290e-01 8.34913611e-01 8.34932804e-01
    8.42774332e-01 8.47088158e-01 8.52432847e-01 8.54816914e-01
    8.60149980e-01 8.61180723e-01 8.64114702e-01 8.71847332e-01
    8.74518573e-01 8.81359577e-01 8.83278131e-01 8.87733221e-01
    8.90725732e-01 8.96783888e-01 9.00602043e-01 9.04859960e-01
    9.07094598e-01 9.09769297e-01 9.15410817e-01 9.20369864e-01
    9.20591235e-01 9.27964389e-01 9.32479560e-01 9.34515059e-01
    9.36747015e-01 9.37844038e-01 9.45468545e-01 9.45768297e-01
    9.53203619e-01 9.58868623e-01 9.64877844e-01 9.67742741e-01
    9.70906079e-01 9.74254549e-01 9.78945911e-01 9.82961893e-01
    9.87156987e-01 9.94731605e-01 9.95520651e-01 9.99999762e-01</data></test_hist>
<my_lkt type_id="opencv-matrix">
  <rows>256</rows>
  <cols>1</cols>
  <dt>u</dt>
  <data>
    0 2 3 4 6 6 7 8 9 9 10 12 13 14 15 16 17 17 19 21 22 22 24 25 27 29
    29 29 29 30 32 32 33 34 36 38 39 40 40 42 43 45 45 45 46 47 48 48 49
    50 50 52 52 54 55 56 58 59 59 60 61 61 61 63 63 63 65 65 65 66 66 68
    69 70 71 73 73 74 74 75 77 79 80 82 82 83 83 85 86 87 89 91 92 92 94
    95 95 96 97 98 98 99 100 102 104 105 105 107 107 108 109 109 111 113
    114 115 116 117 118 119 120 120 120 122 124 125 126 127 127 128 129
    130 132 133 134 135 135 137 138 140 140 141 142 142 144 144 145 146
    147 147 148 149 150 151 152 153 154 155 157 157 158 159 160 161 162
    163 164 166 166 167 167 168 169 170 171 172 173 174 175 177 178 180
    180 181 182 183 184 184 186 187 187 189 191 192 194 195 195 196 197
    197 199 200 201 202 204 205 205 206 208 208 210 210 212 213 215 215
    217 218 219 220 221 221 222 224 225 226 227 228 228 230 231 232 232
    233 234 236 236 238 239 239 240 240 242 242 244 245 246 247 248 249
    250 251 252 254 254 255</data></my_lkt>
<your_lkt type_id="opencv-matrix">
  <rows>256</rows>
  <cols>1</cols>
  <dt>u</dt>
  <data>
    0 2 3 4 6 6 7 8 8 9 9 11 13 14 15 15 16 16 18 20 21 21 22 24 26 27
    28 28 28 28 30 31 31 33 35 36 37 38 39 40 41 43 43 43 44 44 46 46 47
    47 48 50 50 52 53 53 55 56 57 57 58 58 59 60 60 60 62 62 62 63 63 65
    66 66 68 69 69 70 71 72 73 75 76 78 78 79 79 81 82 83 85 87 87 88 90
    91 91 92 93 93 94 94 95 97 99 100 101 102 102 103 104 104 106 107
    109 109 110 111 113 114 114 114 115 117 118 119 120 121 121 122 123
    124 126 126 128 129 129 131 132 134 134 135 136 136 138 138 140 140
    141 141 143 144 145 146 146 148 149 150 152 152 153 154 155 156 158
    158 159 161 162 163 163 163 164 166 166 167 169 170 171 173 174 176
    176 177 178 179 180 181 183 183 184 185 188 189 191 191 192 193 194
    194 196 197 198 200 201 202 202 204 206 206 207 208 210 211 213 213
    215 216 217 218 219 220 220 222 223 225 225 226 227 229 230 231 231
    232 233 235 235 237 238 238 239 239 241 241 243 245 246 247 248 248
    250 251 252 254 254 255</data></your_lkt>
</opencv_storage>
